24 6 80 34
0 6 80 34
3 6 80 34
999705 6 80 33
256 6 80 34
95 6 80 32
197 6 80 34
176 6 80 34
999125 6 80 24
0 6 80 34
26 6 80 34
50 6 80 34
566 6 80 34
7 6 80 34
28 6 80 32
35 6 80 33
71 6 80 34
28 6 80 34
999141 6 80 32
4 6 80 34
123 6 80 24
40 6 80 34
335 6 80 34
68 6 80 34
999407 6 80 34
1 6 80 34
16 6 80 33
66 6 80 34
50 6 80 32
18 6 80 34
7 6 80 34
623 6 80 32
4 6 80 34
10 6 80 34
12 6 80 34
22 6 80 34
58 6 80 34
17 6 80 24
261 6 80 33
54 6 80 34
278 6 80 32
32 6 80 34
999258 6 80 34
1078 6 80 32
30 6 80 34
3 6 80 34
11 6 80 34
210 6 80 34
191 6 80 24
999823 6 80 33
148 6 80 34
89 6 80 32
999097 6 80 34
750 6 80 34
9 6 80 32
14 6 80 34
19 6 80 34
999600 6 80 34
6 6 80 34
181 6 80 34
999412 6 80 24
8 6 80 33
999985 6 80 34
160 6 80 32
3 6 80 34
16 6 80 34
25 6 80 34
4 6 80 34
30 6 80 34
35 6 80 34
125 6 80 34
54 6 80 24
26 6 80 32
17 6 80 33
14 6 80 34
999295 6 80 32
55 6 80 34
89 6 80 34
224 6 80 34
999881 6 80 34
13 6 80 34
153 6 80 34
91 6 80 34
20 6 80 24
111 6 80 32
999145 6 80 33
107 6 80 34
32 6 80 34
5 6 80 32
146 6 80 34
100 6 80 34
108 6 80 34
41 6 80 34
113 6 80 34
179 6 80 34
999250 6 80 24
3 6 80 33
29 6 80 32
555 6 80 34
88 6 80 34
5 6 80 34
999191 6 80 32
17 6 80 34
5 6 80 34
15 6 80 34
5 6 80 34
1 6 80 24
321 6 80 34
433 6 80 33
999070 6 80 32
236 6 80 34
183 6 80 34
4 6 80 34
20 6 80 32
35 6 80 34
999880 6 80 34
92 6 80 34
310 6 80 34
3 6 80 34
999146 6 80 24
1 6 80 32
150 6 80 33
4 6 80 34
119 6 80 34
82 6 80 34
5 6 80 32
193 6 80 34
5 6 80 34
8 6 80 34
13 6 80 34
85 6 80 34
999638 6 80 24
6 6 80 32
240 6 80 33
90 6 80 34
6 6 80 32
28 6 80 34
39 6 80 34
999056 6 80 34
259 6 80 34
58 6 80 34
48 6 80 34
104 6 80 34
1000684 6 80 24
2 6 80 32
2 6 80 34
8 6 80 33
4 6 80 32
0 6 80 34
1 6 80 34
10 6 80 34
73 6 80 34
53 6 80 34
73 6 80 34
286 6 80 34
999272 6 80 24
273 6 80 32
150 6 80 34
69 6 80 33
31 6 80 32
1 6 80 34
98 6 80 34
4 6 80 34
93 6 80 34
999736 6 80 34
71 6 80 34
3 6 80 32
25 6 80 34
52 6 80 24
73 6 80 34
12 6 80 32
999034 6 80 33
48 6 80 34
31 6 80 34
15 6 80 34
17 6 80 34
132 6 80 34
16 6 80 32
94 6 80 34
353 6 80 24
130 6 80 34
999099 6 80 32
233 6 80 33
3 6 80 34
999906 6 80 34
1 6 80 34
26 6 80 34
12 6 80 34
28 6 80 34
44 6 80 32
2 6 80 34
41 6 80 34
236 6 80 24
999143 6 80 32
225 6 80 33
152 6 80 34
209 6 80 34
999764 6 80 34
9 6 80 34
71 6 80 34
294 6 80 34
87 6 80 32
999221 6 80 34
43 6 80 34
218 6 80 24
31 6 80 32
205 6 80 33
69 6 80 34
999196 6 80 34
766 6 80 34
17 6 80 34
999206 6 80 34
93 6 80 34
74 6 80 32
4 6 80 34
1 6 80 24
149 6 80 34
0 6 80 34
16 6 80 32
46 6 80 33
347 6 80 34
25 6 80 34
999079 6 80 34
53 6 80 34
179 6 80 34
5 6 80 32
29 6 80 34
3 6 80 32
118 6 80 24
31 6 80 33
62 6 80 34
23 6 80 32
999904 6 80 34
71 6 80 34
12 6 80 34
9 6 80 34
17 6 80 34
148 6 80 34
6 6 80 32
999201 6 80 24
5 6 80 33
73 6 80 34
138 6 80 32
48 6 80 34
64 6 80 34
409 6 80 34
34 6 80 34
999856 6 80 34
9 6 80 34
64 6 80 34
7 6 80 32
999029 6 80 24
13 6 80 33
25 6 80 32
37 6 80 34
12 6 80 34
130 6 80 34
351 6 80 34
50 6 80 34
51 6 80 34
21 6 80 34
3 6 80 32
5 6 80 34
999161 6 80 24
182 6 80 33
46 6 80 34
121 6 80 32
999597 6 80 34
134 6 80 34
25 6 80 34
57 6 80 34
24 6 80 34
4 6 80 32
4 6 80 34
13 6 80 34
5 6 80 24
362 6 80 33
5 6 80 32
16 6 80 34
17 6 80 34
999094 6 80 34
259 6 80 34
5 6 80 34
9 6 80 34
14 6 80 32
72 6 80 34
2 6 80 34
7 6 80 24
266 6 80 33
76 6 80 32
62 6 80 34
10 6 80 34
999752 6 80 34
42 6 80 34
999338 6 80 34
444 6 80 34
95 6 80 32
148 6 80 34
41 6 80 34
18 6 80 24
17 6 80 33
999146 6 80 32
124 6 80 34
130 6 80 34
75 6 80 34
0 6 80 34
999672 6 80 34
44 6 80 34
312 6 80 34
9 6 80 24
45 6 80 34
13 6 80 33
104 6 80 32
999389 6 80 32
105 6 80 34
35 6 80 34
280 6 80 34
142 6 80 34
66 6 80 34
35 6 80 34
7 6 80 24
999742 6 80 34
12 6 80 32
7 6 80 32
2 6 80 34
13 6 80 34
42 6 80 34
2 6 80 34
1 6 80 34
1 6 80 34
1 6 80 34
1 6 80 34
0 6 80 24
999299 6 80 32
12 6 80 32
117 6 80 33
4 6 80 34
27 6 80 34
349 6 80 34
68 6 80 34
81 6 80 34
999246 6 80 34
67 6 80 34
38 6 80 32
650 6 80 24
999022 6 80 34
13 6 80 32
59 6 80 33
2 6 80 34
8 6 80 34
25 6 80 34
225 6 80 34
58 6 80 34
306 6 80 34
4 6 80 34
999195 6 80 32
167 6 80 24
42 6 80 34
41 6 80 32
314 6 80 33
7 6 80 34
999658 6 80 34
22 6 80 34
19 6 80 34
74 6 80 34
103 6 80 34
209 6 80 34
999095 6 80 32
75 6 80 24
1 6 80 34
43 6 80 32
42 6 80 33
69 6 80 34
40 6 80 34
67 6 80 34
26 6 80 34
1485 6 80 34
15 6 80 34
4 6 80 34
20 6 80 32
999038 6 80 24
15 6 80 32
11 6 80 34
59 6 80 33
63 6 80 34
14 6 80 34
63 6 80 34
37 6 80 34
29 6 80 34
3 6 80 34
480 6 80 34
999080 6 80 32
70 6 80 24
250 6 80 32
75 6 80 34
999816 6 80 33
29 6 80 34
40 6 80 34
2 6 80 34
73 6 80 34
204 6 80 34
5 6 80 34
11 6 80 24
2 6 80 34
132 6 80 32
94 6 80 32
5 6 80 34
49 6 80 33
285 6 80 34
32 6 80 34
301 6 80 34
999265 6 80 34
4 6 80 34
706 6 80 24
7 6 80 32
4 6 80 34
26 6 80 34
13 6 80 32
73 6 80 34
72 6 80 33
13 6 80 34
138 6 80 34
57 6 80 34
14 6 80 34
184 6 80 34
72 6 80 24
311 6 80 32
2 6 80 34
999282 6 80 34
271 6 80 32
999805 6 80 34
40 6 80 33
50 6 80 34
13 6 80 34
114 6 80 34
340 6 80 34
999060 6 80 34
24 6 80 24
204 6 80 32
47 6 80 34
20 6 80 34
244 6 80 32
1 6 80 34
182 6 80 33
3 6 80 34
999155 6 80 34
819 6 80 34
9 6 80 34
89 6 80 34
999251 6 80 24
19 6 80 32
2 6 80 34
163 6 80 34
225 6 80 32
61 6 80 34
999208 6 80 34
125 6 80 34
275 6 80 34
999902 6 80 34
3 6 80 34
83 6 80 32
12 6 80 34
23 6 80 34
91 6 80 32
20 6 80 24
38 6 80 33
81 6 80 34
93 6 80 34
65 6 80 34
9 6 80 34
5 6 80 34
999050 6 80 34
148 6 80 32
34 6 80 34
22 6 80 34
62 6 80 32
75 6 80 24
139 6 80 33
205 6 80 34
999918 6 80 34
60 6 80 34
5 6 80 34
47 6 80 34
15 6 80 34
57 6 80 32
999048 6 80 34
73 6 80 34
58 6 80 32
5 6 80 33
103 6 80 24
12 6 80 34
405 6 80 34
255 6 80 34
999246 6 80 34
1105 6 80 34
21 6 80 34
97 6 80 32
75 6 80 34
58 6 80 34
112 6 80 32
123 6 80 24
10 6 80 34
999134 6 80 33
112 6 80 34
86 6 80 34
30 6 80 34
159 6 80 34
312 6 80 34
75 6 80 32
1 6 80 34
26 6 80 34
1 6 80 32
999746 6 80 24
109 6 80 33
7 6 80 34
7 6 80 34
50 6 80 34
999282 6 80 34
33 6 80 34
475 6 80 34
999443 6 80 32
111 6 80 34
64 6 80 34
21 6 80 24
999980 6 80 24
80 6 80 34
16 6 80 34
27 6 80 34
3 6 80 33
20 6 80 34
8 6 80 32
35 6 80 34
21 6 80 34
3 6 80 24
33 6 80 34
28 6 80 34
44 6 80 32
13 6 80 34
6 6 80 34
51 6 80 34
8 6 80 34
4 6 80 34
8 6 80 32
55 6 80 24
43 6 80 24
256 6 80 34
0 6 80 32
147 6 80 33
46 6 80 34
6 6 80 34
37 6 80 34
999880 6 80 34
99 6 80 34
2 6 80 34
47 6 80 32
24 6 80 34
11 6 80 24
226 6 80 34
108 6 80 33
268 6 80 32
100 6 80 34
200 6 80 34
999435 6 80 34
999666 6 80 34
9 6 80 34
24 6 80 34
32 6 80 32
15 6 80 34
3 6 80 24
40 6 80 34
0 6 80 32
147 6 80 33
463 6 80 34
86 6 80 34
236 6 80 34
22 6 80 34
13 6 80 34
38 6 80 34
32 6 80 32
22 6 80 34
6 6 80 24
3 6 80 34
161 6 80 32
999833 6 80 33
24 6 80 34
93 6 80 34
125 6 80 34
25 6 80 34
15 6 80 34
32 6 80 24
16 6 80 32
171 6 80 34
293 6 80 34
412 6 80 34
2 6 80 33
999342 6 80 34
718 6 80 34
35 6 80 34
214 6 80 34
13 6 80 32
359 6 80 34
170 6 80 32
999139 6 80 24
159 6 80 34
156 6 80 34
0 6 80 34
83 6 80 33
178 6 80 34
3 6 80 34
47 6 80 34
999174 6 80 34
159 6 80 32
240 6 80 32
98 6 80 24
11 6 80 34
216 6 80 34
1 6 80 34
3 6 80 34
16 6 80 34
999035 6 80 34
4 6 80 32
49 6 80 33
107 6 80 34
90 6 80 34
4 6 80 32
78 6 80 24
166 6 80 34
15 6 80 34
91 6 80 34
123 6 80 34
999098 6 80 34
168 6 80 34
739 6 80 33
18 6 80 32
999126 6 80 34
19 6 80 34
0 6 80 34
14 6 80 32
210 6 80 24
16 6 80 34
63 6 80 34
55 6 80 34
7 6 80 34
142 6 80 34
8 6 80 33
54 6 80 32
999485 6 80 34
54 6 80 24
158 6 80 34
238 6 80 34
999656 6 80 32
73 6 80 34
0 6 80 34
13 6 80 34
7 6 80 34
74 6 80 34
999379 6 80 33
218 6 80 34
0 6 80 34
29 6 80 32
136 6 80 24
133 6 80 34
5 6 80 34
42 6 80 34
999046 6 80 34
2 6 80 34
18 6 80 34
45 6 80 34
4 6 80 33
8 6 80 32
25 6 80 34
1040 6 80 24
117 6 80 32
95 6 80 34
54 6 80 34
8 6 80 34
19 6 80 34
211 6 80 34
999172 6 80 34
72 6 80 34
139 6 80 33
5 6 80 32
67 6 80 24
26 6 80 34
999718 6 80 32
3 6 80 34
28 6 80 34
74 6 80 34
166 6 80 34
6 6 80 34
2 6 80 32
999010 6 80 34
25 6 80 24
58 6 80 34
56 6 80 33
7 6 80 32
65 6 80 34
102 6 80 34
205 6 80 34
60 6 80 34
211 6 80 34
999259 6 80 34
75 6 80 32
1142 6 80 34
23 6 80 33
34 6 80 34
16 6 80 32
173 6 80 24
13 6 80 34
201 6 80 34
96 6 80 34
1 6 80 34
13 6 80 34
15 6 80 32
49 6 80 34
633 6 80 34
999571 6 80 33
397 6 80 34
36 6 80 32
999325 6 80 24
69 6 80 34
298 6 80 34
111 6 80 34
99 6 80 34
1116 6 80 34
2 6 80 32
46 6 80 34
24 6 80 34
312 6 80 33
77 6 80 34
393 6 80 32
999210 6 80 24
253 6 80 34
2 6 80 34
11 6 80 34
203 6 80 34
999869 6 80 34
0 6 80 34
101 6 80 34
279 6 80 32
999163 6 80 33
141 6 80 32
225 6 80 34
297 6 80 24
46 6 80 34
999875 6 80 34
189 6 80 34
999059 6 80 34
21 6 80 32
20 6 80 34
121 6 80 34
113 6 80 33
175 6 80 34
303 6 80 32
3 6 80 24
4 6 80 34
0 6 80 34
999151 6 80 34
127 6 80 34
1 6 80 34
227 6 80 32
200 6 80 34
999830 6 80 34
7 6 80 34
234 6 80 33
7 6 80 34
19 6 80 32
0 6 80 34
6 6 80 34
5 6 80 32
7 6 80 24
15 6 80 34
69 6 80 34
199 6 80 34
59 6 80 34
1 6 80 34
114 6 80 33
22 6 80 34
38 6 80 32
104 6 80 34
999584 6 80 34
424 6 80 24
23 6 80 34
6 6 80 34
0 6 80 32
8 6 80 34
1 6 80 34
38 6 80 34
27 6 80 34
29 6 80 32
3 6 80 33
150 6 80 34
39 6 80 35
12 6 80 24
82 6 80 34
59 6 80 34
3 6 80 34
145 6 80 32
999752 6 80 34
12 6 80 32
4 6 80 34
5 6 80 33
999845 6 80 34
69 6 80 34
6 6 80 35
89 6 80 34
4 6 80 34
48 6 80 24
999135 6 80 34
183 6 80 32
186 6 80 34
5 6 80 34
125 6 80 32
36 6 80 34
347 6 80 33
21 6 80 34
1013 6 80 34
102 6 80 35
8 6 80 32
31 6 80 34
2 6 80 24
27 6 80 34
340 6 80 34
156 6 80 34
999256 6 80 34
41 6 80 32
1 6 80 33
0 6 80 34
142 6 80 34
181 6 80 34
1 6 80 35
1 6 80 34
999989 6 80 32
22 6 80 24
101 6 80 34
16 6 80 34
86 6 80 34
6 6 80 32
999217 6 80 34
15 6 80 33
375 6 80 34
36 6 80 34
15 6 80 34
121 6 80 35
52 6 80 24
9 6 80 34
13 6 80 34
252 6 80 34
1 6 80 34
124 6 80 34
999714 6 80 34
124 6 80 34
89 6 80 32
36 6 80 35
999594 6 80 24
0 6 80 34
0 6 80 34
5 6 80 34
2 6 80 33
1 6 80 32
2 6 80 34
2 6 80 34
7 6 80 34
47 6 80 34
8 6 80 34
2 6 80 35
90 6 80 35
60 6 80 35
16 6 80 35
2 6 80 35
147 6 80 32
195 6 80 24
103 6 80 34
74 6 80 34
36 6 80 34
999110 6 80 34
76 6 80 33
195 6 80 34
1 6 80 32
550 6 80 35
999092 6 80 35
8 6 80 35
877 6 80 35
999079 6 80 34
64 6 80 34
386 6 80 34
111 6 80 35
111 6 80 32
999436 6 80 24
3 6 80 34
64 6 80 34
14 6 80 34
115 6 80 34
17 6 80 33
1009 6 80 34
1 6 80 35
146 6 80 32
999450 6 80 35
56 6 80 35
161 6 80 35
14 6 80 34
42 6 80 34
5 6 80 34
18 6 80 32
188 6 80 24
7 6 80 34
216 6 80 34
67 6 80 34
5 6 80 33
34 6 80 34
766 6 80 34
15 6 80 35
29 6 80 35
9 6 80 35
26 6 80 32
15 6 80 35
333 6 80 34
471 6 80 34
999130 6 80 35
19 6 80 34
358 6 80 32
4 6 80 24
28 6 80 34
45 6 80 34
999675 6 80 34
132 6 80 33
253 6 80 34
2 6 80 34
146 6 80 35
15 6 80 32
99 6 80 35
999239 6 80 35
184 6 80 35
19 6 80 34
16 6 80 34
35 6 80 35
148 6 80 34
9 6 80 32
54 6 80 24
999423 6 80 34
200 6 80 34
7 6 80 34
30 6 80 33
486 6 80 34
6 6 80 34
10 6 80 35
20 6 80 35
21 6 80 34
72 6 80 35
13 6 80 35
0 6 80 35
3 6 80 34
4 6 80 32
56 6 80 34
312 6 80 32
58 6 80 24
70 6 80 34
82 6 80 34
1 6 80 34
14 6 80 33
1 6 80 34
91 6 80 34
999063 6 80 35
44 6 80 35
232 6 80 35
999898 6 80 34
297 6 80 35
47 6 80 32
90 6 80 35
27 6 80 34
60 6 80 32
80 6 80 34
999112 6 80 24
4 6 80 34
260 6 80 34
152 6 80 34
63 6 80 33
84 6 80 34
4 6 80 34
62 6 80 35
92 6 80 35
999160 6 80 35
1094 6 80 34
0 6 80 32
108 6 80 35
6 6 80 35
56 6 80 34
0 6 80 24
17 6 80 34
2 6 80 32
12 6 80 34
31 6 80 34
