4 6 80 34
15 6 80 34
22 6 80 33
9 6 80 34
3 6 80 32
10 6 80 34
10 6 80 34
4 6 80 24
1 6 80 34
7 6 80 34
3 6 80 34
4 6 80 34
10 6 80 34
25 6 80 33
9 6 80 32
20 6 80 34
14 6 80 34
12 6 80 32
12 6 80 34
31 6 80 24
5 6 80 34
14 6 80 34
9 6 80 34
13 6 80 34
4 6 80 34
4 6 80 33
2 6 80 34
14 6 80 32
5 6 80 34
7 6 80 34
5 6 80 32
4 6 80 34
999021 6 80 34
27 6 80 34
11 6 80 34
8 6 80 34
9 6 80 24
5 6 80 33
4 6 80 34
3 6 80 32
15 6 80 34
88 6 80 34
6 6 80 32
7 6 80 34
11 6 80 34
45 6 80 34
25 6 80 34
23 6 80 24
12 6 80 33
5 6 80 34
5 6 80 32
6 6 80 34
4 6 80 34
62 6 80 32
12 6 80 34
14 6 80 34
4 6 80 34
9 6 80 34
14 6 80 34
17 6 80 24
13 6 80 33
5 6 80 34
9 6 80 32
15 6 80 34
32 6 80 34
29 6 80 34
9 6 80 32
17 6 80 34
21 6 80 34
12 6 80 34
10 6 80 34
8 6 80 24
9 6 80 32
7 6 80 33
6 6 80 34
15 6 80 32
8 6 80 34
3 6 80 34
14 6 80 34
3 6 80 34
9 6 80 34
2 6 80 34
7 6 80 34
5 6 80 24
6 6 80 32
8 6 80 33
3 6 80 34
3 6 80 34
4 6 80 32
4 6 80 34
8 6 80 34
3 6 80 34
6 6 80 34
4 6 80 34
3 6 80 34
7 6 80 24
2 6 80 33
1 6 80 32
4 6 80 34
3 6 80 34
9 6 80 34
45 6 80 32
5 6 80 34
4 6 80 34
0 6 80 34
8 6 80 34
5 6 80 34
2 6 80 24
3 6 80 33
4 6 80 32
3 6 80 34
18 6 80 34
12 6 80 34
5 6 80 32
11 6 80 34
3 6 80 34
33 6 80 34
8 6 80 34
5 6 80 34
13 6 80 24
10 6 80 32
9 6 80 33
6 6 80 34
2 6 80 34
4 6 80 34
6 6 80 32
5 6 80 34
23 6 80 34
30 6 80 34
18 6 80 34
4 6 80 34
20 6 80 24
4 6 80 32
4 6 80 33
15 6 80 34
18 6 80 32
9 6 80 34
0 6 80 34
0 6 80 34
7 6 80 34
7 6 80 34
11 6 80 34
4 6 80 34
7 6 80 24
89 6 80 32
6 6 80 33
10 6 80 34
6 6 80 34
18 6 80 32
7 6 80 34
2 6 80 34
1 6 80 34
4 6 80 34
3 6 80 34
10 6 80 34
11 6 80 24
3 6 80 32
5 6 80 34
4 6 80 33
5 6 80 32
12 6 80 34
11 6 80 34
4 6 80 34
5 6 80 34
8 6 80 34
6 6 80 34
31 6 80 32
10 6 80 34
12 6 80 24
7 6 80 34
13 6 80 32
22 6 80 33
10 6 80 34
10 6 80 34
7 6 80 34
6 6 80 34
5 6 80 34
11 6 80 34
5 6 80 32
5 6 80 34
3 6 80 24
11 6 80 34
6 6 80 32
5 6 80 33
6 6 80 34
6 6 80 34
15 6 80 34
10 6 80 34
11 6 80 34
100 6 80 34
29 6 80 32
14 6 80 34
26 6 80 34
79 6 80 24
14 6 80 32
8 6 80 33
10 6 80 34
7 6 80 34
48 6 80 34
17 6 80 34
15 6 80 34
12 6 80 34
5 6 80 32
4 6 80 34
4 6 80 34
6 6 80 24
81 6 80 32
7 6 80 33
6 6 80 34
15 6 80 34
5 6 80 34
12 6 80 34
8 6 80 34
21 6 80 34
6 6 80 32
3 6 80 34
4 6 80 24
17 6 80 34
9 6 80 34
1 6 80 32
8 6 80 33
3 6 80 34
10 6 80 34
7 6 80 34
7 6 80 34
7 6 80 34
12 6 80 32
12 6 80 34
5 6 80 32
5 6 80 24
4 6 80 33
5 6 80 34
5 6 80 32
2 6 80 34
14 6 80 34
21 6 80 34
4 6 80 34
24 6 80 34
16 6 80 34
12 6 80 32
27 6 80 24
3 6 80 33
4 6 80 34
6 6 80 32
12 6 80 34
6 6 80 34
15 6 80 34
6 6 80 34
7 6 80 34
12 6 80 34
68 6 80 34
11 6 80 32
28 6 80 24
16 6 80 33
10 6 80 34
75 6 80 32
1 6 80 34
25 6 80 34
10 6 80 34
31 6 80 34
8 6 80 34
11 6 80 34
4 6 80 32
8 6 80 34
5 6 80 24
10 6 80 33
5 6 80 34
5 6 80 32
3 6 80 34
6 6 80 34
3 6 80 34
39 6 80 34
43 6 80 34
23 6 80 32
3 6 80 34
32 6 80 34
2 6 80 33
46 6 80 24
3 6 80 32
0 6 80 34
6 6 80 34
6 6 80 34
6 6 80 34
7 6 80 34
2 6 80 34
22 6 80 32
14 6 80 34
24 6 80 34
4 6 80 24
3 6 80 33
8 6 80 32
6 6 80 34
7 6 80 34
10 6 80 34
23 6 80 34
49 6 80 34
3 6 80 34
11 6 80 32
3 6 80 34
4 6 80 34
3 6 80 24
3 6 80 33
3 6 80 32
3 6 80 34
7 6 80 34
10 6 80 34
2 6 80 34
3 6 80 34
16 6 80 34
34 6 80 34
0 6 80 24
14 6 80 34
7 6 80 33
11 6 80 32
11 6 80 32
5 6 80 34
4 6 80 34
6 6 80 34
2 6 80 34
7 6 80 34
15 6 80 34
16 6 80 34
11 6 80 24
13 6 80 34
12 6 80 32
13 6 80 32
12 6 80 34
4 6 80 34
4 6 80 33
39 6 80 34
23 6 80 34
63 6 80 34
3 6 80 34
20 6 80 34
23 6 80 34
1 6 80 32
7 6 80 24
2 6 80 33
7 6 80 32
3 6 80 34
1 6 80 34
6 6 80 34
8 6 80 34
4 6 80 34
5 6 80 34
7 6 80 34
3 6 80 32
9 6 80 24
9 6 80 34
8 6 80 32
121 6 80 33
2 6 80 34
5 6 80 34
11 6 80 34
23 6 80 34
24 6 80 34
22 6 80 34
3 6 80 34
7 6 80 32
13 6 80 24
4 6 80 34
6 6 80 32
5 6 80 33
26 6 80 34
5 6 80 34
18 6 80 34
7 6 80 34
6 6 80 34
16 6 80 34
8 6 80 34
16 6 80 32
4 6 80 24
2 6 80 34
4 6 80 32
14 6 80 33
8 6 80 34
4 6 80 34
5 6 80 34
4 6 80 34
4 6 80 34
11 6 80 34
3 6 80 34
33 6 80 32
1 6 80 24
4 6 80 34
34 6 80 32
66 6 80 33
39 6 80 34
13 6 80 34
11 6 80 34
9 6 80 34
4 6 80 34
2 6 80 34
3 6 80 34
5 6 80 32
4 6 80 24
4 6 80 32
6 6 80 34
7 6 80 33
9 6 80 34
8 6 80 34
102 6 80 34
2 6 80 34
13 6 80 34
2 6 80 34
15 6 80 24
13 6 80 34
35 6 80 32
999007 6 80 32
4 6 80 34
5 6 80 33
4 6 80 34
5 6 80 34
4 6 80 34
7 6 80 34
5 6 80 34
3 6 80 24
5 6 80 32
2 6 80 34
7 6 80 34
9 6 80 32
31 6 80 34
999059 6 80 33
6 6 80 34
6 6 80 34
7 6 80 34
3 6 80 34
3 6 80 34
7 6 80 24
5 6 80 32
4 6 80 34
13 6 80 34
6 6 80 32
6 6 80 34
26 6 80 33
34 6 80 34
23 6 80 34
25 6 80 34
14 6 80 34
10 6 80 34
4 6 80 24
4 6 80 32
5 6 80 34
7 6 80 34
6 6 80 32
18 6 80 33
38 6 80 34
6 6 80 34
8 6 80 34
4 6 80 34
4 6 80 34
14 6 80 34
13 6 80 24
11 6 80 32
89 6 80 34
6 6 80 34
4 6 80 32
7 6 80 34
13 6 80 34
6 6 80 34
5 6 80 34
3 6 80 34
7 6 80 34
9 6 80 32
3 6 80 34
1 6 80 34
11 6 80 32
7 6 80 24
17 6 80 33
4 6 80 34
9 6 80 34
7 6 80 34
11 6 80 34
1 6 80 34
10 6 80 34
4 6 80 32
4 6 80 34
3 6 80 34
3 6 80 32
5 6 80 24
6 6 80 33
6 6 80 34
8 6 80 34
62 6 80 34
8 6 80 34
21 6 80 34
5 6 80 34
4 6 80 32
6 6 80 34
9 6 80 34
3 6 80 32
5 6 80 33
3 6 80 24
7 6 80 34
6 6 80 34
7 6 80 34
4 6 80 34
5 6 80 34
12 6 80 34
14 6 80 32
9 6 80 34
16 6 80 34
37 6 80 32
5 6 80 24
1 6 80 34
7 6 80 33
11 6 80 34
4 6 80 34
4 6 80 34
3 6 80 34
3 6 80 34
3 6 80 32
4 6 80 34
4 6 80 34
1 6 80 32
4 6 80 24
6 6 80 33
24 6 80 34
7 6 80 34
4 6 80 34
13 6 80 34
7 6 80 34
5 6 80 34
5 6 80 32
4 6 80 34
10 6 80 34
7 6 80 24
12 6 80 24
22 6 80 34
38 6 80 34
3 6 80 34
24 6 80 33
66 6 80 34
32 6 80 34
4 6 80 34
97 6 80 32
31 6 80 34
1 6 80 24
2 6 80 34
9 6 80 32
13 6 80 34
999028 6 80 34
2 6 80 34
10 6 80 34
12 6 80 34
16 6 80 32
13 6 80 24
3 6 80 24
5 6 80 34
8 6 80 32
13 6 80 33
14 6 80 34
10 6 80 34
6 6 80 34
8 6 80 34
12 6 80 34
14 6 80 34
67 6 80 32
14 6 80 34
999045 6 80 24
6 6 80 34
4 6 80 33
12 6 80 32
3 6 80 34
5 6 80 34
5 6 80 34
38 6 80 34
6 6 80 34
11 6 80 34
9 6 80 32
11 6 80 34
1 6 80 24
14 6 80 34
3 6 80 32
8 6 80 33
5 6 80 34
5 6 80 34
999003 6 80 34
11 6 80 34
23 6 80 34
13 6 80 34
8 6 80 32
36 6 80 34
17 6 80 24
4 6 80 34
32 6 80 32
4 6 80 33
7 6 80 34
17 6 80 34
49 6 80 34
64 6 80 34
7 6 80 34
4 6 80 24
1 6 80 32
16 6 80 32
1 6 80 34
17 6 80 34
10 6 80 34
2 6 80 33
2 6 80 34
6 6 80 34
999021 6 80 34
8 6 80 34
16 6 80 32
31 6 80 34
14 6 80 32
13 6 80 24
18 6 80 34
13 6 80 34
9 6 80 34
1 6 80 34
8 6 80 33
102 6 80 34
1 6 80 34
14 6 80 34
8 6 80 34
10 6 80 32
3 6 80 32
15 6 80 24
8 6 80 34
25 6 80 34
46 6 80 34
2 6 80 34
32 6 80 34
21 6 80 33
2 6 80 34
31 6 80 34
45 6 80 32
5 6 80 34
2 6 80 32
7 6 80 24
10 6 80 34
10 6 80 34
19 6 80 34
9 6 80 34
10 6 80 34
8 6 80 34
5 6 80 33
10 6 80 32
6 6 80 34
8 6 80 34
5 6 80 32
31 6 80 34
2 6 80 24
25 6 80 34
18 6 80 34
4 6 80 34
5 6 80 34
6 6 80 34
1 6 80 33
6 6 80 32
5 6 80 34
13 6 80 24
34 6 80 34
6 6 80 34
7 6 80 32
6 6 80 34
169 6 80 34
1 6 80 34
6 6 80 34
30 6 80 34
82 6 80 33
9 6 80 34
2 6 80 34
6 6 80 32
8 6 80 24
11 6 80 34
21 6 80 34
7 6 80 34
75 6 80 34
3 6 80 34
24 6 80 34
37 6 80 34
18 6 80 33
5 6 80 32
19 6 80 34
13 6 80 24
8 6 80 32
9 6 80 34
34 6 80 34
26 6 80 34
12 6 80 34
22 6 80 34
5 6 80 34
370 6 80 34
6 6 80 33
10 6 80 32
8 6 80 24
11 6 80 34
7 6 80 32
13 6 80 34
59 6 80 34
26 6 80 34
16 6 80 34
52 6 80 34
19 6 80 32
3 6 80 34
5 6 80 24
3 6 80 34
9 6 80 33
3 6 80 32
4 6 80 34
21 6 80 34
10 6 80 34
10 6 80 34
13 6 80 34
7 6 80 34
10 6 80 32
18 6 80 34
10 6 80 33
9 6 80 34
6 6 80 32
10 6 80 24
1 6 80 34
11 6 80 34
22 6 80 34
999069 6 80 34
12 6 80 34
6 6 80 32
3 6 80 34
6 6 80 34
4 6 80 33
6 6 80 34
8 6 80 32
19 6 80 24
4 6 80 34
4 6 80 34
9 6 80 34
10 6 80 34
5 6 80 34
10 6 80 34
41 6 80 32
999009 6 80 34
8 6 80 33
14 6 80 34
9 6 80 32
37 6 80 24
12 6 80 34
9 6 80 34
9 6 80 34
6 6 80 34
10 6 80 34
37 6 80 34
13 6 80 34
9 6 80 32
61 6 80 33
7 6 80 32
30 6 80 34
6 6 80 24
8 6 80 34
8 6 80 34
9 6 80 34
4 6 80 34
10 6 80 32
8 6 80 34
14 6 80 34
10 6 80 33
3 6 80 34
12 6 80 32
28 6 80 24
0 6 80 34
2 6 80 34
0 6 80 34
4 6 80 34
5 6 80 34
10 6 80 32
6 6 80 34
73 6 80 34
3 6 80 34
15 6 80 33
103 6 80 34
77 6 80 32
7 6 80 34
999029 6 80 34
36 6 80 24
35 6 80 32
1 6 80 34
36 6 80 34
16 6 80 34
10 6 80 34
29 6 80 34
9 6 80 33
30 6 80 34
29 6 80 32
8 6 80 34
5 6 80 34
4 6 80 24
25 6 80 34
26 6 80 34
999022 6 80 34
14 6 80 32
15 6 80 34
1 6 80 34
0 6 80 32
23 6 80 34
4 6 80 33
8 6 80 35
63 6 80 34
12 6 80 24
13 6 80 34
8 6 80 34
8 6 80 34
18 6 80 32
6 6 80 34
16 6 80 32
6 6 80 34
3 6 80 33
6 6 80 34
5 6 80 34
12 6 80 35
10 6 80 34
66 6 80 34
126 6 80 24
8 6 80 34
4 6 80 32
7 6 80 34
4 6 80 34
4 6 80 32
3 6 80 34
5 6 80 33
8 6 80 34
3 6 80 34
999035 6 80 35
9 6 80 32
15 6 80 34
3 6 80 24
14 6 80 34
13 6 80 34
12 6 80 34
28 6 80 34
38 6 80 32
2 6 80 34
23 6 80 33
47 6 80 34
5 6 80 34
2 6 80 35
4 6 80 34
171 6 80 32
4 6 80 24
9 6 80 34
17 6 80 34
7 6 80 34
14 6 80 32
8 6 80 34
4 6 80 34
24 6 80 33
60 6 80 34
14 6 80 34
7 6 80 35
3 6 80 24
2 6 80 34
14 6 80 32
6 6 80 34
5 6 80 34
4 6 80 34
6 6 80 34
3 6 80 34
13 6 80 34
12 6 80 32
18 6 80 35
4 6 80 24
234 6 80 34
408 6 80 33
45 6 80 32
65 6 80 34
93 6 80 34
15 6 80 34
10 6 80 34
999096 6 80 34
2 6 80 34
30 6 80 34
5 6 80 35
2 6 80 35
4 6 80 35
3 6 80 35
6 6 80 32
4 6 80 35
5 6 80 24
9 6 80 34
6 6 80 34
8 6 80 34
13 6 80 34
10 6 80 33
8 6 80 34
15 6 80 35
4 6 80 32
4 6 80 35
10 6 80 35
12 6 80 35
10 6 80 34
7 6 80 34
10 6 80 34
6 6 80 35
3 6 80 32
10 6 80 24
5 6 80 34
4 6 80 34
12 6 80 34
5 6 80 34
5 6 80 33
3 6 80 34
8 6 80 35
10 6 80 32
26 6 80 35
10 6 80 35
8 6 80 35
1 6 80 34
18 6 80 34
49 6 80 34
4 6 80 32
10 6 80 35
11 6 80 24
8 6 80 34
19 6 80 34
6 6 80 34
999019 6 80 33
11 6 80 34
44 6 80 34
22 6 80 35
41 6 80 32
999065 6 80 35
7 6 80 35
0 6 80 35
53 6 80 34
8 6 80 34
10 6 80 35
14 6 80 34
6 6 80 32
2 6 80 24
7 6 80 34
6 6 80 34
6 6 80 34
6 6 80 33
7 6 80 34
5 6 80 34
4 6 80 35
8 6 80 32
18 6 80 35
6 6 80 35
9 6 80 35
30 6 80 34
17 6 80 34
5 6 80 35
15 6 80 34
6 6 80 32
5 6 80 24
6 6 80 34
11 6 80 34
7 6 80 34
12 6 80 33
4 6 80 34
7 6 80 34
2 6 80 35
8 6 80 35
6 6 80 35
999012 6 80 34
14 6 80 34
7 6 80 32
2 6 80 34
2 6 80 35
13 6 80 35
29 6 80 32
8 6 80 24
7 6 80 34
19 6 80 34
26 6 80 34
8 6 80 34
6 6 80 33
10 6 80 34
15 6 80 35
7 6 80 35
12 6 80 35
8 6 80 34
7 6 80 35
16 6 80 32
6 6 80 35
26 6 80 34
4 6 80 32
6 6 80 34
12 6 80 24
13 6 80 34
14 6 80 34
8 6 80 34
9 6 80 33
12 6 80 34
1 6 80 34
9 6 80 35
7 6 80 35
4 6 80 35
4 6 80 34
30 6 80 35
35 6 80 32
21 6 80 34
58 6 80 35
2 6 80 34
11 6 80 24
0 6 80 32
5 6 80 34
2 6 80 34
1037671 6 80 34
