2019 10 31 10 36 55 419 6 80 34
2019 10 31 10 36 55 423 6 80 34
2019 10 31 10 36 55 441 6 80 33
2019 10 31 10 36 56 168 6 80 34
2019 10 31 10 36 56 433 6 80 32
2019 10 31 10 36 56 531 6 80 34
2019 10 31 10 36 56 738 6 80 34
2019 10 31 10 36 56 924 6 80 24
2019 10 31 10 36 57 053 6 80 34
2019 10 31 10 36 57 054 6 80 34
2019 10 31 10 36 57 087 6 80 34
2019 10 31 10 36 57 140 6 80 34
2019 10 31 10 36 57 710 6 80 34
2019 10 31 10 36 57 727 6 80 33
2019 10 31 10 36 57 752 6 80 32
2019 10 31 10 36 57 824 6 80 34
2019 10 31 10 36 57 915 6 80 34
2019 10 31 10 36 57 957 6 80 32
2019 10 31 10 36 58 110 6 80 34
2019 10 31 10 36 58 126 6 80 24
2019 10 31 10 36 58 280 6 80 34
2019 10 31 10 36 58 325 6 80 34
2019 10 31 10 36 58 674 6 80 34
2019 10 31 10 36 58 751 6 80 34
2019 10 31 10 36 59 171 6 80 34
2019 10 31 10 36 59 176 6 80 33
2019 10 31 10 36 59 196 6 80 34
2019 10 31 10 36 59 264 6 80 32
2019 10 31 10 36 59 328 6 80 34
2019 10 31 10 36 59 351 6 80 34
2019 10 31 10 36 59 365 6 80 32
2019 10 31 10 36 59 993 6 80 34
2019 10 31 10 36 59 997 6 80 34
2019 10 31 10 37 00 022 6 80 34
2019 10 31 10 37 00 049 6 80 34
2019 10 31 10 37 00 070 6 80 34
2019 10 31 10 37 00 170 6 80 24
2019 10 31 10 37 00 196 6 80 33
2019 10 31 10 37 00 462 6 80 34
2019 10 31 10 37 00 520 6 80 32
2019 10 31 10 37 00 801 6 80 34
2019 10 31 10 37 00 848 6 80 34
2019 10 31 10 37 01 194 6 80 32
2019 10 31 10 37 02 278 6 80 34
2019 10 31 10 37 02 315 6 80 34
2019 10 31 10 37 02 329 6 80 34
2019 10 31 10 37 02 385 6 80 34
2019 10 31 10 37 02 620 6 80 24
2019 10 31 10 37 02 834 6 80 33
2019 10 31 10 37 03 669 6 80 34
2019 10 31 10 37 03 822 6 80 32
2019 10 31 10 37 03 916 6 80 34
2019 10 31 10 37 04 019 6 80 34
2019 10 31 10 37 04 773 6 80 32
2019 10 31 10 37 04 835 6 80 34
2019 10 31 10 37 04 847 6 80 34
2019 10 31 10 37 04 903 6 80 34
2019 10 31 10 37 05 507 6 80 34
2019 10 31 10 37 05 522 6 80 34
2019 10 31 10 37 05 717 6 80 24
2019 10 31 10 37 06 146 6 80 33
2019 10 31 10 37 06 167 6 80 34
2019 10 31 10 37 07 157 6 80 32
2019 10 31 10 37 07 326 6 80 34
2019 10 31 10 37 07 341 6 80 34
2019 10 31 10 37 07 373 6 80 34
2019 10 31 10 37 07 421 6 80 32
2019 10 31 10 37 07 516 6 80 34
2019 10 31 10 37 07 537 6 80 34
2019 10 31 10 37 07 558 6 80 34
2019 10 31 10 37 07 635 6 80 34
2019 10 31 10 37 07 770 6 80 24
2019 10 31 10 37 07 832 6 80 32
2019 10 31 10 37 07 867 6 80 33
2019 10 31 10 37 07 891 6 80 34
2019 10 31 10 37 07 911 6 80 32
2019 10 31 10 37 08 221 6 80 34
2019 10 31 10 37 08 284 6 80 34
2019 10 31 10 37 08 376 6 80 34
2019 10 31 10 37 08 614 6 80 34
2019 10 31 10 37 09 498 6 80 34
2019 10 31 10 37 09 507 6 80 34
2019 10 31 10 37 09 675 6 80 34
2019 10 31 10 37 09 773 6 80 24
2019 10 31 10 37 09 798 6 80 32
2019 10 31 10 37 09 915 6 80 33
2019 10 31 10 37 10 068 6 80 34
2019 10 31 10 37 10 178 6 80 34
2019 10 31 10 37 10 213 6 80 32
2019 10 31 10 37 10 217 6 80 34
2019 10 31 10 37 10 372 6 80 34
2019 10 31 10 37 10 480 6 80 34
2019 10 31 10 37 10 591 6 80 34
2019 10 31 10 37 10 638 6 80 34
2019 10 31 10 37 10 755 6 80 34
2019 10 31 10 37 10 937 6 80 24
2019 10 31 10 37 11 194 6 80 33
2019 10 31 10 37 11 196 6 80 32
2019 10 31 10 37 11 229 6 80 34
2019 10 31 10 37 11 788 6 80 34
2019 10 31 10 37 11 879 6 80 34
2019 10 31 10 37 11 893 6 80 32
2019 10 31 10 37 12 129 6 80 34
2019 10 31 10 37 12 151 6 80 34
2019 10 31 10 37 12 155 6 80 34
2019 10 31 10 37 12 155 6 80 34
2019 10 31 10 37 12 163 6 80 34
2019 10 31 10 37 12 173 6 80 24
2019 10 31 10 37 12 517 6 80 33
2019 10 31 10 37 12 953 6 80 32
2019 10 31 10 37 13 027 6 80 34
2019 10 31 10 37 13 266 6 80 34
2019 10 31 10 37 13 467 6 80 34
2019 10 31 10 37 13 479 6 80 32
2019 10 31 10 37 13 508 6 80 34
2019 10 31 10 37 13 554 6 80 34
2019 10 31 10 37 14 437 6 80 34
2019 10 31 10 37 14 562 6 80 34
2019 10 31 10 37 14 880 6 80 34
2019 10 31 10 37 14 888 6 80 24
2019 10 31 10 37 15 047 6 80 32
2019 10 31 10 37 15 058 6 80 33
2019 10 31 10 37 15 217 6 80 34
2019 10 31 10 37 15 223 6 80 34
2019 10 31 10 37 15 348 6 80 34
2019 10 31 10 37 15 434 6 80 32
2019 10 31 10 37 15 445 6 80 34
2019 10 31 10 37 15 643 6 80 34
2019 10 31 10 37 15 671 6 80 34
2019 10 31 10 37 15 709 6 80 34
2019 10 31 10 37 15 740 6 80 34
2019 10 31 10 37 15 829 6 80 24
2019 10 31 10 37 16 487 6 80 32
2019 10 31 10 37 16 491 6 80 33
2019 10 31 10 37 16 741 6 80 34
2019 10 31 10 37 16 846 6 80 32
2019 10 31 10 37 16 864 6 80 34
2019 10 31 10 37 16 879 6 80 34
2019 10 31 10 37 16 879 6 80 34
2019 10 31 10 37 17 002 6 80 34
2019 10 31 10 37 17 268 6 80 34
2019 10 31 10 37 17 333 6 80 34
2019 10 31 10 37 17 392 6 80 34
2019 10 31 10 37 17 500 6 80 24
2019 10 31 10 37 19 191 6 80 32
2019 10 31 10 37 19 282 6 80 33
2019 10 31 10 37 19 288 6 80 34
2019 10 31 10 37 19 308 6 80 34
2019 10 31 10 37 19 314 6 80 32
2019 10 31 10 37 19 332 6 80 34
2019 10 31 10 37 19 339 6 80 34
2019 10 31 10 37 19 341 6 80 34
2019 10 31 10 37 19 430 6 80 34
2019 10 31 10 37 19 487 6 80 34
2019 10 31 10 37 19 563 6 80 34
2019 10 31 10 37 19 859 6 80 24
2019 10 31 10 37 20 142 6 80 32
2019 10 31 10 37 20 418 6 80 34
2019 10 31 10 37 20 573 6 80 33
2019 10 31 10 37 20 646 6 80 32
2019 10 31 10 37 20 682 6 80 34
2019 10 31 10 37 20 695 6 80 34
2019 10 31 10 37 20 804 6 80 34
2019 10 31 10 37 20 808 6 80 34
2019 10 31 10 37 20 910 6 80 34
2019 10 31 10 37 21 654 6 80 34
2019 10 31 10 37 21 731 6 80 32
2019 10 31 10 37 21 765 6 80 34
2019 10 31 10 37 21 775 6 80 24
2019 10 31 10 37 21 864 6 80 34
2019 10 31 10 37 21 944 6 80 32
2019 10 31 10 37 21 969 6 80 33
2019 10 31 10 37 22 025 6 80 34
2019 10 31 10 37 22 083 6 80 34
2019 10 31 10 37 22 124 6 80 34
2019 10 31 10 37 22 146 6 80 34
2019 10 31 10 37 22 169 6 80 34
2019 10 31 10 37 22 207 6 80 34
2019 10 31 10 37 22 350 6 80 32
2019 10 31 10 37 22 371 6 80 34
2019 10 31 10 37 22 470 6 80 24
2019 10 31 10 37 22 826 6 80 34
2019 10 31 10 37 22 967 6 80 32
2019 10 31 10 37 23 072 6 80 33
2019 10 31 10 37 23 310 6 80 34
2019 10 31 10 37 23 319 6 80 34
2019 10 31 10 37 24 231 6 80 34
2019 10 31 10 37 24 246 6 80 34
2019 10 31 10 37 24 256 6 80 34
2019 10 31 10 37 24 306 6 80 34
2019 10 31 10 37 24 406 6 80 32
2019 10 31 10 37 24 463 6 80 34
2019 10 31 10 37 24 521 6 80 34
2019 10 31 10 37 24 590 6 80 24
2019 10 31 10 37 24 905 6 80 32
2019 10 31 10 37 25 062 6 80 33
2019 10 31 10 37 25 295 6 80 34
2019 10 31 10 37 25 457 6 80 34
2019 10 31 10 37 25 673 6 80 34
2019 10 31 10 37 26 485 6 80 34
2019 10 31 10 37 26 511 6 80 34
2019 10 31 10 37 26 597 6 80 34
2019 10 31 10 37 26 903 6 80 32
2019 10 31 10 37 26 995 6 80 34
2019 10 31 10 37 27 220 6 80 34
2019 10 31 10 37 27 267 6 80 24
2019 10 31 10 37 27 491 6 80 32
2019 10 31 10 37 27 603 6 80 33
2019 10 31 10 37 27 815 6 80 34
2019 10 31 10 37 27 890 6 80 34
2019 10 31 10 37 28 101 6 80 34
2019 10 31 10 37 28 872 6 80 34
2019 10 31 10 37 28 901 6 80 34
2019 10 31 10 37 29 115 6 80 34
2019 10 31 10 37 29 229 6 80 32
2019 10 31 10 37 29 309 6 80 34
2019 10 31 10 37 29 312 6 80 24
2019 10 31 10 37 29 321 6 80 34
2019 10 31 10 37 29 487 6 80 34
2019 10 31 10 37 29 496 6 80 32
2019 10 31 10 37 29 497 6 80 33
2019 10 31 10 37 29 567 6 80 34
2019 10 31 10 37 29 917 6 80 34
2019 10 31 10 37 29 952 6 80 34
2019 10 31 10 37 30 038 6 80 34
2019 10 31 10 37 30 098 6 80 34
2019 10 31 10 37 30 284 6 80 32
2019 10 31 10 37 30 301 6 80 34
2019 10 31 10 37 30 342 6 80 32
2019 10 31 10 37 30 347 6 80 24
2019 10 31 10 37 30 473 6 80 33
2019 10 31 10 37 30 508 6 80 34
2019 10 31 10 37 30 575 6 80 32
2019 10 31 10 37 30 603 6 80 34
2019 10 31 10 37 31 509 6 80 34
2019 10 31 10 37 31 594 6 80 34
2019 10 31 10 37 31 627 6 80 34
2019 10 31 10 37 31 631 6 80 34
2019 10 31 10 37 31 655 6 80 34
2019 10 31 10 37 31 845 6 80 32
2019 10 31 10 37 31 863 6 80 24
2019 10 31 10 37 32 091 6 80 33
2019 10 31 10 37 32 099 6 80 34
2019 10 31 10 37 32 176 6 80 32
2019 10 31 10 37 32 320 6 80 34
2019 10 31 10 37 32 380 6 80 34
2019 10 31 10 37 32 450 6 80 34
2019 10 31 10 37 32 874 6 80 34
2019 10 31 10 37 32 914 6 80 34
2019 10 31 10 37 33 777 6 80 34
2019 10 31 10 37 33 798 6 80 34
2019 10 31 10 37 33 866 6 80 32
2019 10 31 10 37 33 948 6 80 24
2019 10 31 10 37 33 976 6 80 33
2019 10 31 10 37 34 021 6 80 34
2019 10 31 10 37 34 044 6 80 32
2019 10 31 10 37 34 144 6 80 34
2019 10 31 10 37 34 194 6 80 34
2019 10 31 10 37 34 349 6 80 34
2019 10 31 10 37 34 710 6 80 34
2019 10 31 10 37 34 791 6 80 34
2019 10 31 10 37 34 850 6 80 34
2019 10 31 10 37 34 882 6 80 32
2019 10 31 10 37 34 889 6 80 34
2019 10 31 10 37 34 902 6 80 24
2019 10 31 10 37 35 068 6 80 33
2019 10 31 10 37 35 260 6 80 34
2019 10 31 10 37 35 311 6 80 32
2019 10 31 10 37 35 437 6 80 34
2019 10 31 10 37 36 037 6 80 34
2019 10 31 10 37 36 177 6 80 34
2019 10 31 10 37 36 205 6 80 34
2019 10 31 10 37 36 301 6 80 34
2019 10 31 10 37 36 344 6 80 32
2019 10 31 10 37 36 391 6 80 34
2019 10 31 10 37 36 398 6 80 34
2019 10 31 10 37 36 430 6 80 33
2019 10 31 10 37 36 432 6 80 24
2019 10 31 10 37 36 862 6 80 32
2019 10 31 10 37 36 865 6 80 34
2019 10 31 10 37 36 886 6 80 34
2019 10 31 10 37 36 909 6 80 34
2019 10 31 10 37 37 009 6 80 34
2019 10 31 10 37 37 274 6 80 34
2019 10 31 10 37 37 281 6 80 34
2019 10 31 10 37 37 297 6 80 32
2019 10 31 10 37 37 333 6 80 34
2019 10 31 10 37 37 419 6 80 34
2019 10 31 10 37 37 445 6 80 24
2019 10 31 10 37 37 456 6 80 33
2019 10 31 10 37 37 725 6 80 32
2019 10 31 10 37 37 809 6 80 34
2019 10 31 10 37 37 877 6 80 34
2019 10 31 10 37 37 894 6 80 34
2019 10 31 10 37 38 656 6 80 34
2019 10 31 10 37 38 721 6 80 34
2019 10 31 10 37 39 108 6 80 34
2019 10 31 10 37 39 555 6 80 32
2019 10 31 10 37 39 661 6 80 34
2019 10 31 10 37 39 812 6 80 34
2019 10 31 10 37 39 857 6 80 24
2019 10 31 10 37 39 878 6 80 33
2019 10 31 10 37 39 898 6 80 32
2019 10 31 10 37 40 047 6 80 34
2019 10 31 10 37 40 174 6 80 34
2019 10 31 10 37 40 311 6 80 34
2019 10 31 10 37 40 396 6 80 34
2019 10 31 10 37 40 398 6 80 34
2019 10 31 10 37 41 073 6 80 34
2019 10 31 10 37 41 133 6 80 34
2019 10 31 10 37 41 479 6 80 24
2019 10 31 10 37 41 479 6 80 34
2019 10 31 10 37 41 547 6 80 33
2019 10 31 10 37 41 567 6 80 32
2019 10 31 10 37 41 682 6 80 32
2019 10 31 10 37 42 082 6 80 34
2019 10 31 10 37 42 192 6 80 34
2019 10 31 10 37 42 261 6 80 34
2019 10 31 10 37 42 302 6 80 34
2019 10 31 10 37 42 584 6 80 34
2019 10 31 10 37 42 733 6 80 34
2019 10 31 10 37 42 814 6 80 34
2019 10 31 10 37 42 865 6 80 24
2019 10 31 10 37 42 883 6 80 34
2019 10 31 10 37 43 638 6 80 32
2019 10 31 10 37 43 662 6 80 32
2019 10 31 10 37 43 675 6 80 34
2019 10 31 10 37 43 687 6 80 34
2019 10 31 10 37 43 698 6 80 33
2019 10 31 10 37 43 704 6 80 34
2019 10 31 10 37 43 812 6 80 34
2019 10 31 10 37 43 835 6 80 34
2019 10 31 10 37 43 898 6 80 34
2019 10 31 10 37 43 901 6 80 34
2019 10 31 10 37 43 926 6 80 34
2019 10 31 10 37 43 949 6 80 32
2019 10 31 10 37 43 950 6 80 24
2019 10 31 10 37 44 257 6 80 33
2019 10 31 10 37 44 259 6 80 32
2019 10 31 10 37 44 395 6 80 34
2019 10 31 10 37 44 398 6 80 34
2019 10 31 10 37 44 430 6 80 34
2019 10 31 10 37 44 785 6 80 34
2019 10 31 10 37 44 861 6 80 34
2019 10 31 10 37 44 946 6 80 34
2019 10 31 10 37 45 197 6 80 34
2019 10 31 10 37 45 271 6 80 32
2019 10 31 10 37 45 312 6 80 24
2019 10 31 10 37 45 971 6 80 34
2019 10 31 10 37 46 002 6 80 32
2019 10 31 10 37 46 023 6 80 33
2019 10 31 10 37 46 144 6 80 34
2019 10 31 10 37 46 207 6 80 34
2019 10 31 10 37 46 212 6 80 34
2019 10 31 10 37 46 223 6 80 34
2019 10 31 10 37 46 504 6 80 34
2019 10 31 10 37 46 586 6 80 34
2019 10 31 10 37 46 914 6 80 34
2019 10 31 10 37 46 921 6 80 32
2019 10 31 10 37 47 123 6 80 24
2019 10 31 10 37 47 303 6 80 34
2019 10 31 10 37 47 349 6 80 32
2019 10 31 10 37 47 396 6 80 33
2019 10 31 10 37 47 715 6 80 34
2019 10 31 10 37 47 741 6 80 34
2019 10 31 10 37 48 411 6 80 34
2019 10 31 10 37 48 451 6 80 34
2019 10 31 10 37 48 458 6 80 34
2019 10 31 10 37 48 557 6 80 34
2019 10 31 10 37 48 676 6 80 34
2019 10 31 10 37 48 893 6 80 32
2019 10 31 10 37 49 004 6 80 24
2019 10 31 10 37 49 083 6 80 34
2019 10 31 10 37 49 085 6 80 32
2019 10 31 10 37 49 133 6 80 33
2019 10 31 10 37 49 189 6 80 34
2019 10 31 10 37 49 266 6 80 34
2019 10 31 10 37 49 310 6 80 34
2019 10 31 10 37 49 382 6 80 34
2019 10 31 10 37 49 412 6 80 34
2019 10 31 10 37 50 901 6 80 34
2019 10 31 10 37 50 912 6 80 34
2019 10 31 10 37 50 934 6 80 32
2019 10 31 10 37 50 967 6 80 24
2019 10 31 10 37 51 026 6 80 34
2019 10 31 10 37 51 030 6 80 32
2019 10 31 10 37 51 090 6 80 33
2019 10 31 10 37 51 156 6 80 34
2019 10 31 10 37 51 195 6 80 34
2019 10 31 10 37 51 344 6 80 34
2019 10 31 10 37 51 418 6 80 34
2019 10 31 10 37 51 464 6 80 34
2019 10 31 10 37 51 497 6 80 34
2019 10 31 10 37 51 499 6 80 34
2019 10 31 10 37 51 985 6 80 32
2019 10 31 10 37 52 070 6 80 24
2019 10 31 10 37 52 144 6 80 32
2019 10 31 10 37 52 398 6 80 34
2019 10 31 10 37 52 479 6 80 33
2019 10 31 10 37 53 302 6 80 34
2019 10 31 10 37 53 340 6 80 34
2019 10 31 10 37 53 388 6 80 34
2019 10 31 10 37 53 490 6 80 34
2019 10 31 10 37 53 492 6 80 34
2019 10 31 10 37 53 784 6 80 34
2019 10 31 10 37 53 786 6 80 24
2019 10 31 10 37 53 817 6 80 34
2019 10 31 10 37 53 832 6 80 32
2019 10 31 10 37 53 999 6 80 32
2019 10 31 10 37 54 100 6 80 34
2019 10 31 10 37 54 109 6 80 33
2019 10 31 10 37 54 163 6 80 34
2019 10 31 10 37 54 452 6 80 34
2019 10 31 10 37 54 489 6 80 34
2019 10 31 10 37 54 794 6 80 34
2019 10 31 10 37 55 066 6 80 34
2019 10 31 10 37 55 071 6 80 24
2019 10 31 10 37 55 784 6 80 32
2019 10 31 10 37 55 789 6 80 34
2019 10 31 10 37 55 798 6 80 34
2019 10 31 10 37 55 835 6 80 32
2019 10 31 10 37 55 857 6 80 34
2019 10 31 10 37 55 961 6 80 33
2019 10 31 10 37 56 092 6 80 34
2019 10 31 10 37 56 111 6 80 34
2019 10 31 10 37 56 255 6 80 34
2019 10 31 10 37 56 319 6 80 34
2019 10 31 10 37 56 336 6 80 34
2019 10 31 10 37 56 523 6 80 24
2019 10 31 10 37 56 602 6 80 32
2019 10 31 10 37 56 918 6 80 34
2019 10 31 10 37 56 924 6 80 34
2019 10 31 10 37 57 219 6 80 32
2019 10 31 10 37 57 496 6 80 34
2019 10 31 10 37 58 307 6 80 33
2019 10 31 10 37 58 373 6 80 34
2019 10 31 10 37 58 457 6 80 34
2019 10 31 10 37 58 493 6 80 34
2019 10 31 10 37 58 632 6 80 34
2019 10 31 10 37 58 986 6 80 34
2019 10 31 10 37 59 056 6 80 24
2019 10 31 10 37 59 084 6 80 32
2019 10 31 10 37 59 292 6 80 34
2019 10 31 10 37 59 344 6 80 34
2019 10 31 10 37 59 371 6 80 32
2019 10 31 10 37 59 621 6 80 33
2019 10 31 10 37 59 639 6 80 34
2019 10 31 10 37 59 860 6 80 34
2019 10 31 10 37 59 869 6 80 34
2019 10 31 10 38 00 032 6 80 34
2019 10 31 10 38 00 855 6 80 34
2019 10 31 10 38 00 868 6 80 34
2019 10 31 10 38 00 971 6 80 24
2019 10 31 10 38 01 235 6 80 32
2019 10 31 10 38 01 265 6 80 34
2019 10 31 10 38 01 354 6 80 34
2019 10 31 10 38 01 525 6 80 32
2019 10 31 10 38 01 754 6 80 34
2019 10 31 10 38 01 822 6 80 34
2019 10 31 10 38 02 043 6 80 34
2019 10 31 10 38 02 174 6 80 34
2019 10 31 10 38 02 454 6 80 34
2019 10 31 10 38 03 359 6 80 34
2019 10 31 10 38 03 366 6 80 32
2019 10 31 10 38 03 461 6 80 34
2019 10 31 10 38 03 464 6 80 34
2019 10 31 10 38 03 500 6 80 32
2019 10 31 10 38 03 602 6 80 24
2019 10 31 10 38 03 629 6 80 33
2019 10 31 10 38 03 684 6 80 34
2019 10 31 10 38 03 769 6 80 34
2019 10 31 10 38 03 871 6 80 34
2019 10 31 10 38 03 943 6 80 34
2019 10 31 10 38 03 963 6 80 34
2019 10 31 10 38 03 964 6 80 34
2019 10 31 10 38 04 029 6 80 32
2019 10 31 10 38 04 181 6 80 34
2019 10 31 10 38 04 219 6 80 34
2019 10 31 10 38 04 244 6 80 32
2019 10 31 10 38 04 309 6 80 24
2019 10 31 10 38 04 389 6 80 33
2019 10 31 10 38 04 534 6 80 34
2019 10 31 10 38 04 745 6 80 34
2019 10 31 10 38 05 671 6 80 34
2019 10 31 10 38 05 793 6 80 34
2019 10 31 10 38 05 801 6 80 34
2019 10 31 10 38 05 874 6 80 34
2019 10 31 10 38 05 894 6 80 32
2019 10 31 10 38 05 955 6 80 34
2019 10 31 10 38 06 009 6 80 34
2019 10 31 10 38 06 091 6 80 32
2019 10 31 10 38 06 152 6 80 33
2019 10 31 10 38 06 157 6 80 24
2019 10 31 10 38 06 268 6 80 34
2019 10 31 10 38 06 287 6 80 34
2019 10 31 10 38 06 698 6 80 34
2019 10 31 10 38 06 960 6 80 34
2019 10 31 10 38 07 210 6 80 34
2019 10 31 10 38 08 320 6 80 34
2019 10 31 10 38 08 353 6 80 32
2019 10 31 10 38 08 464 6 80 34
2019 10 31 10 38 08 548 6 80 34
2019 10 31 10 38 08 622 6 80 32
2019 10 31 10 38 08 771 6 80 24
2019 10 31 10 38 08 899 6 80 34
2019 10 31 10 38 08 900 6 80 33
2019 10 31 10 38 09 051 6 80 34
2019 10 31 10 38 09 174 6 80 34
2019 10 31 10 38 09 264 6 80 34
2019 10 31 10 38 09 298 6 80 34
2019 10 31 10 38 09 460 6 80 34
2019 10 31 10 38 09 775 6 80 32
2019 10 31 10 38 09 853 6 80 34
2019 10 31 10 38 09 858 6 80 34
2019 10 31 10 38 09 888 6 80 32
2019 10 31 10 38 09 889 6 80 24
2019 10 31 10 38 10 640 6 80 33
2019 10 31 10 38 10 755 6 80 34
2019 10 31 10 38 10 779 6 80 34
2019 10 31 10 38 10 786 6 80 34
2019 10 31 10 38 10 854 6 80 34
2019 10 31 10 38 11 149 6 80 34
2019 10 31 10 38 11 189 6 80 34
2019 10 31 10 38 11 669 6 80 32
2019 10 31 10 38 12 117 6 80 34
2019 10 31 10 38 12 232 6 80 34
2019 10 31 10 38 12 306 6 80 24
2019 10 31 10 38 12 334 6 80 24
2019 10 31 10 38 13 326 6 80 34
2019 10 31 10 38 13 348 6 80 34
2019 10 31 10 38 13 466 6 80 34
2019 10 31 10 38 13 485 6 80 33
2019 10 31 10 38 13 509 6 80 34
2019 10 31 10 38 13 602 6 80 34
2019 10 31 10 38 13 657 6 80 34
2019 10 31 10 38 13 661 6 80 32
2019 10 31 10 38 13 758 6 80 34
2019 10 31 10 38 13 789 6 80 24
2019 10 31 10 38 13 798 6 80 34
2019 10 31 10 38 13 856 6 80 32
2019 10 31 10 38 13 973 6 80 34
2019 10 31 10 38 13 999 6 80 34
2019 10 31 10 38 14 027 6 80 34
2019 10 31 10 38 14 086 6 80 34
2019 10 31 10 38 14 104 6 80 34
2019 10 31 10 38 14 120 6 80 32
2019 10 31 10 38 14 144 6 80 24
2019 10 31 10 38 14 212 6 80 24
2019 10 31 10 38 14 258 6 80 34
2019 10 31 10 38 14 519 6 80 32
2019 10 31 10 38 14 527 6 80 33
2019 10 31 10 38 14 687 6 80 34
2019 10 31 10 38 14 747 6 80 34
2019 10 31 10 38 14 763 6 80 34
2019 10 31 10 38 14 806 6 80 34
2019 10 31 10 38 15 694 6 80 34
2019 10 31 10 38 15 805 6 80 34
2019 10 31 10 38 15 819 6 80 32
2019 10 31 10 38 15 935 6 80 34
2019 10 31 10 38 15 973 6 80 24
2019 10 31 10 38 16 029 6 80 34
2019 10 31 10 38 16 261 6 80 33
2019 10 31 10 38 16 373 6 80 32
2019 10 31 10 38 16 653 6 80 34
2019 10 31 10 38 16 756 6 80 34
2019 10 31 10 38 16 961 6 80 34
2019 10 31 10 38 17 401 6 80 34
2019 10 31 10 38 18 105 6 80 34
2019 10 31 10 38 18 120 6 80 34
2019 10 31 10 38 18 155 6 80 32
2019 10 31 10 38 18 196 6 80 34
2019 10 31 10 38 18 222 6 80 24
2019 10 31 10 38 18 223 6 80 34
2019 10 31 10 38 18 280 6 80 32
2019 10 31 10 38 18 283 6 80 33
2019 10 31 10 38 18 438 6 80 34
2019 10 31 10 38 18 906 6 80 34
2019 10 31 10 38 18 997 6 80 34
2019 10 31 10 38 19 236 6 80 34
2019 10 31 10 38 19 269 6 80 34
2019 10 31 10 38 19 292 6 80 34
2019 10 31 10 38 19 318 6 80 32
2019 10 31 10 38 19 396 6 80 34
2019 10 31 10 38 19 432 6 80 24
2019 10 31 10 38 19 477 6 80 34
2019 10 31 10 38 19 481 6 80 32
2019 10 31 10 38 19 677 6 80 33
2019 10 31 10 38 20 514 6 80 34
2019 10 31 10 38 20 545 6 80 34
2019 10 31 10 38 20 655 6 80 34
2019 10 31 10 38 20 829 6 80 34
2019 10 31 10 38 20 918 6 80 34
2019 10 31 10 38 20 925 6 80 24
2019 10 31 10 38 20 929 6 80 32
2019 10 31 10 38 20 945 6 80 32
2019 10 31 10 38 20 961 6 80 34
2019 10 31 10 38 21 192 6 80 34
2019 10 31 10 38 21 502 6 80 34
2019 10 31 10 38 21 924 6 80 33
2019 10 31 10 38 21 926 6 80 34
2019 10 31 10 38 22 272 6 80 34
2019 10 31 10 38 22 996 6 80 34
2019 10 31 10 38 23 052 6 80 34
2019 10 31 10 38 23 274 6 80 32
2019 10 31 10 38 23 303 6 80 34
2019 10 31 10 38 23 693 6 80 32
2019 10 31 10 38 23 877 6 80 24
2019 10 31 10 38 24 029 6 80 34
2019 10 31 10 38 24 206 6 80 34
2019 10 31 10 38 24 301 6 80 34
2019 10 31 10 38 24 466 6 80 34
2019 10 31 10 38 24 467 6 80 33
2019 10 31 10 38 24 558 6 80 34
2019 10 31 10 38 24 838 6 80 34
2019 10 31 10 38 24 839 6 80 34
2019 10 31 10 38 24 903 6 80 34
2019 10 31 10 38 25 085 6 80 32
2019 10 31 10 38 25 254 6 80 32
2019 10 31 10 38 25 497 6 80 24
2019 10 31 10 38 25 610 6 80 34
2019 10 31 10 38 25 629 6 80 34
2019 10 31 10 38 25 870 6 80 34
2019 10 31 10 38 25 916 6 80 34
2019 10 31 10 38 25 918 6 80 34
2019 10 31 10 38 25 950 6 80 33
2019 10 31 10 38 25 972 6 80 34
2019 10 31 10 38 26 028 6 80 34
2019 10 31 10 38 26 059 6 80 32
2019 10 31 10 38 26 264 6 80 34
2019 10 31 10 38 26 359 6 80 32
2019 10 31 10 38 26 361 6 80 24
2019 10 31 10 38 26 450 6 80 34
2019 10 31 10 38 26 626 6 80 34
2019 10 31 10 38 26 651 6 80 34
2019 10 31 10 38 26 761 6 80 34
2019 10 31 10 38 26 893 6 80 34
2019 10 31 10 38 27 001 6 80 34
2019 10 31 10 38 27 177 6 80 33
2019 10 31 10 38 27 921 6 80 32
2019 10 31 10 38 27 949 6 80 34
2019 10 31 10 38 28 081 6 80 34
2019 10 31 10 38 28 089 6 80 32
2019 10 31 10 38 28 094 6 80 34
2019 10 31 10 38 28 125 6 80 24
2019 10 31 10 38 28 370 6 80 34
2019 10 31 10 38 28 395 6 80 34
2019 10 31 10 38 28 492 6 80 34
2019 10 31 10 38 28 551 6 80 34
2019 10 31 10 38 28 563 6 80 34
2019 10 31 10 38 28 711 6 80 33
2019 10 31 10 38 28 712 6 80 32
2019 10 31 10 38 28 780 6 80 34
2019 10 31 10 38 29 270 6 80 24
2019 10 31 10 38 29 337 6 80 34
2019 10 31 10 38 29 529 6 80 34
2019 10 31 10 38 29 773 6 80 32
2019 10 31 10 38 30 436 6 80 34
2019 10 31 10 38 30 515 6 80 34
2019 10 31 10 38 30 684 6 80 34
2019 10 31 10 38 30 685 6 80 34
2019 10 31 10 38 30 704 6 80 34
2019 10 31 10 38 30 815 6 80 33
2019 10 31 10 38 31 276 6 80 34
2019 10 31 10 38 31 503 6 80 34
2019 10 31 10 38 31 505 6 80 32
2019 10 31 10 38 31 540 6 80 24
2019 10 31 10 38 31 684 6 80 34
2019 10 31 10 38 31 828 6 80 34
2019 10 31 10 38 31 854 6 80 34
2019 10 31 10 38 31 861 6 80 34
2019 10 31 10 38 32 024 6 80 34
2019 10 31 10 38 32 027 6 80 34
2019 10 31 10 38 32 051 6 80 34
2019 10 31 10 38 32 108 6 80 33
2019 10 31 10 38 32 175 6 80 32
2019 10 31 10 38 32 188 6 80 34
2019 10 31 10 38 32 232 6 80 24
2019 10 31 10 38 33 285 6 80 32
2019 10 31 10 38 33 410 6 80 34
2019 10 31 10 38 33 514 6 80 34
2019 10 31 10 38 33 602 6 80 34
2019 10 31 10 38 33 628 6 80 34
2019 10 31 10 38 33 667 6 80 34
2019 10 31 10 38 33 900 6 80 34
2019 10 31 10 38 34 077 6 80 34
2019 10 31 10 38 34 519 6 80 33
2019 10 31 10 38 34 664 6 80 32
2019 10 31 10 38 34 674 6 80 24
2019 10 31 10 38 34 754 6 80 34
2019 10 31 10 38 34 765 6 80 32
2019 10 31 10 38 35 516 6 80 34
2019 10 31 10 38 35 529 6 80 34
2019 10 31 10 38 35 619 6 80 34
2019 10 31 10 38 35 645 6 80 34
2019 10 31 10 38 35 901 6 80 34
2019 10 31 10 38 35 959 6 80 32
2019 10 31 10 38 35 978 6 80 34
2019 10 31 10 38 35 981 6 80 24
2019 10 31 10 38 35 988 6 80 34
2019 10 31 10 38 36 084 6 80 33
2019 10 31 10 38 36 149 6 80 32
2019 10 31 10 38 36 152 6 80 34
2019 10 31 10 38 36 228 6 80 34
2019 10 31 10 38 36 351 6 80 34
2019 10 31 10 38 36 566 6 80 34
2019 10 31 10 38 36 636 6 80 34
2019 10 31 10 38 36 860 6 80 34
2019 10 31 10 38 37 126 6 80 32
2019 10 31 10 38 37 211 6 80 34
2019 10 31 10 38 38 371 6 80 33
2019 10 31 10 38 38 404 6 80 34
2019 10 31 10 38 38 447 6 80 32
2019 10 31 10 38 38 469 6 80 24
2019 10 31 10 38 38 652 6 80 34
2019 10 31 10 38 38 653 6 80 34
2019 10 31 10 38 38 878 6 80 34
2019 10 31 10 38 38 996 6 80 34
2019 10 31 10 38 39 065 6 80 34
2019 10 31 10 38 39 077 6 80 32
2019 10 31 10 38 39 097 6 80 34
2019 10 31 10 38 39 164 6 80 34
2019 10 31 10 38 39 803 6 80 33
2019 10 31 10 38 40 378 6 80 34
2019 10 31 10 38 40 781 6 80 32
2019 10 31 10 38 40 825 6 80 24
2019 10 31 10 38 41 169 6 80 34
2019 10 31 10 38 41 242 6 80 34
2019 10 31 10 38 41 544 6 80 34
2019 10 31 10 38 41 664 6 80 34
2019 10 31 10 38 41 773 6 80 34
2019 10 31 10 38 42 894 6 80 34
2019 10 31 10 38 42 904 6 80 32
2019 10 31 10 38 42 993 6 80 34
2019 10 31 10 38 43 026 6 80 33
2019 10 31 10 38 43 346 6 80 34
2019 10 31 10 38 43 437 6 80 32
2019 10 31 10 38 43 839 6 80 24
2019 10 31 10 38 44 086 6 80 34
2019 10 31 10 38 44 351 6 80 34
2019 10 31 10 38 44 360 6 80 34
2019 10 31 10 38 44 382 6 80 34
2019 10 31 10 38 44 591 6 80 34
2019 10 31 10 38 45 470 6 80 34
2019 10 31 10 38 45 507 6 80 34
2019 10 31 10 38 45 520 6 80 32
2019 10 31 10 38 45 909 6 80 33
2019 10 31 10 38 46 133 6 80 32
2019 10 31 10 38 46 281 6 80 34
2019 10 31 10 38 46 536 6 80 24
2019 10 31 10 38 46 839 6 80 34
2019 10 31 10 38 46 893 6 80 34
2019 10 31 10 38 47 776 6 80 34
2019 10 31 10 38 47 974 6 80 34
2019 10 31 10 38 48 037 6 80 32
2019 10 31 10 38 48 068 6 80 34
2019 10 31 10 38 48 096 6 80 34
2019 10 31 10 38 48 231 6 80 33
2019 10 31 10 38 48 354 6 80 34
2019 10 31 10 38 48 532 6 80 32
2019 10 31 10 38 48 847 6 80 24
2019 10 31 10 38 48 875 6 80 34
2019 10 31 10 38 48 875 6 80 34
2019 10 31 10 38 48 877 6 80 34
2019 10 31 10 38 49 035 6 80 34
2019 10 31 10 38 49 166 6 80 34
2019 10 31 10 38 49 171 6 80 32
2019 10 31 10 38 49 409 6 80 34
2019 10 31 10 38 49 615 6 80 34
2019 10 31 10 38 50 518 6 80 34
2019 10 31 10 38 50 521 6 80 33
2019 10 31 10 38 50 777 6 80 34
2019 10 31 10 38 50 880 6 80 32
2019 10 31 10 38 50 964 6 80 34
2019 10 31 10 38 50 990 6 80 34
2019 10 31 10 38 51 019 6 80 24
2019 10 31 10 38 51 061 6 80 32
2019 10 31 10 38 51 101 6 80 34
2019 10 31 10 38 51 109 6 80 34
2019 10 31 10 38 51 229 6 80 34
2019 10 31 10 38 51 444 6 80 34
2019 10 31 10 38 51 513 6 80 34
2019 10 31 10 38 51 542 6 80 33
2019 10 31 10 38 51 666 6 80 34
2019 10 31 10 38 51 718 6 80 32
2019 10 31 10 38 51 785 6 80 34
2019 10 31 10 38 51 897 6 80 34
2019 10 31 10 38 52 486 6 80 24
2019 10 31 10 38 52 914 6 80 34
2019 10 31 10 38 52 939 6 80 34
2019 10 31 10 38 52 994 6 80 34
2019 10 31 10 38 53 016 6 80 32
2019 10 31 10 38 53 038 6 80 34
2019 10 31 10 38 53 053 6 80 34
2019 10 31 10 38 53 054 6 80 32
2019 10 31 10 38 53 054 6 80 34
2019 10 31 10 38 53 172 6 80 33
2019 10 31 10 38 53 176 6 80 35
2019 10 31 10 38 53 184 6 80 34
2019 10 31 10 38 53 439 6 80 24
2019 10 31 10 38 53 463 6 80 34
2019 10 31 10 38 53 558 6 80 34
2019 10 31 10 38 53 625 6 80 34
2019 10 31 10 38 53 636 6 80 32
2019 10 31 10 38 53 799 6 80 34
2019 10 31 10 38 54 557 6 80 32
2019 10 31 10 38 54 585 6 80 34
2019 10 31 10 38 54 591 6 80 33
2019 10 31 10 38 54 603 6 80 34
2019 10 31 10 38 55 454 6 80 34
2019 10 31 10 38 55 528 6 80 35
2019 10 31 10 38 55 546 6 80 34
2019 10 31 10 38 55 645 6 80 34
2019 10 31 10 38 55 711 6 80 24
2019 10 31 10 38 55 889 6 80 34
2019 10 31 10 38 56 032 6 80 32
2019 10 31 10 38 56 219 6 80 34
2019 10 31 10 38 56 412 6 80 34
2019 10 31 10 38 56 421 6 80 32
2019 10 31 10 38 56 550 6 80 34
2019 10 31 10 38 56 589 6 80 33
2019 10 31 10 38 56 941 6 80 34
2019 10 31 10 38 56 970 6 80 34
2019 10 31 10 38 57 986 6 80 35
2019 10 31 10 38 58 123 6 80 32
2019 10 31 10 38 58 140 6 80 34
2019 10 31 10 38 58 186 6 80 24
2019 10 31 10 38 58 189 6 80 34
2019 10 31 10 38 58 203 6 80 34
2019 10 31 10 38 58 585 6 80 34
2019 10 31 10 38 58 753 6 80 34
2019 10 31 10 38 59 037 6 80 32
2019 10 31 10 38 59 116 6 80 34
2019 10 31 10 38 59 118 6 80 33
2019 10 31 10 38 59 142 6 80 34
2019 10 31 10 38 59 331 6 80 34
2019 10 31 10 38 59 517 6 80 35
2019 10 31 10 38 59 519 6 80 34
2019 10 31 10 38 59 523 6 80 32
2019 10 31 10 39 00 685 6 80 24
2019 10 31 10 39 00 711 6 80 34
2019 10 31 10 39 00 821 6 80 34
2019 10 31 10 39 00 854 6 80 34
2019 10 31 10 39 00 947 6 80 32
2019 10 31 10 39 00 967 6 80 34
2019 10 31 10 39 01 192 6 80 34
2019 10 31 10 39 01 196 6 80 33
2019 10 31 10 39 01 610 6 80 34
2019 10 31 10 39 01 706 6 80 34
2019 10 31 10 39 01 735 6 80 35
2019 10 31 10 39 01 863 6 80 24
2019 10 31 10 39 01 918 6 80 34
2019 10 31 10 39 01 920 6 80 32
2019 10 31 10 39 02 077 6 80 34
2019 10 31 10 39 02 096 6 80 34
2019 10 31 10 39 02 353 6 80 34
2019 10 31 10 39 02 357 6 80 34
2019 10 31 10 39 02 488 6 80 34
2019 10 31 10 39 03 205 6 80 34
2019 10 31 10 39 03 342 6 80 32
2019 10 31 10 39 03 443 6 80 35
2019 10 31 10 39 03 497 6 80 24
2019 10 31 10 39 04 095 6 80 34
2019 10 31 10 39 04 329 6 80 33
2019 10 31 10 39 04 737 6 80 32
2019 10 31 10 39 04 782 6 80 34
2019 10 31 10 39 04 847 6 80 34
2019 10 31 10 39 04 940 6 80 34
2019 10 31 10 39 04 955 6 80 34
2019 10 31 10 39 04 965 6 80 34
2019 10 31 10 39 05 061 6 80 34
2019 10 31 10 39 05 063 6 80 34
2019 10 31 10 39 05 093 6 80 35
2019 10 31 10 39 05 164 6 80 35
2019 10 31 10 39 05 166 6 80 35
2019 10 31 10 39 05 170 6 80 35
2019 10 31 10 39 05 183 6 80 32
2019 10 31 10 39 05 189 6 80 35
2019 10 31 10 39 05 508 6 80 24
2019 10 31 10 39 05 708 6 80 34
2019 10 31 10 39 05 820 6 80 34
2019 10 31 10 39 05 900 6 80 34
2019 10 31 10 39 05 944 6 80 34
2019 10 31 10 39 06 067 6 80 33
2019 10 31 10 39 06 153 6 80 34
2019 10 31 10 39 06 356 6 80 35
2019 10 31 10 39 06 371 6 80 32
2019 10 31 10 39 06 926 6 80 35
2019 10 31 10 39 07 022 6 80 35
2019 10 31 10 39 07 040 6 80 35
2019 10 31 10 39 07 929 6 80 34
2019 10 31 10 39 08 018 6 80 34
2019 10 31 10 39 08 089 6 80 34
2019 10 31 10 39 08 485 6 80 35
2019 10 31 10 39 08 602 6 80 32
2019 10 31 10 39 08 716 6 80 24
2019 10 31 10 39 09 162 6 80 34
2019 10 31 10 39 09 170 6 80 34
2019 10 31 10 39 09 238 6 80 34
2019 10 31 10 39 09 264 6 80 34
2019 10 31 10 39 09 384 6 80 33
2019 10 31 10 39 09 406 6 80 34
2019 10 31 10 39 10 418 6 80 35
2019 10 31 10 39 10 427 6 80 32
2019 10 31 10 39 10 583 6 80 35
2019 10 31 10 39 11 059 6 80 35
2019 10 31 10 39 11 125 6 80 35
2019 10 31 10 39 11 294 6 80 34
2019 10 31 10 39 11 295 6 80 34
2019 10 31 10 39 11 369 6 80 34
2019 10 31 10 39 11 418 6 80 32
2019 10 31 10 39 11 445 6 80 35
2019 10 31 10 39 11 475 6 80 24
2019 10 31 10 39 11 674 6 80 34
2019 10 31 10 39 11 682 6 80 34
2019 10 31 10 39 11 924 6 80 34
2019 10 31 10 39 11 997 6 80 33
2019 10 31 10 39 12 021 6 80 34
2019 10 31 10 39 12 066 6 80 34
2019 10 31 10 39 12 876 6 80 35
2019 10 31 10 39 12 898 6 80 32
2019 10 31 10 39 12 939 6 80 35
2019 10 31 10 39 13 004 6 80 35
2019 10 31 10 39 13 055 6 80 35
2019 10 31 10 39 13 105 6 80 34
2019 10 31 10 39 13 491 6 80 34
2019 10 31 10 39 13 970 6 80 35
2019 10 31 10 39 14 110 6 80 34
2019 10 31 10 39 14 143 6 80 32
2019 10 31 10 39 14 507 6 80 24
2019 10 31 10 39 14 509 6 80 34
2019 10 31 10 39 14 516 6 80 34
2019 10 31 10 39 14 599 6 80 34
2019 10 31 10 39 15 280 6 80 33
2019 10 31 10 39 15 418 6 80 34
2019 10 31 10 39 15 678 6 80 34
2019 10 31 10 39 15 685 6 80 35
2019 10 31 10 39 15 835 6 80 32
2019 10 31 10 39 15 858 6 80 35
2019 10 31 10 39 15 975 6 80 35
2019 10 31 10 39 16 220 6 80 35
2019 10 31 10 39 16 413 6 80 34
2019 10 31 10 39 16 462 6 80 34
2019 10 31 10 39 16 479 6 80 35
2019 10 31 10 39 16 535 6 80 34
2019 10 31 10 39 16 698 6 80 32
2019 10 31 10 39 16 704 6 80 24
2019 10 31 10 39 16 772 6 80 34
2019 10 31 10 39 17 201 6 80 34
2019 10 31 10 39 17 412 6 80 34
2019 10 31 10 39 17 426 6 80 33
2019 10 31 10 39 17 468 6 80 34
2019 10 31 10 39 17 958 6 80 34
2019 10 31 10 39 17 965 6 80 35
2019 10 31 10 39 17 967 6 80 35
2019 10 31 10 39 17 991 6 80 35
2019 10 31 10 39 17 997 6 80 34
2019 10 31 10 39 18 009 6 80 34
2019 10 31 10 39 18 023 6 80 32
2019 10 31 10 39 18 030 6 80 34
2019 10 31 10 39 18 032 6 80 35
2019 10 31 10 39 18 054 6 80 35
2019 10 31 10 39 18 236 6 80 32
2019 10 31 10 39 18 577 6 80 24
2019 10 31 10 39 18 643 6 80 34
2019 10 31 10 39 18 720 6 80 34
2019 10 31 10 39 18 821 6 80 34
2019 10 31 10 39 18 848 6 80 34
2019 10 31 10 39 18 856 6 80 33
2019 10 31 10 39 18 862 6 80 34
2019 10 31 10 39 18 978 6 80 35
2019 10 31 10 39 19 056 6 80 35
2019 10 31 10 39 19 107 6 80 35
2019 10 31 10 39 19 351 6 80 34
2019 10 31 10 39 20 257 6 80 35
2019 10 31 10 39 20 561 6 80 32
2019 10 31 10 39 20 624 6 80 35
2019 10 31 10 39 20 720 6 80 34
2019 10 31 10 39 20 746 6 80 32
2019 10 31 10 39 20 837 6 80 34
2019 10 31 10 39 20 923 6 80 24
2019 10 31 10 39 21 047 6 80 34
2019 10 31 10 39 21 060 6 80 34
2019 10 31 10 39 21 338 6 80 34
2019 10 31 10 39 21 498 6 80 33
2019 10 31 10 39 21 570 6 80 34
2019 10 31 10 39 21 666 6 80 34
2019 10 31 10 39 21 667 6 80 35
2019 10 31 10 39 21 742 6 80 35
2019 10 31 10 39 21 841 6 80 35
2019 10 31 10 39 22 005 6 80 34
2019 10 31 10 39 23 103 6 80 35
2019 10 31 10 39 23 133 6 80 32
2019 10 31 10 39 23 276 6 80 34
2019 10 31 10 39 23 297 6 80 35
2019 10 31 10 39 23 417 6 80 34
2019 10 31 10 39 23 419 6 80 24
2019 10 31 10 39 23 447 6 80 32
2019 10 31 10 39 23 447 6 80 34
2019 10 31 10 39 23 452 6 80 34
2019 10 31 10 39 23 499 6 80 34
