-4.5071216970321696e-05 0.02138578861617159 0.002639827479604591 0.33252210243662295
-5.66580254670269e-05 0.02138578861617159 0.002639827479604591 0.33252210243662295
-5.5209674404938754e-05 0.02138578861617159 0.002639827479604591 -0.044868373212338025
0.00028370447412368846 0.02138578861617159 0.002639827479604591 0.33252210243662295
6.693459849782861e-05 0.02138578861617159 0.002639827479604591 -0.422258848861299
-1.0793575167568803e-05 0.02138578861617159 0.002639827479604591 0.33252210243662295
3.8450360943428316e-05 0.02138578861617159 0.002639827479604591 0.33252210243662295
2.8311903508811262e-05 0.02138578861617159 0.002639827479604591 -3.441382654052987
3.6899354533127023e-06 0.02138578861617159 0.002639827479604591 0.33252210243662295
-5.66580254670269e-05 0.02138578861617159 0.002639827479604591 0.33252210243662295
-4.4105649595596266e-05 0.02138578861617159 0.002639827479604591 0.33252210243662295
-3.251884109889106e-05 0.02138578861617159 0.002639827479604591 0.33252210243662295
0.00021659754158027082 0.02138578861617159 0.002639827479604591 0.33252210243662295
-5.3278539655487886e-05 0.02138578861617159 0.002639827479604591 -0.044868373212338025
-4.3140082220870835e-05 0.02138578861617159 0.002639827479604591 -0.044868373212338025
-3.976059640933181e-05 0.02138578861617159 0.002639827479604591 0.33252210243662295
-2.238038366427401e-05 0.02138578861617159 0.002639827479604591 0.33252210243662295
-4.3140082220870835e-05 0.02138578861617159 0.002639827479604591 -0.422258848861299
1.1414474451116173e-05 0.02138578861617159 0.002639827479604591 0.33252210243662295
-5.4726890717576035e-05 0.02138578861617159 0.002639827479604591 -3.441382654052987
2.7243680785872684e-06 0.02138578861617159 0.002639827479604591 0.33252210243662295
-3.734667797251823e-05 0.02138578861617159 0.002639827479604591 0.33252210243662295
0.00010507450979948324 0.02138578861617159 0.002639827479604591 0.33252210243662295
-2.3828734726362158e-05 0.02138578861617159 0.002639827479604591 0.33252210243662295
0.00013983493528959884 0.02138578861617159 0.002639827479604591 0.33252210243662295
-5.6175241779664184e-05 0.02138578861617159 0.002639827479604591 -0.044868373212338025
-4.893348646922343e-05 0.02138578861617159 0.002639827479604591 0.33252210243662295
-2.479430210108759e-05 0.02138578861617159 0.002639827479604591 -0.422258848861299
-3.251884109889106e-05 0.02138578861617159 0.002639827479604591 0.33252210243662295
-4.7967919094498e-05 0.02138578861617159 0.002639827479604591 0.33252210243662295
-5.3278539655487886e-05 0.02138578861617159 0.002639827479604591 -0.422258848861299
0.00024411621175994568 0.02138578861617159 0.002639827479604591 0.33252210243662295
-5.4726890717576035e-05 0.02138578861617159 0.002639827479604591 0.33252210243662295
-5.183018859339974e-05 0.02138578861617159 0.002639827479604591 0.33252210243662295
-5.08646212186743e-05 0.02138578861617159 0.002639827479604591 0.33252210243662295
-4.6036784345047134e-05 0.02138578861617159 0.002639827479604591 0.33252210243662295
-2.8656571599989327e-05 0.02138578861617159 0.002639827479604591 -3.441382654052987
-4.845070278186072e-05 0.02138578861617159 0.002639827479604591 -0.044868373212338025
6.934851693464219e-05 0.02138578861617159 0.002639827479604591 0.33252210243662295
-3.058770634944019e-05 0.02138578861617159 0.002639827479604591 -0.422258848861299
7.755583961980838e-05 0.02138578861617159 0.002639827479604591 0.33252210243662295
-4.120894747141997e-05 0.02138578861617159 0.002639827479604591 0.33252210243662295
6.790016587255404e-05 0.02138578861617159 0.002639827479604591 -0.422258848861299
0.00046378278950998184 0.02138578861617159 0.002639827479604591 0.33252210243662295
-4.21745148461454e-05 0.02138578861617159 0.002639827479604591 0.33252210243662295
-5.5209674404938754e-05 0.02138578861617159 0.002639827479604591 0.33252210243662295
-5.134740490603702e-05 0.02138578861617159 0.002639827479604591 0.33252210243662295
4.472654887914363e-05 0.02138578861617159 0.002639827479604591 -3.441382654052987
3.555365881925201e-05 0.02138578861617159 0.002639827479604591 -0.044868373212338025
0.00034067294923248903 0.02138578861617159 0.002639827479604591 0.33252210243662295
1.479396026265519e-05 0.02138578861617159 0.002639827479604591 -0.422258848861299
-1.3690277291745103e-05 0.02138578861617159 0.002639827479604591 0.33252210243662295
-9.82800779284337e-06 0.02138578861617159 0.002639827479604591 0.33252210243662295
0.00030542974005501073 0.02138578861617159 0.002639827479604591 -0.422258848861299
-5.231297228076245e-05 0.02138578861617159 0.002639827479604591 0.33252210243662295
-4.989905384394887e-05 0.02138578861617159 0.002639827479604591 0.33252210243662295
-4.748513540713528e-05 0.02138578861617159 0.002639827479604591 0.33252210243662295
0.0002330121869506032 0.02138578861617159 0.002639827479604591 0.33252210243662295
-5.3761323342850605e-05 0.02138578861617159 0.002639827479604591 0.33252210243662295
3.0725821945624845e-05 0.02138578861617159 0.002639827479604591 -3.441382654052987
0.00014224885372641244 0.02138578861617159 0.002639827479604591 -0.044868373212338025
-5.279575596812517e-05 0.02138578861617159 0.002639827479604591 0.33252210243662295
0.0004188839065852492 0.02138578861617159 0.002639827479604591 -0.422258848861299
2.058736451100779e-05 0.02138578861617159 0.002639827479604591 0.33252210243662295
-5.5209674404938754e-05 0.02138578861617159 0.002639827479604591 0.33252210243662295
-4.893348646922343e-05 0.02138578861617159 0.002639827479604591 -0.422258848861299
-4.4588433282958985e-05 0.02138578861617159 0.002639827479604591 -0.422258848861299
-5.4726890717576035e-05 0.02138578861617159 0.002639827479604591 0.33252210243662295
-4.21745148461454e-05 0.02138578861617159 0.002639827479604591 0.33252210243662295
-3.976059640933181e-05 0.02138578861617159 0.002639827479604591 0.33252210243662295
3.6899354533127023e-06 0.02138578861617159 0.002639827479604591 -3.441382654052987
-3.058770634944019e-05 0.02138578861617159 0.002639827479604591 -0.422258848861299
-4.4105649595596266e-05 0.02138578861617159 0.002639827479604591 -0.044868373212338025
-4.845070278186072e-05 0.02138578861617159 0.002639827479604591 0.33252210243662295
-4.989905384394887e-05 0.02138578861617159 0.002639827479604591 -0.422258848861299
8.576316230497457e-05 0.02138578861617159 0.002639827479604591 0.33252210243662295
-3.0104922662077476e-05 0.02138578861617159 0.002639827479604591 0.33252210243662295
-1.3690277291745103e-05 0.02138578861617159 0.002639827479604591 0.33252210243662295
5.148552050222167e-05 0.02138578861617159 0.002639827479604591 0.33252210243662295
0.0003686744030995266 0.02138578861617159 0.002639827479604591 0.33252210243662295
-5.038183753131159e-05 0.02138578861617159 0.002639827479604591 0.33252210243662295
1.7207878699468774e-05 0.02138578861617159 0.002639827479604591 0.33252210243662295
-1.2724709917019671e-05 0.02138578861617159 0.002639827479604591 -3.441382654052987
-4.7002351719772564e-05 0.02138578861617159 0.002639827479604591 -0.422258848861299
-3.0690361697653336e-06 0.02138578861617159 0.002639827479604591 -0.044868373212338025
1.3345609200567039e-05 0.02138578861617159 0.002639827479604591 0.33252210243662295
-5.000170919216201e-06 0.02138578861617159 0.002639827479604591 0.33252210243662295
-4.120894747141997e-05 0.02138578861617159 0.002639827479604591 -0.422258848861299
-5.424410703021332e-05 0.02138578861617159 0.002639827479604591 0.33252210243662295
1.3828392887929756e-05 0.02138578861617159 0.002639827479604591 0.33252210243662295
-8.379656730755219e-06 0.02138578861617159 0.002639827479604591 0.33252210243662295
-4.517387231853484e-06 0.02138578861617159 0.002639827479604591 0.33252210243662295
-3.6863894285155513e-05 0.02138578861617159 0.002639827479604591 0.33252210243662295
-2.1034687950398997e-06 0.02138578861617159 0.002639827479604591 0.33252210243662295
2.976025457089941e-05 0.02138578861617159 0.002639827479604591 -3.441382654052987
6.40378963736523e-05 0.02138578861617159 0.002639827479604591 -0.044868373212338025
-5.5209674404938754e-05 0.02138578861617159 0.002639827479604591 -0.422258848861299
-4.265729853350812e-05 0.02138578861617159 0.002639827479604591 0.33252210243662295
0.00021128692101928093 0.02138578861617159 0.002639827479604591 0.33252210243662295
-1.417306097910782e-05 0.02138578861617159 0.002639827479604591 0.33252210243662295
-5.424410703021332e-05 0.02138578861617159 0.002639827479604591 -0.422258848861299
3.555365881925201e-05 0.02138578861617159 0.002639827479604591 0.33252210243662295
-4.845070278186072e-05 0.02138578861617159 0.002639827479604591 0.33252210243662295
-5.424410703021332e-05 0.02138578861617159 0.002639827479604591 -3.441382654052987
-4.941627015658615e-05 0.02138578861617159 0.002639827479604591 0.33252210243662295
-5.424410703021332e-05 0.02138578861617159 0.002639827479604591 -3.441382654052987
-5.6175241779664184e-05 0.02138578861617159 0.002639827479604591 0.33252210243662295
9.831553817640521e-05 0.02138578861617159 0.002639827479604591 -0.044868373212338025
0.00015238731116102948 0.02138578861617159 0.002639827479604591 -0.422258848861299
-2.2863167351636724e-05 0.02138578861617159 0.002639827479604591 0.33252210243662295
5.7278924750574276e-05 0.02138578861617159 0.002639827479604591 0.33252210243662295
3.169138932035028e-05 0.02138578861617159 0.002639827479604591 0.33252210243662295
-5.4726890717576035e-05 0.02138578861617159 0.002639827479604591 -0.422258848861299
-4.7002351719772564e-05 0.02138578861617159 0.002639827479604591 0.33252210243662295
-3.976059640933181e-05 0.02138578861617159 0.002639827479604591 0.33252210243662295
0.0003681916194121639 0.02138578861617159 0.002639827479604591 0.33252210243662295
-1.2241926229656954e-05 0.02138578861617159 0.002639827479604591 0.33252210243662295
9.300491761541531e-05 0.02138578861617159 0.002639827479604591 0.33252210243662295
-5.5209674404938754e-05 0.02138578861617159 0.002639827479604591 -3.441382654052987
1.3828392887929756e-05 0.02138578861617159 0.002639827479604591 -0.422258848861299
-5.6175241779664184e-05 0.02138578861617159 0.002639827479604591 -0.044868373212338025
1.5759527637380625e-05 0.02138578861617159 0.002639827479604591 0.33252210243662295
-5.4726890717576035e-05 0.02138578861617159 0.002639827479604591 0.33252210243662295
7.932333291364012e-07 0.02138578861617159 0.002639827479604591 0.33252210243662295
-1.7069763103284124e-05 0.02138578861617159 0.002639827479604591 -0.422258848861299
-5.424410703021332e-05 0.02138578861617159 0.002639827479604591 0.33252210243662295
3.651922619397745e-05 0.02138578861617159 0.002639827479604591 0.33252210243662295
-5.424410703021332e-05 0.02138578861617159 0.002639827479604591 0.33252210243662295
-5.279575596812517e-05 0.02138578861617159 0.002639827479604591 0.33252210243662295
-5.038183753131159e-05 0.02138578861617159 0.002639827479604591 0.33252210243662295
-1.562141204119597e-05 0.02138578861617159 0.002639827479604591 -3.441382654052987
0.00025135796707038646 0.02138578861617159 0.002639827479604591 -0.422258848861299
-5.3761323342850605e-05 0.02138578861617159 0.002639827479604591 -0.044868373212338025
5.9210059500025137e-05 0.02138578861617159 0.002639827479604591 0.33252210243662295
-1.3207493604382388e-05 0.02138578861617159 0.002639827479604591 -0.422258848861299
-5.3761323342850605e-05 0.02138578861617159 0.002639827479604591 0.33252210243662295
-4.3140082220870835e-05 0.02138578861617159 0.002639827479604591 0.33252210243662295
-3.7829461659880944e-05 0.02138578861617159 0.002639827479604591 0.33252210243662295
-2.962213897471476e-05 0.02138578861617159 0.002639827479604591 0.33252210243662295
6.838294955991676e-05 0.02138578861617159 0.002639827479604591 0.33252210243662295
-2.8656571599989327e-05 0.02138578861617159 0.002639827479604591 0.33252210243662295
-3.3484408473616497e-05 0.02138578861617159 0.002639827479604591 0.33252210243662295
-6.448521981304352e-06 0.02138578861617159 0.002639827479604591 -3.441382654052987
0.0007563497040517884 0.02138578861617159 0.002639827479604591 -0.422258848861299
-5.569245809230147e-05 0.02138578861617159 0.002639827479604591 -0.044868373212338025
-5.569245809230147e-05 0.02138578861617159 0.002639827479604591 -0.044868373212338025
-5.279575596812517e-05 0.02138578861617159 0.002639827479604591 0.33252210243662295
-5.4726890717576035e-05 0.02138578861617159 0.002639827479604591 0.33252210243662295
-5.66580254670269e-05 0.02138578861617159 0.002639827479604591 0.33252210243662295
-5.6175241779664184e-05 0.02138578861617159 0.002639827479604591 0.33252210243662295
-5.183018859339974e-05 0.02138578861617159 0.002639827479604591 0.33252210243662295
-2.1414816289548575e-05 0.02138578861617159 0.002639827479604591 0.33252210243662295
-3.107049003680291e-05 0.02138578861617159 0.002639827479604591 0.33252210243662295
-2.1414816289548575e-05 0.02138578861617159 0.002639827479604591 0.33252210243662295
8.141810911871012e-05 0.02138578861617159 0.002639827479604591 -3.441382654052987
7.465913749563209e-05 0.02138578861617159 0.002639827479604591 -0.422258848861299
7.51419211829948e-05 0.02138578861617159 0.002639827479604591 0.33252210243662295
1.5759527637380625e-05 0.02138578861617159 0.002639827479604591 -0.044868373212338025
-2.3345951038999442e-05 0.02138578861617159 0.002639827479604591 -0.422258848861299
-4.169173115878268e-05 0.02138578861617159 0.002639827479604591 0.33252210243662295
-5.6175241779664184e-05 0.02138578861617159 0.002639827479604591 0.33252210243662295
-9.345224105480653e-06 0.02138578861617159 0.002639827479604591 0.33252210243662295
-5.4726890717576035e-05 0.02138578861617159 0.002639827479604591 0.33252210243662295
-1.1759142542294237e-05 0.02138578861617159 0.002639827479604591 0.33252210243662295
0.0002986707684319327 0.02138578861617159 0.002639827479604591 0.33252210243662295
-2.238038366427401e-05 0.02138578861617159 0.002639827479604591 -0.422258848861299
-5.5209674404938754e-05 0.02138578861617159 0.002639827479604591 0.33252210243662295
-4.4588433282958985e-05 0.02138578861617159 0.002639827479604591 -3.441382654052987
-3.155327372416563e-05 0.02138578861617159 0.002639827479604591 0.33252210243662295
-2.1414816289548575e-05 0.02138578861617159 0.002639827479604591 -0.422258848861299
-5.08646212186743e-05 0.02138578861617159 0.002639827479604591 -0.044868373212338025
-4.024338009669453e-05 0.02138578861617159 0.002639827479604591 0.33252210243662295
-3.3484408473616497e-05 0.02138578861617159 0.002639827479604591 0.33252210243662295
-4.169173115878268e-05 0.02138578861617159 0.002639827479604591 0.33252210243662295
-4.941627015658615e-05 0.02138578861617159 0.002639827479604591 0.33252210243662295
-4.845070278186072e-05 0.02138578861617159 0.002639827479604591 0.33252210243662295
7.06942126485172e-06 0.02138578861617159 0.002639827479604591 -0.422258848861299
-4.893348646922343e-05 0.02138578861617159 0.002639827479604591 0.33252210243662295
-1.127635885493152e-05 0.02138578861617159 0.002639827479604591 -3.441382654052987
0.00011376461617201214 0.02138578861617159 0.002639827479604591 0.33252210243662295
6.103853890126286e-06 0.02138578861617159 0.002639827479604591 -0.422258848861299
-8.862440418117936e-06 0.02138578861617159 0.002639827479604591 -0.044868373212338025
5.583057368848612e-05 0.02138578861617159 0.002639827479604591 0.33252210243662295
-5.5209674404938754e-05 0.02138578861617159 0.002639827479604591 0.33252210243662295
0.00038074399528359454 0.02138578861617159 0.002639827479604591 0.33252210243662295
-5.6175241779664184e-05 0.02138578861617159 0.002639827479604591 0.33252210243662295
-4.4105649595596266e-05 0.02138578861617159 0.002639827479604591 0.33252210243662295
-5.08646212186743e-05 0.02138578861617159 0.002639827479604591 0.33252210243662295
-4.3140082220870835e-05 0.02138578861617159 0.002639827479604591 0.33252210243662295
-3.5415543223067364e-05 0.02138578861617159 0.002639827479604591 0.33252210243662295
-5.569245809230147e-05 0.02138578861617159 0.002639827479604591 0.33252210243662295
-3.6863894285155513e-05 0.02138578861617159 0.002639827479604591 -3.441382654052987
5.7278924750574276e-05 0.02138578861617159 0.002639827479604591 -0.422258848861299
1.2380041825841605e-05 0.02138578861617159 0.002639827479604591 -0.044868373212338025
5.1968304189584384e-05 0.02138578861617159 0.002639827479604591 0.33252210243662295
1.6725095012106056e-05 0.02138578861617159 0.002639827479604591 0.33252210243662295
4.424376519178092e-05 0.02138578861617159 0.002639827479604591 0.33252210243662295
0.0003121887116780888 0.02138578861617159 0.002639827479604591 0.33252210243662295
-5.231297228076245e-05 0.02138578861617159 0.002639827479604591 0.33252210243662295
-2.238038366427401e-05 0.02138578861617159 0.002639827479604591 0.33252210243662295
8.528037861761185e-05 0.02138578861617159 0.002639827479604591 -0.422258848861299
-1.4655844666470537e-05 0.02138578861617159 0.002639827479604591 0.33252210243662295
5.003716944013352e-05 0.02138578861617159 0.002639827479604591 0.33252210243662295
-3.5898326910430076e-05 0.02138578861617159 0.002639827479604591 -3.441382654052987
4.858881837804537e-05 0.02138578861617159 0.002639827479604591 -0.422258848861299
-4.169173115878268e-05 0.02138578861617159 0.002639827479604591 -0.044868373212338025
4.231263044233005e-05 0.02138578861617159 0.002639827479604591 0.33252210243662295
-2.3345951038999442e-05 0.02138578861617159 0.002639827479604591 0.33252210243662295
3.79675772560656e-05 0.02138578861617159 0.002639827479604591 0.33252210243662295
0.00031315427905281417 0.02138578861617159 0.002639827479604591 0.33252210243662295
-4.845070278186072e-05 0.02138578861617159 0.002639827479604591 0.33252210243662295
4.2795414129692764e-05 0.02138578861617159 0.002639827479604591 0.33252210243662295
-1.1759142542294237e-05 0.02138578861617159 0.002639827479604591 -0.422258848861299
-2.0932032602185856e-05 0.02138578861617159 0.002639827479604591 0.33252210243662295
-5.4726890717576035e-05 0.02138578861617159 0.002639827479604591 -3.441382654052987
-5.6175241779664184e-05 0.02138578861617159 0.002639827479604591 0.33252210243662295
1.5276743950017906e-05 0.02138578861617159 0.002639827479604591 0.33252210243662295
-5.66580254670269e-05 0.02138578861617159 0.002639827479604591 -0.044868373212338025
-4.893348646922343e-05 0.02138578861617159 0.002639827479604591 -0.044868373212338025
-3.444997584834193e-05 0.02138578861617159 0.002639827479604591 0.33252210243662295
0.00011086791404783584 0.02138578861617159 0.002639827479604591 0.33252210243662295
-4.4588433282958985e-05 0.02138578861617159 0.002639827479604591 0.33252210243662295
-1.8518114165372273e-05 0.02138578861617159 0.002639827479604591 0.33252210243662295
-3.107049003680291e-05 0.02138578861617159 0.002639827479604591 0.33252210243662295
2.976025457089941e-05 0.02138578861617159 0.002639827479604591 -0.422258848861299
-5.424410703021332e-05 0.02138578861617159 0.002639827479604591 0.33252210243662295
-4.265729853350812e-05 0.02138578861617159 0.002639827479604591 -0.422258848861299
-5.5209674404938754e-05 0.02138578861617159 0.002639827479604591 -3.441382654052987
3.1044964177368434e-07 0.02138578861617159 0.002639827479604591 -0.044868373212338025
-4.169173115878268e-05 0.02138578861617159 0.002639827479604591 0.33252210243662295
-2.672543685053846e-05 0.02138578861617159 0.002639827479604591 -0.422258848861299
-4.5554000657684415e-05 0.02138578861617159 0.002639827479604591 0.33252210243662295
0.00037977842790886914 0.02138578861617159 0.002639827479604591 0.33252210243662295
-2.238038366427401e-05 0.02138578861617159 0.002639827479604591 0.33252210243662295
-5.08646212186743e-05 0.02138578861617159 0.002639827479604591 0.33252210243662295
-5.231297228076245e-05 0.02138578861617159 0.002639827479604591 0.33252210243662295
-4.845070278186072e-05 0.02138578861617159 0.002639827479604591 0.33252210243662295
1.479396026265519e-05 0.02138578861617159 0.002639827479604591 -0.422258848861299
-5.3761323342850605e-05 0.02138578861617159 0.002639827479604591 -3.441382654052987
4.0381495692879184e-05 0.02138578861617159 0.002639827479604591 -0.044868373212338025
-5.424410703021332e-05 0.02138578861617159 0.002639827479604591 0.33252210243662295
-2.1414816289548575e-05 0.02138578861617159 0.002639827479604591 -0.422258848861299
9.966123389028022e-06 0.02138578861617159 0.002639827479604591 0.33252210243662295
-3.3484408473616497e-05 0.02138578861617159 0.002639827479604591 0.33252210243662295
-2.5759869475813025e-05 0.02138578861617159 0.002639827479604591 0.33252210243662295
0.00014080050266432426 0.02138578861617159 0.002639827479604591 0.33252210243662295
-4.024338009669453e-05 0.02138578861617159 0.002639827479604591 0.33252210243662295
0.0003566048109154587 0.02138578861617159 0.002639827479604591 0.33252210243662295
-5.231297228076245e-05 0.02138578861617159 0.002639827479604591 0.33252210243662295
-2.5759869475813025e-05 0.02138578861617159 0.002639827479604591 -0.422258848861299
-5.3278539655487886e-05 0.02138578861617159 0.002639827479604591 -3.441382654052987
-4.265729853350812e-05 0.02138578861617159 0.002639827479604591 0.33252210243662295
-5.038183753131159e-05 0.02138578861617159 0.002639827479604591 -0.422258848861299
-4.4588433282958985e-05 0.02138578861617159 0.002639827479604591 0.33252210243662295
-3.879502903460638e-05 0.02138578861617159 0.002639827479604591 0.33252210243662295
-5.08646212186743e-05 0.02138578861617159 0.002639827479604591 0.33252210243662295
6.103853890126286e-06 0.02138578861617159 0.002639827479604591 0.33252210243662295
0.00011279904879728672 0.02138578861617159 0.002639827479604591 0.33252210243662295
-3.251884109889106e-05 0.02138578861617159 0.002639827479604591 0.33252210243662295
-3.203605741152835e-05 0.02138578861617159 0.002639827479604591 0.33252210243662295
-4.651956803240985e-05 0.02138578861617159 0.002639827479604591 -0.422258848861299
-5.5209674404938754e-05 0.02138578861617159 0.002639827479604591 0.33252210243662295
-5.424410703021332e-05 0.02138578861617159 0.002639827479604591 -3.441382654052987
2.107014819837051e-05 0.02138578861617159 0.002639827479604591 -0.044868373212338025
3.1208605632987564e-05 0.02138578861617159 0.002639827479604591 0.33252210243662295
-3.444997584834193e-05 0.02138578861617159 0.002639827479604591 -0.422258848861299
1.758800703861835e-06 0.02138578861617159 0.002639827479604591 0.33252210243662295
0.00023156383588851504 0.02138578861617159 0.002639827479604591 0.33252210243662295
8.034988639577154e-06 0.02138578861617159 0.002639827479604591 0.33252210243662295
-4.4588433282958985e-05 0.02138578861617159 0.002639827479604591 0.33252210243662295
-2.9139355287352042e-05 0.02138578861617159 0.002639827479604591 0.33252210243662295
-4.5071216970321696e-05 0.02138578861617159 0.002639827479604591 0.33252210243662295
-5.4726890717576035e-05 0.02138578861617159 0.002639827479604591 0.33252210243662295
-5.4726890717576035e-05 0.02138578861617159 0.002639827479604591 0.33252210243662295
-5.038183753131159e-05 0.02138578861617159 0.002639827479604591 -3.441382654052987
-5.424410703021332e-05 0.02138578861617159 0.002639827479604591 -0.044868373212338025
0.0001181096693582766 0.02138578861617159 0.002639827479604591 -0.422258848861299
-5.424410703021332e-05 0.02138578861617159 0.002639827479604591 0.33252210243662295
-4.893348646922343e-05 0.02138578861617159 0.002639827479604591 0.33252210243662295
-4.845070278186072e-05 0.02138578861617159 0.002639827479604591 0.33252210243662295
-1.127635885493152e-05 0.02138578861617159 0.002639827479604591 0.33252210243662295
6.838294955991676e-05 0.02138578861617159 0.002639827479604591 0.33252210243662295
-5.424410703021332e-05 0.02138578861617159 0.002639827479604591 0.33252210243662295
-5.231297228076245e-05 0.02138578861617159 0.002639827479604591 -0.422258848861299
-4.989905384394887e-05 0.02138578861617159 0.002639827479604591 0.33252210243662295
-2.189759997691129e-05 0.02138578861617159 0.002639827479604591 0.33252210243662295
-5.569245809230147e-05 0.02138578861617159 0.002639827479604591 -3.441382654052987
-5.3278539655487886e-05 0.02138578861617159 0.002639827479604591 -0.044868373212338025
7.176243537145577e-05 0.02138578861617159 0.002639827479604591 -0.422258848861299
-1.9966465227460422e-05 0.02138578861617159 0.002639827479604591 0.33252210243662295
-2.672543685053846e-05 0.02138578861617159 0.002639827479604591 0.33252210243662295
-5.183018859339974e-05 0.02138578861617159 0.002639827479604591 0.33252210243662295
0.0003063953074297362 0.02138578861617159 0.002639827479604591 0.33252210243662295
-3.6381110597792795e-05 0.02138578861617159 0.002639827479604591 0.33252210243662295
0.0001065228608615714 0.02138578861617159 0.002639827479604591 0.33252210243662295
0.00015769793172201935 0.02138578861617159 0.002639827479604591 -0.422258848861299
-1.0793575167568803e-05 0.02138578861617159 0.002639827479604591 0.33252210243662295
1.479396026265519e-05 0.02138578861617159 0.002639827479604591 0.33252210243662295
-3.6863894285155513e-05 0.02138578861617159 0.002639827479604591 -3.441382654052987
-4.7967919094498e-05 0.02138578861617159 0.002639827479604591 -0.044868373212338025
-4.845070278186072e-05 0.02138578861617159 0.002639827479604591 -0.422258848861299
1.3828392887929756e-05 0.02138578861617159 0.002639827479604591 0.33252210243662295
3.2071517659499854e-06 0.02138578861617159 0.002639827479604591 0.33252210243662295
6.103853890126286e-06 0.02138578861617159 0.002639827479604591 0.33252210243662295
-2.044924891482314e-05 0.02138578861617159 0.002639827479604591 0.33252210243662295
-5.66580254670269e-05 0.02138578861617159 0.002639827479604591 0.33252210243662295
0.0002677726124407188 0.02138578861617159 0.002639827479604591 0.33252210243662295
-3.5415543223067364e-05 0.02138578861617159 0.002639827479604591 0.33252210243662295
9.397048499014075e-05 0.02138578861617159 0.002639827479604591 -3.441382654052987
-5.231297228076245e-05 0.02138578861617159 0.002639827479604591 0.33252210243662295
-3.4932759535704646e-05 0.02138578861617159 0.002639827479604591 -0.044868373212338025
-5.038183753131159e-05 0.02138578861617159 0.002639827479604591 -0.422258848861299
-6.448521981304352e-06 0.02138578861617159 0.002639827479604591 -0.422258848861299
0.00013114482891706994 0.02138578861617159 0.002639827479604591 0.33252210243662295
-5.965738293941635e-06 0.02138578861617159 0.002639827479604591 0.33252210243662295
-3.976059640933181e-05 0.02138578861617159 0.002639827479604591 0.33252210243662295
7.852140699453381e-05 0.02138578861617159 0.002639827479604591 0.33252210243662295
1.189725813847889e-05 0.02138578861617159 0.002639827479604591 0.33252210243662295
-2.479430210108759e-05 0.02138578861617159 0.002639827479604591 0.33252210243662295
-3.976059640933181e-05 0.02138578861617159 0.002639827479604591 -3.441382654052987
-5.3278539655487886e-05 0.02138578861617159 0.002639827479604591 0.33252210243662295
0.000301567470556109 0.02138578861617159 0.002639827479604591 -0.422258848861299
-5.08646212186743e-05 0.02138578861617159 0.002639827479604591 -0.422258848861299
-5.3278539655487886e-05 0.02138578861617159 0.002639827479604591 -0.044868373212338025
-5.569245809230147e-05 0.02138578861617159 0.002639827479604591 0.33252210243662295
-5.038183753131159e-05 0.02138578861617159 0.002639827479604591 0.33252210243662295
-3.6381110597792795e-05 0.02138578861617159 0.002639827479604591 -0.044868373212338025
-5.569245809230147e-05 0.02138578861617159 0.002639827479604591 0.33252210243662295
-5.6175241779664184e-05 0.02138578861617159 0.002639827479604591 0.33252210243662295
-5.6175241779664184e-05 0.02138578861617159 0.002639827479604591 0.33252210243662295
-5.6175241779664184e-05 0.02138578861617159 0.002639827479604591 0.33252210243662295
-5.6175241779664184e-05 0.02138578861617159 0.002639827479604591 -3.441382654052987
-5.66580254670269e-05 0.02138578861617159 0.002639827479604591 -0.422258848861299
8.769429705442543e-05 0.02138578861617159 0.002639827479604591 -0.044868373212338025
-5.08646212186743e-05 0.02138578861617159 0.002639827479604591 -0.044868373212338025
-1.7233404558903253e-07 0.02138578861617159 0.002639827479604591 0.33252210243662295
-5.4726890717576035e-05 0.02138578861617159 0.002639827479604591 0.33252210243662295
-4.362286590823355e-05 0.02138578861617159 0.002639827479604591 0.33252210243662295
0.00011183348142256128 0.02138578861617159 0.002639827479604591 0.33252210243662295
-2.3828734726362158e-05 0.02138578861617159 0.002639827479604591 0.33252210243662295
-1.755254679064684e-05 0.02138578861617159 0.002639827479604591 0.33252210243662295
6.210676162420144e-05 0.02138578861617159 0.002639827479604591 0.33252210243662295
-2.4311518413724876e-05 0.02138578861617159 0.002639827479604591 -0.422258848861299
-3.831224534724366e-05 0.02138578861617159 0.002639827479604591 -3.441382654052987
0.00025715137131873905 0.02138578861617159 0.002639827479604591 0.33252210243662295
-4.6036784345047134e-05 0.02138578861617159 0.002639827479604591 -0.422258848861299
-5.038183753131159e-05 0.02138578861617159 0.002639827479604591 -0.044868373212338025
-2.817378791262661e-05 0.02138578861617159 0.002639827479604591 0.33252210243662295
-5.569245809230147e-05 0.02138578861617159 0.002639827479604591 0.33252210243662295
-5.279575596812517e-05 0.02138578861617159 0.002639827479604591 0.33252210243662295
-4.4588433282958985e-05 0.02138578861617159 0.002639827479604591 0.33252210243662295
5.1968304189584384e-05 0.02138578861617159 0.002639827479604591 0.33252210243662295
-2.8656571599989327e-05 0.02138578861617159 0.002639827479604591 0.33252210243662295
9.107378286596445e-05 0.02138578861617159 0.002639827479604591 0.33252210243662295
-5.4726890717576035e-05 0.02138578861617159 0.002639827479604591 -0.422258848861299
3.748479356870288e-05 0.02138578861617159 0.002639827479604591 -3.441382654052987
2.396685032254681e-05 0.02138578861617159 0.002639827479604591 0.33252210243662295
-3.6381110597792795e-05 0.02138578861617159 0.002639827479604591 -0.422258848861299
-3.6863894285155513e-05 0.02138578861617159 0.002639827479604591 -0.044868373212338025
9.493605236486619e-05 0.02138578861617159 0.002639827479604591 0.33252210243662295
-5.3278539655487886e-05 0.02138578861617159 0.002639827479604591 0.33252210243662295
0.00026101364081764075 0.02138578861617159 0.002639827479604591 0.33252210243662295
-4.6036784345047134e-05 0.02138578861617159 0.002639827479604591 0.33252210243662295
-4.748513540713528e-05 0.02138578861617159 0.002639827479604591 0.33252210243662295
-2.0932032602185856e-05 0.02138578861617159 0.002639827479604591 0.33252210243662295
-6.931305668667069e-06 0.02138578861617159 0.002639827479604591 0.33252210243662295
4.424376519178092e-05 0.02138578861617159 0.002639827479604591 -0.422258848861299
-1.0793575167568803e-05 0.02138578861617159 0.002639827479604591 -3.441382654052987
-2.044924891482314e-05 0.02138578861617159 0.002639827479604591 0.33252210243662295
-5.6175241779664184e-05 0.02138578861617159 0.002639827479604591 -0.422258848861299
-3.5898326910430076e-05 0.02138578861617159 0.002639827479604591 -0.044868373212338025
-3.6381110597792795e-05 0.02138578861617159 0.002639827479604591 0.33252210243662295
-2.3345951038999442e-05 0.02138578861617159 0.002639827479604591 0.33252210243662295
-3.734667797251823e-05 0.02138578861617159 0.002639827479604591 0.33252210243662295
-2.4311518413724876e-05 0.02138578861617159 0.002639827479604591 0.33252210243662295
-4.4105649595596266e-05 0.02138578861617159 0.002639827479604591 0.33252210243662295
0.0006602757502666076 0.02138578861617159 0.002639827479604591 0.33252210243662295
-4.941627015658615e-05 0.02138578861617159 0.002639827479604591 0.33252210243662295
-5.4726890717576035e-05 0.02138578861617159 0.002639827479604591 -0.422258848861299
-4.7002351719772564e-05 0.02138578861617159 0.002639827479604591 -3.441382654052987
-3.831224534724366e-05 0.02138578861617159 0.002639827479604591 0.33252210243662295
-4.941627015658615e-05 0.02138578861617159 0.002639827479604591 0.33252210243662295
-5.134740490603702e-05 0.02138578861617159 0.002639827479604591 -0.044868373212338025
-2.817378791262661e-05 0.02138578861617159 0.002639827479604591 0.33252210243662295
-2.6242653163175744e-05 0.02138578861617159 0.002639827479604591 0.33252210243662295
-4.989905384394887e-05 0.02138578861617159 0.002639827479604591 0.33252210243662295
-2.6242653163175744e-05 0.02138578861617159 0.002639827479604591 0.33252210243662295
-3.879502903460638e-05 0.02138578861617159 0.002639827479604591 0.33252210243662295
-4.265729853350812e-05 0.02138578861617159 0.002639827479604591 0.33252210243662295
-5.5209674404938754e-05 0.02138578861617159 0.002639827479604591 0.33252210243662295
0.00017507814446707717 0.02138578861617159 0.002639827479604591 -0.422258848861299
-1.8035330478009554e-05 0.02138578861617159 0.002639827479604591 -3.441382654052987
-2.2863167351636724e-05 0.02138578861617159 0.002639827479604591 -0.422258848861299
6.40378963736523e-05 0.02138578861617159 0.002639827479604591 0.33252210243662295
-2.044924891482314e-05 0.02138578861617159 0.002639827479604591 -0.044868373212338025
0.00033729346342095 0.02138578861617159 0.002639827479604591 0.33252210243662295
-4.265729853350812e-05 0.02138578861617159 0.002639827479604591 0.33252210243662295
-3.734667797251823e-05 0.02138578861617159 0.002639827479604591 0.33252210243662295
-5.569245809230147e-05 0.02138578861617159 0.002639827479604591 0.33252210243662295
-2.1414816289548575e-05 0.02138578861617159 0.002639827479604591 0.33252210243662295
4.182984675496733e-05 0.02138578861617159 0.002639827479604591 0.33252210243662295
-5.424410703021332e-05 0.02138578861617159 0.002639827479604591 -3.441382654052987
-5.134740490603702e-05 0.02138578861617159 0.002639827479604591 0.33252210243662295
-5.569245809230147e-05 0.02138578861617159 0.002639827479604591 -0.422258848861299
7.06942126485172e-06 0.02138578861617159 0.002639827479604591 -0.422258848861299
-1.127635885493152e-05 0.02138578861617159 0.002639827479604591 0.33252210243662295
-5.424410703021332e-05 0.02138578861617159 0.002639827479604591 -0.044868373212338025
-3.300162478625378e-05 0.02138578861617159 0.002639827479604591 0.33252210243662295
8.09353254313474e-05 0.02138578861617159 0.002639827479604591 0.33252210243662295
-4.120894747141997e-05 0.02138578861617159 0.002639827479604591 0.33252210243662295
8.865986442915087e-05 0.02138578861617159 0.002639827479604591 0.33252210243662295
7.127965168409306e-05 0.02138578861617159 0.002639827479604591 0.33252210243662295
-5.4726890717576035e-05 0.02138578861617159 0.002639827479604591 -3.441382654052987
0.0002841872578110512 0.02138578861617159 0.002639827479604591 -0.422258848861299
-5.3278539655487886e-05 0.02138578861617159 0.002639827479604591 0.33252210243662295
-5.4726890717576035e-05 0.02138578861617159 0.002639827479604591 0.33252210243662295
-4.4105649595596266e-05 0.02138578861617159 0.002639827479604591 -0.422258848861299
-5.038183753131159e-05 0.02138578861617159 0.002639827479604591 0.33252210243662295
-2.1414816289548575e-05 0.02138578861617159 0.002639827479604591 -0.044868373212338025
-2.189759997691129e-05 0.02138578861617159 0.002639827479604591 0.33252210243662295
-5.038183753131159e-05 0.02138578861617159 0.002639827479604591 0.33252210243662295
9.966123389028022e-06 0.02138578861617159 0.002639827479604591 0.33252210243662295
-2.9139355287352042e-05 0.02138578861617159 0.002639827479604591 0.33252210243662295
-4.989905384394887e-05 0.02138578861617159 0.002639827479604591 0.33252210243662295
3.2174173007712994e-05 0.02138578861617159 0.002639827479604591 -3.441382654052987
-2.189759997691129e-05 0.02138578861617159 0.002639827479604591 -0.422258848861299
9.348770130277804e-05 0.02138578861617159 0.002639827479604591 0.33252210243662295
-5.569245809230147e-05 0.02138578861617159 0.002639827479604591 0.33252210243662295
7.948697436925924e-05 0.02138578861617159 0.002639827479604591 -0.422258848861299
7.417635380826936e-05 0.02138578861617159 0.002639827479604591 0.33252210243662295
0.00033198284285996014 0.02138578861617159 0.002639827479604591 -0.044868373212338025
-3.734667797251823e-05 0.02138578861617159 0.002639827479604591 0.33252210243662295
-3.251884109889106e-05 0.02138578861617159 0.002639827479604591 0.33252210243662295
-5.038183753131159e-05 0.02138578861617159 0.002639827479604591 0.33252210243662295
-1.620685107677183e-06 0.02138578861617159 0.002639827479604591 0.33252210243662295
0.00010748842823629683 0.02138578861617159 0.002639827479604591 0.33252210243662295
-2.7691004225263893e-05 0.02138578861617159 0.002639827479604591 -3.441382654052987
-4.5071216970321696e-05 0.02138578861617159 0.002639827479604591 -0.422258848861299
4.182984675496733e-05 0.02138578861617159 0.002639827479604591 0.33252210243662295
-3.3967192160979215e-05 0.02138578861617159 0.002639827479604591 0.33252210243662295
-4.7002351719772564e-05 0.02138578861617159 0.002639827479604591 -0.422258848861299
6.1141194249476e-05 0.02138578861617159 0.002639827479604591 -0.044868373212338025
-5.6175241779664184e-05 0.02138578861617159 0.002639827479604591 -0.044868373212338025
3.1208605632987564e-05 0.02138578861617159 0.002639827479604591 0.33252210243662295
-5.5209674404938754e-05 0.02138578861617159 0.002639827479604591 0.33252210243662295
1.8173446074194208e-05 0.02138578861617159 0.002639827479604591 0.33252210243662295
0.0003387418144830382 0.02138578861617159 0.002639827479604591 0.33252210243662295
-5.231297228076245e-05 0.02138578861617159 0.002639827479604591 0.33252210243662295
-1.3690277291745103e-05 0.02138578861617159 0.002639827479604591 -3.441382654052987
6.452068006101503e-05 0.02138578861617159 0.002639827479604591 -0.422258848861299
-4.748513540713528e-05 0.02138578861617159 0.002639827479604591 0.33252210243662295
-5.569245809230147e-05 0.02138578861617159 0.002639827479604591 0.33252210243662295
2.2035715573095944e-05 0.02138578861617159 0.002639827479604591 -0.422258848861299
5.1968304189584384e-05 0.02138578861617159 0.002639827479604591 0.33252210243662295
-2.7208220537901175e-05 0.02138578861617159 0.002639827479604591 0.33252210243662295
4.37609815044182e-05 0.02138578861617159 0.002639827479604591 0.33252210243662295
3.6899354533127023e-06 0.02138578861617159 0.002639827479604591 0.33252210243662295
7.610748855772023e-05 0.02138578861617159 0.002639827479604591 0.33252210243662295
0.0003788128605341437 0.02138578861617159 0.002639827479604591 0.33252210243662295
-5.5209674404938754e-05 0.02138578861617159 0.002639827479604591 -0.422258848861299
-1.6586979415921405e-05 0.02138578861617159 0.002639827479604591 0.33252210243662295
-5.08646212186743e-05 0.02138578861617159 0.002639827479604591 0.33252210243662295
-4.5554000657684415e-05 0.02138578861617159 0.002639827479604591 -0.422258848861299
-1.2724709917019671e-05 0.02138578861617159 0.002639827479604591 -3.441382654052987
-4.7002351719772564e-05 0.02138578861617159 0.002639827479604591 -0.044868373212338025
-3.831224534724366e-05 0.02138578861617159 0.002639827479604591 0.33252210243662295
-1.755254679064684e-05 0.02138578861617159 0.002639827479604591 0.33252210243662295
-1.1759142542294237e-05 0.02138578861617159 0.002639827479604591 0.33252210243662295
-2.527708578845031e-05 0.02138578861617159 0.002639827479604591 0.33252210243662295
-5.231297228076245e-05 0.02138578861617159 0.002639827479604591 0.33252210243662295
-5.424410703021332e-05 0.02138578861617159 0.002639827479604591 0.33252210243662295
-3.251884109889106e-05 0.02138578861617159 0.002639827479604591 -0.422258848861299
1.479396026265519e-05 0.02138578861617159 0.002639827479604591 0.33252210243662295
-4.024338009669453e-05 0.02138578861617159 0.002639827479604591 0.33252210243662295
-4.6036784345047134e-05 0.02138578861617159 0.002639827479604591 -0.422258848861299
-2.672543685053846e-05 0.02138578861617159 0.002639827479604591 -3.441382654052987
-2.044924891482314e-05 0.02138578861617159 0.002639827479604591 -0.044868373212338025
1.0448907076390739e-05 0.02138578861617159 0.002639827479604591 0.33252210243662295
4.231263044233005e-05 0.02138578861617159 0.002639827479604591 0.33252210243662295
0.00038653739953194713 0.02138578861617159 0.002639827479604591 0.33252210243662295
-2.7691004225263893e-05 0.02138578861617159 0.002639827479604591 0.33252210243662295
-5.424410703021332e-05 0.02138578861617159 0.002639827479604591 0.33252210243662295
-3.3967192160979215e-05 0.02138578861617159 0.002639827479604591 0.33252210243662295
-4.941627015658615e-05 0.02138578861617159 0.002639827479604591 -0.422258848861299
-2.9139355287352042e-05 0.02138578861617159 0.002639827479604591 0.33252210243662295
-3.3484408473616497e-05 0.02138578861617159 0.002639827479604591 0.33252210243662295
-2.1414816289548575e-05 0.02138578861617159 0.002639827479604591 -0.422258848861299
-2.8656571599989327e-05 0.02138578861617159 0.002639827479604591 -0.044868373212338025
-5.424410703021332e-05 0.02138578861617159 0.002639827479604591 -3.441382654052987
-6.931305668667069e-06 0.02138578861617159 0.002639827479604591 0.33252210243662295
-5.08646212186743e-05 0.02138578861617159 0.002639827479604591 0.33252210243662295
0.00013886936791487341 0.02138578861617159 0.002639827479604591 0.33252210243662295
6.645181481046589e-05 0.02138578861617159 0.002639827479604591 0.33252210243662295
6.210676162420144e-05 0.02138578861617159 0.002639827479604591 0.33252210243662295
0.0004768179490687752 0.02138578861617159 0.002639827479604591 0.33252210243662295
-4.651956803240985e-05 0.02138578861617159 0.002639827479604591 -0.422258848861299
-9.82800779284337e-06 0.02138578861617159 0.002639827479604591 0.33252210243662295
-2.044924891482314e-05 0.02138578861617159 0.002639827479604591 0.33252210243662295
-2.8656571599989327e-05 0.02138578861617159 0.002639827479604591 -0.422258848861299
-2.5862524824026167e-06 0.02138578861617159 0.002639827479604591 -3.441382654052987
2.7243680785872684e-06 0.02138578861617159 0.002639827479604591 0.33252210243662295
-5.183018859339974e-05 0.02138578861617159 0.002639827479604591 -0.044868373212338025
8.034988639577154e-06 0.02138578861617159 0.002639827479604591 0.33252210243662295
-2.5862524824026167e-06 0.02138578861617159 0.002639827479604591 0.33252210243662295
-1.5138628353833254e-05 0.02138578861617159 0.002639827479604591 0.33252210243662295
-4.21745148461454e-05 0.02138578861617159 0.002639827479604591 0.33252210243662295
2.0104580823645076e-05 0.02138578861617159 0.002639827479604591 0.33252210243662295
9.397048499014075e-05 0.02138578861617159 0.002639827479604591 -0.422258848861299
-2.044924891482314e-05 0.02138578861617159 0.002639827479604591 0.33252210243662295
-5.6175241779664184e-05 0.02138578861617159 0.002639827479604591 0.33252210243662295
-4.4105649595596266e-05 0.02138578861617159 0.002639827479604591 -0.422258848861299
-5.6175241779664184e-05 0.02138578861617159 0.002639827479604591 -3.441382654052987
0.0003034986053055598 0.02138578861617159 0.002639827479604591 -0.044868373212338025
-4.034603544490767e-06 0.02138578861617159 0.002639827479604591 0.33252210243662295
-5.3278539655487886e-05 0.02138578861617159 0.002639827479604591 0.33252210243662295
-5.3278539655487886e-05 0.02138578861617159 0.002639827479604591 0.33252210243662295
-3.251884109889106e-05 0.02138578861617159 0.002639827479604591 0.33252210243662295
7.948697436925924e-05 0.02138578861617159 0.002639827479604591 0.33252210243662295
-4.072616378405725e-05 0.02138578861617159 0.002639827479604591 0.33252210243662295
0.0001726642260302636 0.02138578861617159 0.002639827479604591 -0.422258848861299
0.00015721514803465665 0.02138578861617159 0.002639827479604591 0.33252210243662295
-3.0690361697653336e-06 0.02138578861617159 0.002639827479604591 0.33252210243662295
-2.5759869475813025e-05 0.02138578861617159 0.002639827479604591 -3.441382654052987
-4.651956803240985e-05 0.02138578861617159 0.002639827479604591 -3.441382654052987
0.00041646998814843557 0.02138578861617159 0.002639827479604591 0.33252210243662295
-1.8035330478009554e-05 0.02138578861617159 0.002639827479604591 0.33252210243662295
-4.893348646922343e-05 0.02138578861617159 0.002639827479604591 -0.044868373212338025
-4.362286590823355e-05 0.02138578861617159 0.002639827479604591 0.33252210243662295
-5.5209674404938754e-05 0.02138578861617159 0.002639827479604591 0.33252210243662295
-4.7002351719772564e-05 0.02138578861617159 0.002639827479604591 0.33252210243662295
-5.279575596812517e-05 0.02138578861617159 0.002639827479604591 0.33252210243662295
-3.976059640933181e-05 0.02138578861617159 0.002639827479604591 0.33252210243662295
-4.651956803240985e-05 0.02138578861617159 0.002639827479604591 -0.422258848861299
-5.5209674404938754e-05 0.02138578861617159 0.002639827479604591 0.33252210243662295
-4.072616378405725e-05 0.02138578861617159 0.002639827479604591 0.33252210243662295
-4.3140082220870835e-05 0.02138578861617159 0.002639827479604591 -0.422258848861299
-3.5415543223067364e-05 0.02138578861617159 0.002639827479604591 0.33252210243662295
-5.038183753131159e-05 0.02138578861617159 0.002639827479604591 0.33252210243662295
-5.3761323342850605e-05 0.02138578861617159 0.002639827479604591 0.33252210243662295
-3.203605741152835e-05 0.02138578861617159 0.002639827479604591 0.33252210243662295
-5.279575596812517e-05 0.02138578861617159 0.002639827479604591 0.33252210243662295
-5.4726890717576035e-05 0.02138578861617159 0.002639827479604591 -0.422258848861299
-5.279575596812517e-05 0.02138578861617159 0.002639827479604591 -3.441382654052987
-3.0104922662077476e-05 0.02138578861617159 0.002639827479604591 -3.441382654052987
-3.5898326910430076e-05 0.02138578861617159 0.002639827479604591 0.33252210243662295
6.693459849782861e-05 0.02138578861617159 0.002639827479604591 -0.422258848861299
-5.66580254670269e-05 0.02138578861617159 0.002639827479604591 -0.044868373212338025
1.4311176575292473e-05 0.02138578861617159 0.002639827479604591 0.33252210243662295
-3.444997584834193e-05 0.02138578861617159 0.002639827479604591 0.33252210243662295
-5.3761323342850605e-05 0.02138578861617159 0.002639827479604591 0.33252210243662295
-3.879502903460638e-05 0.02138578861617159 0.002639827479604591 0.33252210243662295
0.0003681916194121639 0.02138578861617159 0.002639827479604591 0.33252210243662295
-8.862440418117936e-06 0.02138578861617159 0.002639827479604591 0.33252210243662295
-5.569245809230147e-05 0.02138578861617159 0.002639827479604591 -0.422258848861299
-3.3967192160979215e-05 0.02138578861617159 0.002639827479604591 0.33252210243662295
-4.5071216970321696e-05 0.02138578861617159 0.002639827479604591 -3.441382654052987
-5.134740490603702e-05 0.02138578861617159 0.002639827479604591 0.33252210243662295
5.24510878769471e-05 0.02138578861617159 0.002639827479604591 -0.044868373212338025
-4.517387231853484e-06 0.02138578861617159 0.002639827479604591 -0.422258848861299
7.272800274618121e-05 0.02138578861617159 0.002639827479604591 0.33252210243662295
-8.379656730755219e-06 0.02138578861617159 0.002639827479604591 0.33252210243662295
3.9898712005516466e-05 0.02138578861617159 0.002639827479604591 0.33252210243662295
0.0001533528785357549 0.02138578861617159 0.002639827479604591 0.33252210243662295
0.0002648759103165425 0.02138578861617159 0.002639827479604591 0.33252210243662295
-5.231297228076245e-05 0.02138578861617159 0.002639827479604591 0.33252210243662295
-4.5071216970321696e-05 0.02138578861617159 0.002639827479604591 -0.422258848861299
-4.120894747141997e-05 0.02138578861617159 0.002639827479604591 0.33252210243662295
-4.941627015658615e-05 0.02138578861617159 0.002639827479604591 -3.441382654052987
-5.5209674404938754e-05 0.02138578861617159 0.002639827479604591 0.33252210243662295
-3.734667797251823e-05 0.02138578861617159 0.002639827479604591 -0.422258848861299
-5.66580254670269e-05 0.02138578861617159 0.002639827479604591 -0.044868373212338025
1.4311176575292473e-05 0.02138578861617159 0.002639827479604591 0.33252210243662295
0.00016687082178191097 0.02138578861617159 0.002639827479604591 0.33252210243662295
-1.5138628353833254e-05 0.02138578861617159 0.002639827479604591 0.33252210243662295
5.7278924750574276e-05 0.02138578861617159 0.002639827479604591 0.33252210243662295
-4.6036784345047134e-05 0.02138578861617159 0.002639827479604591 0.33252210243662295
-5.038183753131159e-05 0.02138578861617159 0.002639827479604591 -0.422258848861299
-3.831224534724366e-05 0.02138578861617159 0.002639827479604591 -0.422258848861299
-4.120894747141997e-05 0.02138578861617159 0.002639827479604591 0.33252210243662295
-4.6036784345047134e-05 0.02138578861617159 0.002639827479604591 -3.441382654052987
-5.3761323342850605e-05 0.02138578861617159 0.002639827479604591 0.33252210243662295
-5.5209674404938754e-05 0.02138578861617159 0.002639827479604591 -0.422258848861299
2.107014819837051e-05 0.02138578861617159 0.002639827479604591 -0.044868373212338025
0.00034550078610611623 0.02138578861617159 0.002639827479604591 0.33252210243662295
-4.5071216970321696e-05 0.02138578861617159 0.002639827479604591 0.33252210243662295
-1.1759142542294237e-05 0.02138578861617159 0.002639827479604591 0.33252210243662295
3.6899354533127023e-06 0.02138578861617159 0.002639827479604591 0.33252210243662295
-4.4588433282958985e-05 0.02138578861617159 0.002639827479604591 0.33252210243662295
-4.941627015658615e-05 0.02138578861617159 0.002639827479604591 -0.422258848861299
-4.120894747141997e-05 0.02138578861617159 0.002639827479604591 -0.422258848861299
-4.893348646922343e-05 0.02138578861617159 0.002639827479604591 0.33252210243662295
2.5897985071997676e-05 0.02138578861617159 0.002639827479604591 0.33252210243662295
8.479759493024913e-05 0.02138578861617159 0.002639827479604591 0.33252210243662295
0.00014224885372641244 0.02138578861617159 0.002639827479604591 -0.044868373212338025
-5.569245809230147e-05 0.02138578861617159 0.002639827479604591 0.33252210243662295
0.00010845399561102225 0.02138578861617159 0.002639827479604591 0.33252210243662295
0.0002899806620594038 0.02138578861617159 0.002639827479604591 0.33252210243662295
-3.976059640933181e-05 0.02138578861617159 0.002639827479604591 0.33252210243662295
4.66576836285945e-05 0.02138578861617159 0.002639827479604591 -0.422258848861299
-5.038183753131159e-05 0.02138578861617159 0.002639827479604591 0.33252210243662295
0.00011666131829618845 0.02138578861617159 0.002639827479604591 -0.422258848861299
2.541520138463496e-05 0.02138578861617159 0.002639827479604591 -3.441382654052987
1.0448907076390739e-05 0.02138578861617159 0.002639827479604591 0.33252210243662295
2.0104580823645076e-05 0.02138578861617159 0.002639827479604591 0.33252210243662295
1.8656229761556923e-05 0.02138578861617159 0.002639827479604591 0.33252210243662295
-5.66580254670269e-05 0.02138578861617159 0.002639827479604591 -0.044868373212338025
-1.6586979415921405e-05 0.02138578861617159 0.002639827479604591 0.33252210243662295
2.9277470883536696e-05 0.02138578861617159 0.002639827479604591 0.33252210243662295
-5.5209674404938754e-05 0.02138578861617159 0.002639827479604591 0.33252210243662295
-3.3967192160979215e-05 0.02138578861617159 0.002639827479604591 0.33252210243662295
2.734633613408583e-05 0.02138578861617159 0.002639827479604591 -0.422258848861299
2.0104580823645076e-05 0.02138578861617159 0.002639827479604591 -0.422258848861299
5.9210059500025137e-05 0.02138578861617159 0.002639827479604591 -3.441382654052987
-9.345224105480653e-06 0.02138578861617159 0.002639827479604591 0.33252210243662295
-5.134740490603702e-05 0.02138578861617159 0.002639827479604591 0.33252210243662295
4.762325100331994e-05 0.02138578861617159 0.002639827479604591 0.33252210243662295
-5.6175241779664184e-05 0.02138578861617159 0.002639827479604591 0.33252210243662295
-5.5209674404938754e-05 0.02138578861617159 0.002639827479604591 0.33252210243662295
-4.893348646922343e-05 0.02138578861617159 0.002639827479604591 0.33252210243662295
-3.976059640933181e-05 0.02138578861617159 0.002639827479604591 0.33252210243662295
-5.4726890717576035e-05 0.02138578861617159 0.002639827479604591 -0.044868373212338025
-3.300162478625378e-05 0.02138578861617159 0.002639827479604591 0.33252210243662295
-5.000170919216201e-06 0.02138578861617159 0.002639827479604591 0.33252210243662295
-1.3207493604382388e-05 0.02138578861617159 0.002639827479604591 -0.422258848861299
-5.4726890717576035e-05 0.02138578861617159 0.002639827479604591 -3.441382654052987
-1.9000897852734988e-05 0.02138578861617159 0.002639827479604591 0.33252210243662295
2.3484066635184093e-05 0.02138578861617159 0.002639827479604591 0.33252210243662295
-4.941627015658615e-05 0.02138578861617159 0.002639827479604591 0.33252210243662295
-1.2724709917019671e-05 0.02138578861617159 0.002639827479604591 0.33252210243662295
2.7243680785872684e-06 0.02138578861617159 0.002639827479604591 0.33252210243662295
-9.345224105480653e-06 0.02138578861617159 0.002639827479604591 0.33252210243662295
2.4449634009909527e-05 0.02138578861617159 0.002639827479604591 -0.044868373212338025
0.00030011911949402086 0.02138578861617159 0.002639827479604591 -0.422258848861299
-4.7967919094498e-05 0.02138578861617159 0.002639827479604591 0.33252210243662295
4.172719140675419e-06 0.02138578861617159 0.002639827479604591 0.33252210243662295
-4.748513540713528e-05 0.02138578861617159 0.002639827479604591 0.33252210243662295
-5.66580254670269e-05 0.02138578861617159 0.002639827479604591 -0.422258848861299
-4.989905384394887e-05 0.02138578861617159 0.002639827479604591 -3.441382654052987
4.472654887914363e-05 0.02138578861617159 0.002639827479604591 0.33252210243662295
-4.893348646922343e-05 0.02138578861617159 0.002639827479604591 0.33252210243662295
-2.6242653163175744e-05 0.02138578861617159 0.002639827479604591 0.33252210243662295
-3.0104922662077476e-05 0.02138578861617159 0.002639827479604591 0.33252210243662295
-5.3278539655487886e-05 0.02138578861617159 0.002639827479604591 0.33252210243662295
1.189725813847889e-05 0.02138578861617159 0.002639827479604591 -0.044868373212338025
-5.279575596812517e-05 0.02138578861617159 0.002639827479604591 -0.422258848861299
-3.058770634944019e-05 0.02138578861617159 0.002639827479604591 0.33252210243662295
0.00017749206290389074 0.02138578861617159 0.002639827479604591 -3.441382654052987
-3.058770634944019e-05 0.02138578861617159 0.002639827479604591 0.33252210243662295
1.9621797136282357e-05 0.02138578861617159 0.002639827479604591 0.33252210243662295
5.8244492125299706e-05 0.02138578861617159 0.002639827479604591 -0.422258848861299
0.00026004807344291535 0.02138578861617159 0.002639827479604591 0.33252210243662295
-2.1414816289548575e-05 0.02138578861617159 0.002639827479604591 0.33252210243662295
-5.66580254670269e-05 0.02138578861617159 0.002639827479604591 0.33252210243662295
-5.038183753131159e-05 0.02138578861617159 0.002639827479604591 0.33252210243662295
-5.3278539655487886e-05 0.02138578861617159 0.002639827479604591 0.33252210243662295
-2.0932032602185856e-05 0.02138578861617159 0.002639827479604591 -0.044868373212338025
0.00012631699204344277 0.02138578861617159 0.002639827479604591 0.33252210243662295
4.858881837804537e-05 0.02138578861617159 0.002639827479604591 0.33252210243662295
-5.66580254670269e-05 0.02138578861617159 0.002639827479604591 -0.422258848861299
-4.265729853350812e-05 0.02138578861617159 0.002639827479604591 -3.441382654052987
9.000556014302588e-06 0.02138578861617159 0.002639827479604591 0.33252210243662295
7.552204952214437e-06 0.02138578861617159 0.002639827479604591 0.33252210243662295
-5.424410703021332e-05 0.02138578861617159 0.002639827479604591 0.33252210243662295
-3.6381110597792795e-05 0.02138578861617159 0.002639827479604591 0.33252210243662295
-3.444997584834193e-05 0.02138578861617159 0.002639827479604591 0.33252210243662295
-5.569245809230147e-05 0.02138578861617159 0.002639827479604591 0.33252210243662295
-4.7967919094498e-05 0.02138578861617159 0.002639827479604591 -0.044868373212338025
-3.4932759535704646e-05 0.02138578861617159 0.002639827479604591 -0.044868373212338025
-5.4726890717576035e-05 0.02138578861617159 0.002639827479604591 -0.422258848861299
-5.279575596812517e-05 0.02138578861617159 0.002639827479604591 0.33252210243662295
-4.4588433282958985e-05 0.02138578861617159 0.002639827479604591 -3.441382654052987
0.0004454370093901986 0.02138578861617159 0.002639827479604591 -0.422258848861299
-1.7233404558903253e-07 0.02138578861617159 0.002639827479604591 0.33252210243662295
-1.0793575167568803e-05 0.02138578861617159 0.002639827479604591 0.33252210243662295
-3.058770634944019e-05 0.02138578861617159 0.002639827479604591 0.33252210243662295
-5.279575596812517e-05 0.02138578861617159 0.002639827479604591 0.33252210243662295
-4.748513540713528e-05 0.02138578861617159 0.002639827479604591 0.33252210243662295
4.520933256650635e-05 0.02138578861617159 0.002639827479604591 0.33252210243662295
2.6380768759360394e-05 0.02138578861617159 0.002639827479604591 0.33252210243662295
-2.189759997691129e-05 0.02138578861617159 0.002639827479604591 -0.044868373212338025
1.0448907076390739e-05 0.02138578861617159 0.002639827479604591 -0.422258848861299
-5.424410703021332e-05 0.02138578861617159 0.002639827479604591 -3.441382654052987
-2.4311518413724876e-05 0.02138578861617159 0.002639827479604591 0.33252210243662295
-4.4105649595596266e-05 0.02138578861617159 0.002639827479604591 -0.422258848861299
0.0002899806620594038 0.02138578861617159 0.002639827479604591 0.33252210243662295
-5.5209674404938754e-05 0.02138578861617159 0.002639827479604591 0.33252210243662295
-4.3140082220870835e-05 0.02138578861617159 0.002639827479604591 0.33252210243662295
-2.0932032602185856e-05 0.02138578861617159 0.002639827479604591 0.33252210243662295
2.3484066635184093e-05 0.02138578861617159 0.002639827479604591 0.33252210243662295
-5.3761323342850605e-05 0.02138578861617159 0.002639827479604591 -0.422258848861299
-5.569245809230147e-05 0.02138578861617159 0.002639827479604591 0.33252210243662295
-5.183018859339974e-05 0.02138578861617159 0.002639827479604591 -3.441382654052987
-4.4588433282958985e-05 0.02138578861617159 0.002639827479604591 0.33252210243662295
-2.8656571599989327e-05 0.02138578861617159 0.002639827479604591 -0.044868373212338025
-2.962213897471476e-05 0.02138578861617159 0.002639827479604591 -0.422258848861299
-5.3278539655487886e-05 0.02138578861617159 0.002639827479604591 0.33252210243662295
-2.527708578845031e-05 0.02138578861617159 0.002639827479604591 0.33252210243662295
-7.414089356029785e-06 0.02138578861617159 0.002639827479604591 0.33252210243662295
4.231263044233005e-05 0.02138578861617159 0.002639827479604591 0.33252210243662295
-2.7691004225263893e-05 0.02138578861617159 0.002639827479604591 0.33252210243662295
4.520933256650635e-05 0.02138578861617159 0.002639827479604591 0.33252210243662295
6.838294955991676e-05 0.02138578861617159 0.002639827479604591 -0.422258848861299
-2.044924891482314e-05 0.02138578861617159 0.002639827479604591 0.33252210243662295
0.0004946809455011957 0.02138578861617159 0.002639827479604591 -0.044868373212338025
-4.5554000657684415e-05 0.02138578861617159 0.002639827479604591 0.33252210243662295
-4.024338009669453e-05 0.02138578861617159 0.002639827479604591 -0.422258848861299
-4.893348646922343e-05 0.02138578861617159 0.002639827479604591 -3.441382654052987
2.686355244672311e-05 0.02138578861617159 0.002639827479604591 0.33252210243662295
-5.038183753131159e-05 0.02138578861617159 0.002639827479604591 0.33252210243662295
4.0381495692879184e-05 0.02138578861617159 0.002639827479604591 0.33252210243662295
-1.0310791480206087e-05 0.02138578861617159 0.002639827479604591 0.33252210243662295
-5.6175241779664184e-05 0.02138578861617159 0.002639827479604591 0.33252210243662295
-5.038183753131159e-05 0.02138578861617159 0.002639827479604591 0.33252210243662295
-4.941627015658615e-05 0.02138578861617159 0.002639827479604591 0.33252210243662295
-3.300162478625378e-05 0.02138578861617159 0.002639827479604591 0.33252210243662295
0.00024894404863357283 0.02138578861617159 0.002639827479604591 -0.044868373212338025
0.0002190114600170844 0.02138578861617159 0.002639827479604591 0.33252210243662295
0.00013500709841597166 0.02138578861617159 0.002639827479604591 -0.422258848861299
-3.92778127219691e-05 0.02138578861617159 0.002639827479604591 -3.441382654052987
0.00010024667292585607 0.02138578861617159 0.002639827479604591 0.33252210243662295
-2.3345951038999442e-05 0.02138578861617159 0.002639827479604591 0.33252210243662295
8.721151336706272e-05 0.02138578861617159 0.002639827479604591 0.33252210243662295
-3.0690361697653336e-06 0.02138578861617159 0.002639827479604591 0.33252210243662295
-8.862440418117936e-06 0.02138578861617159 0.002639827479604591 0.33252210243662295
0.0004821285696297651 0.02138578861617159 0.002639827479604591 0.33252210243662295
-5.569245809230147e-05 0.02138578861617159 0.002639827479604591 0.33252210243662295
-3.444997584834193e-05 0.02138578861617159 0.002639827479604591 0.33252210243662295
-4.5071216970321696e-05 0.02138578861617159 0.002639827479604591 -0.044868373212338025
9.397048499014075e-05 0.02138578861617159 0.002639827479604591 0.33252210243662295
-1.9483681540097707e-05 0.02138578861617159 0.002639827479604591 -0.422258848861299
0.00013307596366652082 0.02138578861617159 0.002639827479604591 -3.441382654052987
4.472654887914363e-05 0.02138578861617159 0.002639827479604591 0.33252210243662295
6.548624743574047e-05 0.02138578861617159 0.002639827479604591 0.33252210243662295
-5.569245809230147e-05 0.02138578861617159 0.002639827479604591 0.33252210243662295
-5.134740490603702e-05 0.02138578861617159 0.002639827479604591 0.33252210243662295
4.1347063067604615e-05 0.02138578861617159 0.002639827479604591 0.33252210243662295
0.000362880998851174 0.02138578861617159 0.002639827479604591 0.33252210243662295
-5.66580254670269e-05 0.02138578861617159 0.002639827479604591 0.33252210243662295
-7.896873043392502e-06 0.02138578861617159 0.002639827479604591 -0.422258848861299
7.80386233071711e-05 0.02138578861617159 0.002639827479604591 -0.044868373212338025
2.2035715573095944e-05 0.02138578861617159 0.002639827479604591 -0.422258848861299
1.1414474451116173e-05 0.02138578861617159 0.002639827479604591 0.33252210243662295
5.1968304189584384e-05 0.02138578861617159 0.002639827479604591 -3.441382654052987
8.67287296797e-05 0.02138578861617159 0.002639827479604591 0.33252210243662295
-3.444997584834193e-05 0.02138578861617159 0.002639827479604591 0.33252210243662295
0.0003657777009753503 0.02138578861617159 0.002639827479604591 0.33252210243662295
3.458809144452658e-05 0.02138578861617159 0.002639827479604591 0.33252210243662295
-2.817378791262661e-05 0.02138578861617159 0.002639827479604591 -0.422258848861299
-4.651956803240985e-05 0.02138578861617159 0.002639827479604591 0.33252210243662295
-4.7002351719772564e-05 0.02138578861617159 0.002639827479604591 0.33252210243662295
1.758800703861835e-06 0.02138578861617159 0.002639827479604591 -0.044868373212338025
-2.1034687950398997e-06 0.02138578861617159 0.002639827479604591 0.33252210243662295
2.7829119821448544e-05 0.02138578861617159 0.002639827479604591 -0.422258848861299
8.96254318038763e-05 0.02138578861617159 0.002639827479604591 -3.441382654052987
-5.5209674404938754e-05 0.02138578861617159 0.002639827479604591 0.33252210243662295
-5.4726890717576035e-05 0.02138578861617159 0.002639827479604591 0.33252210243662295
-5.66580254670269e-05 0.02138578861617159 0.002639827479604591 0.33252210243662295
1.624231132474334e-05 0.02138578861617159 0.002639827479604591 0.33252210243662295
4.655502828038136e-06 0.02138578861617159 0.002639827479604591 0.33252210243662295
-5.6175241779664184e-05 0.02138578861617159 0.002639827479604591 -0.422258848861299
5.293387156430982e-05 0.02138578861617159 0.002639827479604591 0.33252210243662295
3.9898712005516466e-05 0.02138578861617159 0.002639827479604591 0.33252210243662295
0.00034405243504402806 0.02138578861617159 0.002639827479604591 0.33252210243662295
-5.3278539655487886e-05 0.02138578861617159 0.002639827479604591 -0.044868373212338025
5.631335737584884e-05 0.02138578861617159 0.002639827479604591 0.33252210243662295
-5.3278539655487886e-05 0.02138578861617159 0.002639827479604591 0.33252210243662295
-4.748513540713528e-05 0.02138578861617159 0.002639827479604591 0.33252210243662295
-5.66580254670269e-05 0.02138578861617159 0.002639827479604591 -3.441382654052987
-5.3761323342850605e-05 0.02138578861617159 0.002639827479604591 -0.422258848861299
-5.424410703021332e-05 0.02138578861617159 0.002639827479604591 0.33252210243662295
-5.3278539655487886e-05 0.02138578861617159 0.002639827479604591 0.33252210243662295
-4.941627015658615e-05 0.02138578861617159 0.002639827479604591 0.33252210243662295
-2.3345951038999442e-05 0.02138578861617159 0.002639827479604591 0.33252210243662295
3.941592831815375e-05 0.02138578861617159 0.002639827479604591 0.33252210243662295
-2.817378791262661e-05 0.02138578861617159 0.002639827479604591 0.33252210243662295
-5.6175241779664184e-05 0.02138578861617159 0.002639827479604591 -0.044868373212338025
-1.620685107677183e-06 0.02138578861617159 0.002639827479604591 0.33252210243662295
-4.6036784345047134e-05 0.02138578861617159 0.002639827479604591 -0.422258848861299
-3.831224534724366e-05 0.02138578861617159 0.002639827479604591 0.33252210243662295
-6.448521981304352e-06 0.02138578861617159 0.002639827479604591 0.33252210243662295
0.00022528764795279972 0.02138578861617159 0.002639827479604591 -3.441382654052987
0.00014804225797476503 0.02138578861617159 0.002639827479604591 0.33252210243662295
-4.5554000657684415e-05 0.02138578861617159 0.002639827479604591 0.33252210243662295
-5.3761323342850605e-05 0.02138578861617159 0.002639827479604591 0.33252210243662295
-5.66580254670269e-05 0.02138578861617159 0.002639827479604591 0.33252210243662295
-5.279575596812517e-05 0.02138578861617159 0.002639827479604591 0.33252210243662295
-5.6175241779664184e-05 0.02138578861617159 0.002639827479604591 0.33252210243662295
-3.831224534724366e-05 0.02138578861617159 0.002639827479604591 0.33252210243662295
-4.362286590823355e-05 0.02138578861617159 0.002639827479604591 -0.422258848861299
-4.265729853350812e-05 0.02138578861617159 0.002639827479604591 -0.044868373212338025
-5.5209674404938754e-05 0.02138578861617159 0.002639827479604591 0.33252210243662295
1.5759527637380625e-05 0.02138578861617159 0.002639827479604591 0.7099125780855838
-5.08646212186743e-05 0.02138578861617159 0.002639827479604591 0.33252210243662295
-1.7069763103284124e-05 0.02138578861617159 0.002639827479604591 0.33252210243662295
-2.817378791262661e-05 0.02138578861617159 0.002639827479604591 0.33252210243662295
-5.5209674404938754e-05 0.02138578861617159 0.002639827479604591 -0.422258848861299
1.3345609200567039e-05 0.02138578861617159 0.002639827479604591 0.33252210243662295
0.0003063953074297362 0.02138578861617159 0.002639827479604591 -0.422258848861299
-5.08646212186743e-05 0.02138578861617159 0.002639827479604591 0.33252210243662295
-5.4726890717576035e-05 0.02138578861617159 0.002639827479604591 -0.044868373212338025
-5.424410703021332e-05 0.02138578861617159 0.002639827479604591 0.33252210243662295
0.00035129419035446883 0.02138578861617159 0.002639827479604591 0.33252210243662295
-2.3345951038999442e-05 0.02138578861617159 0.002639827479604591 0.7099125780855838
-1.3690277291745103e-05 0.02138578861617159 0.002639827479604591 0.33252210243662295
-5.4726890717576035e-05 0.02138578861617159 0.002639827479604591 -3.441382654052987
-3.3484408473616497e-05 0.02138578861617159 0.002639827479604591 0.33252210243662295
8.517772326939871e-06 0.02138578861617159 0.002639827479604591 -0.422258848861299
3.169138932035028e-05 0.02138578861617159 0.002639827479604591 0.33252210243662295
3.313974038243843e-05 0.02138578861617159 0.002639827479604591 0.33252210243662295
-5.424410703021332e-05 0.02138578861617159 0.002639827479604591 -0.422258848861299
3.6899354533127023e-06 0.02138578861617159 0.002639827479604591 0.33252210243662295
-3.92778127219691e-05 0.02138578861617159 0.002639827479604591 -0.044868373212338025
0.00011086791404783584 0.02138578861617159 0.002639827479604591 0.33252210243662295
-4.651956803240985e-05 0.02138578861617159 0.002639827479604591 0.33252210243662295
0.00043240184983140524 0.02138578861617159 0.002639827479604591 0.7099125780855838
-5.279575596812517e-05 0.02138578861617159 0.002639827479604591 0.33252210243662295
-4.169173115878268e-05 0.02138578861617159 0.002639827479604591 -3.441382654052987
-5.569245809230147e-05 0.02138578861617159 0.002639827479604591 0.33252210243662295
-4.362286590823355e-05 0.02138578861617159 0.002639827479604591 0.33252210243662295
0.00010748842823629683 0.02138578861617159 0.002639827479604591 0.33252210243662295
1.8656229761556923e-05 0.02138578861617159 0.002639827479604591 0.33252210243662295
6.693459849782861e-05 0.02138578861617159 0.002639827479604591 -0.422258848861299
-3.6863894285155513e-05 0.02138578861617159 0.002639827479604591 0.33252210243662295
-5.6175241779664184e-05 0.02138578861617159 0.002639827479604591 0.33252210243662295
-5.66580254670269e-05 0.02138578861617159 0.002639827479604591 0.33252210243662295
1.189725813847889e-05 0.02138578861617159 0.002639827479604591 0.33252210243662295
3.0725821945624845e-05 0.02138578861617159 0.002639827479604591 0.7099125780855838
-5.6175241779664184e-05 0.02138578861617159 0.002639827479604591 -0.422258848861299
0.00042081504133470004 0.02138578861617159 0.002639827479604591 -3.441382654052987
-4.6036784345047134e-05 0.02138578861617159 0.002639827479604591 0.33252210243662295
-7.896873043392502e-06 0.02138578861617159 0.002639827479604591 0.33252210243662295
-4.893348646922343e-05 0.02138578861617159 0.002639827479604591 0.33252210243662295
-1.5138628353833254e-05 0.02138578861617159 0.002639827479604591 -0.422258848861299
-5.3761323342850605e-05 0.02138578861617159 0.002639827479604591 0.33252210243662295
4.8106034690682655e-05 0.02138578861617159 0.002639827479604591 0.33252210243662295
-4.941627015658615e-05 0.02138578861617159 0.002639827479604591 0.33252210243662295
0.0001243858572939919 0.02138578861617159 0.002639827479604591 0.33252210243662295
-3.92778127219691e-05 0.02138578861617159 0.002639827479604591 0.33252210243662295
-4.941627015658615e-05 0.02138578861617159 0.002639827479604591 0.7099125780855838
-3.155327372416563e-05 0.02138578861617159 0.002639827479604591 0.33252210243662295
-5.231297228076245e-05 0.02138578861617159 0.002639827479604591 -0.422258848861299
-5.038183753131159e-05 0.02138578861617159 0.002639827479604591 0.33252210243662295
6.500346374837774e-05 0.02138578861617159 0.002639827479604591 0.33252210243662295
-5.6175241779664184e-05 0.02138578861617159 0.002639827479604591 0.33252210243662295
3.2071517659499854e-06 0.02138578861617159 0.002639827479604591 0.33252210243662295
0.00028804952730995294 0.02138578861617159 0.002639827479604591 0.33252210243662295
3.2071517659499854e-06 0.02138578861617159 0.002639827479604591 -0.422258848861299
-1.3690277291745103e-05 0.02138578861617159 0.002639827479604591 0.7099125780855838
0.0002301154848264269 0.02138578861617159 0.002639827479604591 0.33252210243662295
-5.66580254670269e-05 0.02138578861617159 0.002639827479604591 0.33252210243662295
-5.66580254670269e-05 0.02138578861617159 0.002639827479604591 0.33252210243662295
-5.424410703021332e-05 0.02138578861617159 0.002639827479604591 -0.044868373212338025
-5.569245809230147e-05 0.02138578861617159 0.002639827479604591 -0.422258848861299
-5.6175241779664184e-05 0.02138578861617159 0.002639827479604591 0.33252210243662295
-5.569245809230147e-05 0.02138578861617159 0.002639827479604591 0.33252210243662295
-5.569245809230147e-05 0.02138578861617159 0.002639827479604591 0.33252210243662295
-5.3278539655487886e-05 0.02138578861617159 0.002639827479604591 0.33252210243662295
-3.3967192160979215e-05 0.02138578861617159 0.002639827479604591 0.7099125780855838
-5.279575596812517e-05 0.02138578861617159 0.002639827479604591 0.7099125780855838
1.4311176575292473e-05 0.02138578861617159 0.002639827479604591 -3.441382654052987
3.748479356870288e-05 0.02138578861617159 0.002639827479604591 0.33252210243662295
-6.931305668667069e-06 0.02138578861617159 0.002639827479604591 0.33252210243662295
-2.0932032602185856e-05 0.02138578861617159 0.002639827479604591 0.33252210243662295
-3.92778127219691e-05 0.02138578861617159 0.002639827479604591 0.33252210243662295
-3.5518198571280506e-06 0.02138578861617159 0.002639827479604591 -0.044868373212338025
-1.9966465227460422e-05 0.02138578861617159 0.002639827479604591 0.33252210243662295
3.748479356870288e-05 0.02138578861617159 0.002639827479604591 0.7099125780855838
-5.6175241779664184e-05 0.02138578861617159 0.002639827479604591 0.7099125780855838
-1.8518114165372273e-05 0.02138578861617159 0.002639827479604591 0.33252210243662295
-2.5759869475813025e-05 0.02138578861617159 0.002639827479604591 0.33252210243662295
0.0001296964778549818 0.02138578861617159 0.002639827479604591 0.7099125780855838
-3.0690361697653336e-06 0.02138578861617159 0.002639827479604591 -3.441382654052987
0.00015383566222311763 0.02138578861617159 0.002639827479604591 0.33252210243662295
-5.5209674404938754e-05 0.02138578861617159 0.002639827479604591 0.33252210243662295
-2.5759869475813025e-05 0.02138578861617159 0.002639827479604591 0.33252210243662295
-4.989905384394887e-05 0.02138578861617159 0.002639827479604591 0.33252210243662295
-1.1379014203144663e-06 0.02138578861617159 0.002639827479604591 -0.044868373212338025
-4.845070278186072e-05 0.02138578861617159 0.002639827479604591 0.33252210243662295
0.0004304707150819544 0.02138578861617159 0.002639827479604591 0.7099125780855838
1.3828392887929756e-05 0.02138578861617159 0.002639827479604591 0.7099125780855838
-4.989905384394887e-05 0.02138578861617159 0.002639827479604591 0.33252210243662295
-3.6381110597792795e-05 0.02138578861617159 0.002639827479604591 0.33252210243662295
-5.424410703021332e-05 0.02138578861617159 0.002639827479604591 -0.422258848861299
-4.7967919094498e-05 0.02138578861617159 0.002639827479604591 0.7099125780855838
3.410530775716386e-05 0.02138578861617159 0.002639827479604591 0.33252210243662295
-5.3278539655487886e-05 0.02138578861617159 0.002639827479604591 0.33252210243662295
4.762325100331994e-05 0.02138578861617159 0.002639827479604591 0.33252210243662295
-2.4311518413724876e-05 0.02138578861617159 0.002639827479604591 -0.044868373212338025
-5.424410703021332e-05 0.02138578861617159 0.002639827479604591 0.33252210243662295
-4.024338009669453e-05 0.02138578861617159 0.002639827479604591 0.33252210243662295
0.00031315427905281417 0.02138578861617159 0.002639827479604591 0.7099125780855838
-4.4105649595596266e-05 0.02138578861617159 0.002639827479604591 0.7099125780855838
0.00010410894242475781 0.02138578861617159 0.002639827479604591 0.33252210243662295
0.00017073309128081272 0.02138578861617159 0.002639827479604591 0.7099125780855838
-4.748513540713528e-05 0.02138578861617159 0.002639827479604591 -0.422258848861299
0.00011617853460882573 0.02138578861617159 0.002639827479604591 -3.441382654052987
-5.4726890717576035e-05 0.02138578861617159 0.002639827479604591 0.33252210243662295
-4.3140082220870835e-05 0.02138578861617159 0.002639827479604591 0.33252210243662295
-3.4932759535704646e-05 0.02138578861617159 0.002639827479604591 0.33252210243662295
0.00026922096350280697 0.02138578861617159 0.002639827479604591 -0.044868373212338025
7.06942126485172e-06 0.02138578861617159 0.002639827479604591 0.33252210243662295
6.548624743574047e-05 0.02138578861617159 0.002639827479604591 0.33252210243662295
-5.569245809230147e-05 0.02138578861617159 0.002639827479604591 0.7099125780855838
-4.941627015658615e-05 0.02138578861617159 0.002639827479604591 0.7099125780855838
-4.748513540713528e-05 0.02138578861617159 0.002639827479604591 0.33252210243662295
-4.893348646922343e-05 0.02138578861617159 0.002639827479604591 0.7099125780855838
1.479396026265519e-05 0.02138578861617159 0.002639827479604591 -0.422258848861299
-5.231297228076245e-05 0.02138578861617159 0.002639827479604591 -3.441382654052987
-3.058770634944019e-05 0.02138578861617159 0.002639827479604591 0.33252210243662295
0.0001475594742874023 0.02138578861617159 0.002639827479604591 0.33252210243662295
3.9898712005516466e-05 0.02138578861617159 0.002639827479604591 0.33252210243662295
-5.3278539655487886e-05 0.02138578861617159 0.002639827479604591 -0.044868373212338025
-4.21745148461454e-05 0.02138578861617159 0.002639827479604591 0.33252210243662295
0.00017797484659125347 0.02138578861617159 0.002639827479604591 0.33252210243662295
-5.3761323342850605e-05 0.02138578861617159 0.002639827479604591 0.7099125780855838
-4.651956803240985e-05 0.02138578861617159 0.002639827479604591 0.7099125780855838
-5.5209674404938754e-05 0.02138578861617159 0.002639827479604591 -0.422258848861299
-5.4726890717576035e-05 0.02138578861617159 0.002639827479604591 0.33252210243662295
-2.962213897471476e-05 0.02138578861617159 0.002639827479604591 -0.422258848861299
9.397048499014075e-05 0.02138578861617159 0.002639827479604591 -3.441382654052987
-2.8656571599989327e-05 0.02138578861617159 0.002639827479604591 0.33252210243662295
-2.2863167351636724e-05 0.02138578861617159 0.002639827479604591 0.33252210243662295
-1.7069763103284124e-05 0.02138578861617159 0.002639827479604591 0.33252210243662295
-5.6175241779664184e-05 0.02138578861617159 0.002639827479604591 0.33252210243662295
-4.989905384394887e-05 0.02138578861617159 0.002639827479604591 0.33252210243662295
-5.6175241779664184e-05 0.02138578861617159 0.002639827479604591 0.33252210243662295
-1.2724709917019671e-05 0.02138578861617159 0.002639827479604591 0.7099125780855838
0.0003768817257846928 0.02138578861617159 0.002639827479604591 0.7099125780855838
-3.3967192160979215e-05 0.02138578861617159 0.002639827479604591 0.7099125780855838
-4.362286590823355e-05 0.02138578861617159 0.002639827479604591 -0.422258848861299
-2.7691004225263893e-05 0.02138578861617159 0.002639827479604591 0.33252210243662295
-1.8035330478009554e-05 0.02138578861617159 0.002639827479604591 -3.441382654052987
-2.5862524824026167e-06 0.02138578861617159 0.002639827479604591 0.33252210243662295
-5.4726890717576035e-05 0.02138578861617159 0.002639827479604591 0.33252210243662295
6.886573324727948e-05 0.02138578861617159 0.002639827479604591 0.33252210243662295
1.6725095012106056e-05 0.02138578861617159 0.002639827479604591 -0.044868373212338025
-2.6242653163175744e-05 0.02138578861617159 0.002639827479604591 0.33252210243662295
-1.610419572855869e-05 0.02138578861617159 0.002639827479604591 0.33252210243662295
-5.4726890717576035e-05 0.02138578861617159 0.002639827479604591 0.7099125780855838
0.0004715073285077853 0.02138578861617159 0.002639827479604591 0.7099125780855838
-5.66580254670269e-05 0.02138578861617159 0.002639827479604591 0.7099125780855838
-2.962213897471476e-05 0.02138578861617159 0.002639827479604591 0.33252210243662295
-5.66580254670269e-05 0.02138578861617159 0.002639827479604591 0.33252210243662295
-4.845070278186072e-05 0.02138578861617159 0.002639827479604591 -0.422258848861299
-5.569245809230147e-05 0.02138578861617159 0.002639827479604591 0.33252210243662295
-5.08646212186743e-05 0.02138578861617159 0.002639827479604591 0.33252210243662295
-4.169173115878268e-05 0.02138578861617159 0.002639827479604591 0.33252210243662295
