-5.4726890717576035e-05 0.02138578861617159 0.002639827479604591 0.33252210243662295
-4.941627015658615e-05 0.02138578861617159 0.002639827479604591 0.33252210243662295
-4.6036784345047134e-05 0.02138578861617159 0.002639827479604591 -0.044868373212338025
-5.231297228076245e-05 0.02138578861617159 0.002639827479604591 0.33252210243662295
-5.5209674404938754e-05 0.02138578861617159 0.002639827479604591 -0.422258848861299
-5.183018859339974e-05 0.02138578861617159 0.002639827479604591 0.33252210243662295
-5.183018859339974e-05 0.02138578861617159 0.002639827479604591 0.33252210243662295
-5.4726890717576035e-05 0.02138578861617159 0.002639827479604591 -3.441382654052987
-5.6175241779664184e-05 0.02138578861617159 0.002639827479604591 0.33252210243662295
-5.3278539655487886e-05 0.02138578861617159 0.002639827479604591 0.33252210243662295
-5.5209674404938754e-05 0.02138578861617159 0.002639827479604591 0.33252210243662295
-5.4726890717576035e-05 0.02138578861617159 0.002639827479604591 0.33252210243662295
-5.183018859339974e-05 0.02138578861617159 0.002639827479604591 0.33252210243662295
-4.4588433282958985e-05 0.02138578861617159 0.002639827479604591 -0.422258848861299
-5.231297228076245e-05 0.02138578861617159 0.002639827479604591 -0.422258848861299
-4.7002351719772564e-05 0.02138578861617159 0.002639827479604591 0.33252210243662295
-4.989905384394887e-05 0.02138578861617159 0.002639827479604591 0.33252210243662295
-5.08646212186743e-05 0.02138578861617159 0.002639827479604591 -0.422258848861299
-5.08646212186743e-05 0.02138578861617159 0.002639827479604591 0.33252210243662295
-4.169173115878268e-05 0.02138578861617159 0.002639827479604591 -3.441382654052987
-5.424410703021332e-05 0.02138578861617159 0.002639827479604591 0.33252210243662295
-4.989905384394887e-05 0.02138578861617159 0.002639827479604591 0.33252210243662295
-5.231297228076245e-05 0.02138578861617159 0.002639827479604591 0.33252210243662295
-5.038183753131159e-05 0.02138578861617159 0.002639827479604591 0.33252210243662295
-5.4726890717576035e-05 0.02138578861617159 0.002639827479604591 0.33252210243662295
-5.4726890717576035e-05 0.02138578861617159 0.002639827479604591 -0.044868373212338025
-5.569245809230147e-05 0.02138578861617159 0.002639827479604591 0.33252210243662295
-4.989905384394887e-05 0.02138578861617159 0.002639827479604591 -0.422258848861299
-5.424410703021332e-05 0.02138578861617159 0.002639827479604591 0.33252210243662295
-5.3278539655487886e-05 0.02138578861617159 0.002639827479604591 0.33252210243662295
-5.424410703021332e-05 0.02138578861617159 0.002639827479604591 -0.422258848861299
-5.4726890717576035e-05 0.02138578861617159 0.002639827479604591 0.33252210243662295
-4.651956803240985e-05 0.02138578861617159 0.002639827479604591 0.33252210243662295
-4.362286590823355e-05 0.02138578861617159 0.002639827479604591 0.33252210243662295
-5.134740490603702e-05 0.02138578861617159 0.002639827479604591 0.33252210243662295
-5.279575596812517e-05 0.02138578861617159 0.002639827479604591 0.33252210243662295
-5.231297228076245e-05 0.02138578861617159 0.002639827479604591 -3.441382654052987
-5.424410703021332e-05 0.02138578861617159 0.002639827479604591 -0.044868373212338025
-5.4726890717576035e-05 0.02138578861617159 0.002639827479604591 0.33252210243662295
-5.5209674404938754e-05 0.02138578861617159 0.002639827479604591 -0.422258848861299
-4.941627015658615e-05 0.02138578861617159 0.002639827479604591 0.33252210243662295
-1.417306097910782e-05 0.02138578861617159 0.002639827479604591 0.33252210243662295
-5.3761323342850605e-05 0.02138578861617159 0.002639827479604591 -0.422258848861299
-5.3278539655487886e-05 0.02138578861617159 0.002639827479604591 0.33252210243662295
-5.134740490603702e-05 0.02138578861617159 0.002639827479604591 0.33252210243662295
-3.4932759535704646e-05 0.02138578861617159 0.002639827479604591 0.33252210243662295
-4.4588433282958985e-05 0.02138578861617159 0.002639827479604591 0.33252210243662295
-4.5554000657684415e-05 0.02138578861617159 0.002639827479604591 -3.441382654052987
-5.08646212186743e-05 0.02138578861617159 0.002639827479604591 -0.044868373212338025
-5.424410703021332e-05 0.02138578861617159 0.002639827479604591 0.33252210243662295
-5.424410703021332e-05 0.02138578861617159 0.002639827479604591 -0.422258848861299
-5.3761323342850605e-05 0.02138578861617159 0.002639827479604591 0.33252210243662295
-5.4726890717576035e-05 0.02138578861617159 0.002639827479604591 0.33252210243662295
-2.672543685053846e-05 0.02138578861617159 0.002639827479604591 0.33252210243662295
-5.08646212186743e-05 0.02138578861617159 0.002639827479604591 0.33252210243662295
-4.989905384394887e-05 0.02138578861617159 0.002639827479604591 -0.422258848861299
-5.4726890717576035e-05 0.02138578861617159 0.002639827479604591 0.33252210243662295
-5.231297228076245e-05 0.02138578861617159 0.002639827479604591 0.33252210243662295
-4.989905384394887e-05 0.02138578861617159 0.002639827479604591 0.33252210243662295
-4.845070278186072e-05 0.02138578861617159 0.002639827479604591 -3.441382654052987
-5.038183753131159e-05 0.02138578861617159 0.002639827479604591 -0.044868373212338025
-5.424410703021332e-05 0.02138578861617159 0.002639827479604591 0.33252210243662295
-5.231297228076245e-05 0.02138578861617159 0.002639827479604591 -0.422258848861299
-4.941627015658615e-05 0.02138578861617159 0.002639827479604591 0.33252210243662295
-4.120894747141997e-05 0.02138578861617159 0.002639827479604591 0.33252210243662295
-4.265729853350812e-05 0.02138578861617159 0.002639827479604591 0.33252210243662295
-5.231297228076245e-05 0.02138578861617159 0.002639827479604591 0.33252210243662295
-4.845070278186072e-05 0.02138578861617159 0.002639827479604591 0.33252210243662295
-4.651956803240985e-05 0.02138578861617159 0.002639827479604591 0.33252210243662295
-5.08646212186743e-05 0.02138578861617159 0.002639827479604591 0.33252210243662295
-5.183018859339974e-05 0.02138578861617159 0.002639827479604591 0.33252210243662295
-5.279575596812517e-05 0.02138578861617159 0.002639827479604591 -3.441382654052987
-5.231297228076245e-05 0.02138578861617159 0.002639827479604591 -0.422258848861299
-5.3278539655487886e-05 0.02138578861617159 0.002639827479604591 -0.044868373212338025
-5.3761323342850605e-05 0.02138578861617159 0.002639827479604591 0.33252210243662295
-4.941627015658615e-05 0.02138578861617159 0.002639827479604591 -0.422258848861299
-5.279575596812517e-05 0.02138578861617159 0.002639827479604591 0.33252210243662295
-5.5209674404938754e-05 0.02138578861617159 0.002639827479604591 0.33252210243662295
-4.989905384394887e-05 0.02138578861617159 0.002639827479604591 0.33252210243662295
-5.5209674404938754e-05 0.02138578861617159 0.002639827479604591 0.33252210243662295
-5.231297228076245e-05 0.02138578861617159 0.002639827479604591 0.33252210243662295
-5.569245809230147e-05 0.02138578861617159 0.002639827479604591 0.33252210243662295
-5.3278539655487886e-05 0.02138578861617159 0.002639827479604591 0.33252210243662295
-5.424410703021332e-05 0.02138578861617159 0.002639827479604591 -3.441382654052987
-5.3761323342850605e-05 0.02138578861617159 0.002639827479604591 -0.422258848861299
-5.279575596812517e-05 0.02138578861617159 0.002639827479604591 -0.044868373212338025
-5.5209674404938754e-05 0.02138578861617159 0.002639827479604591 0.33252210243662295
-5.5209674404938754e-05 0.02138578861617159 0.002639827479604591 0.33252210243662295
-5.4726890717576035e-05 0.02138578861617159 0.002639827479604591 0.33252210243662295
-5.4726890717576035e-05 0.02138578861617159 0.002639827479604591 -0.422258848861299
-5.279575596812517e-05 0.02138578861617159 0.002639827479604591 0.33252210243662295
-5.5209674404938754e-05 0.02138578861617159 0.002639827479604591 0.33252210243662295
-5.3761323342850605e-05 0.02138578861617159 0.002639827479604591 0.33252210243662295
-5.4726890717576035e-05 0.02138578861617159 0.002639827479604591 0.33252210243662295
-5.5209674404938754e-05 0.02138578861617159 0.002639827479604591 0.33252210243662295
-5.3278539655487886e-05 0.02138578861617159 0.002639827479604591 -3.441382654052987
-5.569245809230147e-05 0.02138578861617159 0.002639827479604591 -0.422258848861299
-5.6175241779664184e-05 0.02138578861617159 0.002639827479604591 -0.044868373212338025
-5.4726890717576035e-05 0.02138578861617159 0.002639827479604591 0.33252210243662295
-5.5209674404938754e-05 0.02138578861617159 0.002639827479604591 0.33252210243662295
-5.231297228076245e-05 0.02138578861617159 0.002639827479604591 0.33252210243662295
-3.4932759535704646e-05 0.02138578861617159 0.002639827479604591 -0.422258848861299
-5.424410703021332e-05 0.02138578861617159 0.002639827479604591 0.33252210243662295
-5.4726890717576035e-05 0.02138578861617159 0.002639827479604591 0.33252210243662295
-5.66580254670269e-05 0.02138578861617159 0.002639827479604591 0.33252210243662295
-5.279575596812517e-05 0.02138578861617159 0.002639827479604591 0.33252210243662295
-5.424410703021332e-05 0.02138578861617159 0.002639827479604591 0.33252210243662295
-5.569245809230147e-05 0.02138578861617159 0.002639827479604591 0.33252210243662295
-5.5209674404938754e-05 0.02138578861617159 0.002639827479604591 -0.044868373212338025
-5.4726890717576035e-05 0.02138578861617159 0.002639827479604591 -0.422258848861299
-5.5209674404938754e-05 0.02138578861617159 0.002639827479604591 0.33252210243662295
-4.7967919094498e-05 0.02138578861617159 0.002639827479604591 0.33252210243662295
-5.08646212186743e-05 0.02138578861617159 0.002639827479604591 -0.422258848861299
-5.424410703021332e-05 0.02138578861617159 0.002639827479604591 0.33252210243662295
-5.134740490603702e-05 0.02138578861617159 0.002639827479604591 0.33252210243662295
-5.5209674404938754e-05 0.02138578861617159 0.002639827479604591 0.33252210243662295
-4.072616378405725e-05 0.02138578861617159 0.002639827479604591 0.33252210243662295
-5.279575596812517e-05 0.02138578861617159 0.002639827479604591 0.33252210243662295
-5.424410703021332e-05 0.02138578861617159 0.002639827479604591 0.33252210243662295
-5.038183753131159e-05 0.02138578861617159 0.002639827479604591 -3.441382654052987
-5.183018859339974e-05 0.02138578861617159 0.002639827479604591 -0.422258848861299
-5.231297228076245e-05 0.02138578861617159 0.002639827479604591 -0.044868373212338025
-5.3761323342850605e-05 0.02138578861617159 0.002639827479604591 0.33252210243662295
-5.569245809230147e-05 0.02138578861617159 0.002639827479604591 0.33252210243662295
-5.4726890717576035e-05 0.02138578861617159 0.002639827479604591 0.33252210243662295
-5.3761323342850605e-05 0.02138578861617159 0.002639827479604591 -0.422258848861299
-5.424410703021332e-05 0.02138578861617159 0.002639827479604591 0.33252210243662295
-4.5554000657684415e-05 0.02138578861617159 0.002639827479604591 0.33252210243662295
-4.21745148461454e-05 0.02138578861617159 0.002639827479604591 0.33252210243662295
-4.7967919094498e-05 0.02138578861617159 0.002639827479604591 0.33252210243662295
-5.4726890717576035e-05 0.02138578861617159 0.002639827479604591 0.33252210243662295
-4.7002351719772564e-05 0.02138578861617159 0.002639827479604591 -3.441382654052987
-5.4726890717576035e-05 0.02138578861617159 0.002639827479604591 -0.044868373212338025
-5.4726890717576035e-05 0.02138578861617159 0.002639827479604591 -0.422258848861299
-4.941627015658615e-05 0.02138578861617159 0.002639827479604591 0.33252210243662295
-4.7967919094498e-05 0.02138578861617159 0.002639827479604591 0.33252210243662295
-5.231297228076245e-05 0.02138578861617159 0.002639827479604591 -0.422258848861299
-5.66580254670269e-05 0.02138578861617159 0.002639827479604591 0.33252210243662295
-5.66580254670269e-05 0.02138578861617159 0.002639827479604591 0.33252210243662295
-5.3278539655487886e-05 0.02138578861617159 0.002639827479604591 0.33252210243662295
-5.3278539655487886e-05 0.02138578861617159 0.002639827479604591 0.33252210243662295
-5.134740490603702e-05 0.02138578861617159 0.002639827479604591 0.33252210243662295
-5.4726890717576035e-05 0.02138578861617159 0.002639827479604591 0.33252210243662295
-5.3278539655487886e-05 0.02138578861617159 0.002639827479604591 -3.441382654052987
-1.3690277291745103e-05 0.02138578861617159 0.002639827479604591 -0.422258848861299
-5.3761323342850605e-05 0.02138578861617159 0.002639827479604591 0.33252210243662295
-5.183018859339974e-05 0.02138578861617159 0.002639827479604591 0.33252210243662295
-5.3761323342850605e-05 0.02138578861617159 0.002639827479604591 -0.422258848861299
-4.7967919094498e-05 0.02138578861617159 0.002639827479604591 0.33252210243662295
-5.3278539655487886e-05 0.02138578861617159 0.002639827479604591 0.33252210243662295
-5.569245809230147e-05 0.02138578861617159 0.002639827479604591 0.33252210243662295
-5.6175241779664184e-05 0.02138578861617159 0.002639827479604591 -0.422258848861299
-5.4726890717576035e-05 0.02138578861617159 0.002639827479604591 0.33252210243662295
-5.5209674404938754e-05 0.02138578861617159 0.002639827479604591 0.33252210243662295
-5.183018859339974e-05 0.02138578861617159 0.002639827479604591 0.33252210243662295
-5.134740490603702e-05 0.02138578861617159 0.002639827479604591 -3.441382654052987
-5.5209674404938754e-05 0.02138578861617159 0.002639827479604591 -0.422258848861299
-5.424410703021332e-05 0.02138578861617159 0.002639827479604591 0.33252210243662295
-5.4726890717576035e-05 0.02138578861617159 0.002639827479604591 -0.044868373212338025
-5.424410703021332e-05 0.02138578861617159 0.002639827479604591 -0.422258848861299
-5.08646212186743e-05 0.02138578861617159 0.002639827479604591 0.33252210243662295
-5.134740490603702e-05 0.02138578861617159 0.002639827479604591 0.33252210243662295
-5.4726890717576035e-05 0.02138578861617159 0.002639827479604591 0.33252210243662295
-5.424410703021332e-05 0.02138578861617159 0.002639827479604591 0.33252210243662295
-5.279575596812517e-05 0.02138578861617159 0.002639827479604591 0.33252210243662295
-5.3761323342850605e-05 0.02138578861617159 0.002639827479604591 0.33252210243662295
-4.169173115878268e-05 0.02138578861617159 0.002639827479604591 -0.422258848861299
-5.183018859339974e-05 0.02138578861617159 0.002639827479604591 -3.441382654052987
-5.08646212186743e-05 0.02138578861617159 0.002639827479604591 0.33252210243662295
-5.3278539655487886e-05 0.02138578861617159 0.002639827479604591 0.33252210243662295
-5.038183753131159e-05 0.02138578861617159 0.002639827479604591 -0.422258848861299
-4.6036784345047134e-05 0.02138578861617159 0.002639827479604591 -0.044868373212338025
-5.183018859339974e-05 0.02138578861617159 0.002639827479604591 0.33252210243662295
-5.183018859339974e-05 0.02138578861617159 0.002639827479604591 0.33252210243662295
-5.3278539655487886e-05 0.02138578861617159 0.002639827479604591 0.33252210243662295
-5.3761323342850605e-05 0.02138578861617159 0.002639827479604591 0.33252210243662295
-5.424410703021332e-05 0.02138578861617159 0.002639827479604591 0.33252210243662295
-5.134740490603702e-05 0.02138578861617159 0.002639827479604591 0.33252210243662295
-5.424410703021332e-05 0.02138578861617159 0.002639827479604591 -0.422258848861299
-5.424410703021332e-05 0.02138578861617159 0.002639827479604591 0.33252210243662295
-5.5209674404938754e-05 0.02138578861617159 0.002639827479604591 -3.441382654052987
-5.134740490603702e-05 0.02138578861617159 0.002639827479604591 0.33252210243662295
-5.3761323342850605e-05 0.02138578861617159 0.002639827479604591 -0.422258848861299
-5.424410703021332e-05 0.02138578861617159 0.002639827479604591 -0.044868373212338025
-5.3761323342850605e-05 0.02138578861617159 0.002639827479604591 0.33252210243662295
-5.3761323342850605e-05 0.02138578861617159 0.002639827479604591 0.33252210243662295
-4.941627015658615e-05 0.02138578861617159 0.002639827479604591 0.33252210243662295
-5.183018859339974e-05 0.02138578861617159 0.002639827479604591 0.33252210243662295
-5.134740490603702e-05 0.02138578861617159 0.002639827479604591 0.33252210243662295
-8.379656730755219e-06 0.02138578861617159 0.002639827479604591 -0.422258848861299
-4.265729853350812e-05 0.02138578861617159 0.002639827479604591 0.33252210243662295
-4.989905384394887e-05 0.02138578861617159 0.002639827479604591 -0.422258848861299
-4.4105649595596266e-05 0.02138578861617159 0.002639827479604591 0.33252210243662295
-1.8518114165372273e-05 0.02138578861617159 0.002639827479604591 -3.441382654052987
-4.989905384394887e-05 0.02138578861617159 0.002639827479604591 -0.422258848861299
-5.279575596812517e-05 0.02138578861617159 0.002639827479604591 -0.044868373212338025
-5.183018859339974e-05 0.02138578861617159 0.002639827479604591 0.33252210243662295
-5.3278539655487886e-05 0.02138578861617159 0.002639827479604591 0.33252210243662295
-3.3484408473616497e-05 0.02138578861617159 0.002639827479604591 0.33252210243662295
-4.845070278186072e-05 0.02138578861617159 0.002639827479604591 0.33252210243662295
-4.941627015658615e-05 0.02138578861617159 0.002639827479604591 0.33252210243662295
-5.08646212186743e-05 0.02138578861617159 0.002639827479604591 0.33252210243662295
-5.424410703021332e-05 0.02138578861617159 0.002639827479604591 -0.422258848861299
-5.4726890717576035e-05 0.02138578861617159 0.002639827479604591 0.33252210243662295
-5.4726890717576035e-05 0.02138578861617159 0.002639827479604591 0.33252210243662295
-5.3761323342850605e-05 0.02138578861617159 0.002639827479604591 -3.441382654052987
-1.755254679064684e-05 0.02138578861617159 0.002639827479604591 -0.422258848861299
-5.3278539655487886e-05 0.02138578861617159 0.002639827479604591 -0.044868373212338025
-5.3761323342850605e-05 0.02138578861617159 0.002639827479604591 0.33252210243662295
-4.941627015658615e-05 0.02138578861617159 0.002639827479604591 0.33252210243662295
-5.424410703021332e-05 0.02138578861617159 0.002639827479604591 0.33252210243662295
-5.08646212186743e-05 0.02138578861617159 0.002639827479604591 0.33252210243662295
-5.279575596812517e-05 0.02138578861617159 0.002639827479604591 0.33252210243662295
-4.651956803240985e-05 0.02138578861617159 0.002639827479604591 0.33252210243662295
-5.3761323342850605e-05 0.02138578861617159 0.002639827479604591 -0.422258848861299
-5.5209674404938754e-05 0.02138578861617159 0.002639827479604591 -3.441382654052987
-5.4726890717576035e-05 0.02138578861617159 0.002639827479604591 0.33252210243662295
-4.845070278186072e-05 0.02138578861617159 0.002639827479604591 0.33252210243662295
-5.231297228076245e-05 0.02138578861617159 0.002639827479604591 -0.422258848861299
-5.6175241779664184e-05 0.02138578861617159 0.002639827479604591 0.33252210243662295
-5.279575596812517e-05 0.02138578861617159 0.002639827479604591 -0.422258848861299
-5.5209674404938754e-05 0.02138578861617159 0.002639827479604591 0.33252210243662295
-5.183018859339974e-05 0.02138578861617159 0.002639827479604591 0.33252210243662295
-5.3278539655487886e-05 0.02138578861617159 0.002639827479604591 0.33252210243662295
-5.3278539655487886e-05 0.02138578861617159 0.002639827479604591 0.33252210243662295
-5.3278539655487886e-05 0.02138578861617159 0.002639827479604591 0.33252210243662295
-5.08646212186743e-05 0.02138578861617159 0.002639827479604591 -0.422258848861299
-5.08646212186743e-05 0.02138578861617159 0.002639827479604591 0.33252210243662295
-5.424410703021332e-05 0.02138578861617159 0.002639827479604591 -3.441382654052987
-5.424410703021332e-05 0.02138578861617159 0.002639827479604591 -0.422258848861299
-5.4726890717576035e-05 0.02138578861617159 0.002639827479604591 -0.044868373212338025
-5.424410703021332e-05 0.02138578861617159 0.002639827479604591 0.33252210243662295
-5.424410703021332e-05 0.02138578861617159 0.002639827479604591 -0.422258848861299
-5.569245809230147e-05 0.02138578861617159 0.002639827479604591 0.33252210243662295
-4.989905384394887e-05 0.02138578861617159 0.002639827479604591 0.33252210243662295
-4.651956803240985e-05 0.02138578861617159 0.002639827479604591 0.33252210243662295
-5.4726890717576035e-05 0.02138578861617159 0.002639827479604591 0.33252210243662295
-4.5071216970321696e-05 0.02138578861617159 0.002639827479604591 0.33252210243662295
-4.893348646922343e-05 0.02138578861617159 0.002639827479604591 0.33252210243662295
-5.08646212186743e-05 0.02138578861617159 0.002639827479604591 -0.422258848861299
-4.362286590823355e-05 0.02138578861617159 0.002639827479604591 -3.441382654052987
-5.5209674404938754e-05 0.02138578861617159 0.002639827479604591 -0.044868373212338025
-5.4726890717576035e-05 0.02138578861617159 0.002639827479604591 0.33252210243662295
-5.3761323342850605e-05 0.02138578861617159 0.002639827479604591 -0.422258848861299
-5.08646212186743e-05 0.02138578861617159 0.002639827479604591 0.33252210243662295
-5.3761323342850605e-05 0.02138578861617159 0.002639827479604591 0.33252210243662295
-4.941627015658615e-05 0.02138578861617159 0.002639827479604591 0.33252210243662295
-5.3761323342850605e-05 0.02138578861617159 0.002639827479604591 0.33252210243662295
-5.3278539655487886e-05 0.02138578861617159 0.002639827479604591 0.33252210243662295
-5.08646212186743e-05 0.02138578861617159 0.002639827479604591 0.33252210243662295
-2.3828734726362158e-05 0.02138578861617159 0.002639827479604591 -0.422258848861299
-5.134740490603702e-05 0.02138578861617159 0.002639827479604591 0.33252210243662295
-4.3140082220870835e-05 0.02138578861617159 0.002639827479604591 -0.044868373212338025
-4.893348646922343e-05 0.02138578861617159 0.002639827479604591 -3.441382654052987
-5.183018859339974e-05 0.02138578861617159 0.002639827479604591 -0.044868373212338025
-2.044924891482314e-05 0.02138578861617159 0.002639827479604591 -0.422258848861299
-5.6175241779664184e-05 0.02138578861617159 0.002639827479604591 0.33252210243662295
-4.4588433282958985e-05 0.02138578861617159 0.002639827479604591 0.33252210243662295
-5.183018859339974e-05 0.02138578861617159 0.002639827479604591 0.33252210243662295
-4.169173115878268e-05 0.02138578861617159 0.002639827479604591 0.33252210243662295
-5.279575596812517e-05 0.02138578861617159 0.002639827479604591 0.33252210243662295
-5.134740490603702e-05 0.02138578861617159 0.002639827479604591 0.33252210243662295
-5.4726890717576035e-05 0.02138578861617159 0.002639827479604591 -0.422258848861299
-5.279575596812517e-05 0.02138578861617159 0.002639827479604591 0.33252210243662295
-5.424410703021332e-05 0.02138578861617159 0.002639827479604591 -3.441382654052987
-5.183018859339974e-05 0.02138578861617159 0.002639827479604591 -0.044868373212338025
-5.424410703021332e-05 0.02138578861617159 0.002639827479604591 0.33252210243662295
-5.424410703021332e-05 0.02138578861617159 0.002639827479604591 -0.422258848861299
-5.5209674404938754e-05 0.02138578861617159 0.002639827479604591 0.33252210243662295
-5.3761323342850605e-05 0.02138578861617159 0.002639827479604591 0.33252210243662295
-5.5209674404938754e-05 0.02138578861617159 0.002639827479604591 0.33252210243662295
-3.7829461659880944e-05 0.02138578861617159 0.002639827479604591 0.33252210243662295
-3.5898326910430076e-05 0.02138578861617159 0.002639827479604591 -0.422258848861299
-4.5554000657684415e-05 0.02138578861617159 0.002639827479604591 0.33252210243662295
-5.5209674404938754e-05 0.02138578861617159 0.002639827479604591 -0.422258848861299
-4.120894747141997e-05 0.02138578861617159 0.002639827479604591 -0.044868373212338025
-5.569245809230147e-05 0.02138578861617159 0.002639827479604591 -3.441382654052987
-3.444997584834193e-05 0.02138578861617159 0.002639827479604591 0.33252210243662295
-5.5209674404938754e-05 0.02138578861617159 0.002639827479604591 0.33252210243662295
-5.66580254670269e-05 0.02138578861617159 0.002639827479604591 -0.422258848861299
-5.3761323342850605e-05 0.02138578861617159 0.002639827479604591 0.33252210243662295
-5.3761323342850605e-05 0.02138578861617159 0.002639827479604591 0.33252210243662295
-5.3761323342850605e-05 0.02138578861617159 0.002639827479604591 0.33252210243662295
-5.3278539655487886e-05 0.02138578861617159 0.002639827479604591 0.33252210243662295
-5.569245809230147e-05 0.02138578861617159 0.002639827479604591 0.33252210243662295
-4.6036784345047134e-05 0.02138578861617159 0.002639827479604591 -0.422258848861299
-4.989905384394887e-05 0.02138578861617159 0.002639827479604591 0.33252210243662295
-4.5071216970321696e-05 0.02138578861617159 0.002639827479604591 0.33252210243662295
-5.4726890717576035e-05 0.02138578861617159 0.002639827479604591 -3.441382654052987
-5.5209674404938754e-05 0.02138578861617159 0.002639827479604591 -0.044868373212338025
-5.279575596812517e-05 0.02138578861617159 0.002639827479604591 -0.422258848861299
-5.3761323342850605e-05 0.02138578861617159 0.002639827479604591 0.33252210243662295
-5.3278539655487886e-05 0.02138578861617159 0.002639827479604591 0.33252210243662295
-5.183018859339974e-05 0.02138578861617159 0.002639827479604591 0.33252210243662295
-4.5554000657684415e-05 0.02138578861617159 0.002639827479604591 0.33252210243662295
-3.300162478625378e-05 0.02138578861617159 0.002639827479604591 0.33252210243662295
-5.5209674404938754e-05 0.02138578861617159 0.002639827479604591 0.33252210243662295
-5.134740490603702e-05 0.02138578861617159 0.002639827479604591 -0.422258848861299
-5.5209674404938754e-05 0.02138578861617159 0.002639827479604591 0.33252210243662295
-5.4726890717576035e-05 0.02138578861617159 0.002639827479604591 0.33252210243662295
-5.5209674404938754e-05 0.02138578861617159 0.002639827479604591 -3.441382654052987
-5.5209674404938754e-05 0.02138578861617159 0.002639827479604591 -0.044868373212338025
-5.5209674404938754e-05 0.02138578861617159 0.002639827479604591 -0.422258848861299
-5.5209674404938754e-05 0.02138578861617159 0.002639827479604591 0.33252210243662295
-5.3278539655487886e-05 0.02138578861617159 0.002639827479604591 0.33252210243662295
-5.183018859339974e-05 0.02138578861617159 0.002639827479604591 0.33252210243662295
-5.569245809230147e-05 0.02138578861617159 0.002639827479604591 0.33252210243662295
-5.5209674404938754e-05 0.02138578861617159 0.002639827479604591 0.33252210243662295
-4.893348646922343e-05 0.02138578861617159 0.002639827479604591 0.33252210243662295
-4.024338009669453e-05 0.02138578861617159 0.002639827479604591 0.33252210243662295
-5.66580254670269e-05 0.02138578861617159 0.002639827479604591 0.33252210243662295
-4.989905384394887e-05 0.02138578861617159 0.002639827479604591 -3.441382654052987
-5.3278539655487886e-05 0.02138578861617159 0.002639827479604591 -0.044868373212338025
-5.134740490603702e-05 0.02138578861617159 0.002639827479604591 -0.422258848861299
-5.134740490603702e-05 0.02138578861617159 0.002639827479604591 -0.422258848861299
-5.424410703021332e-05 0.02138578861617159 0.002639827479604591 0.33252210243662295
-5.4726890717576035e-05 0.02138578861617159 0.002639827479604591 0.33252210243662295
-5.3761323342850605e-05 0.02138578861617159 0.002639827479604591 0.33252210243662295
-5.569245809230147e-05 0.02138578861617159 0.002639827479604591 0.33252210243662295
-5.3278539655487886e-05 0.02138578861617159 0.002639827479604591 0.33252210243662295
-4.941627015658615e-05 0.02138578861617159 0.002639827479604591 0.33252210243662295
-4.893348646922343e-05 0.02138578861617159 0.002639827479604591 0.33252210243662295
-5.134740490603702e-05 0.02138578861617159 0.002639827479604591 -3.441382654052987
-5.038183753131159e-05 0.02138578861617159 0.002639827479604591 0.33252210243662295
-5.08646212186743e-05 0.02138578861617159 0.002639827479604591 -0.422258848861299
-5.038183753131159e-05 0.02138578861617159 0.002639827479604591 0.33252210243662295
-5.08646212186743e-05 0.02138578861617159 0.002639827479604591 0.33252210243662295
-5.4726890717576035e-05 0.02138578861617159 0.002639827479604591 -0.422258848861299
-5.4726890717576035e-05 0.02138578861617159 0.002639827479604591 0.33252210243662295
-3.7829461659880944e-05 0.02138578861617159 0.002639827479604591 0.33252210243662295
-4.5554000657684415e-05 0.02138578861617159 0.002639827479604591 0.33252210243662295
-2.6242653163175744e-05 0.02138578861617159 0.002639827479604591 0.33252210243662295
-5.5209674404938754e-05 0.02138578861617159 0.002639827479604591 0.33252210243662295
-4.7002351719772564e-05 0.02138578861617159 0.002639827479604591 0.33252210243662295
-4.5554000657684415e-05 0.02138578861617159 0.002639827479604591 -0.422258848861299
-5.6175241779664184e-05 0.02138578861617159 0.002639827479604591 -3.441382654052987
-5.3278539655487886e-05 0.02138578861617159 0.002639827479604591 0.33252210243662295
-5.569245809230147e-05 0.02138578861617159 0.002639827479604591 -0.422258848861299
-5.3278539655487886e-05 0.02138578861617159 0.002639827479604591 -0.422258848861299
-5.5209674404938754e-05 0.02138578861617159 0.002639827479604591 0.33252210243662295
-5.6175241779664184e-05 0.02138578861617159 0.002639827479604591 0.33252210243662295
-5.3761323342850605e-05 0.02138578861617159 0.002639827479604591 0.33252210243662295
-5.279575596812517e-05 0.02138578861617159 0.002639827479604591 0.33252210243662295
-5.4726890717576035e-05 0.02138578861617159 0.002639827479604591 0.33252210243662295
-5.424410703021332e-05 0.02138578861617159 0.002639827479604591 0.33252210243662295
-5.3278539655487886e-05 0.02138578861617159 0.002639827479604591 0.33252210243662295
-5.5209674404938754e-05 0.02138578861617159 0.002639827479604591 -0.422258848861299
-5.231297228076245e-05 0.02138578861617159 0.002639827479604591 -3.441382654052987
-5.231297228076245e-05 0.02138578861617159 0.002639827479604591 0.33252210243662295
-5.279575596812517e-05 0.02138578861617159 0.002639827479604591 -0.422258848861299
1.758800703861835e-06 0.02138578861617159 0.002639827479604591 0.33252210243662295
-5.569245809230147e-05 0.02138578861617159 0.002639827479604591 -0.044868373212338025
-5.424410703021332e-05 0.02138578861617159 0.002639827479604591 0.33252210243662295
-5.134740490603702e-05 0.02138578861617159 0.002639827479604591 0.33252210243662295
-4.5554000657684415e-05 0.02138578861617159 0.002639827479604591 0.33252210243662295
-4.5071216970321696e-05 0.02138578861617159 0.002639827479604591 0.33252210243662295
-4.6036784345047134e-05 0.02138578861617159 0.002639827479604591 0.33252210243662295
-5.5209674404938754e-05 0.02138578861617159 0.002639827479604591 0.33252210243662295
-5.3278539655487886e-05 0.02138578861617159 0.002639827479604591 -0.422258848861299
-5.038183753131159e-05 0.02138578861617159 0.002639827479604591 -3.441382654052987
-5.4726890717576035e-05 0.02138578861617159 0.002639827479604591 0.33252210243662295
-5.3761323342850605e-05 0.02138578861617159 0.002639827479604591 -0.422258848861299
-5.424410703021332e-05 0.02138578861617159 0.002639827479604591 -0.044868373212338025
-4.4105649595596266e-05 0.02138578861617159 0.002639827479604591 0.33252210243662295
-5.424410703021332e-05 0.02138578861617159 0.002639827479604591 0.33252210243662295
-4.7967919094498e-05 0.02138578861617159 0.002639827479604591 0.33252210243662295
-5.3278539655487886e-05 0.02138578861617159 0.002639827479604591 0.33252210243662295
-5.3761323342850605e-05 0.02138578861617159 0.002639827479604591 0.33252210243662295
-4.893348646922343e-05 0.02138578861617159 0.002639827479604591 0.33252210243662295
-5.279575596812517e-05 0.02138578861617159 0.002639827479604591 0.33252210243662295
-4.893348646922343e-05 0.02138578861617159 0.002639827479604591 -0.422258848861299
-5.4726890717576035e-05 0.02138578861617159 0.002639827479604591 -3.441382654052987
-5.569245809230147e-05 0.02138578861617159 0.002639827479604591 -0.422258848861299
-5.4726890717576035e-05 0.02138578861617159 0.002639827479604591 0.33252210243662295
-4.989905384394887e-05 0.02138578861617159 0.002639827479604591 -0.044868373212338025
-5.279575596812517e-05 0.02138578861617159 0.002639827479604591 0.33252210243662295
-5.4726890717576035e-05 0.02138578861617159 0.002639827479604591 0.33252210243662295
-5.424410703021332e-05 0.02138578861617159 0.002639827479604591 0.33252210243662295
-5.4726890717576035e-05 0.02138578861617159 0.002639827479604591 0.33252210243662295
-5.4726890717576035e-05 0.02138578861617159 0.002639827479604591 0.33252210243662295
-5.134740490603702e-05 0.02138578861617159 0.002639827479604591 0.33252210243662295
-5.5209674404938754e-05 0.02138578861617159 0.002639827479604591 0.33252210243662295
-4.072616378405725e-05 0.02138578861617159 0.002639827479604591 -3.441382654052987
-5.6175241779664184e-05 0.02138578861617159 0.002639827479604591 -0.422258848861299
-5.4726890717576035e-05 0.02138578861617159 0.002639827479604591 -0.422258848861299
-4.024338009669453e-05 0.02138578861617159 0.002639827479604591 -0.422258848861299
-2.479430210108759e-05 0.02138578861617159 0.002639827479604591 0.33252210243662295
-3.7829461659880944e-05 0.02138578861617159 0.002639827479604591 0.33252210243662295
-5.038183753131159e-05 0.02138578861617159 0.002639827479604591 -0.044868373212338025
-5.134740490603702e-05 0.02138578861617159 0.002639827479604591 0.33252210243662295
-5.231297228076245e-05 0.02138578861617159 0.002639827479604591 0.33252210243662295
-5.4726890717576035e-05 0.02138578861617159 0.002639827479604591 0.33252210243662295
-5.569245809230147e-05 0.02138578861617159 0.002639827479604591 0.33252210243662295
-5.5209674404938754e-05 0.02138578861617159 0.002639827479604591 0.33252210243662295
-5.424410703021332e-05 0.02138578861617159 0.002639827479604591 -0.422258848861299
-5.4726890717576035e-05 0.02138578861617159 0.002639827479604591 -3.441382654052987
-5.4726890717576035e-05 0.02138578861617159 0.002639827479604591 -0.422258848861299
-5.3761323342850605e-05 0.02138578861617159 0.002639827479604591 0.33252210243662295
-5.3278539655487886e-05 0.02138578861617159 0.002639827479604591 -0.044868373212338025
-5.231297228076245e-05 0.02138578861617159 0.002639827479604591 0.33252210243662295
-5.279575596812517e-05 0.02138578861617159 0.002639827479604591 0.33252210243662295
-7.414089356029785e-06 0.02138578861617159 0.002639827479604591 0.33252210243662295
-5.569245809230147e-05 0.02138578861617159 0.002639827479604591 0.33252210243662295
-5.038183753131159e-05 0.02138578861617159 0.002639827479604591 0.33252210243662295
-5.569245809230147e-05 0.02138578861617159 0.002639827479604591 -3.441382654052987
-4.941627015658615e-05 0.02138578861617159 0.002639827479604591 0.33252210243662295
-5.038183753131159e-05 0.02138578861617159 0.002639827479604591 0.33252210243662295
-3.976059640933181e-05 0.02138578861617159 0.002639827479604591 -0.422258848861299
-5.3278539655487886e-05 0.02138578861617159 0.002639827479604591 -0.422258848861299
-5.4726890717576035e-05 0.02138578861617159 0.002639827479604591 0.33252210243662295
-5.424410703021332e-05 0.02138578861617159 0.002639827479604591 -0.044868373212338025
-5.4726890717576035e-05 0.02138578861617159 0.002639827479604591 0.33252210243662295
-5.424410703021332e-05 0.02138578861617159 0.002639827479604591 0.33252210243662295
-5.4726890717576035e-05 0.02138578861617159 0.002639827479604591 0.33252210243662295
-5.3278539655487886e-05 0.02138578861617159 0.002639827479604591 0.33252210243662295
-5.424410703021332e-05 0.02138578861617159 0.002639827479604591 -3.441382654052987
-5.5209674404938754e-05 0.02138578861617159 0.002639827479604591 0.33252210243662295
-5.424410703021332e-05 0.02138578861617159 0.002639827479604591 0.33252210243662295
-5.569245809230147e-05 0.02138578861617159 0.002639827479604591 -0.422258848861299
-5.3278539655487886e-05 0.02138578861617159 0.002639827479604591 0.33252210243662295
-5.231297228076245e-05 0.02138578861617159 0.002639827479604591 -0.422258848861299
-4.169173115878268e-05 0.02138578861617159 0.002639827479604591 0.33252210243662295
-2.817378791262661e-05 0.02138578861617159 0.002639827479604591 -0.044868373212338025
-5.3761323342850605e-05 0.02138578861617159 0.002639827479604591 0.33252210243662295
-5.3761323342850605e-05 0.02138578861617159 0.002639827479604591 0.33252210243662295
-5.3278539655487886e-05 0.02138578861617159 0.002639827479604591 0.33252210243662295
-5.5209674404938754e-05 0.02138578861617159 0.002639827479604591 0.33252210243662295
-5.5209674404938754e-05 0.02138578861617159 0.002639827479604591 0.33252210243662295
-5.3278539655487886e-05 0.02138578861617159 0.002639827479604591 -3.441382654052987
-5.424410703021332e-05 0.02138578861617159 0.002639827479604591 -0.422258848861299
-5.4726890717576035e-05 0.02138578861617159 0.002639827479604591 0.33252210243662295
-5.038183753131159e-05 0.02138578861617159 0.002639827479604591 0.33252210243662295
-5.3761323342850605e-05 0.02138578861617159 0.002639827479604591 -0.422258848861299
-5.3761323342850605e-05 0.02138578861617159 0.002639827479604591 0.33252210243662295
-4.4105649595596266e-05 0.02138578861617159 0.002639827479604591 -0.044868373212338025
-4.024338009669453e-05 0.02138578861617159 0.002639827479604591 0.33252210243662295
-4.5554000657684415e-05 0.02138578861617159 0.002639827479604591 0.33252210243662295
-4.4588433282958985e-05 0.02138578861617159 0.002639827479604591 0.33252210243662295
-4.989905384394887e-05 0.02138578861617159 0.002639827479604591 0.33252210243662295
-5.183018859339974e-05 0.02138578861617159 0.002639827479604591 0.33252210243662295
-5.4726890717576035e-05 0.02138578861617159 0.002639827479604591 -3.441382654052987
-5.4726890717576035e-05 0.02138578861617159 0.002639827479604591 -0.422258848861299
-5.424410703021332e-05 0.02138578861617159 0.002639827479604591 0.33252210243662295
-5.3278539655487886e-05 0.02138578861617159 0.002639827479604591 0.33252210243662295
-5.3761323342850605e-05 0.02138578861617159 0.002639827479604591 -0.422258848861299
-4.7967919094498e-05 0.02138578861617159 0.002639827479604591 0.33252210243662295
-3.831224534724366e-05 0.02138578861617159 0.002639827479604591 0.33252210243662295
-5.3761323342850605e-05 0.02138578861617159 0.002639827479604591 0.33252210243662295
-5.279575596812517e-05 0.02138578861617159 0.002639827479604591 0.33252210243662295
-5.4726890717576035e-05 0.02138578861617159 0.002639827479604591 0.33252210243662295
-5.4726890717576035e-05 0.02138578861617159 0.002639827479604591 0.33252210243662295
-4.989905384394887e-05 0.02138578861617159 0.002639827479604591 0.33252210243662295
-5.038183753131159e-05 0.02138578861617159 0.002639827479604591 -3.441382654052987
-5.134740490603702e-05 0.02138578861617159 0.002639827479604591 -0.422258848861299
-1.3690277291745103e-05 0.02138578861617159 0.002639827479604591 0.33252210243662295
-5.3761323342850605e-05 0.02138578861617159 0.002639827479604591 0.33252210243662295
-5.4726890717576035e-05 0.02138578861617159 0.002639827479604591 -0.422258848861299
-5.3278539655487886e-05 0.02138578861617159 0.002639827479604591 0.33252210243662295
-5.038183753131159e-05 0.02138578861617159 0.002639827479604591 0.33252210243662295
-5.3761323342850605e-05 0.02138578861617159 0.002639827479604591 0.33252210243662295
-5.424410703021332e-05 0.02138578861617159 0.002639827479604591 0.33252210243662295
-5.5209674404938754e-05 0.02138578861617159 0.002639827479604591 0.33252210243662295
-5.3278539655487886e-05 0.02138578861617159 0.002639827479604591 -0.422258848861299
-5.231297228076245e-05 0.02138578861617159 0.002639827479604591 0.33252210243662295
-5.5209674404938754e-05 0.02138578861617159 0.002639827479604591 0.33252210243662295
-5.6175241779664184e-05 0.02138578861617159 0.002639827479604591 0.33252210243662295
-5.134740490603702e-05 0.02138578861617159 0.002639827479604591 -0.422258848861299
-5.3278539655487886e-05 0.02138578861617159 0.002639827479604591 -3.441382654052987
-4.845070278186072e-05 0.02138578861617159 0.002639827479604591 -0.044868373212338025
-5.4726890717576035e-05 0.02138578861617159 0.002639827479604591 0.33252210243662295
-5.231297228076245e-05 0.02138578861617159 0.002639827479604591 0.33252210243662295
-5.3278539655487886e-05 0.02138578861617159 0.002639827479604591 0.33252210243662295
-5.134740490603702e-05 0.02138578861617159 0.002639827479604591 0.33252210243662295
-5.6175241779664184e-05 0.02138578861617159 0.002639827479604591 0.33252210243662295
-5.183018859339974e-05 0.02138578861617159 0.002639827479604591 0.33252210243662295
-5.4726890717576035e-05 0.02138578861617159 0.002639827479604591 -0.422258848861299
-5.4726890717576035e-05 0.02138578861617159 0.002639827479604591 0.33252210243662295
-5.5209674404938754e-05 0.02138578861617159 0.002639827479604591 0.33252210243662295
-5.5209674404938754e-05 0.02138578861617159 0.002639827479604591 -0.422258848861299
-5.424410703021332e-05 0.02138578861617159 0.002639827479604591 -3.441382654052987
-5.3761323342850605e-05 0.02138578861617159 0.002639827479604591 -0.044868373212338025
-5.3761323342850605e-05 0.02138578861617159 0.002639827479604591 0.33252210243662295
-5.279575596812517e-05 0.02138578861617159 0.002639827479604591 0.33252210243662295
-2.672543685053846e-05 0.02138578861617159 0.002639827479604591 0.33252210243662295
-5.279575596812517e-05 0.02138578861617159 0.002639827479604591 0.33252210243662295
-4.651956803240985e-05 0.02138578861617159 0.002639827479604591 0.33252210243662295
-5.424410703021332e-05 0.02138578861617159 0.002639827479604591 0.33252210243662295
-5.4726890717576035e-05 0.02138578861617159 0.002639827479604591 -0.422258848861299
-5.3761323342850605e-05 0.02138578861617159 0.002639827479604591 0.33252210243662295
-5.231297228076245e-05 0.02138578861617159 0.002639827479604591 0.33252210243662295
-5.5209674404938754e-05 0.02138578861617159 0.002639827479604591 -0.422258848861299
-5.424410703021332e-05 0.02138578861617159 0.002639827479604591 -3.441382654052987
-5.5209674404938754e-05 0.02138578861617159 0.002639827479604591 -0.044868373212338025
-5.3278539655487886e-05 0.02138578861617159 0.002639827479604591 0.33252210243662295
-5.3761323342850605e-05 0.02138578861617159 0.002639827479604591 0.33252210243662295
-5.3278539655487886e-05 0.02138578861617159 0.002639827479604591 0.33252210243662295
-5.4726890717576035e-05 0.02138578861617159 0.002639827479604591 0.33252210243662295
-5.424410703021332e-05 0.02138578861617159 0.002639827479604591 0.33252210243662295
-5.08646212186743e-05 0.02138578861617159 0.002639827479604591 0.33252210243662295
-4.989905384394887e-05 0.02138578861617159 0.002639827479604591 -0.422258848861299
-5.231297228076245e-05 0.02138578861617159 0.002639827479604591 0.33252210243662295
-4.893348646922343e-05 0.02138578861617159 0.002639827479604591 0.33252210243662295
-3.879502903460638e-05 0.02138578861617159 0.002639827479604591 -0.422258848861299
-5.424410703021332e-05 0.02138578861617159 0.002639827479604591 -3.441382654052987
-5.6175241779664184e-05 0.02138578861617159 0.002639827479604591 -0.044868373212338025
-5.3278539655487886e-05 0.02138578861617159 0.002639827479604591 0.33252210243662295
-5.134740490603702e-05 0.02138578861617159 0.002639827479604591 0.33252210243662295
-5.4726890717576035e-05 0.02138578861617159 0.002639827479604591 0.33252210243662295
-5.4726890717576035e-05 0.02138578861617159 0.002639827479604591 0.33252210243662295
-5.5209674404938754e-05 0.02138578861617159 0.002639827479604591 0.33252210243662295
-5.5209674404938754e-05 0.02138578861617159 0.002639827479604591 0.33252210243662295
-5.5209674404938754e-05 0.02138578861617159 0.002639827479604591 -0.422258848861299
-5.4726890717576035e-05 0.02138578861617159 0.002639827479604591 0.33252210243662295
-5.4726890717576035e-05 0.02138578861617159 0.002639827479604591 0.33252210243662295
-5.6175241779664184e-05 0.02138578861617159 0.002639827479604591 -3.441382654052987
-5.4726890717576035e-05 0.02138578861617159 0.002639827479604591 -0.422258848861299
-5.3761323342850605e-05 0.02138578861617159 0.002639827479604591 -0.044868373212338025
-4.5071216970321696e-05 0.02138578861617159 0.002639827479604591 0.33252210243662295
-5.3278539655487886e-05 0.02138578861617159 0.002639827479604591 0.33252210243662295
-5.4726890717576035e-05 0.02138578861617159 0.002639827479604591 0.33252210243662295
-5.038183753131159e-05 0.02138578861617159 0.002639827479604591 0.33252210243662295
-5.3278539655487886e-05 0.02138578861617159 0.002639827479604591 0.33252210243662295
-5.424410703021332e-05 0.02138578861617159 0.002639827479604591 0.33252210243662295
-5.424410703021332e-05 0.02138578861617159 0.002639827479604591 -0.422258848861299
-5.4726890717576035e-05 0.02138578861617159 0.002639827479604591 0.33252210243662295
-5.183018859339974e-05 0.02138578861617159 0.002639827479604591 0.33252210243662295
-5.3278539655487886e-05 0.02138578861617159 0.002639827479604591 -3.441382654052987
-5.08646212186743e-05 0.02138578861617159 0.002639827479604591 -3.441382654052987
-4.6036784345047134e-05 0.02138578861617159 0.002639827479604591 0.33252210243662295
-3.831224534724366e-05 0.02138578861617159 0.002639827479604591 0.33252210243662295
-5.5209674404938754e-05 0.02138578861617159 0.002639827479604591 0.33252210243662295
-4.5071216970321696e-05 0.02138578861617159 0.002639827479604591 0.33252210243662295
-2.479430210108759e-05 0.02138578861617159 0.002639827479604591 0.33252210243662295
-4.120894747141997e-05 0.02138578861617159 0.002639827479604591 -0.044868373212338025
-5.4726890717576035e-05 0.02138578861617159 0.002639827479604591 -0.422258848861299
-9.82800779284337e-06 0.02138578861617159 0.002639827479604591 0.33252210243662295
-4.169173115878268e-05 0.02138578861617159 0.002639827479604591 -3.441382654052987
-5.6175241779664184e-05 0.02138578861617159 0.002639827479604591 -0.422258848861299
-5.569245809230147e-05 0.02138578861617159 0.002639827479604591 0.33252210243662295
-5.231297228076245e-05 0.02138578861617159 0.002639827479604591 -3.441382654052987
-5.038183753131159e-05 0.02138578861617159 0.002639827479604591 0.33252210243662295
-4.3140082220870835e-05 0.02138578861617159 0.002639827479604591 0.33252210243662295
-5.569245809230147e-05 0.02138578861617159 0.002639827479604591 0.33252210243662295
-5.183018859339974e-05 0.02138578861617159 0.002639827479604591 0.33252210243662295
-5.08646212186743e-05 0.02138578861617159 0.002639827479604591 0.33252210243662295
-4.893348646922343e-05 0.02138578861617159 0.002639827479604591 -0.422258848861299
-5.038183753131159e-05 0.02138578861617159 0.002639827479604591 -3.441382654052987
-5.5209674404938754e-05 0.02138578861617159 0.002639827479604591 -3.441382654052987
-5.424410703021332e-05 0.02138578861617159 0.002639827479604591 0.33252210243662295
-5.279575596812517e-05 0.02138578861617159 0.002639827479604591 -0.044868373212338025
-5.038183753131159e-05 0.02138578861617159 0.002639827479604591 -0.422258848861299
-4.989905384394887e-05 0.02138578861617159 0.002639827479604591 0.33252210243662295
-5.183018859339974e-05 0.02138578861617159 0.002639827479604591 0.33252210243662295
-5.3761323342850605e-05 0.02138578861617159 0.002639827479604591 0.33252210243662295
-5.279575596812517e-05 0.02138578861617159 0.002639827479604591 0.33252210243662295
-5.08646212186743e-05 0.02138578861617159 0.002639827479604591 0.33252210243662295
-4.989905384394887e-05 0.02138578861617159 0.002639827479604591 -0.422258848861299
-2.4311518413724876e-05 0.02138578861617159 0.002639827479604591 0.33252210243662295
-4.989905384394887e-05 0.02138578861617159 0.002639827479604591 0.33252210243662295
-3.4932759535704646e-05 0.02138578861617159 0.002639827479604591 -3.441382654052987
-5.3761323342850605e-05 0.02138578861617159 0.002639827479604591 0.33252210243662295
-5.4726890717576035e-05 0.02138578861617159 0.002639827479604591 -0.044868373212338025
-5.08646212186743e-05 0.02138578861617159 0.002639827479604591 -0.422258848861299
-5.5209674404938754e-05 0.02138578861617159 0.002639827479604591 0.33252210243662295
-5.424410703021332e-05 0.02138578861617159 0.002639827479604591 0.33252210243662295
-5.424410703021332e-05 0.02138578861617159 0.002639827479604591 0.33252210243662295
-3.831224534724366e-05 0.02138578861617159 0.002639827479604591 0.33252210243662295
-5.3761323342850605e-05 0.02138578861617159 0.002639827479604591 0.33252210243662295
-5.134740490603702e-05 0.02138578861617159 0.002639827479604591 0.33252210243662295
-5.231297228076245e-05 0.02138578861617159 0.002639827479604591 -0.422258848861299
-5.134740490603702e-05 0.02138578861617159 0.002639827479604591 0.33252210243662295
-5.6175241779664184e-05 0.02138578861617159 0.002639827479604591 0.33252210243662295
-4.989905384394887e-05 0.02138578861617159 0.002639827479604591 -3.441382654052987
-5.5209674404938754e-05 0.02138578861617159 0.002639827479604591 -0.044868373212338025
-5.279575596812517e-05 0.02138578861617159 0.002639827479604591 -0.422258848861299
-5.424410703021332e-05 0.02138578861617159 0.002639827479604591 0.33252210243662295
-5.424410703021332e-05 0.02138578861617159 0.002639827479604591 0.33252210243662295
-5.5209674404938754e-05 0.02138578861617159 0.002639827479604591 0.33252210243662295
-5.134740490603702e-05 0.02138578861617159 0.002639827479604591 0.33252210243662295
-4.5554000657684415e-05 0.02138578861617159 0.002639827479604591 0.33252210243662295
-5.038183753131159e-05 0.02138578861617159 0.002639827479604591 0.33252210243662295
-5.279575596812517e-05 0.02138578861617159 0.002639827479604591 0.33252210243662295
-3.92778127219691e-05 0.02138578861617159 0.002639827479604591 -3.441382654052987
-4.845070278186072e-05 0.02138578861617159 0.002639827479604591 0.33252210243662295
-5.4726890717576035e-05 0.02138578861617159 0.002639827479604591 -0.422258848861299
-4.120894747141997e-05 0.02138578861617159 0.002639827479604591 0.33252210243662295
-5.4726890717576035e-05 0.02138578861617159 0.002639827479604591 -0.044868373212338025
-5.3278539655487886e-05 0.02138578861617159 0.002639827479604591 0.33252210243662295
-4.845070278186072e-05 0.02138578861617159 0.002639827479604591 0.33252210243662295
-3.300162478625378e-05 0.02138578861617159 0.002639827479604591 0.33252210243662295
-2.5759869475813025e-05 0.02138578861617159 0.002639827479604591 0.33252210243662295
-5.3278539655487886e-05 0.02138578861617159 0.002639827479604591 -3.441382654052987
-5.4726890717576035e-05 0.02138578861617159 0.002639827479604591 -0.422258848861299
-5.6175241779664184e-05 0.02138578861617159 0.002639827479604591 0.33252210243662295
-4.893348646922343e-05 0.02138578861617159 0.002639827479604591 0.33252210243662295
-5.6175241779664184e-05 0.02138578861617159 0.002639827479604591 -3.441382654052987
-4.845070278186072e-05 0.02138578861617159 0.002639827479604591 0.33252210243662295
-5.183018859339974e-05 0.02138578861617159 0.002639827479604591 0.33252210243662295
-5.569245809230147e-05 0.02138578861617159 0.002639827479604591 0.33252210243662295
-5.569245809230147e-05 0.02138578861617159 0.002639827479604591 -0.044868373212338025
-5.3761323342850605e-05 0.02138578861617159 0.002639827479604591 0.33252210243662295
-4.651956803240985e-05 0.02138578861617159 0.002639827479604591 0.33252210243662295
-5.279575596812517e-05 0.02138578861617159 0.002639827479604591 0.33252210243662295
-4.893348646922343e-05 0.02138578861617159 0.002639827479604591 -0.422258848861299
-4.169173115878268e-05 0.02138578861617159 0.002639827479604591 0.33252210243662295
-4.989905384394887e-05 0.02138578861617159 0.002639827479604591 -0.422258848861299
-5.038183753131159e-05 0.02138578861617159 0.002639827479604591 -3.441382654052987
-4.7967919094498e-05 0.02138578861617159 0.002639827479604591 0.33252210243662295
-5.038183753131159e-05 0.02138578861617159 0.002639827479604591 0.33252210243662295
-5.231297228076245e-05 0.02138578861617159 0.002639827479604591 0.33252210243662295
-5.6175241779664184e-05 0.02138578861617159 0.002639827479604591 -0.044868373212338025
-5.279575596812517e-05 0.02138578861617159 0.002639827479604591 0.33252210243662295
-7.414089356029785e-06 0.02138578861617159 0.002639827479604591 0.33252210243662295
-5.6175241779664184e-05 0.02138578861617159 0.002639827479604591 0.33252210243662295
-4.989905384394887e-05 0.02138578861617159 0.002639827479604591 0.33252210243662295
-5.279575596812517e-05 0.02138578861617159 0.002639827479604591 0.33252210243662295
-5.183018859339974e-05 0.02138578861617159 0.002639827479604591 -0.422258848861299
-5.5209674404938754e-05 0.02138578861617159 0.002639827479604591 -0.422258848861299
-4.941627015658615e-05 0.02138578861617159 0.002639827479604591 -3.441382654052987
-5.279575596812517e-05 0.02138578861617159 0.002639827479604591 0.33252210243662295
-4.4588433282958985e-05 0.02138578861617159 0.002639827479604591 0.33252210243662295
-3.444997584834193e-05 0.02138578861617159 0.002639827479604591 0.33252210243662295
-5.569245809230147e-05 0.02138578861617159 0.002639827479604591 0.33252210243662295
-4.120894747141997e-05 0.02138578861617159 0.002639827479604591 -0.044868373212338025
-4.651956803240985e-05 0.02138578861617159 0.002639827479604591 0.33252210243662295
-5.569245809230147e-05 0.02138578861617159 0.002639827479604591 0.33252210243662295
-4.169173115878268e-05 0.02138578861617159 0.002639827479604591 -0.422258848861299
-3.4932759535704646e-05 0.02138578861617159 0.002639827479604591 -0.422258848861299
-5.424410703021332e-05 0.02138578861617159 0.002639827479604591 0.33252210243662295
-5.569245809230147e-05 0.02138578861617159 0.002639827479604591 -3.441382654052987
-5.3278539655487886e-05 0.02138578861617159 0.002639827479604591 -0.422258848861299
-5.183018859339974e-05 0.02138578861617159 0.002639827479604591 0.33252210243662295
-5.183018859339974e-05 0.02138578861617159 0.002639827479604591 0.33252210243662295
-4.748513540713528e-05 0.02138578861617159 0.002639827479604591 0.33252210243662295
-5.231297228076245e-05 0.02138578861617159 0.002639827479604591 0.33252210243662295
-5.183018859339974e-05 0.02138578861617159 0.002639827479604591 0.33252210243662295
-5.279575596812517e-05 0.02138578861617159 0.002639827479604591 0.33252210243662295
-5.424410703021332e-05 0.02138578861617159 0.002639827479604591 -0.044868373212338025
-5.183018859339974e-05 0.02138578861617159 0.002639827479604591 -0.422258848861299
-5.3761323342850605e-05 0.02138578861617159 0.002639827479604591 0.33252210243662295
-5.279575596812517e-05 0.02138578861617159 0.002639827479604591 -0.422258848861299
-5.424410703021332e-05 0.02138578861617159 0.002639827479604591 0.33252210243662295
-4.169173115878268e-05 0.02138578861617159 0.002639827479604591 -3.441382654052987
-5.569245809230147e-05 0.02138578861617159 0.002639827479604591 0.33252210243662295
-4.4588433282958985e-05 0.02138578861617159 0.002639827479604591 0.33252210243662295
-4.7967919094498e-05 0.02138578861617159 0.002639827479604591 0.33252210243662295
-5.4726890717576035e-05 0.02138578861617159 0.002639827479604591 0.33252210243662295
-5.424410703021332e-05 0.02138578861617159 0.002639827479604591 0.33252210243662295
-5.3761323342850605e-05 0.02138578861617159 0.002639827479604591 0.33252210243662295
-5.6175241779664184e-05 0.02138578861617159 0.002639827479604591 -0.422258848861299
-5.3761323342850605e-05 0.02138578861617159 0.002639827479604591 -0.044868373212338025
-5.424410703021332e-05 0.02138578861617159 0.002639827479604591 0.33252210243662295
-5.038183753131159e-05 0.02138578861617159 0.002639827479604591 -3.441382654052987
-4.024338009669453e-05 0.02138578861617159 0.002639827479604591 0.33252210243662295
-5.3761323342850605e-05 0.02138578861617159 0.002639827479604591 0.33252210243662295
-5.3278539655487886e-05 0.02138578861617159 0.002639827479604591 -0.422258848861299
-5.3761323342850605e-05 0.02138578861617159 0.002639827479604591 0.33252210243662295
2.4932417697272242e-05 0.02138578861617159 0.002639827479604591 0.33252210243662295
-5.6175241779664184e-05 0.02138578861617159 0.002639827479604591 0.33252210243662295
-5.3761323342850605e-05 0.02138578861617159 0.002639827479604591 0.33252210243662295
-4.21745148461454e-05 0.02138578861617159 0.002639827479604591 0.33252210243662295
-1.7069763103284124e-05 0.02138578861617159 0.002639827479604591 -0.044868373212338025
-5.231297228076245e-05 0.02138578861617159 0.002639827479604591 0.33252210243662295
-5.569245809230147e-05 0.02138578861617159 0.002639827479604591 -0.422258848861299
-5.3761323342850605e-05 0.02138578861617159 0.002639827479604591 0.33252210243662295
-5.279575596812517e-05 0.02138578861617159 0.002639827479604591 -3.441382654052987
-5.134740490603702e-05 0.02138578861617159 0.002639827479604591 0.33252210243662295
-4.651956803240985e-05 0.02138578861617159 0.002639827479604591 0.33252210243662295
-5.3278539655487886e-05 0.02138578861617159 0.002639827479604591 0.33252210243662295
-2.044924891482314e-05 0.02138578861617159 0.002639827479604591 0.33252210243662295
-5.5209674404938754e-05 0.02138578861617159 0.002639827479604591 0.33252210243662295
-4.5071216970321696e-05 0.02138578861617159 0.002639827479604591 0.33252210243662295
-3.879502903460638e-05 0.02138578861617159 0.002639827479604591 0.33252210243662295
-4.7967919094498e-05 0.02138578861617159 0.002639827479604591 0.33252210243662295
-5.424410703021332e-05 0.02138578861617159 0.002639827479604591 -0.422258848861299
-4.748513540713528e-05 0.02138578861617159 0.002639827479604591 0.33252210243662295
-5.038183753131159e-05 0.02138578861617159 0.002639827479604591 -3.441382654052987
-5.279575596812517e-05 0.02138578861617159 0.002639827479604591 -0.422258848861299
-5.231297228076245e-05 0.02138578861617159 0.002639827479604591 0.33252210243662295
-4.024338009669453e-05 0.02138578861617159 0.002639827479604591 0.33252210243662295
-4.4105649595596266e-05 0.02138578861617159 0.002639827479604591 0.33252210243662295
-5.08646212186743e-05 0.02138578861617159 0.002639827479604591 0.33252210243662295
-4.6036784345047134e-05 0.02138578861617159 0.002639827479604591 0.33252210243662295
-5.424410703021332e-05 0.02138578861617159 0.002639827479604591 0.33252210243662295
0.00012197193885717834 0.02138578861617159 0.002639827479604591 0.33252210243662295
-5.3761323342850605e-05 0.02138578861617159 0.002639827479604591 -0.044868373212338025
-5.183018859339974e-05 0.02138578861617159 0.002639827479604591 -3.441382654052987
-5.279575596812517e-05 0.02138578861617159 0.002639827479604591 -0.422258848861299
-5.134740490603702e-05 0.02138578861617159 0.002639827479604591 -0.422258848861299
-5.3278539655487886e-05 0.02138578861617159 0.002639827479604591 0.33252210243662295
-5.038183753131159e-05 0.02138578861617159 0.002639827479604591 0.33252210243662295
-2.817378791262661e-05 0.02138578861617159 0.002639827479604591 0.33252210243662295
-4.4105649595596266e-05 0.02138578861617159 0.002639827479604591 0.33252210243662295
-4.893348646922343e-05 0.02138578861617159 0.002639827479604591 0.33252210243662295
-3.155327372416563e-05 0.02138578861617159 0.002639827479604591 0.33252210243662295
-4.748513540713528e-05 0.02138578861617159 0.002639827479604591 0.33252210243662295
-5.5209674404938754e-05 0.02138578861617159 0.002639827479604591 -3.441382654052987
-5.424410703021332e-05 0.02138578861617159 0.002639827479604591 -0.422258848861299
-5.5209674404938754e-05 0.02138578861617159 0.002639827479604591 0.33252210243662295
-5.231297228076245e-05 0.02138578861617159 0.002639827479604591 -0.044868373212338025
-5.5209674404938754e-05 0.02138578861617159 0.002639827479604591 0.33252210243662295
-5.4726890717576035e-05 0.02138578861617159 0.002639827479604591 -0.422258848861299
-4.651956803240985e-05 0.02138578861617159 0.002639827479604591 0.33252210243662295
-5.183018859339974e-05 0.02138578861617159 0.002639827479604591 0.33252210243662295
-5.183018859339974e-05 0.02138578861617159 0.002639827479604591 0.33252210243662295
-5.038183753131159e-05 0.02138578861617159 0.002639827479604591 0.33252210243662295
-5.3278539655487886e-05 0.02138578861617159 0.002639827479604591 0.33252210243662295
-5.183018859339974e-05 0.02138578861617159 0.002639827479604591 -0.422258848861299
-4.7967919094498e-05 0.02138578861617159 0.002639827479604591 0.33252210243662295
-5.183018859339974e-05 0.02138578861617159 0.002639827479604591 -0.044868373212338025
-5.231297228076245e-05 0.02138578861617159 0.002639827479604591 0.33252210243662295
-5.3761323342850605e-05 0.02138578861617159 0.002639827479604591 -0.422258848861299
-5.183018859339974e-05 0.02138578861617159 0.002639827479604591 -3.441382654052987
-5.6175241779664184e-05 0.02138578861617159 0.002639827479604591 0.33252210243662295
-5.134740490603702e-05 0.02138578861617159 0.002639827479604591 0.33252210243662295
-4.6036784345047134e-05 0.02138578861617159 0.002639827479604591 0.33252210243662295
-2.3345951038999442e-05 0.02138578861617159 0.002639827479604591 0.33252210243662295
-5.08646212186743e-05 0.02138578861617159 0.002639827479604591 -0.422258848861299
-5.3761323342850605e-05 0.02138578861617159 0.002639827479604591 0.33252210243662295
-5.5209674404938754e-05 0.02138578861617159 0.002639827479604591 -0.422258848861299
-5.3761323342850605e-05 0.02138578861617159 0.002639827479604591 0.33252210243662295
-5.4726890717576035e-05 0.02138578861617159 0.002639827479604591 -0.044868373212338025
-5.3761323342850605e-05 0.02138578861617159 0.002639827479604591 0.33252210243662295
-5.279575596812517e-05 0.02138578861617159 0.002639827479604591 -0.422258848861299
-4.748513540713528e-05 0.02138578861617159 0.002639827479604591 -3.441382654052987
-5.4726890717576035e-05 0.02138578861617159 0.002639827479604591 0.33252210243662295
-5.4726890717576035e-05 0.02138578861617159 0.002639827479604591 0.33252210243662295
-5.231297228076245e-05 0.02138578861617159 0.002639827479604591 0.33252210243662295
-5.183018859339974e-05 0.02138578861617159 0.002639827479604591 0.33252210243662295
-5.424410703021332e-05 0.02138578861617159 0.002639827479604591 0.33252210243662295
-5.183018859339974e-05 0.02138578861617159 0.002639827479604591 -0.422258848861299
-3.6863894285155513e-05 0.02138578861617159 0.002639827479604591 -0.422258848861299
-5.231297228076245e-05 0.02138578861617159 0.002639827479604591 0.33252210243662295
-5.279575596812517e-05 0.02138578861617159 0.002639827479604591 -0.044868373212338025
-4.989905384394887e-05 0.02138578861617159 0.002639827479604591 0.33252210243662295
-5.231297228076245e-05 0.02138578861617159 0.002639827479604591 -0.422258848861299
-3.879502903460638e-05 0.02138578861617159 0.002639827479604591 -3.441382654052987
-5.08646212186743e-05 0.02138578861617159 0.002639827479604591 0.33252210243662295
-5.231297228076245e-05 0.02138578861617159 0.002639827479604591 0.33252210243662295
-5.231297228076245e-05 0.02138578861617159 0.002639827479604591 0.33252210243662295
-5.3761323342850605e-05 0.02138578861617159 0.002639827479604591 0.33252210243662295
-5.183018859339974e-05 0.02138578861617159 0.002639827479604591 0.33252210243662295
-3.879502903460638e-05 0.02138578861617159 0.002639827479604591 0.33252210243662295
-5.038183753131159e-05 0.02138578861617159 0.002639827479604591 -0.422258848861299
-5.231297228076245e-05 0.02138578861617159 0.002639827479604591 0.33252210243662295
-2.7208220537901175e-05 0.02138578861617159 0.002639827479604591 -0.044868373212338025
-5.3278539655487886e-05 0.02138578861617159 0.002639827479604591 -0.422258848861299
-4.21745148461454e-05 0.02138578861617159 0.002639827479604591 0.33252210243662295
-5.3761323342850605e-05 0.02138578861617159 0.002639827479604591 -3.441382654052987
-5.279575596812517e-05 0.02138578861617159 0.002639827479604591 0.33252210243662295
-5.279575596812517e-05 0.02138578861617159 0.002639827479604591 0.33252210243662295
-5.231297228076245e-05 0.02138578861617159 0.002639827479604591 0.33252210243662295
-5.4726890717576035e-05 0.02138578861617159 0.002639827479604591 0.33252210243662295
-5.183018859339974e-05 0.02138578861617159 0.002639827479604591 -0.422258848861299
-5.279575596812517e-05 0.02138578861617159 0.002639827479604591 0.33252210243662295
-4.989905384394887e-05 0.02138578861617159 0.002639827479604591 0.33252210243662295
-5.183018859339974e-05 0.02138578861617159 0.002639827479604591 -0.044868373212338025
-5.5209674404938754e-05 0.02138578861617159 0.002639827479604591 0.33252210243662295
-5.08646212186743e-05 0.02138578861617159 0.002639827479604591 -0.422258848861299
-4.3140082220870835e-05 0.02138578861617159 0.002639827479604591 0.33252210243662295
-5.66580254670269e-05 0.02138578861617159 0.002639827479604591 0.33252210243662295
-5.569245809230147e-05 0.02138578861617159 0.002639827479604591 0.33252210243662295
-5.66580254670269e-05 0.02138578861617159 0.002639827479604591 -3.441382654052987
-5.4726890717576035e-05 0.02138578861617159 0.002639827479604591 0.33252210243662295
-5.424410703021332e-05 0.02138578861617159 0.002639827479604591 -0.422258848861299
-5.183018859339974e-05 0.02138578861617159 0.002639827479604591 0.33252210243662295
-5.3761323342850605e-05 0.02138578861617159 0.002639827479604591 0.33252210243662295
-2.1414816289548575e-05 0.02138578861617159 0.002639827479604591 0.33252210243662295
-5.5209674404938754e-05 0.02138578861617159 0.002639827479604591 -0.044868373212338025
-4.941627015658615e-05 0.02138578861617159 0.002639827479604591 0.33252210243662295
-6.931305668667069e-06 0.02138578861617159 0.002639827479604591 -0.422258848861299
-1.9483681540097707e-05 0.02138578861617159 0.002639827479604591 0.33252210243662295
-5.3278539655487886e-05 0.02138578861617159 0.002639827479604591 -0.422258848861299
-4.265729853350812e-05 0.02138578861617159 0.002639827479604591 0.33252210243662295
-3.92778127219691e-05 0.02138578861617159 0.002639827479604591 0.33252210243662295
-3.976059640933181e-05 0.02138578861617159 0.002639827479604591 -0.422258848861299
-5.6175241779664184e-05 0.02138578861617159 0.002639827479604591 -3.441382654052987
-3.92778127219691e-05 0.02138578861617159 0.002639827479604591 0.33252210243662295
-4.893348646922343e-05 0.02138578861617159 0.002639827479604591 0.33252210243662295
-5.183018859339974e-05 0.02138578861617159 0.002639827479604591 0.33252210243662295
-4.265729853350812e-05 0.02138578861617159 0.002639827479604591 -0.044868373212338025
-5.231297228076245e-05 0.02138578861617159 0.002639827479604591 0.33252210243662295
-4.21745148461454e-05 0.02138578861617159 0.002639827479604591 0.33252210243662295
-4.265729853350812e-05 0.02138578861617159 0.002639827479604591 -0.422258848861299
-5.279575596812517e-05 0.02138578861617159 0.002639827479604591 0.33252210243662295
-5.424410703021332e-05 0.02138578861617159 0.002639827479604591 0.33252210243662295
-5.4726890717576035e-05 0.02138578861617159 0.002639827479604591 -3.441382654052987
-4.4588433282958985e-05 0.02138578861617159 0.002639827479604591 0.33252210243662295
-4.4105649595596266e-05 0.02138578861617159 0.002639827479604591 0.33252210243662295
-4.6036784345047134e-05 0.02138578861617159 0.002639827479604591 -0.422258848861299
-4.989905384394887e-05 0.02138578861617159 0.002639827479604591 -0.422258848861299
-4.941627015658615e-05 0.02138578861617159 0.002639827479604591 0.33252210243662295
-5.6175241779664184e-05 0.02138578861617159 0.002639827479604591 -0.422258848861299
-5.66580254670269e-05 0.02138578861617159 0.002639827479604591 0.33252210243662295
-4.5554000657684415e-05 0.02138578861617159 0.002639827479604591 0.33252210243662295
-5.4726890717576035e-05 0.02138578861617159 0.002639827479604591 0.7099125780855838
-2.6242653163175744e-05 0.02138578861617159 0.002639827479604591 -0.044868373212338025
-5.08646212186743e-05 0.02138578861617159 0.002639827479604591 -3.441382654052987
-5.038183753131159e-05 0.02138578861617159 0.002639827479604591 0.33252210243662295
-5.279575596812517e-05 0.02138578861617159 0.002639827479604591 0.33252210243662295
-5.279575596812517e-05 0.02138578861617159 0.002639827479604591 0.33252210243662295
-4.7967919094498e-05 0.02138578861617159 0.002639827479604591 -0.422258848861299
-5.3761323342850605e-05 0.02138578861617159 0.002639827479604591 0.33252210243662295
-4.893348646922343e-05 0.02138578861617159 0.002639827479604591 -0.422258848861299
-5.3761323342850605e-05 0.02138578861617159 0.002639827479604591 -0.044868373212338025
-5.5209674404938754e-05 0.02138578861617159 0.002639827479604591 0.33252210243662295
-5.3761323342850605e-05 0.02138578861617159 0.002639827479604591 0.33252210243662295
-5.424410703021332e-05 0.02138578861617159 0.002639827479604591 0.33252210243662295
-5.183018859339974e-05 0.02138578861617159 0.002639827479604591 0.33252210243662295
-2.479430210108759e-05 0.02138578861617159 0.002639827479604591 -3.441382654052987
4.172719140675419e-06 0.02138578861617159 0.002639827479604591 0.33252210243662295
-5.279575596812517e-05 0.02138578861617159 0.002639827479604591 0.33252210243662295
-5.4726890717576035e-05 0.02138578861617159 0.002639827479604591 -0.422258848861299
-5.3278539655487886e-05 0.02138578861617159 0.002639827479604591 0.33252210243662295
-5.4726890717576035e-05 0.02138578861617159 0.002639827479604591 0.33252210243662295
-5.4726890717576035e-05 0.02138578861617159 0.002639827479604591 -0.422258848861299
-5.5209674404938754e-05 0.02138578861617159 0.002639827479604591 0.33252210243662295
-5.424410703021332e-05 0.02138578861617159 0.002639827479604591 -0.044868373212338025
-5.279575596812517e-05 0.02138578861617159 0.002639827479604591 0.33252210243662295
-5.5209674404938754e-05 0.02138578861617159 0.002639827479604591 0.33252210243662295
-5.231297228076245e-05 0.02138578861617159 0.002639827479604591 -0.422258848861299
-4.941627015658615e-05 0.02138578861617159 0.002639827479604591 0.33252210243662295
-5.5209674404938754e-05 0.02138578861617159 0.002639827479604591 0.33252210243662295
-4.989905384394887e-05 0.02138578861617159 0.002639827479604591 0.33252210243662295
-5.038183753131159e-05 0.02138578861617159 0.002639827479604591 -3.441382654052987
-5.08646212186743e-05 0.02138578861617159 0.002639827479604591 0.33252210243662295
-4.3140082220870835e-05 0.02138578861617159 0.002639827479604591 0.33252210243662295
-3.831224534724366e-05 0.02138578861617159 0.002639827479604591 -0.422258848861299
-5.569245809230147e-05 0.02138578861617159 0.002639827479604591 -0.044868373212338025
-4.5554000657684415e-05 0.02138578861617159 0.002639827479604591 -0.044868373212338025
-3.3967192160979215e-05 0.02138578861617159 0.002639827479604591 0.33252210243662295
-5.424410703021332e-05 0.02138578861617159 0.002639827479604591 0.33252210243662295
-5.4726890717576035e-05 0.02138578861617159 0.002639827479604591 -0.422258848861299
2.5897985071997676e-05 0.02138578861617159 0.002639827479604591 0.7099125780855838
-5.4726890717576035e-05 0.02138578861617159 0.002639827479604591 -3.441382654052987
-5.231297228076245e-05 0.02138578861617159 0.002639827479604591 0.33252210243662295
-4.845070278186072e-05 0.02138578861617159 0.002639827479604591 0.33252210243662295
-5.3278539655487886e-05 0.02138578861617159 0.002639827479604591 0.33252210243662295
-4.989905384394887e-05 0.02138578861617159 0.002639827479604591 -0.422258848861299
-5.279575596812517e-05 0.02138578861617159 0.002639827479604591 0.33252210243662295
-5.4726890717576035e-05 0.02138578861617159 0.002639827479604591 -0.044868373212338025
-4.5071216970321696e-05 0.02138578861617159 0.002639827479604591 -0.044868373212338025
-2.7691004225263893e-05 0.02138578861617159 0.002639827479604591 0.33252210243662295
-4.989905384394887e-05 0.02138578861617159 0.002639827479604591 0.33252210243662295
-5.5209674404938754e-05 0.02138578861617159 0.002639827479604591 -3.441382654052987
-5.569245809230147e-05 0.02138578861617159 0.002639827479604591 -0.422258848861299
-4.989905384394887e-05 0.02138578861617159 0.002639827479604591 0.33252210243662295
-5.3761323342850605e-05 0.02138578861617159 0.002639827479604591 0.33252210243662295
-5.424410703021332e-05 0.02138578861617159 0.002639827479604591 0.33252210243662295
-5.4726890717576035e-05 0.02138578861617159 0.002639827479604591 0.33252210243662295
-5.3761323342850605e-05 0.02138578861617159 0.002639827479604591 0.33252210243662295
-5.5209674404938754e-05 0.02138578861617159 0.002639827479604591 0.33252210243662295
-5.038183753131159e-05 0.02138578861617159 0.002639827479604591 0.33252210243662295
-5.08646212186743e-05 0.02138578861617159 0.002639827479604591 -0.422258848861299
-5.4726890717576035e-05 0.02138578861617159 0.002639827479604591 -3.441382654052987
5.631335737584884e-05 0.02138578861617159 0.002639827479604591 -0.044868373212338025
0.00014031771897696156 0.02138578861617159 0.002639827479604591 -0.422258848861299
-3.4932759535704646e-05 0.02138578861617159 0.002639827479604591 0.33252210243662295
-2.527708578845031e-05 0.02138578861617159 0.002639827479604591 0.33252210243662295
-1.1759142542294237e-05 0.02138578861617159 0.002639827479604591 0.33252210243662295
-4.941627015658615e-05 0.02138578861617159 0.002639827479604591 0.33252210243662295
-5.183018859339974e-05 0.02138578861617159 0.002639827479604591 0.33252210243662295
-1.0310791480206087e-05 0.02138578861617159 0.002639827479604591 0.33252210243662295
-5.569245809230147e-05 0.02138578861617159 0.002639827479604591 0.33252210243662295
-4.21745148461454e-05 0.02138578861617159 0.002639827479604591 0.7099125780855838
-5.3761323342850605e-05 0.02138578861617159 0.002639827479604591 0.7099125780855838
-5.424410703021332e-05 0.02138578861617159 0.002639827479604591 -3.441382654052987
-5.231297228076245e-05 0.02138578861617159 0.002639827479604591 0.33252210243662295
-5.3761323342850605e-05 0.02138578861617159 0.002639827479604591 0.33252210243662295
-5.279575596812517e-05 0.02138578861617159 0.002639827479604591 0.33252210243662295
-5.038183753131159e-05 0.02138578861617159 0.002639827479604591 0.33252210243662295
-5.183018859339974e-05 0.02138578861617159 0.002639827479604591 -0.044868373212338025
-5.279575596812517e-05 0.02138578861617159 0.002639827479604591 0.33252210243662295
-5.4726890717576035e-05 0.02138578861617159 0.002639827479604591 -0.422258848861299
-5.183018859339974e-05 0.02138578861617159 0.002639827479604591 0.33252210243662295
-5.3278539655487886e-05 0.02138578861617159 0.002639827479604591 0.33252210243662295
-5.183018859339974e-05 0.02138578861617159 0.002639827479604591 0.33252210243662295
-5.5209674404938754e-05 0.02138578861617159 0.002639827479604591 -0.422258848861299
-5.183018859339974e-05 0.02138578861617159 0.002639827479604591 -3.441382654052987
-5.424410703021332e-05 0.02138578861617159 0.002639827479604591 0.33252210243662295
-5.4726890717576035e-05 0.02138578861617159 0.002639827479604591 0.33252210243662295
-5.08646212186743e-05 0.02138578861617159 0.002639827479604591 0.33252210243662295
-5.424410703021332e-05 0.02138578861617159 0.002639827479604591 0.33252210243662295
-5.424410703021332e-05 0.02138578861617159 0.002639827479604591 -0.044868373212338025
-5.5209674404938754e-05 0.02138578861617159 0.002639827479604591 0.33252210243662295
-5.183018859339974e-05 0.02138578861617159 0.002639827479604591 -0.422258848861299
-5.6175241779664184e-05 0.02138578861617159 0.002639827479604591 0.33252210243662295
-4.7967919094498e-05 0.02138578861617159 0.002639827479604591 0.33252210243662295
-3.300162478625378e-05 0.02138578861617159 0.002639827479604591 -0.422258848861299
-5.4726890717576035e-05 0.02138578861617159 0.002639827479604591 0.33252210243662295
-5.134740490603702e-05 0.02138578861617159 0.002639827479604591 -3.441382654052987
-5.279575596812517e-05 0.02138578861617159 0.002639827479604591 0.33252210243662295
-4.748513540713528e-05 0.02138578861617159 0.002639827479604591 0.33252210243662295
-5.3761323342850605e-05 0.02138578861617159 0.002639827479604591 0.33252210243662295
-4.748513540713528e-05 0.02138578861617159 0.002639827479604591 -0.044868373212338025
-5.134740490603702e-05 0.02138578861617159 0.002639827479604591 0.33252210243662295
-3.5415543223067364e-05 0.02138578861617159 0.002639827479604591 0.33252210243662295
-3.6863894285155513e-05 0.02138578861617159 0.002639827479604591 0.7099125780855838
-3.107049003680291e-05 0.02138578861617159 0.002639827479604591 0.33252210243662295
-5.279575596812517e-05 0.02138578861617159 0.002639827479604591 0.33252210243662295
-4.989905384394887e-05 0.02138578861617159 0.002639827479604591 0.33252210243662295
-5.3761323342850605e-05 0.02138578861617159 0.002639827479604591 -0.422258848861299
-5.569245809230147e-05 0.02138578861617159 0.002639827479604591 0.33252210243662295
-5.3278539655487886e-05 0.02138578861617159 0.002639827479604591 0.33252210243662295
-5.3761323342850605e-05 0.02138578861617159 0.002639827479604591 -3.441382654052987
-5.3761323342850605e-05 0.02138578861617159 0.002639827479604591 0.33252210243662295
-5.3761323342850605e-05 0.02138578861617159 0.002639827479604591 -0.044868373212338025
-5.3278539655487886e-05 0.02138578861617159 0.002639827479604591 0.33252210243662295
-5.424410703021332e-05 0.02138578861617159 0.002639827479604591 0.33252210243662295
-5.279575596812517e-05 0.02138578861617159 0.002639827479604591 -0.422258848861299
-4.21745148461454e-05 0.02138578861617159 0.002639827479604591 0.33252210243662295
-4.845070278186072e-05 0.02138578861617159 0.002639827479604591 0.7099125780855838
-4.941627015658615e-05 0.02138578861617159 0.002639827479604591 0.33252210243662295
-5.3761323342850605e-05 0.02138578861617159 0.002639827479604591 -3.441382654052987
-5.424410703021332e-05 0.02138578861617159 0.002639827479604591 -0.422258848861299
-5.3761323342850605e-05 0.02138578861617159 0.002639827479604591 0.33252210243662295
-5.134740490603702e-05 0.02138578861617159 0.002639827479604591 0.33252210243662295
-5.3278539655487886e-05 0.02138578861617159 0.002639827479604591 0.33252210243662295
-5.08646212186743e-05 0.02138578861617159 0.002639827479604591 -0.044868373212338025
-5.4726890717576035e-05 0.02138578861617159 0.002639827479604591 0.33252210243662295
-5.3278539655487886e-05 0.02138578861617159 0.002639827479604591 0.7099125780855838
-5.08646212186743e-05 0.02138578861617159 0.002639827479604591 0.33252210243662295
-4.989905384394887e-05 0.02138578861617159 0.002639827479604591 -0.422258848861299
-5.3278539655487886e-05 0.02138578861617159 0.002639827479604591 0.33252210243662295
-5.569245809230147e-05 0.02138578861617159 0.002639827479604591 0.7099125780855838
-4.265729853350812e-05 0.02138578861617159 0.002639827479604591 -0.422258848861299
-5.279575596812517e-05 0.02138578861617159 0.002639827479604591 -3.441382654052987
-5.3278539655487886e-05 0.02138578861617159 0.002639827479604591 0.33252210243662295
-4.748513540713528e-05 0.02138578861617159 0.002639827479604591 0.33252210243662295
-4.4105649595596266e-05 0.02138578861617159 0.002639827479604591 0.33252210243662295
-5.279575596812517e-05 0.02138578861617159 0.002639827479604591 -0.044868373212338025
-5.3761323342850605e-05 0.02138578861617159 0.002639827479604591 0.33252210243662295
-5.183018859339974e-05 0.02138578861617159 0.002639827479604591 -0.044868373212338025
-5.279575596812517e-05 0.02138578861617159 0.002639827479604591 0.33252210243662295
-4.893348646922343e-05 0.02138578861617159 0.002639827479604591 -0.422258848861299
-4.4105649595596266e-05 0.02138578861617159 0.002639827479604591 -0.422258848861299
-5.4726890717576035e-05 0.02138578861617159 0.002639827479604591 0.33252210243662295
-5.3761323342850605e-05 0.02138578861617159 0.002639827479604591 0.33252210243662295
-5.08646212186743e-05 0.02138578861617159 0.002639827479604591 -3.441382654052987
-5.038183753131159e-05 0.02138578861617159 0.002639827479604591 0.33252210243662295
-4.989905384394887e-05 0.02138578861617159 0.002639827479604591 0.33252210243662295
-5.279575596812517e-05 0.02138578861617159 0.002639827479604591 0.33252210243662295
-5.231297228076245e-05 0.02138578861617159 0.002639827479604591 -0.044868373212338025
-5.08646212186743e-05 0.02138578861617159 0.002639827479604591 0.33252210243662295
-5.6175241779664184e-05 0.02138578861617159 0.002639827479604591 0.7099125780855838
-5.4726890717576035e-05 0.02138578861617159 0.002639827479604591 0.33252210243662295
-3.976059640933181e-05 0.02138578861617159 0.002639827479604591 -0.422258848861299
-4.651956803240985e-05 0.02138578861617159 0.002639827479604591 0.7099125780855838
-5.569245809230147e-05 0.02138578861617159 0.002639827479604591 -3.441382654052987
-5.134740490603702e-05 0.02138578861617159 0.002639827479604591 -3.441382654052987
-5.66580254670269e-05 0.02138578861617159 0.002639827479604591 0.33252210243662295
-5.424410703021332e-05 0.02138578861617159 0.002639827479604591 0.33252210243662295
-5.569245809230147e-05 0.02138578861617159 0.002639827479604591 -0.422258848861299
0.018613069948536596 0.02138578861617159 0.002639827479604591 -0.044868373212338025
