22 6 80 33
4 6 80 24
25 6 80 33
31 6 80 24
4 6 80 33
9 6 80 24
5 6 80 33
23 6 80 24
12 6 80 33
17 6 80 24
13 6 80 33
8 6 80 24
7 6 80 33
5 6 80 24
8 6 80 33
7 6 80 24
2 6 80 33
2 6 80 24
3 6 80 33
13 6 80 24
9 6 80 33
20 6 80 24
4 6 80 33
7 6 80 24
6 6 80 33
11 6 80 24
4 6 80 33
12 6 80 24
22 6 80 33
3 6 80 24
5 6 80 33
79 6 80 24
8 6 80 33
6 6 80 24
7 6 80 33
4 6 80 24
8 6 80 33
5 6 80 24
4 6 80 33
27 6 80 24
3 6 80 33
28 6 80 24
16 6 80 33
5 6 80 24
10 6 80 33
2 6 80 33
46 6 80 24
4 6 80 24
3 6 80 33
3 6 80 24
3 6 80 33
0 6 80 24
7 6 80 33
11 6 80 24
4 6 80 33
7 6 80 24
2 6 80 33
9 6 80 24
121 6 80 33
13 6 80 24
5 6 80 33
4 6 80 24
14 6 80 33
1 6 80 24
66 6 80 33
4 6 80 24
7 6 80 33
15 6 80 24
5 6 80 33
3 6 80 24
999059 6 80 33
7 6 80 24
26 6 80 33
4 6 80 24
18 6 80 33
13 6 80 24
7 6 80 24
17 6 80 33
5 6 80 24
6 6 80 33
5 6 80 33
3 6 80 24
5 6 80 24
7 6 80 33
4 6 80 24
6 6 80 33
7 6 80 24
12 6 80 24
24 6 80 33
1 6 80 24
13 6 80 24
3 6 80 24
13 6 80 33
999045 6 80 24
4 6 80 33
1 6 80 24
8 6 80 33
17 6 80 24
4 6 80 33
4 6 80 24
2 6 80 33
13 6 80 24
8 6 80 33
15 6 80 24
21 6 80 33
7 6 80 24
5 6 80 33
2 6 80 24
1 6 80 33
13 6 80 24
82 6 80 33
8 6 80 24
18 6 80 33
13 6 80 24
6 6 80 33
8 6 80 24
5 6 80 24
9 6 80 33
10 6 80 33
10 6 80 24
4 6 80 33
19 6 80 24
8 6 80 33
37 6 80 24
61 6 80 33
6 6 80 24
10 6 80 33
28 6 80 24
15 6 80 33
36 6 80 24
9 6 80 33
4 6 80 24
4 6 80 33
12 6 80 24
3 6 80 33
126 6 80 24
5 6 80 33
3 6 80 24
23 6 80 33
4 6 80 24
24 6 80 33
3 6 80 24
4 6 80 24
408 6 80 33
5 6 80 24
10 6 80 33
10 6 80 24
5 6 80 33
11 6 80 24
999019 6 80 33
2 6 80 24
6 6 80 33
5 6 80 24
12 6 80 33
8 6 80 24
6 6 80 33
12 6 80 24
9 6 80 33
11 6 80 24
