22 6 80 33
10 6 80 34
25 6 80 33
14 6 80 34
4 6 80 34
4 6 80 33
999021 6 80 34
5 6 80 33
12 6 80 33
12 6 80 34
13 6 80 33
17 6 80 34
7 6 80 33
3 6 80 34
8 6 80 33
3 6 80 34
2 6 80 33
4 6 80 34
3 6 80 33
3 6 80 34
9 6 80 33
23 6 80 34
4 6 80 33
7 6 80 34
6 6 80 33
1 6 80 34
4 6 80 33
5 6 80 34
22 6 80 33
6 6 80 34
5 6 80 33
11 6 80 34
8 6 80 33
17 6 80 34
7 6 80 33
12 6 80 34
8 6 80 33
7 6 80 34
4 6 80 33
21 6 80 34
3 6 80 33
6 6 80 34
16 6 80 33
31 6 80 34
10 6 80 33
39 6 80 34
2 6 80 33
2 6 80 34
3 6 80 33
3 6 80 34
3 6 80 33
34 6 80 34
7 6 80 33
16 6 80 34
4 6 80 33
20 6 80 34
2 6 80 33
4 6 80 34
121 6 80 33
24 6 80 34
5 6 80 33
6 6 80 34
14 6 80 33
4 6 80 34
66 6 80 33
2 6 80 34
7 6 80 33
2 6 80 34
5 6 80 33
2 6 80 34
999059 6 80 33
4 6 80 34
26 6 80 33
5 6 80 34
18 6 80 33
89 6 80 34
3 6 80 34
17 6 80 33
4 6 80 34
6 6 80 33
6 6 80 34
5 6 80 33
9 6 80 34
7 6 80 33
4 6 80 34
6 6 80 33
4 6 80 34
24 6 80 33
4 6 80 34
13 6 80 33
14 6 80 34
4 6 80 33
3 6 80 34
8 6 80 33
5 6 80 34
4 6 80 33
17 6 80 34
2 6 80 33
6 6 80 34
8 6 80 33
102 6 80 34
32 6 80 34
21 6 80 33
19 6 80 34
5 6 80 33
18 6 80 34
1 6 80 33
169 6 80 34
82 6 80 33
7 6 80 34
18 6 80 33
12 6 80 34
6 6 80 33
26 6 80 34
9 6 80 33
10 6 80 34
10 6 80 33
3 6 80 34
4 6 80 33
999009 6 80 34
8 6 80 33
13 6 80 34
61 6 80 33
10 6 80 33
3 6 80 34
3 6 80 34
15 6 80 33
29 6 80 34
9 6 80 33
26 6 80 34
4 6 80 33
13 6 80 34
3 6 80 33
66 6 80 34
5 6 80 33
13 6 80 34
23 6 80 33
7 6 80 34
24 6 80 33
5 6 80 34
408 6 80 33
10 6 80 34
8 6 80 34
10 6 80 33
12 6 80 34
5 6 80 33
6 6 80 34
999019 6 80 33
6 6 80 34
6 6 80 33
11 6 80 34
12 6 80 33
6 6 80 33
13 6 80 34
9 6 80 33
5 6 80 34
