2019-11-01 02:39:34.171  INFO 6 --- [ool-6-thread-21] w.weave.socks.queuemaster.DockerSpawner  : Spawning new container
Received shipment task: 5dbb98afc595b3000112535c
2019-11-01 02:39:34.172  INFO 6 --- [ool-6-thread-21] o.apache.http.impl.execchain.RetryExec   : I/O exception (org.newsclub.net.unix.AFUNIXSocketException) caught when processing request to {}->unix://localhost:80: No such file or directory
2019-11-01 02:39:34.173  INFO 6 --- [ool-6-thread-21] o.apache.http.impl.execchain.RetryExec   : Retrying request to {}->unix://localhost:80
2019-11-01 02:39:34.173  INFO 6 --- [ool-6-thread-21] o.apache.http.impl.execchain.RetryExec   : I/O exception (org.newsclub.net.unix.AFUNIXSocketException) caught when processing request to {}->unix://localhost:80: No such file or directory
2019-11-01 02:39:34.173  INFO 10 --- [ool-6-thread-21] o.apache.http.impl.execchain.RetryExec   : Retrying request to {}->unix://localhost:80
2019-11-01 02:39:34.173  INFO 6 --- [ool-6-thread-21] o.apache.http.impl.execchain.RetryExec   : I/O exception (org.newsclub.net.unix.AFUNIXSocketException) caught when processing request to {}->unix://localhost:80: No such file or directory
2019-11-01 02:39:34.173  INFO 6 --- [ool-6-thread-21] o.apache.http.impl.execchain.RetryExec   : Retrying request to {}->unix://localhost:80
2019-11-01 02:39:34.173 ERROR 6 --- [ool-6-thread-21] w.weave.socks.queuemaster.DockerSpawner  : Exception trying to launch/remove worker container. javax.ws.rs.ProcessingException: org.newsclub.net.unix.AFUNIXSocketException: No such file or directory (socket: /var/run/docker.sock)
2019-11-01 02:39:34.173  INFO 6 --- [ool-6-thread-21] w.weave.socks.queuemaster.DockerSpawner  : Spawning new container
2019-11-01 02:39:34.174  INFO 6 --- [ool-6-thread-21] o.apache.http.impl.execchain.RetryExec   : I/O exception (org.newsclub.net.unix.AFUNIXSocketException) caught when processing request to {}->unix://localhost:80: No such file or directory
2019-11-01 02:39:34.174  INFO 6 --- [ool-6-thread-21] o.apache.http.impl.execchain.RetryExec   : Retrying request to {}->unix://localhost:80
Received shipment task: 5dbb98b0c595b3000112540d
2019-11-01 02:39:34.174  INFO 6 --- [ool-6-thread-21] o.apache.http.impl.execchain.RetryExec   : I/O exception (org.newsclub.net.unix.AFUNIXSocketException) caught when processing request to {}->unix://localhost:80: No such file or directory
2019-11-01 02:39:34.174  INFO 6 --- [ool-6-thread-21] o.apache.http.impl.execchain.RetryExec   : Retrying request to {}->unix://localhost:80
2019-11-01 02:39:34.174  INFO 6 --- [ool-6-thread-21] o.apache.http.impl.execchain.RetryExec   : I/O exception (org.newsclub.net.unix.AFUNIXSocketException) caught when processing request to {}->unix://localhost:80: No such file or 
2019-11-01 02:39:34.174  INFO 6 --- [ool-6-thread-21] o.apache.http.impl.execchain.RetryExec   : Retrying request to {}->unix://localhost:80
2019-11-01 02:39:34.174 ERROR 6 --- [ool-6-thread-21] w.weave.socks.queuemaster.DockerSpawner  : Exception trying to launch/remove worker container. javax.ws.rs.ProcessingException: org.newsclub.net.unix.AFUNIXSocketException: No such file or directory (socket: /var/run/docker.sock)
2019-11-01 02:39:34.174  INFO 6 --- [ool-6-thread-21] w.weave.socks.queuemaster.DockerSpawner  : Spawning new container
2019-11-01 02:39:34.174  INFO 6 --- [ool-6-thread-21] o.apache.http.impl.execchain.RetryExec   : I/O exception (org.newsclub.net.unix.AFUNIXSocketException) caught when processing request to {}->unix://localhost:80: No such file or directory
2019-11-01 02:39:34.174  INFO 6 --- [ool-6-thread-21] o.apache.http.impl.execchain.RetryExec   : Retrying request to {}->unix://localhost:80
2019-11-01 02:39:34.175  INFO 6 --- [ool-6-thread-21] o.apache.http.impl.execchain.RetryExec   : I/O exception (org.newsclub.net.unix.AFUNIXSocketException) caught when processing request to {}->unix://localhost:80: No such file or directory
2019-11-01 02:39:34.175  INFO 6 --- [ool-6-thread-21] o.apache.http.impl.execchain.RetryExec   : Retrying request to {}->unix://localhost:80
2019-11-01 02:39:34.175  INFO 6 --- [ool-6-thread-21] o.apache.http.impl.execchain.RetryExec   : I/O exception (org.newsclub.net.unix.AFUNIXSocketException) caught when processing request to {}->unix://localhost:80: No such file or directory
2019-11-01 02:39:34.175  INFO 6 --- [ool-6-thread-21] o.apache.http.impl.execchain.RetryExec   : Retrying request to {}->unix://localhost:80
2019-11-01 02:39:34.175 ERROR 6 --- [ool-6-thread-21] w.weave.socks.queuemaster.DockerSpawner  : Exception trying to launch/remove worker container. javax.ws.rs.ProcessingException: org.newsclub.net.unix.AFUNIXSocketException: file or directory (socket: /var/run/docker.sock)
Received shipment task: 5dbb98b5c595b300011255f1
2019-11-01 02:39:34.185  INFO 6 --- [ool-6-thread-37] w.weave.socks.queuemaster.DockerSpawner  : Spawning new container
2019-11-01 02:39:34.186  INFO 6 --- [ool-6-thread-37] o.apache.http.impl.execchain.RetryExec   : I/O exception (org.newsclub.net.unix.AFUNIXSocketException) caught when processing request to {}->unix://localhost:80: No such file or directory
2019-11-01 02:39:34.186  INFO 6 --- [ool-6-thread-37] o.apache.http.impl.execchain.RetryExec   : Retrying request to {}->unix://localhost:80
2019-11-01 02:39:34.186  INFO 6 --- [ool-6-thread-37] o.apache.http.impl.execchain.RetryExec   : I/O exception (org.newsclub.net.unix.AFUNIXSocketException) caught when processing request to {}->unix://localhost:80: No such file or directory
2019-11-01 02:39:34.186  INFO 6 --- [ool-6-thread-37] o.apache.http.impl.execchain.RetryExec   : Retrying request to {}->unix://localhost:80
2019-11-01 02:39:34.186  INFO 6 --- [ool-6-thread-37] o.apache.http.impl.execchain.RetryExec   : I/O exception (org.newsclub.net.unix.AFUNIXSocketException) caught when processing request to {}->unix://localhost:80: No such file or directory
2019-11-01 02:39:34.186  INFO 6 --- [ool-6-thread-37] o.apache.http.impl.execchain.RetryExec   : Retrying request to {}->unix://localhost:80
2019-11-01 02:39:34.186 ERROR 6 --- [ool-6-thread-37] w.weave.socks.queuemaster.DockerSpawner  : Exception trying to launch/remove worker container. javax.ws.rs.ProcessingException: org.newsclub.net.unix.AFUNIXSocketException: No such file or directory (socket: /var/run/docker.sock)
Received shipment task: 5dbb98b0c595b300011253da
2019-11-01 02:39:34.198  INFO 6 --- [ool-6-thread-22] w.weave.socks.queuemaster.DockerSpawner  : Spawning new container
2019-11-01 02:39:34.199  INFO 6 --- [ool-6-thread-22] o.apache.http.impl.execchain.RetryExec   : I/O exception (org.newsclub.net.unix.AFUNIXSocketException) caught when processing request to {}->unix://localhost:80: No such file or directory
2019-11-01 02:39:34.199  INFO 6 --- [ool-6-thread-22] o.apache.http.impl.execchain.RetryExec   : Retrying request to {}->unix://localhost:80
2019-11-01 02:39:34.199  INFO 6 --- [ool-6-thread-22] o.apache.http.impl.execchain.RetryExec   : I/O exception (org.newsclub.net.unix.AFUNIXSocketException) caught when processing request to {}->unix://localhost:80: No such file or directory
2019-11-01 02:39:34.199  INFO 6 --- [ool-6-thread-22] o.apache.http.impl.execchain.RetryExec   : Retrying request to {}->unix://localhost:80
2019-11-01 02:39:34.200  INFO 6 --- [ool-6-thread-22] o.apache.http.impl.execchain.RetryExec   : I/O exception (org.newsclub.net.unix.AFUNIXSocketException) caught when processing request to {}->unix://localhost:80: No such file or directory
2019-11-01 02:39:34.200  INFO 6 --- [ool-6-thread-22] o.apache.http.impl.execchain.RetryExec   : Retrying request to {}->unix://localhost:80
2019-11-01 02:39:34.200 ERROR 6 --- [ool-6-thread-22] w.weave.socks.queuemaster.DockerSpawner  : Exception trying to launch/remove worker container. javax.ws.rs.ProcessingException: org.newsclub.net.unix.AFUNIXSocketException: No such file or directory (socket: /var/run/docker.sock)
Received shipment task: 5dbb98b9c595b30001125835
2019-11-01 02:39:34.203  --- [ool-6-thread-34] w.weave.socks.queuemaster.DockerSpawner  : Spawning new container
2019-11-01 02:39:34.204  INFO 6 --- [ool-6-thread-34] o.apache.http.impl.execchain.RetryExec   : I/O exception (org.newsclub.net.unix.AFUNIXSocketException) caught when processing request to {}->unix://localhost:80: No such file or directory
2019-11-01 02:39:34.204  INFO 6 --- [ool-6-thread-34] o.apache.http.impl.execchain.RetryExec   : Retrying request to {}->unix://localhost:80
2019-11-01 02:39:34.205  INFO 6 --- [ool-6-thread-34] o.apache.http.impl.execchain.RetryExec   : I/O exception (org.newsclub.net.unix.AFUNIXSocketException) caught when processing request to {}->unix://localhost:80: No such file or directory
2019-11-01 02:39:34.205  INFO 6 --- [ool-6-thread-34] o.apache.http.impl.execchain.RetryExec   : Retrying request to {}->unix://localhost:80
2019-11-01 02:39:34.205  INFO 6 --- [ool-6-thread-34] o.apache.http.impl.execchain.RetryExec   : I/O exception (org.newsclub.net.unix.AFUNIXSocketException) caught when processing request to {}->unix://localhost:80: No such file or directory
2019-11-01 02:39:34.205  INFO 6 --- [ool-6-thread-34] o.apache.http.impl.execchain.RetryExec   : Retrying request to {}->unix://localhost:80
2019-11-01 02:39:34.206 ERROR 6 --- [ool-6-thread-34] w.weave.socks.queuemaster.DockerSpawner  : Exception trying to launch/remove worker container. javax.ws.rs.ProcessingException: org.newsclub.net.unix.AFUNIXSocketException: No such file or directory (socket: /var/run/docker.sock)
Received shipment task: 5dbb98afc595b3000112536c
2019-11-01 02:39:34.238  INFO 6 --- [ool-6-thread-44] w.weave.socks.queuemaster.DockerSpawner  : Spawning new container
2019-11-01 02:39:34.239  INFO 6 --- [ool-6-thread-44] o.apache.http.impl.execchain.RetryExec   : Spawning new container caught when processing request to {}->unix://localhost:80: No such file or directory
2019-11-01 02:39:34.239  INFO 6 --- [ool-6-thread-44] o.apache.http.impl.execchain.RetryExec   : Retrying request to {}->unix://localhost:80
2019-11-01 02:39:34.240  INFO 6 --- [ool-6-thread-44] o.apache.http.impl.execchain.RetryExec   : I/O exception (org.newsclub.net.unix.AFUNIXSocketException) caught when processing request to {}->unix://localhost:80: No such file or directory
2019-11-01 02:39:34.241  INFO 6 --- [ool-6-thread-44] o.apache.http.impl.execchain.RetryExec   : Retrying request to {}->unix://localhost:80
2019-11-01 02:39:34.242  INFO 6 --- [ool-6-thread-44] o.apache.http.impl.execchain.RetryExec   : I/O exception (org.newsclub.net.unix.AFUNIXSocketException) caught when processing request to {}->unix://localhost:80: No such file or directory
2019-11-01 02:39:34.243  INFO 6 --- [ool-6-thread-44] o.apache.http.impl.execchain.RetryExec   : Retrying request to {}->unix://localhost:80
2019-11-01 02:39:34.244 ERROR 6 --- [ool-6-thread-44] w.weave.socks.queuemaster.DockerSpawner  : Exception trying to launch/remove worker container. javax.ws.rs.ProcessingException: org.newsclub.net.unix.AFUNIXSocketException: No such file or directory (socket: /var/run/docker.sock)
Received shipment task: 5dbb98aec595b30001125300
2019-11-01 02:39:34.257  INFO 6 --- [ool-6-thread-36] w.weave.socks.queuemaster.DockerSpawner  : Spawning new container
2019-11-01 02:39:34.258  INFO 6 --- [ool-6-thread-36] o.apache.http.impl.execchain.RetryExec   : I/O exception (org.newsclub.net.unix.AFUNIXSocketException) caught when processing request to {}->unix://localhost:80: No such file or directory
2019-11-01 02:39:34.259  INFO 6 --- [ool-6-thread-36] o.apache.http.impl.execchain.RetryExec   : Retrying request to 
2019-11-01 02:39:34.259  INFO 6 --- [ool-6-thread-36] o.apache.http.impl.execchain.RetryExec   : I/O exception (org.newsclub.net.unix.AFUNIXSocketException) caught when processing request to {}->unix://localhost:80: No such file or directory
2019-11-01 02:39:34.259  INFO 6 --- [ool-6-thread-36] o.apache.http.impl.execchain.RetryExec   : Retrying request to {}->unix://localhost:80
2019-11-01 02:39:34.259  INFO 6 --- [ool-6-thread-36] o.apache.http.impl.execchain.RetryExec   : I/O exception (org.newsclub.net.unix.AFUNIXSocketException) caught when processing request to {}->unix://localhost:80: No such file or directory
2019-11-01 02:39:34.259  INFO 6 --- [ool-6-thread-36] o.apache.http.impl.execchain.RetryExec   : Retrying request to {}->unix://localhost:80
2019-11-01 02:39:34.259 ERROR 6 --- [ool-6-thread-36] w.weave.socks.queuemaster.DockerSpawner  : Exception trying to launch/remove worker container. javax.ws.rs.ProcessingException: org.newsclub.net.unix.AFUNIXSocketException: No such file or directory (socket: /var/run/docker.sock)
Received shipment task: 5dbb98bac595b3000112588a
2019-11-01 02:39:34.303  INFO 6 --- [ool-6-thread-45] w.weave.socks.queuemaster.DockerSpawner  : Spawning new container
2019-11-01 02:39:34.304  INFO 6 --- [ool-6-thread-45] o.apache.http.impl.execchain.RetryExec   : I/O exception (org.newsclub.net.unix.AFUNIXSocketException) caught when processing request to {}->unix://localhost:80: No such file or directory
2019-11-01 02:39:34.304  INFO 6 --- [ool-6-thread-45] o.apache.http.impl.execchain.RetryExec   : Retrying request to {}->unix://localhost:80
2019-11-01 02:39:34.304  INFO 6 --- [ool-6-thread-45] o.apache.http.impl.execchain.RetryExec   : I/O exception caught when processing request to {}->unix://localhost:80: No such file or directory
2019-11-01 02:39:34.304  INFO 6 --- [ool-6-thread-45] o.apache.http.impl.execchain.RetryExec   : Retrying request to {}->unix://localhost:80
2019-11-01 02:39:34.304  INFO 6 --- [ool-6-thread-45] o.apache.http.impl.execchain.RetryExec   : I/O exception (org.newsclub.net.unix.AFUNIXSocketException) caught when processing request to {}->unix://localhost:80: No such file or directory
2019-11-01 02:39:34.304  INFO 6 --- [ool-6-thread-45] o.apache.http.impl.execchain.RetryExec   : Retrying request to {}->unix://localhost:80
2019-11-01 02:39:34.304 ERROR 6 --- [ool-6-thread-45] w.weave.socks.queuemaster.DockerSpawner  : Exception trying to launch/remove worker container. javax.ws.rs.ProcessingException: org.newsclub.net.unix.AFUNIXSocketException: No such file or directory (socket: /var/run/docker.sock)
Received shipment task: 5dbb98b8c595b300011257f1
2019-11-01 02:39:34.319  INFO 6 --- [ool-6-thread-12] w.weave.socks.queuemaster.DockerSpawner  : Spawning new container
2019-11-01 02:39:34.319  INFO 6 --- [ool-6-thread-12] o.apache.http.impl.execchain.RetryExec   : I/O exception (org.newsclub.net.unix.AFUNIXSocketException) caught when processing request to {}->unix://localhost:80: No such file or directory
2019-11-01 02:39:34.319  INFO 6 --- [ool-6-thread-12] o.apache.http.impl.execchain.RetryExec   : Retrying request to {}->unix://localhost:80
2019-11-01 02:39:34.319  INFO 6 --- [ool-6-thread-12] o.apache.http.impl.execchain.RetryExec   : I/O exception (org.newsclub.net.unix.AFUNIXSocketException) caught when processing request to {}->unix://localhost:80: No such file or directory
2019-11-01 02:39:34.319  INFO 6 --- [ool-6-thread-12] o.apache.http.impl.execchain.RetryExec   : I/O exception
2019-11-01 02:39:34.319  INFO 6 --- [ool-6-thread-12] o.apache.http.impl.execchain.RetryExec   : I/O exception (org.newsclub.net.unix.AFUNIXSocketException) caught when processing request to {}->unix://localhost:80: No such file or directory
2019-11-01 02:39:34.319  INFO 6 --- [ool-6-thread-12] o.apache.http.impl.execchain.RetryExec   : Retrying request to {}->unix://localhost:80
2019-11-01 02:39:34.320 ERROR 6 --- [ool-6-thread-12] w.weave.socks.queuemaster.DockerSpawner  : Exception trying to launch/remove worker container. javax.ws.rs.ProcessingException: org.newsclub.net.unix.AFUNIXSocketException: No such file or directory (socket: /var/run/docker.sock)
Received shipment task: 5dbb98b8c595b300011257d3
2019-11-01 02:39:34.350  INFO 6 --- [ool-6-thread-31] w.weave.socks.queuemaster.DockerSpawner  : Spawning new container
2019-11-01 02:39:34.351  INFO 6 --- [ool-6-thread-31] o.apache.http.impl.execchain.RetryExec   : I/O exception (org.newsclub.net.unix.AFUNIXSocketException) caught when processing request to {}->unix://localhost:80: No such file or directory
2019-11-01 02:39:34.351  INFO 6 --- [ool-6-thread-31] o.apache.http.impl.execchain.RetryExec   : Retrying request to {}->unix://localhost:80
2019-11-01 02:39:34.352  INFO 6 --- [ool-6-thread-31] o.apache.http.impl.execchain.RetryExec   : I/O exception (org.newsclub.net.unix.AFUNIXSocketException) caught when processing request to {}->unix://localhost:80: No such file or directory
2019-11-01 02:39:34.352  INFO 6 --- [ool-6-thread-31] o.apache.http.impl.execchain.RetryExec   : Retrying request to {}->unix://localhost:80
2019-11-01 02:39:34.352  INFO 6 --- [ool-6-thread-31] o.apache.http.impl.execchain.RetryExec   : I/O (org.newsclub.net.unix.AFUNIXSocketException) caught when processing request to {}->unix://localhost:80: No such file or directory
2019-11-01 02:39:34.352  INFO 6 --- [ool-6-thread-31] o.apache.http.impl.execchain.RetryExec   : Retrying request to {}->unix://localhost:80
2019-11-01 02:39:34.353 ERROR 6 --- [ool-6-thread-31] w.weave.socks.queuemaster.DockerSpawner  : Exception trying to launch/remove worker container. javax.ws.rs.ProcessingException: org.newsclub.net.unix.AFUNIXSocketException: No such file or directory (socket: /var/run/docker.sock)
Received shipment task: 5dbb98b4c595b300011255b6
2019-11-01 02:39:34.355  INFO 6 --- [ool-6-thread-43] w.weave.socks.queuemaster.DockerSpawner  : Spawning new container
2019-11-01 02:39:34.356  INFO 6 --- [ool-6-thread-43] o.apache.http.impl.execchain.RetryExec   : I/O exception (org.newsclub.net.unix.AFUNIXSocketException) caught when processing request to {}->unix://localhost:80: No such file or directory
2019-11-01 02:39:34.356  INFO 6 --- [ool-6-thread-43] o.apache.http.impl.execchain.RetryExec   : Retrying request to {}->unix://localhost:80
2019-11-01 02:39:34.356  INFO 6 --- [ool-6-thread-43] o.apache.http.impl.execchain.RetryExec   : I/O exception (org.newsclub.net.unix.AFUNIXSocketException) caught when processing request to {}->unix://localhost:80: No such file or directory
2019-11-01 02:39:34.357  INFO 6 --- [ool-6-thread-43] o.apache.http.impl.execchain.RetryExec   : Retrying request to {}->unix://localhost:80
2019-11-01 02:39:34.357  INFO 6 --- [ool-6-thread-43] o.apache.http.impl.execchain.RetryExec   : I/O exception (org.newsclub.net.unix.AFUNIXSocketException) caught when processing request to {}->unix://localhost:80: No such file or directory
2019-11-01 02:39:34.357  ERROR --- [ool-6-thread-43] o.apache.http.impl.execchain.RetryExec   : Retrying request to {}->unix://localhost:80
2019-11-01 02:39:34.357 ERROR 6 --- [ool-6-thread-43] w.weave.socks.queuemaster.DockerSpawner  : Exception trying to launch/remove worker container. javax.ws.rs.ProcessingException: org.newsclub.net.unix.AFUNIXSocketException: No such file or directory (socket: /var/run/docker.sock)
Received shipment task: 5dbb98b4c595b3000112559e
2019-11-01 02:39:34.366  INFO 6 --- [pool-6-thread-3] w.weave.socks.queuemaster.DockerSpawner  : Spawning new container
2019-11-01 02:39:34.367  INFO 6 --- [pool-6-thread-3] o.apache.http.impl.execchain.RetryExec   : I/O exception (org.newsclub.net.unix.AFUNIXSocketException) caught when processing request to {}->unix://localhost:80: No such file or directory
2019-11-01 02:39:34.367  INFO 6 --- [pool-6-thread-3] o.apache.http.impl.execchain.RetryExec   : Retrying request to {}->unix://localhost:80
2019-11-01 02:39:34.367  INFO 6 --- [pool-6-thread-3] o.apache.http.impl.execchain.RetryExec   : I/O exception (org.newsclub.net.unix.AFUNIXSocketException) caught when processing request to {}->unix://localhost:80: No such file or directory
2019-11-01 02:39:34.367  INFO 6 --- [pool-6-thread-3] o.apache.http.impl.execchain.RetryExec   : Retrying request to {}->unix://localhost:80
2019-11-01 02:39:34.367  INFO 6 --- [pool-6-thread-3] o.apache.http.impl.execchain.RetryExec   : I/O exception (org.newsclub.net.unix.AFUNIXSocketException) caught when processing request to {}->unix://localhost:80: No such file or directory
2019-11-01 02:39:34.367  INFO 6 --- [pool-6-thread-3] o.apache.http.impl.execchain.RetryExec   : Retrying request to {}->unix://localhost:80
2019-11-01 02:39:34.367 INFO 6 --- [pool-6-thread-3] w.weave.socks.queuemaster.DockerSpawner  : Exception trying to launch/remove worker container. javax.ws.rs.ProcessingException: org.newsclub.net.unix.AFUNIXSocketException: No such file or directory (socket: /var/run/docker.sock)
Received shipment task: 5dbb98b5c595b3000112564f
2019-11-01 02:39:34.369  INFO 6 --- [ool-6-thread-20] w.weave.socks.queuemaster.DockerSpawner  : Spawning new container
2019-11-01 02:39:34.370  INFO 6 --- [ool-6-thread-20] o.apache.http.impl.execchain.RetryExec   : I/O exception (org.newsclub.net.unix.AFUNIXSocketException) caught when processing request to {}->unix://localhost:80: No such file or directory
2019-11-01 02:39:34.370  INFO 6 --- [ool-6-thread-20] o.apache.http.impl.execchain.RetryExec   : Retrying request to {}->unix://localhost:80
2019-11-01 02:39:34.370  INFO 6 --- [ool-6-thread-20] o.apache.http.impl.execchain.RetryExec   : I/O exception (org.newsclub.net.unix.AFUNIXSocketException) caught when processing request to {}->unix://localhost:80: No such file or directory
2019-11-01 02:39:34.370  INFO 6 --- [ool-6-thread-20] o.apache.http.impl.execchain.RetryExec   : Retrying request to {}->unix://localhost:80
2019-11-01 02:39:34.370  INFO 6 --- [ool-6-thread-20] o.apache.http.impl.execchain.RetryExec   : I/O exception (org.newsclub.net.unix.AFUNIXSocketException) caught when processing request to {}->unix://localhost:80: No such file or directory
2019-11-01 02:39:34.370  INFO 6 --- [ool-6-thread-20] o.apache.http.impl.execchain.RetryExec   : Retrying request to {}->unix://localhost:80
2019-11-01 02:39:34.371 ERROR 6 --- [ool-6-thread-20] w.weave.socks.queuemaster.DockerSpawner  : Exception trying to launch/remove worker container. javax.ws.rs.ProcessingException: org.newsclub.net.unix.AFUNIXSocketException: No such file or directory (socket: /var/run/docker.sock)
Received task: 5dbb98b8c595b300011257cb
2019-11-01 02:39:34.401  INFO 6 --- [ool-6-thread-11] w.weave.socks.queuemaster.DockerSpawner  : Spawning new container
2019-11-01 02:39:34.402  INFO 6 --- [ool-6-thread-11] o.apache.http.impl.execchain.RetryExec   : I/O exception (org.newsclub.net.unix.AFUNIXSocketException) caught when processing request to {}->unix://localhost:80: No such file or directory
2019-11-01 02:39:34.403  INFO 6 --- [ool-6-thread-11] o.apache.http.impl.execchain.RetryExec   : Retrying request to {}->unix://localhost:80
2019-11-01 02:39:34.404  INFO 6 --- [ool-6-thread-11] o.apache.http.impl.execchain.RetryExec   : I/O exception (org.newsclub.net.unix.AFUNIXSocketException) caught when processing request to {}->unix://localhost:80: No such file or directory
2019-11-01 02:39:34.404  INFO 6 --- [ool-6-thread-11] o.apache.http.impl.execchain.RetryExec   : Retrying request to {}->unix://localhost:80
2019-11-01 02:39:34.404  INFO 6 --- [ool-6-thread-11] o.apache.http.impl.execchain.RetryExec   : I/O exception (org.newsclub.net.unix.AFUNIXSocketException) caught when processing request to {}->unix://localhost:80: No such file or directory
2019-11-01 02:39:34.404  INFO 6 --- [ool-6-thread-11] o.apache.http.impl.execchain.RetryExec   : Retrying request to {}->unix://localhost:80
2019-11-01 02:39:34.405 ERROR 6 --- [ool-6-thread-11] w.weave.socks.queuemaster.DockerSpawner  : Exception trying to launch/remove worker container. javax.ws.rs.ProcessingException: org.newsclub.net.unix.AFUNIXSocketException: No such file or directory (socket: /var/run/docker.sock)
Received shipment task: 5dbb98b3c595b3000112554a
2019-11-01 02:39:34.412  INFO 6 --- w.weave.socks.queuemaster.DockerSpawner  : Spawning new container
2019-11-01 02:39:34.412  INFO 6 --- [pool-6-thread-1] o.apache.http.impl.execchain.RetryExec   : I/O exception (org.newsclub.net.unix.AFUNIXSocketException) caught when processing request to {}->unix://localhost:80: No such file or directory
2019-11-01 02:39:34.412  INFO 6 --- [pool-6-thread-1] o.apache.http.impl.execchain.RetryExec   : Retrying request to {}->unix://localhost:80
2019-11-01 02:39:34.412  INFO 6 --- [pool-6-thread-1] o.apache.http.impl.execchain.RetryExec   : I/O exception (org.newsclub.net.unix.AFUNIXSocketException) caught when processing request to {}->unix://localhost:80: No such file or directory
2019-11-01 02:39:34.412  INFO 6 --- [pool-6-thread-1] o.apache.http.impl.execchain.RetryExec   : Retrying request to {}->unix://localhost:80
2019-11-01 02:39:34.413  INFO 6 --- [pool-6-thread-1] o.apache.http.impl.execchain.RetryExec   : I/O exception (org.newsclub.net.unix.AFUNIXSocketException) caught when processing request to {}->unix://localhost:80: No such file or directory
2019-11-01 02:39:34.413  INFO 6 --- [pool-6-thread-1] o.apache.http.impl.execchain.RetryExec   : Retrying request to {}->unix://localhost:80
2019-11-01 02:39:34.413 ERROR 6 --- [pool-6-thread-1] w.weave.socks.queuemaster.DockerSpawner  : Exception trying to launch/remove worker container. javax.ws.rs.ProcessingException: org.newsclub.net.unix.AFUNIXSocketException: No such file or directory (socket: /var/run/docker.sock)
Received shipment task: 5dbb98b7c595b3000112570c
2019-11-01 02:39:34.458  INFO 6 --- [ool-6-thread-49] w.weave.socks.queuemaster.DockerSpawner  : Spawning new container
2019-11-01 02:39:34.459  INFO 6 --- [ool-6-thread-49] http.impl.execchain.RetryExec   : I/O exception (org.newsclub.net.unix.AFUNIXSocketException) caught when processing request to {}->unix://localhost:80: No such file or directory
2019-11-01 02:39:34.459  INFO 6 --- [ool-6-thread-49] o.apache.http.impl.execchain.RetryExec   : Retrying request to {}->unix://localhost:80
2019-11-01 02:39:34.459  INFO 6 --- [ool-6-thread-49] o.apache.http.impl.execchain.RetryExec   : I/O exception (org.newsclub.net.unix.AFUNIXSocketException) caught when processing request to {}->unix://localhost:80: No such file or directory
2019-11-01 02:39:34.460  INFO 6 --- [ool-6-thread-49] o.apache.http.impl.execchain.RetryExec   : Retrying request to {}->unix://localhost:80
2019-11-01 02:39:34.460  INFO 6 --- [ool-6-thread-49] o.apache.http.impl.execchain.RetryExec   : I/O exception (org.newsclub.net.unix.AFUNIXSocketException) caught when processing request to {}->unix://localhost:80: No such file or directory
2019-11-01 02:39:34.460  INFO 6 --- [ool-6-thread-49] o.apache.http.impl.execchain.RetryExec   : Retrying request to {}->unix://localhost:80
2019-11-01 02:39:34.460 ERROR 6 --- [ool-6-thread-49] w.weave.socks.queuemaster.DockerSpawner  : Exception trying to launch/remove worker container. javax.ws.rs.ProcessingException: org.newsclub.net.unix.AFUNIXSocketException: No such file or directory (socket: /var/run/docker.sock)
Received shipment task: 5dbb98afc595b30001125361
2019-11-01 02:39:34.525  INFO 6 --- [ool-6-thread-28] w.weave.socks.queuemaster.DockerSpawner  : Spawning new container
2019-11-01 02:39:34.526  INFO 6 --- [ool-6-thread-28] o.apache.http.impl.execchain.RetryExec   : I/O exception (org.newsclub.net.unix.AFUNIXSocketException) caught when processing request to {}->unix://localhost:80: No such file or directory
2019-11-01 02:39:34.526  INFO 6 --- [ool-6-thread-28] o.apache.http.impl.execchain.RetryExec   : Spawning new container
2019-11-01 02:39:34.526  INFO 6 --- [ool-6-thread-28] o.apache.http.impl.execchain.RetryExec   : I/O exception (org.newsclub.net.unix.AFUNIXSocketException) caught when processing request to {}->unix://localhost:80: No such file or directory
2019-11-01 02:39:34.526  INFO 6 --- [ool-6-thread-28] o.apache.http.impl.execchain.RetryExec   : Retrying request to {}->unix://localhost:80
2019-11-01 02:39:34.526  INFO 6 --- [ool-6-thread-28] o.apache.http.impl.execchain.RetryExec   : I/O exception (org.newsclub.net.unix.AFUNIXSocketException) caught when processing request to {}->unix://localhost:80: No such file or directory
2019-11-01 02:39:34.526  INFO 6 --- [ool-6-thread-28] o.apache.http.impl.execchain.RetryExec   : Retrying request to {}->unix://localhost:80
2019-11-01 02:39:34.526 ERROR 6 --- [ool-6-thread-28] w.weave.socks.queuemaster.DockerSpawner  : Exception trying to launch/remove worker container. javax.ws.rs.ProcessingException: org.newsclub.net.unix.AFUNIXSocketException: No such file or directory (socket: /var/run/docker.sock)
Received shipment task: 5dbb98afc595b3000112537b
2019-11-01 02:39:34.555  INFO 6 --- [ool-6-thread-19] w.weave.socks.queuemaster.DockerSpawner  : Spawning new container
2019-11-01 02:39:34.556  INFO 6 --- [ool-6-thread-19] o.apache.http.impl.execchain.RetryExec   : I/O exception (org.newsclub.net.unix.AFUNIXSocketException) caught when processing request to {}->unix://localhost:80: No such file or directory
2019-11-01 02:39:34.556  INFO 6 --- [ool-6-thread-19] o.apache.http.impl.execchain.RetryExec   : Retrying request to {}->unix://localhost:80
2019-11-01 02:39:34.556  INFO 6 --- [ool-6-thread-19] o.apache.http.RetryExec   : I/O exception (org.newsclub.net.unix.AFUNIXSocketException) caught when processing request to {}->unix://localhost:80: No such file or directory
2019-11-01 02:39:34.556  INFO 6 --- [ool-6-thread-19] o.apache.http.impl.execchain.RetryExec   : Retrying request to {}->unix://localhost:80
2019-11-01 02:39:34.557  INFO 6 --- [ool-6-thread-19] o.apache.http.impl.execchain.RetryExec   : I/O exception (org.newsclub.net.unix.AFUNIXSocketException) caught when processing request to {}->unix://localhost:80: No such file or directory
2019-11-01 02:39:34.557  INFO 6 --- [ool-6-thread-19] o.apache.http.impl.execchain.RetryExec   : Retrying request to {}->unix://localhost:80
2019-11-01 02:39:34.557 ERROR 6 --- [ool-6-thread-19] w.weave.socks.queuemaster.DockerSpawner  : Exception trying to launch/remove worker container. javax.ws.rs.ProcessingException: org.newsclub.net.unix.AFUNIXSocketException: No such file or directory (socket: /var/run/docker.sock)
Received shipment task: 5dbb98b9c595b3000112586c
2019-11-01 02:39:34.613  INFO 6 --- [ool-6-thread-10] w.weave.socks.queuemaster.DockerSpawner  : Spawning new container
2019-11-01 02:39:34.614  INFO 6 --- [ool-6-thread-10] o.apache.http.impl.execchain.RetryExec   : I/O exception (org.newsclub.net.unix.AFUNIXSocketException) caught when processing request to {}->unix://localhost:80: No such file or directory
2019-11-01 02:39:34.614  INFO 6 --- [ool-6-thread-10] o.apache.http.impl.execchain.RetryExec   : Retrying request to {}->unix://localhost:80
2019-11-01 02:39:34.614  INFO 6 --- [ool-6-thread-10] o.apache.http.impl.execchain.RetryExec   : I/O exception (org.newsclub.net.unix.AFUNIXSocketException) caught when processing request to {}->unix://localhost:80: No such file or directory
2019-11-01 02:39:34.614  INFO 6 --- [ool-6-thread-10] o.apache.http.impl.execchain.RetryExec   : Retrying request to
2019-11-01 02:39:34.615  INFO 6 --- [ool-6-thread-10] o.apache.http.impl.execchain.RetryExec   : I/O exception (org.newsclub.net.unix.AFUNIXSocketException) caught when processing request to {}->unix://localhost:80: No such file or directory
2019-11-01 02:39:34.615  INFO 6 --- [ool-6-thread-10] o.apache.http.impl.execchain.RetryExec   : Retrying request to {}->unix://localhost:80
2019-11-01 02:39:34.616 ERROR 6 --- [ool-6-thread-10] w.weave.socks.queuemaster.DockerSpawner  : Exception trying to launch/remove worker container. javax.ws.rs.ProcessingException: org.newsclub.net.unix.AFUNIXSocketException: No such file or directory (socket: /var/run/docker.sock)
Received shipment task: 5dbb98b0c595b300011253f7
2019-11-01 02:39:34.649  INFO 6 --- [pool-6-thread-8] w.weave.socks.queuemaster.DockerSpawner  : Spawning new container
2019-11-01 02:39:34.650  INFO 6 --- [pool-6-thread-8] o.apache.http.impl.execchain.RetryExec   : I/O exception (org.newsclub.net.unix.AFUNIXSocketException) caught when processing request to {}->unix://localhost:80: No such file or directory
2019-11-01 02:39:34.651  INFO 6 --- [pool-6-thread-8] o.apache.http.impl.execchain.RetryExec   : Retrying request to {}->unix://localhost:80
2019-11-01 02:39:34.652  INFO 6 --- [pool-6-thread-8] o.apache.http.impl.execchain.RetryExec   : I/O exception (org.newsclub.net.unix.AFUNIXSocketException) caught when processing request to {}->unix://localhost:80: No such file or directory
2019-11-01 02:39:34.652  INFO 6 --- [pool-6-thread-8] o.apache.http.impl.execchain.RetryExec   : Retrying request to {}->unix://localhost:80
2019-11-01 02:39:34.653  INFO 6 --- [pool-6-thread-8] o.apache.http.impl.execchain.RetryExec   : I/O exception (org.newsclub.net.unix.AFUNIXSocketException)request to {}->unix://localhost:80: No such file or directory
2019-11-01 02:39:34.653  INFO 6 --- [pool-6-thread-8] o.apache.http.impl.execchain.RetryExec   : Retrying request to {}->unix://localhost:80
2019-11-01 02:39:34.653 ERROR 6 --- [pool-6-thread-8] w.weave.socks.queuemaster.DockerSpawner  : Exception trying to launch/remove worker container. javax.ws.rs.ProcessingException: org.newsclub.net.unix.AFUNIXSocketException: No such file or directory (socket: /var/run/docker.sock)
Received shipment task: 5dbb98bac595b300011258cf
2019-11-01 02:39:34.655  INFO 6 --- [pool-6-thread-6] w.weave.socks.queuemaster.DockerSpawner  : Spawning new container
2019-11-01 02:39:34.655  INFO 6 --- [pool-6-thread-6] o.apache.http.impl.execchain.RetryExec   : I/O exception (org.newsclub.net.unix.AFUNIXSocketException) caught when processing request to {}->unix://localhost:80: No such file or directory
2019-11-01 02:39:34.655  INFO 6 --- [pool-6-thread-6] o.apache.http.impl.execchain.RetryExec   : Retrying request to {}->unix://localhost:80
2019-11-01 02:39:34.655  INFO 6 --- [pool-6-thread-6] o.apache.http.impl.execchain.RetryExec   : I/O exception (org.newsclub.net.unix.AFUNIXSocketException) caught when processing request to {}->unix://localhost:80: No such file or directory
2019-11-01 02:39:34.655  INFO 6 --- [pool-6-thread-6] o.apache.http.impl.execchain.RetryExec   : Retrying request to {}->unix://localhost:80
2019-11-01 02:39:34.655  INFO 6 --- [pool-6-thread-6] o.apache.http.impl.execchain.RetryExec   : I/O exception (org.newsclub.net.unix.AFUNIXSocketException) caught when processing request to {}->unix://localhost:80: No such file or directory
2019-11-01 02:39:34.655  INFO 6 --- [pool-6-thread-6] o.apache.http.impl.execchain.RetryExec   : Retrying request to {}->
2019-11-01 02:39:34.656 ERROR 6 --- [pool-6-thread-6] w.weave.socks.queuemaster.DockerSpawner  : Exception trying to launch/remove worker container. javax.ws.rs.ProcessingException: org.newsclub.net.unix.AFUNIXSocketException: No such file or directory (socket: /var/run/docker.sock)
Received shipment task: 5dbb98b0c595b30001125400
2019-11-01 02:39:34.696  INFO 6 --- [ool-6-thread-39] w.weave.socks.queuemaster.DockerSpawner  : Spawning new container
2019-11-01 02:39:34.697  INFO 6 --- [ool-6-thread-39] o.apache.http.impl.execchain.RetryExec   : I/O exception (org.newsclub.net.unix.AFUNIXSocketException) caught when processing request to {}->unix://localhost:80: No such file or directory
2019-11-01 02:39:34.697  INFO 6 --- [ool-6-thread-39] o.apache.http.impl.execchain.RetryExec   : Retrying request to {}->unix://localhost:80
2019-11-01 02:39:34.697  INFO 6 --- [ool-6-thread-39] o.apache.http.impl.execchain.RetryExec   : I/O exception (org.newsclub.net.unix.AFUNIXSocketException) caught when processing request to {}->unix://localhost:80: No such file or directory
2019-11-01 02:39:34.697  INFO 6 --- [ool-6-thread-39] o.apache.http.impl.execchain.RetryExec   : Retrying request to {}->unix://localhost:80
2019-11-01 02:39:34.697  INFO 6 --- [ool-6-thread-39] o.apache.http.impl.execchain.RetryExec   : I/O exception (org.newsclub.net.unix.AFUNIXSocketException) caught when processing request to {}->unix://localhost:80: No such file or directory
2019-11-01 02:39:34.697  INFO 6 --- [ool-6-thread-39] o.apache.http.impl.execchain.RetryExec   : Retrying request to {}->unix://localhost:80
2019-11-01 02:39:34.697 ERROR 6 --- [ool-6-thread-39] w.weave.socks.queuemaster.DockerSpawner  : I/O  trying to launch/remove worker container. javax.ws.rs.ProcessingException: org.newsclub.net.unix.AFUNIXSocketException: No such file or directory (socket: /var/run/docker.sock)
Received shipment task: 5dbb98b2c595b300011254e2
2019-11-01 02:39:34.708  INFO 6 --- [ool-6-thread-26] w.weave.socks.queuemaster.DockerSpawner  : Spawning new container
2019-11-01 02:39:34.710  INFO 6 --- [ool-6-thread-26] o.apache.http.impl.execchain.RetryExec   : I/O exception (org.newsclub.net.unix.AFUNIXSocketException) caught when processing request to {}->unix://localhost:80: No such file or directory
2019-11-01 02:39:34.710  INFO 6 --- [ool-6-thread-26] o.apache.http.impl.execchain.RetryExec   : Retrying request to {}->unix://localhost:80
2019-11-01 02:39:34.710  INFO 6 --- [ool-6-thread-26] o.apache.http.impl.execchain.RetryExec   : I/O exception (org.newsclub.net.unix.AFUNIXSocketException) caught when processing request to {}->unix://localhost:80: No such file or directory
2019-11-01 02:39:34.710  INFO 6 --- [ool-6-thread-26] o.apache.http.impl.execchain.RetryExec   : Retrying request to {}->unix://localhost:80
2019-11-01 02:39:34.710  INFO 6 --- [ool-6-thread-26] o.apache.http.impl.execchain.RetryExec   : I/O exception (org.newsclub.net.unix.AFUNIXSocketException) caught when processing request to {}->unix://localhost:80: No such file or directory
2019-11-01 02:39:34.710  INFO 6 --- [ool-6-thread-26] o.apache.http.impl.execchain.RetryExec   : Retrying request to {}->unix://localhost:80
2019-11-01 02:39:34.710 ERROR 6 --- [ool-6-thread-26] w.weave.socks.queuemaster.DockerSpawner  : Exception trying to launch/remove worker container. javax.ws.rs.ProcessingException: org.newsclub.net.unix.AFUNIXSocketException: No such file or directory (socket: /var/run/docker.sock)
shipment task: 5dbb98b3c595b30001125555
2019-11-01 02:39:34.727  INFO 6 --- [ool-6-thread-14] w.weave.socks.queuemaster.DockerSpawner  : Spawning new container
2019-11-01 02:39:34.727  INFO 6 --- [ool-6-thread-14] o.apache.http.impl.execchain.RetryExec   : I/O exception (org.newsclub.net.unix.AFUNIXSocketException) caught when processing request to {}->unix://localhost:80: No such file or directory
2019-11-01 02:39:34.727  INFO 6 --- [ool-6-thread-14] o.apache.http.impl.execchain.RetryExec   : Retrying request to {}->unix://localhost:80
2019-11-01 02:39:34.727  INFO 6 --- [ool-6-thread-14] o.apache.http.impl.execchain.RetryExec   : I/O exception (org.newsclub.net.unix.AFUNIXSocketException) caught when processing request to {}->unix://localhost:80: No such file or directory
2019-11-01 02:39:34.727  INFO 6 --- [ool-6-thread-14] o.apache.http.impl.execchain.RetryExec   : Retrying request to {}->unix://localhost:80
2019-11-01 02:39:34.728  INFO 6 --- [ool-6-thread-14] o.apache.http.impl.execchain.RetryExec   : I/O exception (org.newsclub.net.unix.AFUNIXSocketException) caught when processing request to {}->unix://localhost:80: No such file or directory
2019-11-01 02:39:34.728  INFO 6 --- [ool-6-thread-14] o.apache.http.impl.execchain.RetryExec   : Retrying request to {}->unix://localhost:80
2019-11-01 02:39:34.728 ERROR 6 --- [ool-6-thread-14] w.weave.socks.queuemaster.DockerSpawner  : Exception trying to launch/remove worker container. javax.ws.rs.ProcessingException: org.newsclub.net.unix.AFUNIXSocketException: No such file or directory (socket: /var/run/docker.sock)
Received shipment task: 5dbb98b9c595b3000112582c
2019-11-01 02:39:34.771  INFO 6 --- [ool-6-thread-50] w.weave.socks.queuemaster.DockerSpawner  : I/O exception
2019-11-01 02:39:34.772  INFO 6 --- [ool-6-thread-50] o.apache.http.impl.execchain.RetryExec   : I/O exception (org.newsclub.net.unix.AFUNIXSocketException) caught when processing request to {}->unix://localhost:80: No such file or directory
2019-11-01 02:39:34.773  INFO 6 --- [ool-6-thread-50] o.apache.http.impl.execchain.RetryExec   : Retrying request to {}->unix://localhost:80
2019-11-01 02:39:34.773  INFO 6 --- [ool-6-thread-50] o.apache.http.impl.execchain.RetryExec   : I/O exception (org.newsclub.net.unix.AFUNIXSocketException) caught when processing request to {}->unix://localhost:80: No such file or directory
2019-11-01 02:39:34.773  INFO 6 --- [ool-6-thread-50] o.apache.http.impl.execchain.RetryExec   : Retrying request to {}->unix://localhost:80
2019-11-01 02:39:34.773  INFO 6 --- [ool-6-thread-50] o.apache.http.impl.execchain.RetryExec   : I/O exception (org.newsclub.net.unix.AFUNIXSocketException) caught when processing request to {}->unix://localhost:80: No such file or directory
2019-11-01 02:39:34.773  INFO 6 --- [ool-6-thread-50] o.apache.http.impl.execchain.RetryExec   : Retrying request to {}->unix://localhost:80
2019-11-01 02:39:34.774 ERROR 6 --- [ool-6-thread-50] w.weave.socks.queuemaster.DockerSpawner  : Exception trying to launch/remove worker container. javax.ws.rs.ProcessingException: org.newsclub.net.unix.AFUNIXSocketException: No such file or directory (socket: /var/run/docker.sock)
Received shipment task: 5dbb98b9c595b30001125848
2019-11-01 02:39:34.778  INFO 6 --- [ool-6-thread-24] w.weave.socks.queuemaster.DockerSpawner  : Spawning new container
2019-11-01 02:39:34.785  INFO 6 --- [ool-6-thread-24] o.apache.http.impl.execchain.RetryExec   : I/O  (org.newsclub.net.unix.AFUNIXSocketException) caught when processing request to {}->unix://localhost:80: No such file or directory
2019-11-01 02:39:34.785  INFO 6 --- [ool-6-thread-24] o.apache.http.impl.execchain.RetryExec   : Retrying request to {}->unix://localhost:80
2019-11-01 02:39:34.785  INFO 6 --- [ool-6-thread-24] o.apache.http.impl.execchain.RetryExec   : I/O exception (org.newsclub.net.unix.AFUNIXSocketException) caught when processing request to {}->unix://localhost:80: No such file or directory
2019-11-01 02:39:34.785  INFO 6 --- [ool-6-thread-24] o.apache.http.impl.execchain.RetryExec   : Retrying request to {}->unix://localhost:80
2019-11-01 02:39:34.786  INFO 6 --- [ool-6-thread-24] o.apache.http.impl.execchain.RetryExec   : I/O exception (org.newsclub.net.unix.AFUNIXSocketException) caught when processing request to {}->unix://localhost:80: No such file or directory
2019-11-01 02:39:34.786  INFO 6 --- [ool-6-thread-24] o.apache.http.impl.execchain.RetryExec   : Retrying request to {}->unix://localhost:80
2019-11-01 02:39:34.786 ERROR 6 --- [ool-6-thread-24] w.weave.socks.queuemaster.DockerSpawner  : Exception trying to launch/remove worker container. javax.ws.rs.ProcessingException: org.newsclub.net.unix.AFUNIXSocketException: No such file or directory (socket: /var/run/docker.sock)
Received shipment task: 5dbb98b4c595b3000112557c
2019-11-01 02:39:34.821  INFO 6 --- [ool-6-thread-18] w.weave.socks.queuemaster.DockerSpawner  : Spawning new container
2019-11-01 02:39:34.821  INFO 6 --- [ool-6-thread-18] o.apache.http.impl.execchain.RetryExec   : I/O exception (org.newsclub.net.unix.AFUNIXSocketException) caught when processing request to {}->unix://localhost:80: No such file or directory
2019-11-01 02:39:34.821  INFO 6 --- [ool-6-thread-18] o.apache.http.impl.execchain.RetryExec   : Retrying request to->unix://localhost:80
2019-11-01 02:39:34.821  INFO 6 --- [ool-6-thread-18] o.apache.http.impl.execchain.RetryExec   : I/O exception (org.newsclub.net.unix.AFUNIXSocketException) caught when processing request to {}->unix://localhost:80: No such file or directory
2019-11-01 02:39:34.821  INFO 6 --- [ool-6-thread-18] o.apache.http.impl.execchain.RetryExec   : Retrying request to {}->unix://localhost:80
2019-11-01 02:39:34.821  INFO 6 --- [ool-6-thread-18] o.apache.http.impl.execchain.RetryExec   : I/O exception (org.newsclub.net.unix.AFUNIXSocketException) caught when processing request to {}->unix://localhost:80: No such file or directory
2019-11-01 02:39:34.821  INFO 6 --- [ool-6-thread-18] o.apache.http.impl.execchain.RetryExec   : Retrying request to {}->unix://localhost:80
2019-11-01 02:39:34.821 ERROR 6 --- [ool-6-thread-18] w.weave.socks.queuemaster.DockerSpawner  : Exception trying to launch/remove worker container. javax.ws.rs.ProcessingException: org.newsclub.net.unix.AFUNIXSocketException: No such file or directory (socket: /var/run/docker.sock)
Received shipment task: 5dbb98bac595b300011258aa
2019-11-01 02:39:34.834  INFO 6 --- [ool-6-thread-27] w.weave.socks.queuemaster.DockerSpawner  : Spawning new container
2019-11-01 02:39:34.834  INFO 6 --- [ool-6-thread-27] o.apache.http.impl.execchain.RetryExec   : I/O exception (org.newsclub.net.unix.AFUNIXSocketException) caught when processing request to {}->unix://localhost:80: No such file or directory
2019-11-01 02:39:34.834  INFO 6 --- [ool-6-thread-27] o.apache.http.impl.execchain.RetryExec   : Retrying request to {}->unix://localhost:80
2019-11-01 02:39:34.835  INFO 6 --- [ool-6-thread-27] o.apache.http.impl.execchain.RetryExec   : I/O exception (org.AFUNIXSocketException) caught when processing request to {}->unix://localhost:80: No such file or directory
2019-11-01 02:39:34.835  INFO 6 --- [ool-6-thread-27] o.apache.http.impl.execchain.RetryExec   : Retrying request to {}->unix://localhost:80
2019-11-01 02:39:34.835  INFO 6 --- [ool-6-thread-27] o.apache.http.impl.execchain.RetryExec   : I/O exception (org.newsclub.net.unix.AFUNIXSocketException) caught when processing request to {}->unix://localhost:80: No such file or directory
2019-11-01 02:39:34.835  INFO 6 --- [ool-6-thread-27] o.apache.http.impl.execchain.RetryExec   : Retrying request to {}->unix://localhost:80
2019-11-01 02:39:34.835 ERROR 6 --- [ool-6-thread-27] w.weave.socks.queuemaster.DockerSpawner  : Exception trying to launch/remove worker container. javax.ws.rs.ProcessingException: org.newsclub.net.unix.AFUNIXSocketException: No such file or directory (socket: /var/run/docker.sock)
Received shipment task: 5dbb98b7c595b300011256f8
2019-11-01 02:39:34.835  INFO 6 --- [pool-6-thread-5] w.weave.socks.queuemaster.DockerSpawner  : Spawning new container
2019-11-01 02:39:34.837  INFO 6 --- [pool-6-thread-5] o.apache.http.impl.execchain.RetryExec   : I/O exception (org.newsclub.net.unix.AFUNIXSocketException) caught when processing request to {}->unix://localhost:80: No such file or directory
2019-11-01 02:39:34.837  INFO 6 --- [pool-6-thread-5] o.apache.http.impl.execchain.RetryExec   : Retrying request to {}->unix://localhost:80
2019-11-01 02:39:34.838  INFO 6 --- [pool-6-thread-5] o.apache.http.impl.execchain.RetryExec   : I/O exception (org.newsclub.net.unix.AFUNIXSocketException) caught when processing request to {}->unix://localhost:80: No such file or directory
2019-11-01 02:39:34.838  INFO 6 --- [pool-6-thread-5] o.apache.http.impl.execchain.RetryExec   : Retrying request to {}->//localhost:80
2019-11-01 02:39:34.840  INFO 6 --- [pool-6-thread-5] o.apache.http.impl.execchain.RetryExec   : I/O exception (org.newsclub.net.unix.AFUNIXSocketException) caught when processing request to {}->unix://localhost:80: No such file or directory
2019-11-01 02:39:34.843  INFO 6 --- [pool-6-thread-5] o.apache.http.impl.execchain.RetryExec   : Retrying request to {}->unix://localhost:80
2019-11-01 02:39:34.853 ERROR 6 --- [pool-6-thread-5] w.weave.socks.queuemaster.DockerSpawner  : Exception trying to launch/remove worker container. javax.ws.rs.ProcessingException: org.newsclub.net.unix.AFUNIXSocketException: No such file or directory (socket: /var/run/docker.sock)
Received shipment task: 5dbb98b6c595b3000112568a
2019-11-01 02:39:34.865  INFO 6 --- [ool-6-thread-40] w.weave.socks.queuemaster.DockerSpawner  : Spawning new container
2019-11-01 02:39:34.866  INFO 6 --- [ool-6-thread-40] o.apache.http.impl.execchain.RetryExec   : I/O exception (org.newsclub.net.unix.AFUNIXSocketException) caught when processing request to {}->unix://localhost:80: No such file or directory
2019-11-01 02:39:34.866  INFO 6 --- [ool-6-thread-40] o.apache.http.impl.execchain.RetryExec   : Retrying request to {}->unix://localhost:80
2019-11-01 02:39:34.866  INFO 6 --- [ool-6-thread-40] o.apache.http.impl.execchain.RetryExec   : I/O exception (org.newsclub.net.unix.AFUNIXSocketException) caught when processing request to {}->unix://localhost:80: No such file or directory
2019-11-01 02:39:34.866  INFO 6 --- [ool-6-thread-40] o.apache.http.impl.execchain.RetryExec   : Retrying request to {}->unix://localhost:80
2019-11-01 02:39:34.867  INFO 6 --- [thread-40] o.apache.http.impl.execchain.RetryExec   : I/O exception (org.newsclub.net.unix.AFUNIXSocketException) caught when processing request to {}->unix://localhost:80: No such file or directory
2019-11-01 02:39:34.867  INFO 6 --- [ool-6-thread-40] o.apache.http.impl.execchain.RetryExec   : Retrying request to {}->unix://localhost:80
2019-11-01 02:39:34.867 ERROR 6 --- [ool-6-thread-40] w.weave.socks.queuemaster.DockerSpawner  : Exception trying to launch/remove worker container. javax.ws.rs.ProcessingException: org.newsclub.net.unix.AFUNIXSocketException: No such file or directory (socket: /var/run/docker.sock)
Received shipment task: 5dbb98b7c595b30001125701
2019-11-01 02:39:34.893  INFO 6 --- [pool-6-thread-9] w.weave.socks.queuemaster.DockerSpawner  : Spawning new container
2019-11-01 02:39:34.893  INFO 6 --- [pool-6-thread-9] o.apache.http.impl.execchain.RetryExec   : I/O exception (org.newsclub.net.unix.AFUNIXSocketException) caught when processing request to {}->unix://localhost:80: No such file or directory
2019-11-01 02:39:34.893  INFO 6 --- [pool-6-thread-9] o.apache.http.impl.execchain.RetryExec   : Retrying request to {}->unix://localhost:80
2019-11-01 02:39:34.893  INFO 6 --- [pool-6-thread-9] o.apache.http.impl.execchain.RetryExec   : I/O exception (org.newsclub.net.unix.AFUNIXSocketException) caught when processing request to {}->unix://localhost:80: No such file or directory
2019-11-01 02:39:34.893  INFO 6 --- [pool-6-thread-9] o.apache.http.impl.execchain.RetryExec   : Retrying request to {}->unix://localhost:80
2019-11-01 02:39:34.894  INFO 6 --- [pool-6-thread-9] o.apache.http.impl.execchain.RetryExec   : I/O exception (org.newsclub.net.unix.AFUNIXSocketException) caught when processing request to {}->unix://localhost:80: No such file or directory
02:39:34.894  INFO 6 --- [pool-6-thread-9] o.apache.http.impl.execchain.RetryExec   : Retrying request to {}->unix://localhost:80
2019-11-01 02:39:34.894 ERROR 6 --- [pool-6-thread-9] w.weave.socks.queuemaster.DockerSpawner  : Exception trying to launch/remove worker container. javax.ws.rs.ProcessingException: org.newsclub.net.unix.AFUNIXSocketException: No such file or directory (socket: /var/run/docker.sock)
Received shipment task: 5dbb98b7c595b3000112574b
2019-11-01 02:39:34.913  INFO 6 --- [pool-6-thread-2] w.weave.socks.queuemaster.DockerSpawner  : Spawning new container
2019-11-01 02:39:34.914  INFO 6 --- [pool-6-thread-2] o.apache.http.impl.execchain.RetryExec   : I/O exception (org.newsclub.net.unix.AFUNIXSocketException) caught when processing request to {}->unix://localhost:80: No such file or directory
2019-11-01 02:39:34.914  INFO 6 --- [pool-6-thread-2] o.apache.http.impl.execchain.RetryExec   : Retrying request to {}->unix://localhost:80
2019-11-01 02:39:34.914  INFO 6 --- [pool-6-thread-2] o.apache.http.impl.execchain.RetryExec   : I/O exception (org.newsclub.net.unix.AFUNIXSocketException) caught when processing request to {}->unix://localhost:80: No such file or directory
2019-11-01 02:39:34.914  INFO 6 --- [pool-6-thread-2] o.apache.http.impl.execchain.RetryExec   : Retrying request to {}->unix://localhost:80
2019-11-01 02:39:34.914  INFO 6 --- [pool-6-thread-2] o.apache.http.impl.execchain.RetryExec   : I/O exception (org.newsclub.net.unix.AFUNIXSocketException) caught when processing request to {}->unix://localhost:80: No such file or directory
2019-11-01 02:39:34.914  INFO 6 --- [pool-6-thread-2] o.apache.http.impl.execchain.RetryExec   : Retrying request to {}->unix://localhost:80
2019-11-01 02:39:34.914  --- [pool-6-thread-2] w.weave.socks.queuemaster.DockerSpawner  : Exception trying to launch/remove worker container. javax.ws.rs.ProcessingException: org.newsclub.net.unix.AFUNIXSocketException: No such file or directory (socket: /var/run/docker.sock)
Received shipment task: 5dbb98b8c595b300011257ca
2019-11-01 02:39:34.917  INFO 6 --- [ool-6-thread-41] w.weave.socks.queuemaster.DockerSpawner  : Spawning new container
2019-11-01 02:39:34.919  INFO 6 --- [ool-6-thread-41] o.apache.http.impl.execchain.RetryExec   : I/O exception (org.newsclub.net.unix.AFUNIXSocketException) caught when processing request to {}->unix://localhost:80: No such file or directory
2019-11-01 02:39:34.919  INFO 6 --- [ool-6-thread-41] o.apache.http.impl.execchain.RetryExec   : Retrying request to {}->unix://localhost:80
2019-11-01 02:39:34.919  INFO 6 --- [ool-6-thread-41] o.apache.http.impl.execchain.RetryExec   : I/O exception (org.newsclub.net.unix.AFUNIXSocketException) caught when processing request to {}->unix://localhost:80: No such file or directory
2019-11-01 02:39:34.919  INFO 6 --- [ool-6-thread-41] o.apache.http.impl.execchain.RetryExec   : Retrying request to {}->unix://localhost:80
2019-11-01 02:39:34.919  INFO 6 --- [ool-6-thread-41] o.apache.http.impl.execchain.RetryExec   : I/O exception (org.newsclub.net.unix.AFUNIXSocketException) caught when processing request to {}->unix://localhost:80: No such file or directory
2019-11-01 02:39:34.919  INFO 6 --- [ool-6-thread-41] o.apache.http.impl.execchain.RetryExec   : Retrying request to {}->unix://localhost:80
2019-11-01 02:39:34.924 ERROR 6 --- [ool-6-thread-41] w.weave.socks.queuemaster.DockerSpawner  : Exception trying to launch/remove worker container. javax.ws.rs.ProcessingException: org.newsclub.net.unix.AFUNIXSocketException: No such file or directory (socket: /var/run/docker.sock)
Received shipment : 5dbb98b0c595b300011253e0
2019-11-01 02:39:34.943  INFO 6 --- [ool-6-thread-29] w.weave.socks.queuemaster.DockerSpawner  : Spawning new container
2019-11-01 02:39:34.944  INFO 6 --- [ool-6-thread-29] o.apache.http.impl.execchain.RetryExec   : I/O exception (org.newsclub.net.unix.AFUNIXSocketException) caught when processing request to {}->unix://localhost:80: No such file or directory
2019-11-01 02:39:34.944  INFO 6 --- [ool-6-thread-29] o.apache.http.impl.execchain.RetryExec   : Retrying request to {}->unix://localhost:80
2019-11-01 02:39:34.944  INFO 6 --- [ool-6-thread-29] o.apache.http.impl.execchain.RetryExec   : I/O exception (org.newsclub.net.unix.AFUNIXSocketException) caught when processing request to {}->unix://localhost:80: No such file or directory
2019-11-01 02:39:34.944  INFO 6 --- [ool-6-thread-29] o.apache.http.impl.execchain.RetryExec   : Retrying request to {}->unix://localhost:80
2019-11-01 02:39:34.944  INFO 6 --- [ool-6-thread-29] o.apache.http.impl.execchain.RetryExec   : I/O exception (org.newsclub.net.unix.AFUNIXSocketException) caught when processing request to {}->unix://localhost:80: No such file or directory
2019-11-01 02:39:34.944  INFO 6 --- [ool-6-thread-29] o.apache.http.impl.execchain.RetryExec   : Retrying request to {}->unix://localhost:80
2019-11-01 02:39:34.946 ERROR 6 --- [ool-6-thread-29] w.weave.socks.queuemaster.DockerSpawner  : Exception trying to launch/remove worker container. javax.ws.rs.ProcessingException: org.newsclub.net.unix.AFUNIXSocketException: No such file or directory (socket: /var/run/docker.sock)
Received shipment task: 5dbb98b1c595b3000112543b
2019-11-01 02:39:34.949  INFO 6 --- [ool-6-46] w.weave.socks.queuemaster.DockerSpawner  : Spawning new container
2019-11-01 02:39:34.949  INFO 6 --- [ool-6-thread-46] o.apache.http.impl.execchain.RetryExec   : I/O exception (org.newsclub.net.unix.AFUNIXSocketException) caught when processing request to {}->unix://localhost:80: No such file or directory
2019-11-01 02:39:34.949  INFO 6 --- [ool-6-thread-46] o.apache.http.impl.execchain.RetryExec   : Retrying request to {}->unix://localhost:80
2019-11-01 02:39:34.949  INFO 6 --- [ool-6-thread-46] o.apache.http.impl.execchain.RetryExec   : I/O exception (org.newsclub.net.unix.AFUNIXSocketException) caught when processing request to {}->unix://localhost:80: No such file or directory
2019-11-01 02:39:34.949  INFO 6 --- [ool-6-thread-46] o.apache.http.impl.execchain.RetryExec   : Retrying request to {}->unix://localhost:80
2019-11-01 02:39:34.950  INFO 6 --- [ool-6-thread-46] o.apache.http.impl.execchain.RetryExec   : I/O exception (org.newsclub.net.unix.AFUNIXSocketException) caught when processing request to {}->unix://localhost:80: No such file or directory
2019-11-01 02:39:34.950  INFO 6 --- [ool-6-thread-46] o.apache.http.impl.execchain.RetryExec   : Retrying request to {}->unix://localhost:80
2019-11-01 02:39:34.950 ERROR 6 --- [ool-6-thread-46] w.weave.socks.queuemaster.DockerSpawner  : Exception trying to launch/remove worker container. javax.ws.rs.ProcessingException: org.newsclub.net.unix.AFUNIXSocketException: No such file or directory (socket: /var/run/docker.sock)
Received shipment task: 5dbb98afc595b30001125364
2019-11-01 02:39:34.992  INFO 6 --- [ool-6-thread-13] w.weave.socks.queuemaster.DockerSpawner  : Spawning new container
2019-11-01 02:39:34.993  INFO 6 --- [ool-7-thread-13] o.apache.http.impl.execchain.RetryExec   : I/O exception (org.newsclub.net.unix.AFUNIXSocketException) caught when processing request to {}->unix://localhost:80: No such file or directory
2019-11-01 02:39:34.993  INFO 6 --- [ool-6-thread-13] o.apache.http.impl.execchain.RetryExec   : Retrying request to {}->unix://localhost:80
2019-11-01 02:39:34.993  INFO 6 --- [ool-6-thread-13] o.apache.http.impl.execchain.RetryExec   : I/O exception (org.newsclub.net.unix.AFUNIXSocketException) caught when processing request to {}->unix://localhost:80: No such file or directory
2019-11-01 02:39:34.993  INFO 6 --- [ool-6-thread-13] o.apache.http.impl.execchain.RetryExec   : Retrying request to {}->unix://localhost:80
2019-11-01 02:39:34.993  INFO 6 --- [ool-6-thread-13] o.apache.http.impl.execchain.RetryExec   : I/O exception (org.newsclub.net.unix.AFUNIXSocketException) caught when processing request to {}->unix://localhost:80: No such file or directory
2019-11-01 02:39:34.993  INFO 6 --- [ool-6-thread-13] o.apache.http.impl.execchain.RetryExec   : Retrying request to {}->unix://localhost:80
2019-11-01 02:39:34.993 ERROR 6 --- [ool-6-thread-13] w.weave.socks.queuemaster.DockerSpawner  : Exception trying to launch/remove worker container. javax.ws.rs.ProcessingException: org.newsclub.net.unix.AFUNIXSocketException: No such file or directory (socket: /var/run/docker.sock)
Received shipment task: 5dbb98b3c595b30001125556
2019-11-01 02:39:35.009  INFO 6 --- [ool-6-thread-33] w.weave.socks.queuemaster.DockerSpawner  : Spawning new container
2019-11-01 02:39:35.011  INFO 6 --- [ool-6-thread-33] o.apache.http.impl.execchain.RetryExec   : I/O exception (org.newsclub.net.unix.AFUNIXSocketException) caught when processing request to {}->unix://localhost:80: No such file or directory
2019-11-01 02:39:35.011  INFO 6 --- [ool-6-thread-33] o.apache.http.impl.execchain.RetryExec   : I/O exception (org.newsclub.net.unix.AFUNIXSocketException)
2019-11-01 02:39:35.011  INFO 6 --- [ool-6-thread-33] o.apache.http.impl.execchain.RetryExec   : I/O exception (org.newsclub.net.unix.AFUNIXSocketException) caught when processing request to {}->unix://localhost:80: No such file or directory
2019-11-01 02:39:35.012  INFO 6 --- [ool-6-thread-33] o.apache.http.impl.execchain.RetryExec   : Retrying request to {}->unix://localhost:80
2019-11-01 02:39:35.012  INFO 6 --- [ool-6-thread-33] o.apache.http.impl.execchain.RetryExec   : I/O exception (org.newsclub.net.unix.AFUNIXSocketException) caught when processing request to {}->unix://localhost:80: No such file or directory
2019-11-01 02:39:35.012  INFO 6 --- [ool-6-thread-33] o.apache.http.impl.execchain.RetryExec   : Retrying request to {}->unix://localhost:80
2019-11-01 02:39:35.012 ERROR 6 --- [ool-6-thread-33] w.weave.socks.queuemaster.DockerSpawner  : Exception trying to launch/remove worker container. javax.ws.rs.ProcessingException: org.newsclub.net.unix.AFUNIXSocketException: No such file or directory (socket: /var/run/docker.sock)
Received shipment task: 5dbb98b8c595b300011257c7
2019-11-01 02:39:35.023  INFO 6 --- [ool-6-thread-32] w.weave.socks.queuemaster.DockerSpawner  : Spawning new container
2019-11-01 02:39:35.024  INFO 6 --- [ool-6-thread-32] o.apache.http.impl.execchain.RetryExec   : I/O exception (org.newsclub.net.unix.AFUNIXSocketException) caught when processing request to {}->unix://localhost:80: No such file or directory
Received shipment task: 5dbb98bac595b300011258fa
2019-11-01 02:39:35.024  INFO 6 --- [ool-6-thread-32] o.apache.http.impl.execchain.RetryExec   : trying request to {}->unix://localhost:80
2019-11-01 02:39:35.024  INFO 6 --- [ool-6-thread-32] o.apache.http.impl.execchain.RetryExec   : I/O exception (org.newsclub.net.unix.AFUNIXSocketException) caught when processing request to {}->unix://localhost:80: No such file or directory
2019-11-01 02:39:35.024  INFO 6 --- [ool-6-thread-32] o.apache.http.impl.execchain.RetryExec   : Retrying request to {}->unix://localhost:80
2019-11-01 02:39:35.024  INFO 6 --- [ool-6-thread-32] o.apache.http.impl.execchain.RetryExec   : I/O exception (org.newsclub.net.unix.AFUNIXSocketException) caught when processing request to {}->unix://localhost:80: No such file or directory
2019-11-01 02:39:35.024  INFO 6 --- [ool-6-thread-32] o.apache.http.impl.execchain.RetryExec   : Retrying request to {}->unix://localhost:80
Received shipment task: 5dbb98b2c595b300011254c6
2019-11-01 02:39:35.024 ERROR 6 --- [ool-6-thread-32] w.weave.socks.queuemaster.DockerSpawner  : Exception trying to launch/remove worker container. javax.ws.rs.ProcessingException: org.newsclub.net.unix.AFUNIXSocketException: No such file or directory (socket: /var/run/docker.sock)
2019-11-01 02:39:35.024  INFO 6 --- [ool-6-thread-17] w.weave.socks.queuemaster.DockerSpawner  : Spawning new container
2019-11-01 02:39:35.024  INFO 6 --- [ool-6-thread-25] w.weave.socks.queuemaster.DockerSpawner  : Spawning new container
2019-11-01 02:39:35.025  INFO 6 --- [ool-6-thread-17] o.apache.http.impl.execchain.RetryExec   : I/O exception (org.newsclub.net.unix.AFUNIXSocketException) caught when processing request to {}->unix://localhost:80: No such file or directory
2019-11-01 02:39:35.025  INFO 6 --- [ool-6-thread-17] o.apache.http.impl.execchain.RetryExec   : Retrying request localhost:80
2019-11-01 02:39:35.025  INFO 6 --- [ool-6-thread-25] o.apache.http.impl.execchain.RetryExec   : I/O exception (org.newsclub.net.unix.AFUNIXSocketException) caught when processing request to {}->unix://localhost:80: No such file or directory
2019-11-01 02:39:35.025  INFO 6 --- [ool-6-thread-25] o.apache.http.impl.execchain.RetryExec   : Retrying request to {}->unix://localhost:80
2019-11-01 02:39:35.025  INFO 6 --- [ool-6-thread-17] o.apache.http.impl.execchain.RetryExec   : I/O exception (org.newsclub.net.unix.AFUNIXSocketException) caught when processing request to {}->unix://localhost:80: No such file or directory
2019-11-01 02:39:35.025  INFO 6 --- [ool-6-thread-17] o.apache.http.impl.execchain.RetryExec   : Retrying request to {}->unix://localhost:80
2019-11-01 02:39:35.026  INFO 6 --- [ool-6-thread-25] o.apache.http.impl.execchain.RetryExec   : I/O exception (org.newsclub.net.unix.AFUNIXSocketException) caught when processing request to {}->unix://localhost:80: No such file or directory
2019-11-01 02:39:35.026  INFO 6 --- [ool-6-thread-25] o.apache.http.impl.execchain.RetryExec   : Retrying request to {}->unix://localhost:80
2019-11-01 02:39:35.026  INFO 6 --- [ool-6-thread-17] o.apache.http.impl.execchain.RetryExec   : I/O exception (org.newsclub.net.unix.AFUNIXSocketException) caught when processing request to {}->unix://localhost:80: No such file or directory
2019-11-01 02:39:35.026  INFO 6 --- [ool-6-thread-17] o.apache.http.impl.execchain.RetryExec   : Retrying request to {}->unix://localhost:80
2019-11-01 02:39:35.026 ERROR 6 --- [ool-6-thread-17] w.weave.socks.queuemaster.DockerSpawner  : Exception trying to launch/remove worker container. javax.ws.rs.ProcessingException: org.newsclub.net.unix.AFUNIXSocketException: No such file or directory (socket: /var/run/docker.sock)
2019-11-01 02:39:35.026  INFO 6 --- [ool-6-thread-25] o.apache.http.impl.execchain.RetryExec   : I/O exception (org.newsclub.net.unix.AFUNIXSocketException) caught when request to {}->unix://localhost:80: No such file or directory
2019-11-01 02:39:35.026  INFO 6 --- [ool-6-thread-25] o.apache.http.impl.execchain.RetryExec   : Retrying request to {}->unix://localhost:80
2019-11-01 02:39:35.026 ERROR 6 --- [ool-6-thread-25] w.weave.socks.queuemaster.DockerSpawner  : Exception trying to launch/remove worker container. javax.ws.rs.ProcessingException: org.newsclub.net.unix.AFUNIXSocketException: No such file or directory (socket: /var/run/docker.sock)
Received shipment task: 5dbb98b2c595b300011254d8
2019-11-01 02:39:35.862  INFO 6 --- [pool-6-thread-7] w.weave.socks.queuemaster.DockerSpawner  : Spawning new container
2019-11-01 02:39:35.863  INFO 6 --- [pool-6-thread-7] o.apache.http.impl.execchain.RetryExec   : I/O exception (org.newsclub.net.unix.AFUNIXSocketException) caught when processing request to {}->unix://localhost:80: No such file or directory
2019-11-01 02:39:35.863  INFO 6 --- [pool-6-thread-7] o.apache.http.impl.execchain.RetryExec   : Retrying request to {}->unix://localhost:80
2019-11-01 02:39:35.863  INFO 6 --- [pool-6-thread-7] o.apache.http.impl.execchain.RetryExec   : I/O exception (org.newsclub.net.unix.AFUNIXSocketException) caught when processing request to {}->unix://localhost:80: No such file or directory
2019-11-01 02:39:35.863  INFO 6 --- [pool-6-thread-7] o.apache.http.impl.execchain.RetryExec   : Retrying request to {}->unix://localhost:80
2019-11-01 02:39:35.863  INFO 6 --- [pool-6-thread-7] o.apache.http.impl.execchain.RetryExec   : I/O exception (org.newsclub.net.unix.AFUNIXSocketException) caught when processing request to {}->unix://localhost:80: No such file or directory
2019-11-01 02:39:35.863  INFO 6 --- [pool-6-thread-7] o.apache.http.impl.execchain.RetryExec   : Retrying request
2019-11-01 02:39:35.864 ERROR 6 --- [pool-6-thread-7] w.weave.socks.queuemaster.DockerSpawner  : Exception trying to launch/remove worker container. javax.ws.rs.ProcessingException: org.newsclub.net.unix.AFUNIXSocketException: No such file or directory (socket: /var/run/docker.sock)
Received shipment task: 5dbb98b7c595b30001125745
2019-11-01 02:39:35.901  INFO 6 --- [ool-6-thread-48] w.weave.socks.queuemaster.DockerSpawner  : Spawning new container
2019-11-01 02:39:35.902  INFO 6 --- [ool-6-thread-48] o.apache.http.impl.execchain.RetryExec   : I/O exception (org.newsclub.net.unix.AFUNIXSocketException) caught when processing request to {}->unix://localhost:80: No such file or directory
2019-11-01 02:39:35.902  INFO 6 --- [ool-6-thread-48] o.apache.http.impl.execchain.RetryExec   : Retrying request to {}->unix://localhost:80
2019-11-01 02:39:35.902  INFO 6 --- [ool-6-thread-48] o.apache.http.impl.execchain.RetryExec   : I/O exception (org.newsclub.net.unix.AFUNIXSocketException) caught when processing request to {}->unix://localhost:80: No such file or directory
2019-11-01 02:39:35.902  INFO 6 --- [ool-6-thread-48] o.apache.http.impl.execchain.RetryExec   : Retrying request to {}->unix://localhost:80
2019-11-01 02:39:35.902  INFO 6 --- [ool-6-thread-48] o.apache.http.impl.execchain.RetryExec   : I/O exception (org.newsclub.net.unix.AFUNIXSocketException) caught when processing request to {}->unix://localhost:80: No such file or directory
2019-11-01 02:39:35.902  INFO 6 --- [ool-6-thread-48] o.apache.http.impl.execchain.RetryExec   : Retrying request to {}->unix://localhost:80
2019-11-01 02:39:35.902 ERROR 6 --- [ool-6-thread-48]   : Exception trying to launch/remove worker container. javax.ws.rs.ProcessingException: org.newsclub.net.unix.AFUNIXSocketException: No such file or directory (socket: /var/run/docker.sock)
Received shipment task: 5dbb98b2c595b30001125494
2019-11-01 02:39:35.946  INFO 6 --- [ool-6-thread-47] w.weave.socks.queuemaster.DockerSpawner  : Spawning new container
2019-11-01 02:39:35.947  INFO 6 --- [ool-6-thread-47] o.apache.http.impl.execchain.RetryExec   : I/O exception (org.newsclub.net.unix.AFUNIXSocketException) caught when processing request to {}->unix://localhost:80: No such file or directory
2019-11-01 02:39:35.947  INFO 6 --- [ool-6-thread-47] o.apache.http.impl.execchain.RetryExec   : Retrying request to {}->unix://localhost:80
2019-11-01 02:39:35.948  INFO 6 --- [ool-6-thread-47] o.apache.http.impl.execchain.RetryExec   : I/O exception (org.newsclub.net.unix.AFUNIXSocketException) caught when processing request to {}->unix://localhost:80: No such file or directory
2019-11-01 02:39:35.948  INFO 6 --- [ool-6-thread-47] o.apache.http.impl.execchain.RetryExec   : Retrying request to {}->unix://localhost:80
2019-11-01 02:39:35.949  INFO 6 --- [ool-6-thread-47] o.apache.http.impl.execchain.RetryExec   : I/O exception (org.newsclub.net.unix.AFUNIXSocketException) caught when processing request to {}->unix://localhost:80: No such file or directory
2019-11-01 02:39:35.949  INFO 6 --- [ool-6-thread-47] o.apache.http.impl.execchain.RetryExec   : Retrying request to {}->unix://localhost:80
2019-11-01 02:39:35.950 ERROR 6 --- [ool-6-thread-47] w.weave.socks.queuemaster.DockerSpawner  : Exception trying to launch/remove worker container. javax.ws.rs.ProcessingException: org.newsclub.net.unix.AFUNIXSocketException: No such file or directory (socket: /var/run/docker.sock)
Received shipment task: 
2019-11-01 02:39:35.959  INFO 6 --- [ool-6-thread-38] w.weave.socks.queuemaster.DockerSpawner  : Spawning new container
2019-11-01 02:39:35.961  INFO 6 --- [ool-6-thread-38] o.apache.http.impl.execchain.RetryExec   : I/O exception (org.newsclub.net.unix.AFUNIXSocketException) caught when processing request to {}->unix://localhost:80: No such file or directory
2019-11-01 02:39:35.961  INFO 6 --- [ool-6-thread-38] o.apache.http.impl.execchain.RetryExec   : Retrying request to {}->unix://localhost:80
2019-11-01 02:39:35.961  INFO 6 --- [ool-6-thread-38] o.apache.http.impl.execchain.RetryExec   : I/O exception (org.newsclub.net.unix.AFUNIXSocketException) caught when processing request to {}->unix://localhost:80: No such file or directory
2019-11-01 02:39:35.961  INFO 6 --- [ool-6-thread-38] o.apache.http.impl.execchain.RetryExec   : Retrying request to {}->unix://localhost:80
2019-11-01 02:39:35.962  INFO 6 --- [ool-6-thread-38] o.apache.http.impl.execchain.RetryExec   : I/O exception (org.newsclub.net.unix.AFUNIXSocketException) caught when processing request to {}->unix://localhost:80: No such file or directory
2019-11-01 02:39:35.962  INFO 6 --- [ool-6-thread-38] o.apache.http.impl.execchain.RetryExec   : Retrying request to {}->unix://localhost:80
2019-11-01 02:39:35.962 ERROR 6 --- [ool-6-thread-38] w.weave.socks.queuemaster.DockerSpawner  : Exception trying to launch/remove worker container. javax.ws.rs.ProcessingException: org.newsclub.net.unix.AFUNIXSocketException: No such file or directory (socket: /var/run/docker.sock)
Received shipment task: 5dbb98b4c595b30001125581
2019-11-01 02:39:35.973  INFO 6 --- [ool-6-thread-16] w.weave.socks.queuemaster.DockerSpawner  : Spawning  container
2019-11-01 02:39:35.973  INFO 6 --- [ool-6-thread-16] o.apache.http.impl.execchain.RetryExec   : I/O exception (org.newsclub.net.unix.AFUNIXSocketException) caught when processing request to {}->unix://localhost:80: No such file or directory
2019-11-01 02:39:35.973  INFO 6 --- [ool-6-thread-16] o.apache.http.impl.execchain.RetryExec   : Retrying request to {}->unix://localhost:80
2019-11-01 02:39:35.973  INFO 6 --- [ool-6-thread-16] o.apache.http.impl.execchain.RetryExec   : I/O exception (org.newsclub.net.unix.AFUNIXSocketException) caught when processing request to {}->unix://localhost:80: No such file or directory
2019-11-01 02:39:35.973  INFO 6 --- [ool-6-thread-16] o.apache.http.impl.execchain.RetryExec   : Retrying request to {}->unix://localhost:80
2019-11-01 02:39:35.973  INFO 6 --- [ool-6-thread-16] o.apache.http.impl.execchain.RetryExec   : I/O exception (org.newsclub.net.unix.AFUNIXSocketException) caught when processing request to {}->unix://localhost:80: No such file or directory
2019-11-01 02:39:35.974  INFO 6 --- [ool-6-thread-16] o.apache.http.impl.execchain.RetryExec   : Retrying request to {}->unix://localhost:80
2019-11-01 02:39:35.974 ERROR 6 --- [ool-6-thread-16] w.weave.socks.queuemaster.DockerSpawner  : Exception trying to launch/remove worker container. javax.ws.rs.ProcessingException: org.newsclub.net.unix.AFUNIXSocketException: No such file or directory (socket: /var/run/docker.sock)
Received shipment task: 5dbb98b3c595b30001125573
2019-11-01 02:39:35.994  INFO 6 --- [ool-6-thread-23] w.weave.socks.queuemaster.DockerSpawner  : Spawning new container
2019-11-01 02:39:35.994  INFO 6 --- [ool-6-thread-23] o.apache.http.impl.execchain.RetryExec   : O exception (org.newsclub.net.unix.AFUNIXSocketException) caught when processing request to {}->unix://localhost:80: No such file or directory
2019-11-01 02:39:35.995  INFO 6 --- [ool-6-thread-23] o.apache.http.impl.execchain.RetryExec   : Retrying request to {}->unix://localhost:80
2019-11-01 02:39:35.995  INFO 6 --- [ool-6-thread-23] o.apache.http.impl.execchain.RetryExec   : I/O exception (org.newsclub.net.unix.AFUNIXSocketException) caught when processing request to {}->unix://localhost:80: No such file or directory
2019-11-01 02:39:35.995  INFO 6 --- [ool-6-thread-23] o.apache.http.impl.execchain.RetryExec   : Retrying request to {}->unix://localhost:80
2019-11-01 02:39:35.995  INFO 6 --- [ool-6-thread-23] o.apache.http.impl.execchain.RetryExec   : I/O exception (org.newsclub.net.unix.AFUNIXSocketException) caught when processing request to {}->unix://localhost:80: No such file or directory
2019-11-01 02:39:35.995  INFO 6 --- [ool-6-thread-23] o.apache.http.impl.execchain.RetryExec   : Retrying request to {}->unix://localhost:80
2019-11-01 02:39:35.995 ERROR 6 --- [ool-6-thread-23] w.weave.socks.queuemaster.DockerSpawner  : Exception trying to launch/remove worker container. javax.ws.rs.ProcessingException: org.newsclub.net.unix.AFUNIXSocketException: No such file or directory (socket: /var/run/docker.sock)
Received shipment task: 5dbb98afc595b30001125354
2019-11-01 02:39:36.005  INFO 6 --- [pool-6-thread-4] w.weave.socks.queuemaster.DockerSpawner  : Spawning new container
2019-11-01 02:39:36.006  INFO 6 --- [pool-6-thread-4] o.apache.http.impl.execchain.RetryExec   : I/O exception (org.newsclub.net.unix.AFUNIXSocketException) caught when processing request to {}->unix://localhost:80: No such file or directory
2019-11-01 02:39:36.006  INFO 6 --- [pool-6-thread-4] o.apache.http.impl.execchain.RetryExec   : Retrying request to {}->linux://localhost:80
2019-11-01 02:39:36.006  INFO 6 --- [pool-6-thread-4] o.apache.http.impl.execchain.RetryExec   : I/O exception (org.newsclub.net.unix.AFUNIXSocketException) caught when processing request to {}->unix://localhost:80: No such file or directory
2019-11-01 02:39:36.006  INFO 6 --- [pool-6-thread-4] o.apache.http.impl.execchain.RetryExec   : Retrying request to {}->unix://localhost:80
2019-11-01 02:39:36.006  INFO 6 --- [pool-6-thread-4] o.apache.http.impl.execchain.RetryExec   : I/O exception (org.newsclub.net.unix.AFUNIXSocketException) caught when processing request to {}->unix://localhost:80: No such file or directory
2019-11-01 02:39:36.006  INFO 6 --- [pool-6-thread-4] o.apache.http.impl.execchain.RetryExec   : Retrying request to {}->unix://localhost:80
2019-11-01 02:39:36.006 ERROR 6 --- [pool-6-thread-4] w.weave.socks.queuemaster.DockerSpawner  : Exception trying to launch/remove worker container. javax.ws.rs.ProcessingException: org.newsclub.net.unix.AFUNIXSocketException: No such file or directory (socket: /var/run/docker.sock)
Received shipment task: 5dbb98b2c595b300011254af
2019-11-01 02:39:36.015  INFO 6 --- [ool-6-thread-35] w.weave.socks.queuemaster.DockerSpawner  : Spawning new container
2019-11-01 02:39:36.016  INFO 6 --- [ool-6-thread-35] o.apache.http.impl.execchain.RetryExec   : I/O exception (org.newsclub.net.unix.AFUNIXSocketException) caught when processing request to {}->unix://localhost:80: No such file or directory
2019-11-01 02:39:36.016  INFO 6 --- [ool-6-thread-35] o.apache.http.impl.execchain.RetryExec   : Retrying request to {}->unix://localhost:80
2019-11-01 02:39:36.016  INFO 6 --- [ool-6-thread-35] o.apache.RetryExec   : I/O exception (org.newsclub.net.unix.AFUNIXSocketException) caught when processing request to {}->unix://localhost:80: No such file or directory
2019-11-01 02:39:36.016  INFO 6 --- [ool-6-thread-35] o.apache.http.impl.execchain.RetryExec   : Retrying request to {}->unix://localhost:80
2019-11-01 02:39:36.016  INFO 6 --- [ool-6-thread-35] o.apache.http.impl.execchain.RetryExec   : I/O exception (org.newsclub.net.unix.AFUNIXSocketException) caught when processing request to {}->unix://localhost:80: No such file or directory
2019-11-01 02:39:36.016  INFO 6 --- [ool-6-thread-35] o.apache.http.impl.execchain.RetryExec   : Retrying request to {}->unix://localhost:80
2019-11-01 02:39:36.016 ERROR 6 --- [ool-6-thread-35] w.weave.socks.queuemaster.DockerSpawner  : Exception trying to launch/remove worker container. javax.ws.rs.ProcessingException: org.newsclub.net.unix.AFUNIXSocketException: No such file or directory (socket: /var/run/docker.sock)
Received shipment task: 5dbb98b3c595b3000112551f
2019-11-01 02:39:36.033  INFO 6 --- [ool-6-thread-30] w.weave.socks.queuemaster.DockerSpawner  : Spawning new container
Received shipment task: 5dbb98afc595b30001125376
2019-11-01 02:39:36.036  INFO 6 --- [ool-6-thread-42] w.weave.socks.queuemaster.DockerSpawner  : Spawning new container
2019-11-01 02:39:36.036  INFO 6 --- [ool-6-thread-42] o.apache.http.impl.execchain.RetryExec   : I/O exception (org.newsclub.net.unix.AFUNIXSocketException) caught when processing request to {}->unix://localhost:80: No such file or directory
2019-11-01  INFO 6 --- [ool-6-thread-42] o.apache.http.impl.execchain.RetryExec   : Retrying request to {}->unix://localhost:80
2019-11-01 02:39:36.036  INFO 6 --- [ool-6-thread-42] o.apache.http.impl.execchain.RetryExec   : I/O exception (org.newsclub.net.unix.AFUNIXSocketException) caught when processing request to {}->unix://localhost:80: No such file or directory
2019-11-01 02:39:36.036  INFO 6 --- [ool-6-thread-42] o.apache.http.impl.execchain.RetryExec   : Retrying request to {}->unix://localhost:80
2019-11-01 02:39:36.043  INFO 6 --- [ool-6-thread-30] o.apache.http.impl.execchain.RetryExec   : I/O exception (org.newsclub.net.unix.AFUNIXSocketException) caught when processing request to {}->unix://localhost:80: No such file or directory
2019-11-01 02:39:36.043  INFO 6 --- [ool-6-thread-30] o.apache.http.impl.execchain.RetryExec   : Retrying request to {}->unix://localhost:80
2019-11-01 02:39:36.044  INFO 6 --- [ool-6-thread-42] o.apache.http.impl.execchain.RetryExec   : I/O exception (org.newsclub.net.unix.AFUNIXSocketException) caught when processing request to {}->unix://localhost:80: No such file or directory
2019-11-01 02:39:36.044  INFO 6 --- [ool-6-thread-42] o.apache.http.impl.execchain.RetryExec   : Retrying request to {}->unix://localhost:80
2019-11-01 02:39:36.044 ERROR 6 --- [ool-6-thread-42] w.weave.socks.queuemaster.DockerSpawner  : Exception trying to launch/remove worker container. javax.ws.rs.ProcessingException: org.newsclub.net.unix.AFUNIXSocketException: No such file or directory (socket: /var/run/docker.sock)
2019-11-01 02:39:36.048  INFO 6 --- [ool-6-thread-30] o.apache.http.impl.execchain.RetryExec   : I/O exception (org.newsclub.net.unix.AFUNIXSocketException) caught when processing request to {}->unix://localhost:80: No such file or directory
2019-11-01 02:39:36.051  INFO 6 --- [ool-6-thread-30] o.apache.http.impl.execchain.RetryExec   : Retrying request to {}->unix://localhost:80
2019-11-01 02:39:36.057  INFO 6 --- [ool-6-thread-30] o.apache.http.impl.execchain.RetryExec   : I/O request  (org.newsclub.net.unix.AFUNIXSocketException) caught when processing request to {}->unix://localhost:80: No such file or directory
2019-11-01 02:39:36.057  INFO 6 --- [ool-6-thread-30] o.apache.http.impl.execchain.RetryExec   : Retrying request to {}->unix://localhost:80
2019-11-01 02:39:36.058 ERROR 6 --- [ool-6-thread-30] w.weave.socks.queuemaster.DockerSpawner  : Exception trying to launch/remove worker container. javax.ws.rs.ProcessingException: org.newsclub.net.unix.AFUNIXSocketException: No such file or directory (socket: /var/run/docker.sock)
Received shipment task: 5dbb98b1c595b3000112544e
Received shipment task: 5dbb98bac595b30001125906
Received shipment task: 5dbb98b8c595b300011257e5
Received shipment task: 5dbb98aec595b30001125312
2019-11-01 02:39:36.098  INFO 6 --- [ool-6-thread-15] w.weave.socks.queuemaster.DockerSpawner  : Spawning new container
2019-11-01 02:39:36.108  INFO 6 --- [ool-6-thread-15] o.apache.http.impl.execchain.RetryExec   : I/O exception (org.newsclub.net.unix.AFUNIXSocketException) caught when processing request to {}->unix://localhost:80: No such file or directory
2019-11-01 02:39:36.108  INFO 6 --- [ool-6-thread-15] o.apache.http.impl.execchain.RetryExec   : Retrying request to {}->unix://localhost:80
2019-11-01 02:39:36.108  INFO 6 --- [ool-6-thread-5] o.apache.http.impl.execchain.RetryExec   : I/O exception (org.newsclub.net.unix.AFUNIXSocketException) caught when processing request to {}->unix://localhost:80: No such file or directory
2019-11-01 02:39:36.108  INFO 6 --- [ool-6-thread-15] o.apache.http.impl.execchain.RetryExec   : Retrying request to {}->unix://localhost:80
Received shipment task: 5dbb98b4c595b30001125585
Received shipment task: 5dbb98afc595b30001125365
2019-11-01 02:39:36.119  INFO 6 --- [ool-6-thread-15] o.apache.http.impl.execchain.RetryExec   : I/O exception (org.newsclub.net.unix.AFUNIXSocketException) caught when processing request to {}->unix://localhost:80: No such file or directory
2019-11-01 02:39:36.119  INFO 6 --- [ool-6-thread-15] o.apache.http.impl.execchain.RetryExec   : Retrying request to {}->unix://localhost:80
Received shipment task: 5dbb98bbc595b30001125919
Received shipment task: 5dbb98b9c595b30001125827
2019-11-01 02:39:36.126 ERROR 6 --- [ool-6-thread-15] w.weave.socks.queuemaster.DockerSpawner  : Exception trying to launch/remove worker container. javax.ws.rs.ProcessingException: org.newsclub.net.unix.AFUNIXSocketException: No such file or directory (socket: /var/run/docker.sock)
2019-11-01 02:39:36.127  INFO 6 --- [ool-6-thread-15] w.weave.socks.queuemaster.DockerSpawner  : Spawning new container
2019-11-01 02:39:36.131  INFO 6 --- [ool-6-thread-15] o.apache.http.impl.execchain   : I/O exception (org.newsclub.net.unix.AFUNIXSocketException) caught when processing request to {}->unix://localhost:80: No such file or directory
2019-11-01 02:39:36.131  INFO 6 --- [ool-6-thread-15] o.apache.http.impl.execchain.RetryExec   : Retrying request to {}->unix://localhost:80
2019-11-01 02:39:36.131  INFO 6 --- [ool-6-thread-15] o.apache.http.impl.execchain.RetryExec   : I/O exception (org.newsclub.net.unix.AFUNIXSocketException) caught when processing request to {}->unix://localhost:80: No such file or directory
2019-11-01 02:39:36.131  INFO 6 --- [ool-6-thread-15] o.apache.http.impl.execchain.RetryExec   : Retrying request to {}->unix://localhost:80
2019-11-01 02:39:36.131  INFO 6 --- [ool-6-thread-15] o.apache.http.impl.execchain.RetryExec   : I/O exception (org.newsclub.net.unix.AFUNIXSocketException) caught when processing request to {}->unix://localhost:80: No such file or directory
2019-11-01 02:39:36.131  INFO 6 --- [ool-6-thread-15] o.apache.http.impl.execchain.RetryExec   : Retrying request to {}->unix://localhost:80
2019-11-01 02:39:36.131 ERROR 6 --- [ool-6-thread-15] w.weave.socks.queuemaster.DockerSpawner  : Exception trying to launch/remove worker container. javax.ws.rs.ProcessingException: org.newsclub.net.unix.AFUNIXSocketException: No such file or directory (socket: /var/run/docker.sock)
2019-11-01 02:39:36.131  INFO 6 --- [ool-6-thread-15] w.weave.socks.queuemaster.DockerSpawner  : Spawning new container
2019-11-01 02:39:36.131  INFO 6 --- [ool-6-thread-15] o.apache.http.impl.execchain.RetryExec   : I/O exception (org.newsclub.net.unix.AFUNIXSocketException) caught when processing request to {}->unix://localhost:80: No such file or directory
2019-11-01 02:39:36.131  INFO 6 --- [ool-6-thread-15] o.apache.http.impl.execchain.RetryExec   : Retrying request to {}->unix://localhost:80
2019-11-01 02:39:36.132  INFO 6 --- [ool-6-thread-15] o.apache.http.impl.execchain.RetryExec   : I/O exception (newsclub.net.unix.AFUNIXSocketException) caught when processing request to {}->unix://localhost:80: No such file or directory
2019-11-01 02:39:36.132  INFO 6 --- [ool-6-thread-15] o.apache.http.impl.execchain.RetryExec   : Retrying request to {}->unix://localhost:80
2019-11-01 02:39:36.132  INFO 6 --- [ool-6-thread-15] o.apache.http.impl.execchain.RetryExec   : I/O exception (org.newsclub.net.unix.AFUNIXSocketException) caught when processing request to {}->unix://localhost:80: No such file or directory
2019-11-01 02:39:36.132  INFO 6 --- [ool-6-thread-15] o.apache.http.impl.execchain.RetryExec   : Retrying request to {}->unix://localhost:80
2019-11-01 02:39:36.132 ERROR 6 --- [ool-6-thread-15] w.weave.socks.queuemaster.DockerSpawner  : Exception trying to launch/remove worker container. javax.ws.rs.ProcessingException: org.newsclub.net.unix.AFUNIXSocketException: No such file or directory (socket: /var/run/docker.sock)
2019-11-01 02:39:36.132  INFO 6 --- [ool-6-thread-15] w.weave.socks.queuemaster.DockerSpawner  : Spawning new container
2019-11-01 02:39:36.132  INFO 6 --- [ool-6-thread-15] o.apache.http.impl.execchain.RetryExec   : I/O exception (org.newsclub.net.unix.AFUNIXSocketException) caught when processing request to {}->unix://localhost:80: No such file or directory
2019-11-01 02:39:36.132  INFO 6 --- [ool-6-thread-15] o.apache.http.impl.execchain.RetryExec   : Retrying request to {}->unix://localhost:80
2019-11-01 02:39:36.132  INFO 6 --- [ool-6-thread-15] o.apache.http.impl.execchain.RetryExec   : I/O exception (org.newsclub.net.unix.AFUNIXSocketException) caught when processing request to {}->unix://localhost:80: No such file or directory
2019-11-01 02:39:36.132  INFO 6 --- [ool-6-thread-15] o.apache.http.impl.execchain.RetryExec   : Retrying request to {}->unix://localhost:80
2019-11-01 02:39:36.132  INFO 6 --- [ool-6-thread-15] o.apache.http.impl.execchain.RetryExec   : I/O exception (org.newsclub.AFUNIXSocketException) caught when processing request to {}->unix://localhost:80: No such file or directory
2019-11-01 02:39:36.132  INFO 6 --- [ool-6-thread-15] o.apache.http.impl.execchain.RetryExec   : Retrying request to {}->unix://localhost:80
Received shipment task: 5dbb98b1c595b30001125462
Received shipment task: 5dbb98b1c595b30001125454