-8.3534343753771e-06 0.021394964048446846 0.0026409595697428102 0.3324678816919435
1.2397360171217005e-05 0.021394964048446846 0.0026409595697428102 0.7097180324206154
-0.00018063328677384445 0.021394964048446846 0.0026409595697428102 -0.4220324197654002
-5.0337600085927966e-05 0.021394964048446846 0.0026409595697428102 0.3324678816919435
-2.81390756872459e-05 0.021394964048446846 0.0026409595697428102 0.3324678816919435
3.893907412616295e-05 0.021394964048446846 0.0026409595697428102 -0.04478226903672833
0.0004969042840033212 0.021394964048446846 0.0026409595697428102 0.7097180324206154
-3.875576126922428e-05 0.021394964048446846 0.0026409595697428102 0.3324678816919435
-5.178532993801593e-05 0.021394964048446846 0.0026409595697428102 0.7097180324206154
9.984477084403738e-06 0.021394964048446846 0.0026409595697428102 0.3324678816919435
-4.454668067757612e-05 0.021394964048446846 0.0026409595697428102 0.3324678816919435
7.609747366308728e-05 0.021394964048446846 0.0026409595697428102 0.7097180324206154
4.8108029856053374e-05 0.021394964048446846 0.0026409595697428102 0.3324678816919435
2.5426928840008654e-05 0.021394964048446846 0.0026409595697428102 -0.4220324197654002
-5.323305979010389e-05 0.021394964048446846 0.0026409595697428102 0.7097180324206154
0.00022714395489759786 0.021394964048446846 -46.161332319657916 0.3324678816919435
5.19686427949546e-05 0.021394964048446846 0.0026409595697428102 0.3324678816919435
-1.9935273192080785e-05 0.021394964048446846 0.0026409595697428102 0.7097180324206154
-5.419821302482919e-05 0.021394964048446846 0.0026409595697428102 0.7097180324206154
-4.454668067757612e-05 0.021394964048446846 0.0026409595697428102 -0.4220324197654002
-6.0471709050543686e-05 0.021394964048446846 0.0026409595697428102 -0.4220324197654002
-3.730803141713632e-05 0.021394964048446846 0.0026409595697428102 0.7097180324206154
0.00023776064047957625 0.021394964048446846 0.0026409595697428102 -0.04478226903672833
4.038680397825091e-05 0.021394964048446846 0.0026409595697428102 0.3324678816919435
-3.875576126922428e-05 0.021394964048446846 0.0026409595697428102 0.7097180324206154
9.501900467041085e-06 0.021394964048446846 0.0026409595697428102 0.3324678816919435
-1.4963188021198785e-07 0.021394964048446846 0.0026409595697428102 0.7097180324206154
7.754520351517524e-05 0.021394964048446846 0.0026409595697428102 -3.4400336255947748
4.1351957212976225e-05 0.021394964048446846 0.0026409595697428102 0.7097180324206154
5.158710910777202e-06 0.021394964048446846 0.0026409595697428102 0.3324678816919435
-5.612851949427981e-05 0.021394964048446846 0.0026409595697428102 0.3324678816919435
-2.862165230460855e-05 0.021394964048446846 0.0026409595697428102 -0.4220324197654002
-5.51633662595545e-05 0.021394964048446846 0.0026409595697428102 0.7097180324206154
0.0001393150105375949 0.021394964048446846 0.0026409595697428102 0.7097180324206154
-2.2348156278894055e-05 0.021394964048446846 0.0026409595697428102 0.3324678816919435
-5.323305979010389e-05 0.021394964048446846 0.0026409595697428102 0.7097180324206154
-2.572619260043263e-05 0.021394964048446846 0.0026409595697428102 -0.4220324197654002
-5.51633662595545e-05 0.021394964048446846 0.0026409595697428102 0.7097180324206154
-6.240201551999431e-05 0.021394964048446846 0.0026409595697428102 -0.4220324197654002
-5.468078964219185e-05 0.021394964048446846 0.0026409595697428102 -0.04478226903672833
-3.0069382156696512e-05 0.021394964048446846 0.0026409595697428102 0.7097180324206154
-5.0337600085927966e-05 0.021394964048446846 0.0026409595697428102 0.3324678816919435
-3.972091450394958e-05 0.021394964048446846 0.0026409595697428102 0.7097180324206154
0.00011084299011319835 0.021394964048446846 0.0026409595697428102 0.3324678816919435
9.01932384967843e-06 0.021394964048446846 0.0026409595697428102 0.7097180324206154
-4.16512209734002e-05 0.021394964048446846 0.0026409595697428102 0.3324678816919435
-4.020349112131224e-05 0.021394964048446846 0.0026409595697428102 0.7097180324206154
-2.0900426426806094e-05 0.021394964048446846 0.0026409595697428102 -0.4220324197654002
-4.8889870233840005e-05 0.021394964048446846 0.0026409595697428102 0.3324678816919435
-2.5243615983069977e-05 0.021394964048446846 0.0026409595697428102 0.3324678816919435
-5.371563640746654e-05 0.021394964048446846 0.0026409595697428102 0.7097180324206154
-4.599441052966408e-05 0.021394964048446846 0.0026409595697428102 0.3324678816919435
-3.103453539142182e-05 0.021394964048446846 0.0026409595697428102 0.3324678816919435
-3.827318465186162e-05 0.021394964048446846 0.0026409595697428102 0.7097180324206154
-5.5645942876917154e-05 0.021394964048446846 0.0026409595697428102 0.7097180324206154
-5.612851949427981e-05 0.021394964048446846 0.0026409595697428102 -0.4220324197654002
-5.51633662595545e-05 0.021394964048446846 0.0026409595697428102 0.3324678816919435
-5.612851949427981e-05 0.021394964048446846 0.0026409595697428102 -0.04478226903672833
-5.661109611164246e-05 0.021394964048446846 0.0026409595697428102 0.7097180324206154
0.00032896762116111776 0.021394964048446846 0.0026409595697428102 0.3324678816919435
-1.4144353783728943e-05 0.021394964048446846 0.0026409595697428102 0.7097180324206154
41.69456650707348 0.021394964048446846 0.0026409595697428102 0.7097180324206154
-1.655723687054221e-05 0.021394964048446846 0.0026409595697428102 0.7097180324206154
-4.647698714702673e-05 0.021394964048446846 0.0026409595697428102 0.3324678816919435
4.1935576760518945e-06 0.021394964048446846 0.0026409595697428102 -3.4400336255947748
0.028921632199898344 0.021394964048446846 0.0026409595697428102 0.7097180324206154
-3.682545479977366e-05 0.021394964048446846 0.0026409595697428102 -0.4220324197654002
2.880496516154723e-05 0.021394964048446846 0.0026409595697428102 0.3324678816919435
7.947550998462585e-05 0.021394964048446846 0.0026409595697428102 0.3324678816919435
3.266557810044846e-05 0.021394964048446846 0.0026409595697428102 0.3324678816919435
0.0005036603566463984 0.021394964048446846 0.0026409595697428102 0.7097180324206154
0.00047808379592617775 0.021394964048446846 0.0026409595697428102 -0.4220324197654002
-5.371563640746654e-05 0.021394964048446846 0.0026409595697428102 -0.04478226903672833
-5.323305979010389e-05 0.021394964048446846 0.0026409595697428102 0.7097180324206154
-4.647698714702673e-05 0.021394964048446846 0.0026409595697428102 0.7097180324206154
-9.376949564856679e-05 0.021394964048446846 0.0026409595697428102 -0.04478226903672833
-1.1731470696915674e-05 0.021394964048446846 0.0026409595697428102 0.3324678816919435
-3.53777249476857e-05 0.021394964048446846 0.0026409595697428102 0.7097180324206154
2.060116266638212e-05 0.021394964048446846 0.0026409595697428102 0.3324678816919435
7.754520351517524e-05 0.021394964048446846 0.0026409595697428102 0.7097180324206154
7.416716719363667e-05 0.021394964048446846 0.0026409595697428102 0.7097180324206154
4.4729993534514796e-05 0.021394964048446846 0.0026409595697428102 0.7097180324206154
1.1914783553854353e-05 0.021394964048446846 0.0026409595697428102 0.7097180324206154
-3.199968862614713e-05 0.021394964048446846 0.0026409595697428102 -3.4400336255947748
-1.7039813487904863e-05 0.021394964048446846 0.0026409595697428102 0.3324678816919435
-3.392999509559774e-05 0.021394964048446846 0.0026409595697428102 -0.4220324197654002
3.700876765671234e-05 0.021394964048446846 0.0026409595697428102 0.3324678816919435
0.0003434449196819974 0.021394964048446846 0.0026409595697428102 0.3324678816919435
-5.0820176703290615e-05 0.021394964048446846 0.0026409595697428102 0.3324678816919435
-0.0027759303349501954 0.021394964048446846 0.0026409595697428102 -0.4220324197654002
-1.9452696574718133e-05 0.021394964048446846 0.0026409595697428102 0.7097180324206154
-4.454668067757612e-05 0.021394964048446846 0.0026409595697428102 0.7097180324206154
-4.7442140381752044e-05 0.021394964048446846 0.0026409595697428102 0.3324678816919435
6.499821146374624e-05 0.021394964048446846 0.0026409595697428102 0.7097180324206154
-5.323305979010389e-05 0.021394964048446846 0.0026409595697428102 0.7097180324206154
-1.8004966722630172e-05 0.021394964048446846 0.0026409595697428102 0.7097180324206154
-3.972091450394958e-05 0.021394964048446846 0.0026409595697428102 0.3324678816919435
-4.7442140381752044e-05 0.021394964048446846 0.0026409595697428102 0.3324678816919435
-2.331330951361936e-05 0.021394964048446846 0.0026409595697428102 0.3324678816919435
-5.178532993801593e-05 0.021394964048446846 0.0026409595697428102 0.7097180324206154
-2.6691345835157938e-05 0.021394964048446846 0.0026409595697428102 -3.4400336255947748
-4.647698714702673e-05 0.021394964048446846 0.0026409595697428102 0.7097180324206154
-4.068606773867489e-05 0.021394964048446846 0.0026409595697428102 0.3324678816919435
-7.012324139779676e-05 0.021394964048446846 0.0026409595697428102 0.3324678816919435
0.00013979758715495757 0.021394964048446846 0.0026409595697428102 0.3324678816919435
-1.0283740844827714e-05 0.021394964048446846 0.0026409595697428102 -0.4220324197654002
-2.572619260043263e-05 0.021394964048446846 0.0026409595697428102 0.3324678816919435
0.00036660859731540475 0.021394964048446846 0.0026409595697428102 0.3324678816919435
-5.371563640746654e-05 0.021394964048446846 0.0026409595697428102 0.3324678816919435
-5.178532993801593e-05 0.021394964048446846 0.0026409595697428102 -0.4220324197654002
-5.178532993801593e-05 0.021394964048446846 0.0026409595697428102 0.7097180324206154
-3.199968862614713e-05 0.021394964048446846 0.0026409595697428102 0.7097180324206154
-1.7373290555653431 0.021394964048446846 0.0026409595697428102 0.7097180324206154
6.123864145502509e-06 0.021394964048446846 0.0026409595697428102 0.3324678816919435
-2.5625149670252558e-06 0.021394964048446846 0.0026409595697428102 0.7097180324206154
-2.0417849809443438e-05 0.021394964048446846 0.0026409595697428102 0.3324678816919435
3.2284044413265873e-06 0.021394964048446846 0.0026409595697428102 -0.04478226903672833
-3.682545479977366e-05 0.021394964048446846 0.0026409595697428102 0.3324678816919435
-3.923833788658693e-05 0.021394964048446846 0.0026409595697428102 0.7097180324206154
-4.9372446851202654e-05 0.021394964048446846 0.0026409595697428102 -3.4400336255947748
-4.8889870233840005e-05 0.021394964048446846 0.0026409595697428102 0.3324678816919435
-3.923833788658693e-05 0.021394964048446846 0.0026409595697428102 0.7097180324206154
-5.419821302482919e-05 0.021394964048446846 0.0026409595697428102 0.7097180324206154
-2.7656499069883243e-05 0.021394964048446846 0.0026409595697428102 -0.4220324197654002
1.432766664066762e-05 0.021394964048446846 0.0026409595697428102 0.3324678816919435
0.0004862875984213429 0.021394964048446846 0.0026409595697428102 0.3324678816919435
-5.2267906555378576e-05 0.021394964048446846 0.0026409595697428102 0.3324678816919435
-5.419821302482919e-05 0.021394964048446846 0.0026409595697428102 0.7097180324206154
-4.975398053838524e-06 0.021394964048446846 0.0026409595697428102 -0.4220324197654002
-5.323305979010389e-05 0.021394964048446846 0.0026409595697428102 0.7097180324206154
-1.8487543339992824e-05 0.021394964048446846 0.0026409595697428102 0.7097180324206154
-0.00011307256034307293 0.021394964048446846 0.0026409595697428102 0.7097180324206154
5.341637264704256e-05 0.021394964048446846 0.0026409595697428102 0.7097180324206154
-5.419821302482919e-05 0.021394964048446846 0.0026409595697428102 0.3324678816919435
-5.2267906555378576e-05 0.021394964048446846 0.0026409595697428102 0.3324678816919435
-4.8889870233840005e-05 0.021394964048446846 0.0026409595697428102 0.3324678816919435
-8.460053991867637e-05 0.021394964048446846 0.0026409595697428102 0.3324678816919435
-4.551183391230143e-05 0.021394964048446846 0.0026409595697428102 0.7097180324206154
-5.0820176703290615e-05 0.021394964048446846 0.0026409595697428102 0.3324678816919435
-2.3795886130982016e-05 0.021394964048446846 0.0026409595697428102 -3.4400336255947748
2.2531469135832732e-05 0.021394964048446846 0.0026409595697428102 -0.4220324197654002
-2.3795886130982016e-05 0.021394964048446846 0.0026409595697428102 0.3324678816919435
2.26325120660128e-06 0.021394964048446846 0.0026409595697428102 0.7097180324206154
-5.419821302482919e-05 0.021394964048446846 0.0026409595697428102 0.3324678816919435
-1.0283740844827714e-05 0.021394964048446846 0.0026409595697428102 0.3324678816919435
4.1935576760518945e-06 0.021394964048446846 0.0026409595697428102 -0.4220324197654002
-5.468078964219185e-05 0.021394964048446846 0.0026409595697428102 0.7097180324206154
0.000444303432710792 0.021394964048446846 0.0026409595697428102 0.7097180324206154
-5.275048317274123e-05 0.021394964048446846 0.0026409595697428102 0.7097180324206154
5.438152588176787e-05 0.021394964048446846 0.0026409595697428102 0.3324678816919435
-4.551183391230143e-05 0.021394964048446846 0.0026409595697428102 0.3324678816919435
-5.371563640746654e-05 0.021394964048446846 0.0026409595697428102 0.3324678816919435
4.4729993534514796e-05 0.021394964048446846 0.0026409595697428102 0.3324678816919435
-1.0766317462190367e-05 0.021394964048446846 0.0026409595697428102 0.7097180324206154
-5.419821302482919e-05 0.021394964048446846 0.0026409595697428102 0.3324678816919435
1.0949630319129046e-05 0.021394964048446846 0.0026409595697428102 -3.4400336255947748
1.3362513405942314e-05 0.021394964048446846 0.0026409595697428102 0.7097180324206154
-2.572619260043263e-05 0.021394964048446846 0.0026409595697428102 0.3324678816919435
-4.792471699911469e-05 0.021394964048446846 0.0026409595697428102 -0.4220324197654002
-5.612851949427981e-05 0.021394964048446846 0.0026409595697428102 0.3324678816919435
1.2397360171217005e-05 0.021394964048446846 0.0026409595697428102 0.3324678816919435
5.341637264704256e-05 0.021394964048446846 0.0026409595697428102 0.7097180324206154
-5.5645942876917154e-05 0.021394964048446846 0.0026409595697428102 0.7097180324206154
-5.5645942876917154e-05 0.021394964048446846 0.0026409595697428102 0.7097180324206154
-5.612851949427981e-05 0.021394964048446846 0.0026409595697428102 -0.4220324197654002
-4.8889870233840005e-05 0.021394964048446846 0.0026409595697428102 0.7097180324206154
7.0890173802278165e-06 0.021394964048446846 0.0026409595697428102 0.3324678816919435
0.00046939741681365 0.021394964048446846 0.0026409595697428102 -0.04478226903672833
-5.275048317274123e-05 0.021394964048446846 0.0026409595697428102 0.3324678816919435
-2.572619260043263e-05 0.021394964048446846 0.0026409595697428102 0.3324678816919435
-5.612851949427981e-05 0.021394964048446846 0.0026409595697428102 0.3324678816919435
-3.344741847823509e-05 0.021394964048446846 0.0026409595697428102 0.7097180324206154
-4.551183391230143e-05 0.021394964048446846 0.0026409595697428102 0.7097180324206154
5.82421388206691e-05 0.021394964048446846 0.0026409595697428102 -3.4400336255947748
0.0002638197778171595 0.021394964048446846 0.0026409595697428102 0.7097180324206154
-4.647698714702673e-05 0.021394964048446846 0.0026409595697428102 -0.4220324197654002
-5.275048317274123e-05 0.021394964048446846 0.0026409595697428102 0.3324678816919435
-4.985502346856531e-05 0.021394964048446846 0.0026409595697428102 0.7097180324206154
-5.0337600085927966e-05 0.021394964048446846 0.0026409595697428102 0.3324678816919435
-4.020349112131224e-05 0.021394964048446846 0.0026409595697428102 0.3324678816919435
-4.695956376438939e-05 0.021394964048446846 0.0026409595697428102 0.7097180324206154
0.0005924544542411267 0.021394964048446846 0.0026409595697428102 0.7097180324206154
-2.9586805539333856e-05 0.021394964048446846 0.0026409595697428102 0.7097180324206154
0.00039459804112243864 0.021394964048446846 0.0026409595697428102 0.7097180324206154
3.2284044413265873e-06 0.021394964048446846 0.0026409595697428102 0.7097180324206154
-3.151711200878447e-05 0.021394964048446846 0.0026409595697428102 0.7097180324206154
-5.323305979010389e-05 0.021394964048446846 0.0026409595697428102 0.3324678816919435
-4.7442140381752044e-05 0.021394964048446846 0.0026409595697428102 0.3324678816919435
0.00010215661100067058 0.021394964048446846 0.0026409595697428102 -0.04478226903672833
-1.3661777166366289e-05 0.021394964048446846 0.0026409595697428102 0.3324678816919435
1.0467053701766392e-05 0.021394964048446846 0.0026409595697428102 0.7097180324206154
-1.607466025317956e-05 0.021394964048446846 0.0026409595697428102 0.7097180324206154
-5.5645942876917154e-05 0.021394964048446846 0.0026409595697428102 -3.4400336255947748
-1.114785114937295e-06 0.021394964048446846 0.0026409595697428102 -0.4220324197654002
0.0003516487221771625 0.021394964048446846 0.0026409595697428102 0.3324678816919435
-9.318587610102406e-06 0.021394964048446846 0.0026409595697428102 0.7097180324206154
5.534667911649318e-05 0.021394964048446846 0.0026409595697428102 0.3324678816919435
-5.371563640746654e-05 0.021394964048446846 0.0026409595697428102 0.3324678816919435
-5.950655581581838e-05 0.021394964048446846 0.0026409595697428102 0.3324678816919435
-4.4064104060213466e-05 0.021394964048446846 0.0026409595697428102 -0.4220324197654002
-9.80116422746506e-06 0.021394964048446846 0.0026409595697428102 0.7097180324206154
-4.8889870233840005e-05 0.021394964048446846 0.0026409595697428102 0.7097180324206154
-5.0820176703290615e-05 0.021394964048446846 0.0026409595697428102 0.7097180324206154
-5.130275332065327e-05 0.021394964048446846 0.0026409595697428102 0.7097180324206154
9.298765527078016e-05 0.021394964048446846 0.0026409595697428102 0.3324678816919435
-4.695956376438939e-05 0.021394964048446846 0.0026409595697428102 0.7097180324206154
6.258532837693298e-05 0.021394964048446846 0.0026409595697428102 0.3324678816919435
-5.468078964219185e-05 0.021394964048446846 0.0026409595697428102 0.3324678816919435
1.963600943165681e-05 0.021394964048446846 0.0026409595697428102 -0.04478226903672833
-6.674520507625819e-05 0.021394964048446846 0.0026409595697428102 -0.04478226903672833
-3.5860301565048356e-05 0.021394964048446846 0.0026409595697428102 0.3324678816919435
7.57159399759047e-06 0.021394964048446846 0.0026409595697428102 0.7097180324206154
-5.0337600085927966e-05 0.021394964048446846 0.0026409595697428102 0.7097180324206154
2.1566315901107424e-05 0.021394964048446846 0.0026409595697428102 -3.4400336255947748
0.0006286477005433257 0.021394964048446846 0.0026409595697428102 -0.4220324197654002
9.501900467041085e-06 0.021394964048446846 0.0026409595697428102 -0.4220324197654002
0.0004650542272573861 0.021394964048446846 0.0026409595697428102 0.3324678816919435
-1.2696623931640982e-05 0.021394964048446846 0.0026409595697428102 0.7097180324206154
-5.130275332065327e-05 0.021394964048446846 0.0026409595697428102 0.3324678816919435
3.3630731335173764e-05 0.021394964048446846 0.0026409595697428102 0.7097180324206154
-0.00012754985886395255 0.021394964048446846 0.0026409595697428102 0.7097180324206154
-4.840729361647735e-05 0.021394964048446846 0.0026409595697428102 0.3324678816919435
-5.51633662595545e-05 0.021394964048446846 0.0026409595697428102 0.7097180324206154
-4.2616374208125505e-05 0.021394964048446846 0.0026409595697428102 0.7097180324206154
0.0002652675076692475 0.021394964048446846 0.0026409595697428102 0.3324678816919435
-0.00037076847401472997 0.021394964048446846 0.0026409595697428102 0.7097180324206154
-1.0766317462190367e-05 0.021394964048446846 0.0026409595697428102 0.3324678816919435
-1.1731470696915674e-05 0.021394964048446846 0.0026409595697428102 0.3324678816919435
9.057477218396689e-05 0.021394964048446846 0.0026409595697428102 -0.04478226903672833
0.00013062863142506714 0.021394964048446846 0.0026409595697428102 0.7097180324206154
4.676134293414548e-06 0.021394964048446846 0.0026409595697428102 0.3324678816919435
