-5.178532993801593e-05 0.021394964048446846 0.0026409595697428102 -0.04478226903672833
0.09142592083394396 0.021394964048446846 0.0026409595697428102 -0.4220324197654002
-5.419821302482919e-05 0.021394964048446846 0.0026409595697428102 0.3324678816919435
-5.468078964219185e-05 0.021394964048446846 0.0026409595697428102 0.3324678816919435
-5.468078964219185e-05 0.021394964048446846 0.0026409595697428102 0.3324678816919435
-5.468078964219185e-05 0.021394964048446846 0.0026409595697428102 -0.04478226903672833
-5.323305979010389e-05 0.021394964048446846 0.0026409595697428102 0.3324678816919435
-4.8889870233840005e-05 0.021394964048446846 0.0026409595697428102 0.3324678816919435
-4.068606773867489e-05 0.021394964048446846 0.0026409595697428102 0.3324678816919435
-5.323305979010389e-05 0.021394964048446846 0.0026409595697428102 0.3324678816919435
-5.51633662595545e-05 0.021394964048446846 0.0026409595697428102 -0.4220324197654002
-5.51633662595545e-05 0.021394964048446846 0.0026409595697428102 0.3324678816919435
-5.468078964219185e-05 0.021394964048446846 0.0026409595697428102 0.3324678816919435
-5.275048317274123e-05 0.021394964048446846 0.0026409595697428102 -0.4220324197654002
-1.9452696574718133e-05 0.021394964048446846 0.0026409595697428102 0.3324678816919435
-5.51633662595545e-05 0.021394964048446846 0.0026409595697428102 -0.04478226903672833
-5.468078964219185e-05 0.021394964048446846 0.0026409595697428102 0.3324678816919435
-7.784446727559922e-05 0.021394964048446846 0.0026409595697428102 0.3324678816919435
-5.419821302482919e-05 0.021394964048446846 0.0026409595697428102 0.3324678816919435
-5.178532993801593e-05 0.021394964048446846 0.0026409595697428102 -3.4400336255947748
0.0002092886200551797 0.021394964048446846 0.0026409595697428102 0.3324678816919435
-5.51633662595545e-05 0.021394964048446846 0.0026409595697428102 0.3324678816919435
-5.612851949427981e-05 0.021394964048446846 0.0026409595697428102 0.3324678816919435
-5.419821302482919e-05 0.021394964048446846 0.0026409595697428102 -0.4220324197654002
-0.0002009015047030759 0.021394964048446846 0.0026409595697428102 0.3324678816919435
-5.51633662595545e-05 0.021394964048446846 0.0026409595697428102 0.3324678816919435
-5.419821302482919e-05 0.021394964048446846 0.0026409595697428102 -0.4220324197654002
-1.8970119957355477e-05 0.021394964048446846 0.0026409595697428102 0.3324678816919435
-4.792471699911469e-05 0.021394964048446846 0.0026409595697428102 -0.04478226903672833
-4.502925729493877e-05 0.021394964048446846 0.0026409595697428102 0.3324678816919435
-5.468078964219185e-05 0.021394964048446846 0.0026409595697428102 0.3324678816919435
-5.468078964219185e-05 0.021394964048446846 0.0026409595697428102 0.3324678816919435
6.123864145502509e-06 0.021394964048446846 0.0026409595697428102 0.3324678816919435
-0.00010342102799581987 0.021394964048446846 0.0026409595697428102 -3.4400336255947748
-5.51633662595545e-05 0.021394964048446846 0.0026409595697428102 -0.4220324197654002
-5.468078964219185e-05 0.021394964048446846 0.0026409595697428102 0.3324678816919435
-5.419821302482919e-05 0.021394964048446846 0.0026409595697428102 0.3324678816919435
-7.012324139779676e-05 0.021394964048446846 0.0026409595697428102 0.3324678816919435
-4.647698714702673e-05 0.021394964048446846 0.0026409595697428102 0.3324678816919435
-4.7442140381752044e-05 0.021394964048446846 0.0026409595697428102 0.3324678816919435
-3.730803141713632e-05 0.021394964048446846 0.0026409595697428102 -0.4220324197654002
-5.661109611164246e-05 0.021394964048446846 0.0026409595697428102 -0.4220324197654002
-5.661109611164246e-05 0.021394964048446846 0.0026409595697428102 -0.04478226903672833
-5.612851949427981e-05 0.021394964048446846 0.0026409595697428102 0.3324678816919435
-5.371563640746654e-05 0.021394964048446846 0.0026409595697428102 0.3324678816919435
-4.8889870233840005e-05 0.021394964048446846 0.0026409595697428102 0.3324678816919435
-4.792471699911469e-05 0.021394964048446846 0.0026409595697428102 0.3324678816919435
-5.468078964219185e-05 0.021394964048446846 0.0026409595697428102 -3.4400336255947748
-5.275048317274123e-05 0.021394964048446846 0.0026409595697428102 -0.4220324197654002
-4.8889870233840005e-05 0.021394964048446846 0.0026409595697428102 0.3324678816919435
-5.51633662595545e-05 0.021394964048446846 0.0026409595697428102 0.3324678816919435
-5.51633662595545e-05 0.021394964048446846 0.0026409595697428102 0.3324678816919435
-0.0006072310165224302 0.021394964048446846 0.0026409595697428102 0.3324678816919435
-5.419821302482919e-05 0.021394964048446846 0.0026409595697428102 -0.4220324197654002
-4.9372446851202654e-05 0.021394964048446846 0.0026409595697428102 -0.04478226903672833
-5.51633662595545e-05 0.021394964048446846 0.0026409595697428102 0.3324678816919435
-5.178532993801593e-05 0.021394964048446846 0.0026409595697428102 0.3324678816919435
-0.0001579521857577997 0.021394964048446846 0.0026409595697428102 0.3324678816919435
-5.371563640746654e-05 0.021394964048446846 0.0026409595697428102 -3.4400336255947748
-5.371563640746654e-05 0.021394964048446846 0.0026409595697428102 0.3324678816919435
-4.4064104060213466e-05 0.021394964048446846 0.0026409595697428102 -0.4220324197654002
-5.468078964219185e-05 0.021394964048446846 0.0026409595697428102 0.3324678816919435
-5.371563640746654e-05 0.021394964048446846 0.0026409595697428102 0.3324678816919435
-5.323305979010389e-05 0.021394964048446846 0.0026409595697428102 0.3324678816919435
0.002858634249376148 0.021394964048446846 0.0026409595697428102 -0.4220324197654002
-4.1168644356037544e-05 0.021394964048446846 0.0026409595697428102 0.3324678816919435
-5.5645942876917154e-05 0.021394964048446846 0.0026409595697428102 0.3324678816919435
-5.130275332065327e-05 0.021394964048446846 0.0026409595697428102 0.3324678816919435
-3.923833788658693e-05 0.021394964048446846 0.0026409595697428102 -0.04478226903672833
-5.612851949427981e-05 0.021394964048446846 0.0026409595697428102 0.3324678816919435
-4.7442140381752044e-05 0.021394964048446846 0.0026409595697428102 0.3324678816919435
-5.51633662595545e-05 0.021394964048446846 0.0026409595697428102 -3.4400336255947748
-5.371563640746654e-05 0.021394964048446846 0.0026409595697428102 0.3324678816919435
-5.178532993801593e-05 0.021394964048446846 0.0026409595697428102 -0.4220324197654002
-5.275048317274123e-05 0.021394964048446846 0.0026409595697428102 0.3324678816919435
-4.9372446851202654e-05 0.021394964048446846 0.0026409595697428102 0.3324678816919435
-4.647698714702673e-05 0.021394964048446846 0.0026409595697428102 0.3324678816919435
-4.502925729493877e-05 0.021394964048446846 0.0026409595697428102 -0.4220324197654002
-5.419821302482919e-05 0.021394964048446846 0.0026409595697428102 0.3324678816919435
-5.178532993801593e-05 0.021394964048446846 0.0026409595697428102 0.3324678816919435
0.00019336359168221212 0.021394964048446846 0.0026409595697428102 0.3324678816919435
-0.0002810092231852764 0.021394964048446846 0.0026409595697428102 0.3324678816919435
-5.178532993801593e-05 0.021394964048446846 0.0026409595697428102 -0.04478226903672833
-3.923833788658693e-05 0.021394964048446846 0.0026409595697428102 0.3324678816919435
-5.9023979198455725e-05 0.021394964048446846 0.0026409595697428102 -3.4400336255947748
-5.51633662595545e-05 0.021394964048446846 0.0026409595697428102 -0.4220324197654002
-5.371563640746654e-05 0.021394964048446846 0.0026409595697428102 0.3324678816919435
-0.00021489622660659285 0.021394964048446846 0.0026409595697428102 0.3324678816919435
0.00010746495379165976 0.021394964048446846 0.0026409595697428102 0.3324678816919435
-4.454668067757612e-05 0.021394964048446846 0.0026409595697428102 -0.4220324197654002
-5.468078964219185e-05 0.021394964048446846 0.0026409595697428102 0.3324678816919435
-5.2267906555378576e-05 0.021394964048446846 0.0026409595697428102 0.3324678816919435
-4.647698714702673e-05 0.021394964048446846 0.0026409595697428102 0.3324678816919435
3.12178482483605e-05 0.021394964048446846 0.0026409595697428102 -0.04478226903672833
-3.055195877405917e-05 0.021394964048446846 0.0026409595697428102 0.3324678816919435
-5.468078964219185e-05 0.021394964048446846 0.0026409595697428102 -0.04478226903672833
-4.9372446851202654e-05 0.021394964048446846 0.0026409595697428102 0.3324678816919435
-5.323305979010389e-05 0.021394964048446846 0.0026409595697428102 -3.4400336255947748
-5.2267906555378576e-05 0.021394964048446846 0.0026409595697428102 -0.4220324197654002
-5.371563640746654e-05 0.021394964048446846 0.0026409595697428102 0.3324678816919435
-5.661109611164246e-05 0.021394964048446846 0.0026409595697428102 0.3324678816919435
-5.661109611164246e-05 0.021394964048446846 0.0026409595697428102 0.3324678816919435
-5.323305979010389e-05 0.021394964048446846 0.0026409595697428102 0.3324678816919435
-5.275048317274123e-05 0.021394964048446846 0.0026409595697428102 -0.4220324197654002
-4.695956376438939e-05 0.021394964048446846 0.0026409595697428102 0.3324678816919435
-5.661109611164246e-05 0.021394964048446846 0.0026409595697428102 0.3324678816919435
-5.0820176703290615e-05 0.021394964048446846 0.0026409595697428102 0.3324678816919435
-1.737325194952404 0.021394964048446846 0.0026409595697428102 -0.04478226903672833
-4.1168644356037544e-05 0.021394964048446846 0.0026409595697428102 0.3324678816919435
-3.6342878182411005e-05 0.021394964048446846 0.0026409595697428102 0.3324678816919435
-5.275048317274123e-05 0.021394964048446846 0.0026409595697428102 -3.4400336255947748
5.245121941231726e-05 0.021394964048446846 0.0026409595697428102 0.3324678816919435
-5.371563640746654e-05 0.021394964048446846 0.0026409595697428102 -0.4220324197654002
-5.178532993801593e-05 0.021394964048446846 0.0026409595697428102 0.3324678816919435
-4.695956376438939e-05 0.021394964048446846 0.0026409595697428102 0.3324678816919435
-6.626262845889553e-05 0.021394964048446846 0.0026409595697428102 0.3324678816919435
-5.0337600085927966e-05 0.021394964048446846 0.0026409595697428102 0.3324678816919435
-5.275048317274123e-05 0.021394964048446846 0.0026409595697428102 -0.4220324197654002
-5.323305979010389e-05 0.021394964048446846 0.0026409595697428102 0.3324678816919435
-5.323305979010389e-05 0.021394964048446846 0.0026409595697428102 0.3324678816919435
-5.661109611164246e-05 0.021394964048446846 0.0026409595697428102 0.3324678816919435
-5.661109611164246e-05 0.021394964048446846 0.0026409595697428102 -0.04478226903672833
-5.371563640746654e-05 0.021394964048446846 0.0026409595697428102 -3.4400336255947748
-8.604826977076433e-05 0.021394964048446846 0.0026409595697428102 0.3324678816919435
-5.130275332065327e-05 0.021394964048446846 0.0026409595697428102 -0.4220324197654002
-5.323305979010389e-05 0.021394964048446846 0.0026409595697428102 0.3324678816919435
-4.9372446851202654e-05 0.021394964048446846 0.0026409595697428102 0.3324678816919435
-5.2267906555378576e-05 0.021394964048446846 0.0026409595697428102 0.3324678816919435
3.21830014830858e-05 0.021394964048446846 0.0026409595697428102 -0.4220324197654002
-5.419821302482919e-05 0.021394964048446846 0.0026409595697428102 0.3324678816919435
-5.0820176703290615e-05 0.021394964048446846 0.0026409595697428102 0.3324678816919435
-5.468078964219185e-05 0.021394964048446846 0.0026409595697428102 -0.04478226903672833
-0.0002173091096934061 0.021394964048446846 0.0026409595697428102 0.3324678816919435
0.00021266665637671825 0.021394964048446846 0.0026409595697428102 0.3324678816919435
-5.178532993801593e-05 0.021394964048446846 0.0026409595697428102 0.3324678816919435
-4.985502346856531e-05 0.021394964048446846 0.0026409595697428102 -3.4400336255947748
0.0004925610944470574 0.021394964048446846 0.0026409595697428102 0.3324678816919435
-0.0005261581448055044 0.021394964048446846 0.0026409595697428102 0.3324678816919435
-5.51633662595545e-05 0.021394964048446846 0.0026409595697428102 -0.4220324197654002
-5.2267906555378576e-05 0.021394964048446846 0.0026409595697428102 0.3324678816919435
-4.8889870233840005e-05 0.021394964048446846 0.0026409595697428102 0.3324678816919435
-5.323305979010389e-05 0.021394964048446846 0.0026409595697428102 -0.4220324197654002
-4.9372446851202654e-05 0.021394964048446846 0.0026409595697428102 0.3324678816919435
-5.612851949427981e-05 0.021394964048446846 0.0026409595697428102 0.3324678816919435
-4.647698714702673e-05 0.021394964048446846 0.0026409595697428102 -0.04478226903672833
-2.1383003044168746e-05 0.021394964048446846 0.0026409595697428102 0.3324678816919435
-4.8889870233840005e-05 0.021394964048446846 0.0026409595697428102 0.3324678816919435
-5.468078964219185e-05 0.021394964048446846 0.0026409595697428102 -3.4400336255947748
-0.0007322183604193575 0.021394964048446846 0.0026409595697428102 0.3324678816919435
-5.371563640746654e-05 0.021394964048446846 0.0026409595697428102 -0.4220324197654002
-5.130275332065327e-05 0.021394964048446846 0.0026409595697428102 0.3324678816919435
-5.371563640746654e-05 0.021394964048446846 0.0026409595697428102 0.3324678816919435
-5.371563640746654e-05 0.021394964048446846 0.0026409595697428102 0.3324678816919435
-2.5243615983069977e-05 0.021394964048446846 0.0026409595697428102 -0.4220324197654002
-5.468078964219185e-05 0.021394964048446846 0.0026409595697428102 0.3324678816919435
-5.0337600085927966e-05 0.021394964048446846 0.0026409595697428102 0.3324678816919435
-5.323305979010389e-05 0.021394964048446846 0.0026409595697428102 -0.04478226903672833
-0.00018159844000856975 0.021394964048446846 0.0026409595697428102 0.3324678816919435
-5.419821302482919e-05 0.021394964048446846 0.0026409595697428102 0.3324678816919435
