3.893907412616295e-05 0.021394964048446846 0.0026409595697428102 -0.04478226903672833
-3.875576126922428e-05 0.021394964048446846 0.0026409595697428102 0.3324678816919435
0.00023776064047957625 0.021394964048446846 0.0026409595697428102 -0.04478226903672833
9.501900467041085e-06 0.021394964048446846 0.0026409595697428102 0.3324678816919435
-5.468078964219185e-05 0.021394964048446846 0.0026409595697428102 -0.04478226903672833
0.00011084299011319835 0.021394964048446846 0.0026409595697428102 0.3324678816919435
-5.612851949427981e-05 0.021394964048446846 0.0026409595697428102 -0.04478226903672833
-41.69463002387412 0.021394964048446846 0.0026409595697428102 0.3324678816919435
-5.371563640746654e-05 0.021394964048446846 0.0026409595697428102 -0.04478226903672833
-9.376949564856679e-05 0.021394964048446846 0.0026409595697428102 -0.04478226903672833
-3.972091450394958e-05 0.021394964048446846 0.0026409595697428102 0.3324678816919435
6.123864145502509e-06 0.021394964048446846 0.0026409595697428102 0.3324678816919435
3.2284044413265873e-06 0.021394964048446846 0.0026409595697428102 -0.04478226903672833
-5.419821302482919e-05 0.021394964048446846 0.0026409595697428102 0.3324678816919435
5.438152588176787e-05 0.021394964048446846 0.0026409595697428102 0.3324678816919435
1.737261195575152 0.021394964048446846 0.0026409595697428102 -0.04478226903672833
7.0890173802278165e-06 0.021394964048446846 0.0026409595697428102 0.3324678816919435
0.00046939741681365 0.021394964048446846 0.0026409595697428102 -0.04478226903672833
-5.323305979010389e-05 0.021394964048446846 0.0026409595697428102 0.3324678816919435
0.00010215661100067058 0.021394964048446846 0.0026409595697428102 -0.04478226903672833
-5.468078964219185e-05 0.021394964048446846 0.0026409595697428102 0.3324678816919435
1.963600943165681e-05 0.021394964048446846 0.0026409595697428102 -0.04478226903672833
-6.674520507625819e-05 0.021394964048446846 0.0026409595697428102 -0.04478226903672833
-1.1731470696915674e-05 0.021394964048446846 0.0026409595697428102 0.3324678816919435
9.057477218396689e-05 0.021394964048446846 0.0026409595697428102 -0.04478226903672833
