2019 10 31 10 40 02 093 6 80 32
2019 10 31 10 43 11 670 6 80 32
2019 10 31 10 43 11 775 6 80 34
2019 10 31 10 43 11 921 6 80 35
2019 10 31 10 43 12 122 6 80 35
2019 10 31 10 43 12 139 6 80 34
2019 10 31 10 43 12 202 6 80 34
2019 10 31 10 43 12 404 6 80 33
2019 10 31 10 43 13 585 6 80 35
2019 10 31 10 43 13 585 6 80 35
2019 10 31 10 43 13 656 6 80 34
2019 10 31 10 43 13 662 6 80 35
2019 10 31 10 43 13 816 6 80 34
2019 10 31 10 43 13 874 6 80 34
2019 10 31 10 43 14 287 6 80 35
2019 10 31 10 43 14 511 6 80 34
2019 10 31 10 43 14 684 6 80 32
2019 10 31 10 43 14 712 6 80 35
2019 10 31 10 43 15 303 6 80 34
2019 10 31 10 43 15 532 6 80 34
2019 10 31 10 43 15 615 6 80 35
2019 10 31 10 43 15 619 6 80 35
2019 10 31 10 43 15 652 6 80 32
2019 10 31 10 43 15 721 6 80 34
2019 10 31 10 43 15 770 6 80 35
2019 10 31 10 43 16 383 6 80 33
2019 10 31 10 43 16 588 6 80 34
2019 10 31 10 43 16 632 6 80 35
2019 10 31 10 43 16 588 6 80 34
2019 10 31 10 43 16 821 6 80 35
2019 10 31 10 43 16 963 6 80 34
2019 10 31 10 43 17 087 6 80 35
2019 10 31 10 43 17 375 6 80 24
2019 10 31 10 43 17 584 6 80 35
2019 10 31 10 43 17 087 6 80 35
2019 10 31 10 43 17 638 6 80 34
2019 10 31 10 43 17 770 6 80 34
2019 10 31 10 43 17 771 6 80 34
2019 10 31 10 43 17 834 6 80 32
2019 10 31 10 43 17 843 6 80 35
2019 10 31 10 43 17 950 6 80 34
2019 10 31 10 43 18 031 6 80 34
2019 10 31 10 43 18 048 6 80 35
2019 10 31 10 43 18 120 6 80 32
2019 10 31 10 43 18 124 6 80 35
2019 10 31 10 43 18 190 6 80 34
2019 10 31 10 43 18 256 6 80 35
2019 10 31 10 43 18 274 6 80 33
2019 10 31 10 43 18 311 6 80 34
2019 10 31 10 43 18 353 6 80 35
2019 10 31 10 43 19 536 6 80 35
2019 10 31 10 43 19 536 6 80 35
2019 10 31 10 43 19 887 6 80 34
2019 10 31 10 43 20 032 6 80 35
2019 10 31 10 43 20 067 6 80 34
2019 10 31 10 43 20 124 6 80 35
2019 10 31 10 43 20 254 6 80 34
2019 10 31 10 43 20 157 6 80 24
2019 10 31 10 43 20 234 6 80 32
2019 10 31 10 43 20 254 6 80 34
2019 10 31 10 43 20 324 6 80 34
2019 10 31 10 43 20 324 6 80 34
2019 10 31 10 43 20 398 6 80 34
2019 10 31 10 43 20 417 6 80 34
2019 10 31 10 43 20 469 6 80 35
2019 10 31 10 43 20 509 6 80 32
2019 10 31 10 43 20 509 6 80 32
2019 10 31 10 43 20 509 6 80 33
2019 10 31 10 43 20 510 6 80 34
2019 10 31 10 43 20 522 6 80 35
2019 10 31 10 43 21 327 6 80 34
2019 10 31 10 43 21 444 6 80 35
2019 10 31 10 43 21 563 6 80 34
2019 10 31 10 43 21 588 6 80 35
2019 10 31 10 43 21 680 6 80 35
2019 10 31 10 43 21 719 6 80 34
2019 10 31 10 43 21 849 6 80 24
2019 10 31 10 43 21 935 6 80 35
2019 10 31 10 43 21 984 6 80 32
2019 10 31 10 43 22 177 6 80 34
2019 10 31 10 43 22 462 6 80 34
2019 10 31 10 43 22 650 6 80 34
2019 10 31 10 43 22 670 6 80 34
2019 10 31 10 43 23 789 6 80 32
2019 10 31 10 43 23 804 6 80 33
2019 10 31 10 43 23 828 6 80 35
2019 10 31 10 43 23 861 6 80 35
2019 10 31 10 43 23 993 6 80 35
2019 10 31 10 43 24 133 6 80 34
2019 10 31 10 43 24 143 6 80 35
2019 10 31 10 43 24 313 6 80 34
2019 10 31 10 43 24 599 6 80 35
2019 10 31 10 43 24 660 6 80 34
2019 10 31 10 43 24 881 6 80 35
2019 10 31 10 43 25 028 6 80 35
2019 10 31 10 43 25 085 6 80 24
2019 10 31 10 43 25 173 6 80 34
2019 10 31 10 43 25 028 6 80 35
2019 10 31 10 43 25 300 6 80 35
2019 10 31 10 43 25 373 6 80 32
2019 10 31 10 43 25 571 6 80 34
2019 10 31 10 43 26 406 6 80 34
2019 10 31 10 43 26 425 6 80 34
2019 10 31 10 43 26 831 6 80 32
2019 10 31 10 43 26 961 6 80 35
2019 10 31 10 43 26 967 6 80 35
2019 10 31 10 43 27 018 6 80 34
2019 10 31 11 43 27 282 6 80 35
2019 10 31 10 43 27 289 6 80 35
2019 10 31 10 43 27 416 6 80 35
2019 10 31 10 43 27 437 6 80 34
2019 10 31 10 43 27 517 6 80 34
2019 10 31 10 43 27 583 6 80 33
2019 10 31 10 43 27 601 6 80 35
2019 10 31 10 43 27 602 6 80 34
2019 10 31 10 43 27 737 6 80 34
2019 10 31 10 43 27 740 6 80 24
2019 10 31 10 43 27 746 6 80 35
2019 10 31 10 43 28 129 6 80 35
2019 10 31 10 43 28 135 6 80 34
2019 10 31 10 43 28 241 6 80 32
2019 10 31 10 43 28 313 6 80 34
2019 10 31 10 43 29 205 6 80 34
2019 10 31 10 43 29 221 6 80 35
2019 10 31 10 43 29 248 6 80 34
2019 10 31 10 43 29 314 6 80 35
2019 10 31 10 43 29 338 6 80 32
2019 10 31 10 43 29 395 6 80 35
2019 10 31 10 43 29 501 6 80 35
2019 10 31 10 43 29 502 6 80 35
2019 10 31 10 43 29 637 6 80 34
2019 10 31 10 43 29 756 6 80 35
2019 10 31 10 43 29 841 6 80 34
2019 10 31 10 43 30 359 6 80 34
2019 10 31 10 43 29 894 6 80 34
2019 10 31 10 43 30 028 6 80 33
2019 10 31 10 43 30 105 6 80 34
2019 10 31 10 43 30 317 6 80 35
2019 10 31 10 43 30 364 6 80 24
2019 10 31 10 43 30 434 6 80 35
2019 10 31 10 43 30 497 6 80 32
2019 10 31 10 43 30 650 6 80 34
2019 10 31 10 43 31 456 6 80 34
2019 10 31 10 43 31 796 6 80 34
2019 10 31 10 43 31 822 6 80 35
2019 10 31 10 43 31 961 6 80 32
2019 10 31 10 43 31 963 6 80 35
2019 10 31 10 43 32 053 6 80 35
2019 10 31 10 43 32 104 6 80 35
2019 10 31 10 43 32 345 6 80 35
2019 10 31 10 43 32 358 6 80 34
2019 10 31 10 43 32 367 6 80 34
2019 10 31 10 43 32 404 6 80 34
2019 10 31 10 43 32 586 6 80 33
2019 10 31 10 43 32 582 6 80 34
2019 10 31 10 43 32 586 6 80 33
2019 10 31 10 43 32 625 6 80 35
2019 10 31 10 43 32 640 6 80 34
2019 10 31 10 43 32 715 6 80 24
2019 10 31 10 43 32 625 6 80 35
2019 10 31 10 43 32 797 6 80 35
2019 10 31 10 43 32 970 6 80 32
2019 10 31 10 43 33 044 6 80 34
2019 10 31 10 43 33 178 6 80 35
2019 10 31 10 43 33 178 6 80 34
2019 10 31 10 43 33 178 6 80 34
2019 10 31 10 43 33 198 6 80 35
2019 10 31 10 43 33 301 6 80 34
2019 10 31 10 43 33 435 6 80 32
2019 10 31 10 43 33 445 6 80 35
2019 10 31 10 43 34 509 6 80 35
2019 10 31 10 43 34 514 6 80 35
2019 10 31 10 43 34 515 6 80 35
2019 10 31 10 43 34 794 6 80 34
2019 10 31 10 43 34 794 6 80 34
2019 10 31 10 43 34 806 6 80 34
2019 10 31 10 43 34 908 6 80 33
2019 10 31 10 43 35 150 6 80 34
2019 10 31 10 43 35 257 6 80 35
2019 10 31 10 43 35 299 6 80 34
2019 10 31 10 43 35 447 6 80 24
2019 10 31 10 43 35 257 6 80 35
2019 10 31 10 43 35 483 6 80 34
2019 10 31 10 43 35 703 6 80 35
2019 10 31 10 43 35 728 6 80 32
2019 10 31 10 43 35 738 6 80 34
2019 10 31 10 43 35 758 6 80 34
2019 10 31 10 43 35 738 6 80 34
2019 10 31 10 43 35 790 6 80 35
2019 10 31 10 43 35 946 6 80 34
2019 10 31 10 43 36 184 6 80 35
2019 10 31 10 43 36 184 6 80 35
2019 10 31 10 43 36 215 6 80 35
2019 10 31 10 43 36 226 6 80 35
2019 10 31 10 43 36 234 6 80 32
2019 10 31 10 43 36 373 6 80 34
2019 10 31 10 43 37 614 6 88 34
2019 10 31 10 43 37 621 6 80 34
2019 10 31 10 43 37 621 6 80 34
2019 10 31 10 43 37 621 6 80 33
2019 10 31 10 43 37 693 6 80 35
2019 10 31 10 43 37 758 6 80 35
2019 10 31 10 43 38 002 6 80 24
2019 10 31 10 43 38 605 6 80 34
2019 10 31 10 43 38 645 6 80 32
2019 10 31 10 43 38 652 6 80 34
2019 10 31 10 43 38 800 6 80 35
2019 10 31 10 43 38 815 6 80 34
2019 10 31 10 43 38 824 6 80 34
2019 10 31 10 43 38 887 6 80 35
2019 10 31 10 43 39 842 6 80 35
2019 10 31 10 43 39 978 6 80 35
2019 10 31 10 43 39 842 6 80 35
2019 10 31 10 43 40 026 6 80 32
2019 10 31 10 43 40 089 6 80 35
2019 10 31 10 43 40 094 6 80 34
2019 10 31 10 43 40 125 6 80 34
2019 10 31 10 43 40 458 6 80 33
2019 10 31 10 43 40 125 6 80 34
2019 10 31 10 43 40 683 6 80 34
2019 10 31 10 43 40 782 6 80 34
2019 10 31 10 43 40 933 6 80 35
2019 10 31 10 43 41 033 6 80 35
2019 10 31 10 43 41 049 6 80 24
2019 10 31 10 43 42 187 6 80 34
2019 10 31 10 43 41 214 6 80 34
2019 10 31 10 43 41 332 6 80 32
2019 10 31 10 43 42 187 6 80 34
2019 10 31 10 43 42 292 6 80 35
2019 10 31 10 43 42 540 6 80 34
2019 10 31 10 43 42 573 6 80 32
2019 10 31 10 43 42 677 6 80 35
2019 10 31 10 43 42 705 6 80 35
2019 10 31 10 43 42 752 6 80 35
2019 10 31 10 43 42 791 6 80 35
2019 10 31 10 43 43 057 6 80 34
2019 10 31 10 43 43 058 6 80 34
2019 10 31 10 43 43 237 6 80 33
2019 10 31 10 43 43 289 6 80 34
2019 10 31 10 43 43 348 6 80 34
2019 10 31 10 43 43 495 6 80 35
2019 10 31 10 43 43 500 6 80 35
2019 10 31 10 43 43 666 6 80 24
2019 10 31 10 43 43 686 6 80 34
2019 10 31 10 43 43 829 6 80 32
2019 10 31 10 43 44 921 6 80 34
2019 10 31 10 43 45 042 6 80 35
2019 10 31 10 43 45 048 6 80 34
2019 10 31 10 43 45 137 6 80 35
2019 10 31 10 43 45 143 6 80 34
2019 10 31 10 43 45 147 6 80 35
2019 10 31 10 43 45 158 6 80 35
2019 10 31 10 43 45 223 6 80 32
2019 10 31 10 43 45 249 6 80 35
2019 10 31 10 43 45 249 6 80 35
2019 10 31 10 43 45 348 6 80 34
2019 10 31 10 43 45 454 6 80 34
2019 10 31 10 43 45 766 6 80 33
2019 10 31 10 43 45 895 6 80 34
2019 10 31 10 43 46 027 6 80 34
