-5.3761323342850605e-05 0.02138578861617159 0.002639827479604591 -0.422258848861299
-5.424410703021332e-05 0.02138578861617159 0.002639827479604591 0.33252210243662295
-5.5209674404938754e-05 0.02138578861617159 0.002639827479604591 0.7099125780855838
0.0001644569033450974 0.02138578861617159 0.002639827479604591 0.7099125780855838
-5.4726890717576035e-05 0.02138578861617159 0.002639827479604591 0.33252210243662295
-5.4726890717576035e-05 0.02138578861617159 0.002639827479604591 0.33252210243662295
-5.4726890717576035e-05 0.02138578861617159 0.002639827479604591 -0.044868373212338025
-4.024338009669453e-05 0.02138578861617159 0.002639827479604591 0.7099125780855838
-4.845070278186072e-05 0.02138578861617159 0.002639827479604591 0.7099125780855838
-5.3278539655487886e-05 0.02138578861617159 0.002639827479604591 0.33252210243662295
-4.893348646922343e-05 0.02138578861617159 0.002639827479604591 0.33252210243662295
-4.072616378405725e-05 0.02138578861617159 0.002639827479604591 0.33252210243662295
-5.183018859339974e-05 0.02138578861617159 0.002639827479604591 0.7099125780855838
-5.3278539655487886e-05 0.02138578861617159 0.002639827479604591 0.33252210243662295
-5.5209674404938754e-05 0.02138578861617159 0.002639827479604591 -0.422258848861299
-4.651956803240985e-05 0.02138578861617159 0.002639827479604591 0.7099125780855838
-5.5209674404938754e-05 0.02138578861617159 0.002639827479604591 0.33252210243662295
-5.4726890717576035e-05 0.02138578861617159 0.002639827479604591 0.33252210243662295
-5.424410703021332e-05 0.02138578861617159 0.002639827479604591 0.7099125780855838
-5.569245809230147e-05 0.02138578861617159 0.002639827479604591 0.7099125780855838
-5.279575596812517e-05 0.02138578861617159 0.002639827479604591 -0.422258848861299
-1.9483681540097707e-05 0.02138578861617159 0.002639827479604591 0.33252210243662295
-5.231297228076245e-05 0.02138578861617159 0.002639827479604591 0.7099125780855838
-5.5209674404938754e-05 0.02138578861617159 0.002639827479604591 -0.044868373212338025
-5.4726890717576035e-05 0.02138578861617159 0.002639827479604591 0.33252210243662295
-5.3278539655487886e-05 0.02138578861617159 0.002639827479604591 0.7099125780855838
-5.424410703021332e-05 0.02138578861617159 0.002639827479604591 0.33252210243662295
-5.3278539655487886e-05 0.02138578861617159 0.002639827479604591 0.7099125780855838
-5.183018859339974e-05 0.02138578861617159 0.002639827479604591 -3.441382654052987
-5.3761323342850605e-05 0.02138578861617159 0.002639827479604591 0.7099125780855838
-5.6175241779664184e-05 0.02138578861617159 0.002639827479604591 0.33252210243662295
-5.5209674404938754e-05 0.02138578861617159 0.002639827479604591 0.33252210243662295
-5.424410703021332e-05 0.02138578861617159 0.002639827479604591 -0.422258848861299
-5.3761323342850605e-05 0.02138578861617159 0.002639827479604591 0.7099125780855838
-0.00020101034798847926 0.02138578861617159 0.002639827479604591 0.33252210243662295
-5.3278539655487886e-05 0.02138578861617159 0.002639827479604591 0.7099125780855838
-5.5209674404938754e-05 0.02138578861617159 0.002639827479604591 0.33252210243662295
-5.5209674404938754e-05 0.02138578861617159 0.002639827479604591 0.7099125780855838
-5.424410703021332e-05 0.02138578861617159 0.002639827479604591 -0.422258848861299
-1.9000897852734988e-05 0.02138578861617159 0.002639827479604591 0.33252210243662295
-3.0104922662077476e-05 0.02138578861617159 0.002639827479604591 0.7099125780855838
-5.3278539655487886e-05 0.02138578861617159 0.002639827479604591 0.7099125780855838
-4.5071216970321696e-05 0.02138578861617159 0.002639827479604591 0.33252210243662295
-5.3278539655487886e-05 0.02138578861617159 0.002639827479604591 0.7099125780855838
-5.4726890717576035e-05 0.02138578861617159 0.002639827479604591 0.33252210243662295
-5.231297228076245e-05 0.02138578861617159 0.002639827479604591 0.7099125780855838
-5.4726890717576035e-05 0.02138578861617159 0.002639827479604591 0.33252210243662295
-4.5554000657684415e-05 0.02138578861617159 0.002639827479604591 0.7099125780855838
-5.5209674404938754e-05 0.02138578861617159 0.002639827479604591 -0.422258848861299
-5.4726890717576035e-05 0.02138578861617159 0.002639827479604591 0.33252210243662295
-5.424410703021332e-05 0.02138578861617159 0.002639827479604591 0.33252210243662295
-4.6036784345047134e-05 0.02138578861617159 0.002639827479604591 0.33252210243662295
-7.017596871318298e-05 0.02138578861617159 0.002639827479604591 0.33252210243662295
-4.651956803240985e-05 0.02138578861617159 0.002639827479604591 0.33252210243662295
-5.569245809230147e-05 0.02138578861617159 0.002639827479604591 0.7099125780855838
-5.6175241779664184e-05 0.02138578861617159 0.002639827479604591 -0.422258848861299
-5.5209674404938754e-05 0.02138578861617159 0.002639827479604591 0.33252210243662295
-5.6175241779664184e-05 0.02138578861617159 0.002639827479604591 -0.044868373212338025
-5.3278539655487886e-05 0.02138578861617159 0.002639827479604591 0.7099125780855838
-5.66580254670269e-05 0.02138578861617159 0.002639827479604591 -0.422258848861299
-5.3761323342850605e-05 0.02138578861617159 0.002639827479604591 0.33252210243662295
-4.265729853350812e-05 0.02138578861617159 0.002639827479604591 0.7099125780855838
41.71245730959908 0.02138578861617159 0.002639827479604591 0.7099125780855838
-4.893348646922343e-05 0.02138578861617159 0.002639827479604591 0.33252210243662295
-5.231297228076245e-05 0.02138578861617159 0.002639827479604591 0.7099125780855838
-4.7967919094498e-05 0.02138578861617159 0.002639827479604591 0.33252210243662295
-5.4726890717576035e-05 0.02138578861617159 0.002639827479604591 -3.441382654052987
-0.029005816270797617 0.02138578861617159 0.002639827479604591 0.7099125780855838
-5.279575596812517e-05 0.02138578861617159 0.002639827479604591 -0.422258848861299
-4.893348646922343e-05 0.02138578861617159 0.002639827479604591 0.33252210243662295
-5.5209674404938754e-05 0.02138578861617159 0.002639827479604591 0.33252210243662295
-5.5209674404938754e-05 0.02138578861617159 0.002639827479604591 0.33252210243662295
-0.0006075142127478868 0.02138578861617159 0.002639827479604591 0.33252210243662295
-5.3761323342850605e-05 0.02138578861617159 0.002639827479604591 -0.044868373212338025
-5.424410703021332e-05 0.02138578861617159 0.002639827479604591 -0.422258848861299
-4.845070278186072e-05 0.02138578861617159 0.002639827479604591 0.7099125780855838
-5.08646212186743e-05 0.02138578861617159 0.002639827479604591 0.7099125780855838
4.424376519178092e-05 0.02138578861617159 0.002639827479604591 0.7099125780855838
-3.5415543223067364e-05 0.02138578861617159 0.002639827479604591 0.7099125780855838
-5.5209674404938754e-05 0.02138578861617159 0.002639827479604591 0.33252210243662295
-5.183018859339974e-05 0.02138578861617159 0.002639827479604591 0.33252210243662295
-5.279575596812517e-05 0.02138578861617159 0.002639827479604591 0.7099125780855838
-0.00015804259981319746 0.02138578861617159 0.002639827479604591 0.33252210243662295
-5.134740490603702e-05 0.02138578861617159 0.002639827479604591 0.7099125780855838
-5.424410703021332e-05 0.02138578861617159 0.002639827479604591 0.7099125780855838
-5.3761323342850605e-05 0.02138578861617159 0.002639827479604591 -3.441382654052987
-5.3761323342850605e-05 0.02138578861617159 0.002639827479604591 0.33252210243662295
-4.4105649595596266e-05 0.02138578861617159 0.002639827479604591 -0.422258848861299
-5.4726890717576035e-05 0.02138578861617159 0.002639827479604591 0.33252210243662295
-5.3761323342850605e-05 0.02138578861617159 0.002639827479604591 0.33252210243662295
-5.3278539655487886e-05 0.02138578861617159 0.002639827479604591 0.33252210243662295
0.0028598382298911456 0.02138578861617159 0.002639827479604591 -0.422258848861299
-4.4588433282958985e-05 0.02138578861617159 0.002639827479604591 0.7099125780855838
-4.3140082220870835e-05 0.02138578861617159 0.002639827479604591 0.7099125780855838
-4.120894747141997e-05 0.02138578861617159 0.002639827479604591 0.33252210243662295
-5.3278539655487886e-05 0.02138578861617159 0.002639827479604591 0.7099125780855838
1.7379670303987504 0.02138578861617159 0.002639827479604591 0.7099125780855838
-3.976059640933181e-05 0.02138578861617159 0.002639827479604591 0.33252210243662295
-5.08646212186743e-05 0.02138578861617159 0.002639827479604591 0.7099125780855838
-5.569245809230147e-05 0.02138578861617159 0.002639827479604591 0.33252210243662295
-5.134740490603702e-05 0.02138578861617159 0.002639827479604591 0.33252210243662295
-4.7002351719772564e-05 -56.10026998739117 0.002639827479604591 -0.044868373212338025
-4.651956803240985e-05 0.02138578861617159 0.002639827479604591 0.7099125780855838
-4.072616378405725e-05 0.02138578861617159 0.002639827479604591 0.33252210243662295
-4.748513540713528e-05 0.02138578861617159 0.002639827479604591 0.33252210243662295
0.00013983493528959884 0.02138578861617159 0.002639827479604591 0.33252210243662295
-5.4726890717576035e-05 0.02138578861617159 0.002639827479604591 0.7099125780855838
-5.183018859339974e-05 0.02138578861617159 0.002639827479604591 -0.422258848861299
-5.279575596812517e-05 0.02138578861617159 0.002639827479604591 0.33252210243662295
-4.941627015658615e-05 0.02138578861617159 0.002639827479604591 0.33252210243662295
-5.3278539655487886e-05 0.02138578861617159 0.002639827479604591 0.7099125780855838
-4.651956803240985e-05 0.02138578861617159 0.002639827479604591 0.33252210243662295
-5.183018859339974e-05 0.02138578861617159 0.002639827479604591 0.7099125780855838
-3.444997584834193e-05 0.02138578861617159 0.002639827479604591 0.7099125780855838
-5.3761323342850605e-05 0.02138578861617159 0.002639827479604591 0.7099125780855838
-1.738074553045436 0.02138578861617159 0.002639827479604591 0.7099125780855838
-5.231297228076245e-05 0.02138578861617159 0.002639827479604591 0.7099125780855838
-5.424410703021332e-05 0.02138578861617159 0.002639827479604591 0.33252210243662295
-5.3278539655487886e-05 0.02138578861617159 0.002639827479604591 0.7099125780855838
-5.183018859339974e-05 0.02138578861617159 0.002639827479604591 0.33252210243662295
-5.183018859339974e-05 0.02138578861617159 0.002639827479604591 -0.044868373212338025
-3.92778127219691e-05 0.02138578861617159 0.002639827479604591 0.33252210243662295
-4.941627015658615e-05 0.02138578861617159 0.002639827479604591 -3.441382654052987
2.107014819837051e-05 0.02138578861617159 0.002639827479604591 0.7099125780855838
-3.92778127219691e-05 0.02138578861617159 0.002639827479604591 0.7099125780855838
-5.907194390384049e-05 0.02138578861617159 0.002639827479604591 -3.441382654052987
-2.527708578845031e-05 0.02138578861617159 0.002639827479604591 0.7099125780855838
-5.5209674404938754e-05 0.02138578861617159 0.002639827479604591 -0.422258848861299
-5.3761323342850605e-05 0.02138578861617159 0.002639827479604591 0.33252210243662295
-5.231297228076245e-05 0.02138578861617159 0.002639827479604591 0.33252210243662295
-0.00021501107492199805 0.02138578861617159 0.002639827479604591 0.33252210243662295
-4.651956803240985e-05 0.02138578861617159 0.002639827479604591 0.7099125780855838
-5.3278539655487886e-05 0.02138578861617159 0.002639827479604591 0.7099125780855838
-4.4588433282958985e-05 0.02138578861617159 0.002639827479604591 -0.422258848861299
-5.134740490603702e-05 0.02138578861617159 0.002639827479604591 0.7099125780855838
2.4449634009909527e-05 0.02138578861617159 0.002639827479604591 0.7099125780855838
-5.424410703021332e-05 0.02138578861617159 0.002639827479604591 0.33252210243662295
-5.279575596812517e-05 0.02138578861617159 0.002639827479604591 0.7099125780855838
-5.4726890717576035e-05 0.02138578861617159 0.002639827479604591 0.33252210243662295
-4.651956803240985e-05 0.02138578861617159 0.002639827479604591 0.33252210243662295
-3.058770634944019e-05 0.02138578861617159 0.002639827479604591 0.33252210243662295
-5.08646212186743e-05 0.02138578861617159 0.002639827479604591 0.33252210243662295
-5.4726890717576035e-05 0.02138578861617159 0.002639827479604591 0.7099125780855838
-5.3278539655487886e-05 0.02138578861617159 0.002639827479604591 -3.441382654052987
-5.231297228076245e-05 0.02138578861617159 0.002639827479604591 -0.422258848861299
-5.3761323342850605e-05 0.02138578861617159 0.002639827479604591 0.33252210243662295
-5.424410703021332e-05 0.02138578861617159 0.002639827479604591 0.33252210243662295
-5.3278539655487886e-05 0.02138578861617159 0.002639827479604591 0.7099125780855838
-5.3278539655487886e-05 0.02138578861617159 0.002639827479604591 0.33252210243662295
-5.279575596812517e-05 0.02138578861617159 0.002639827479604591 -0.422258848861299
-5.3761323342850605e-05 0.02138578861617159 0.002639827479604591 0.7099125780855838
-5.279575596812517e-05 0.02138578861617159 0.002639827479604591 0.7099125780855838
-5.569245809230147e-05 0.02138578861617159 0.002639827479604591 0.7099125780855838
-4.893348646922343e-05 0.02138578861617159 0.002639827479604591 0.7099125780855838
-4.5554000657684415e-05 0.02138578861617159 0.002639827479604591 0.33252210243662295
-5.3761323342850605e-05 0.02138578861617159 0.002639827479604591 0.33252210243662295
-4.7002351719772564e-05 0.02138578861617159 0.002639827479604591 0.33252210243662295
-1.7380706907759371 0.02138578861617159 0.002639827479604591 -0.044868373212338025
-4.120894747141997e-05 0.02138578861617159 0.002639827479604591 0.33252210243662295
-5.424410703021332e-05 0.02138578861617159 0.002639827479604591 0.33252210243662295
-5.3278539655487886e-05 0.02138578861617159 0.002639827479604591 0.7099125780855838
-5.279575596812517e-05 0.02138578861617159 0.002639827479604591 -3.441382654052987
-2.5759869475813025e-05 0.02138578861617159 0.002639827479604591 0.33252210243662295
-5.134740490603702e-05 0.02138578861617159 0.002639827479604591 0.7099125780855838
-5.6175241779664184e-05 0.02138578861617159 0.002639827479604591 0.33252210243662295
-5.3761323342850605e-05 0.02138578861617159 0.002639827479604591 -0.422258848861299
-5.038183753131159e-05 0.02138578861617159 0.002639827479604591 0.33252210243662295
-5.569245809230147e-05 0.02138578861617159 0.002639827479604591 0.7099125780855838
-5.569245809230147e-05 0.02138578861617159 0.002639827479604591 0.7099125780855838
-5.3761323342850605e-05 0.02138578861617159 0.002639827479604591 0.7099125780855838
-4.893348646922343e-05 0.02138578861617159 0.002639827479604591 0.7099125780855838
-6.486534815219309e-05 0.02138578861617159 0.002639827479604591 0.7099125780855838
-5.3278539655487886e-05 0.02138578861617159 0.002639827479604591 0.33252210243662295
-5.279575596812517e-05 0.02138578861617159 0.002639827479604591 0.33252210243662295
-2.5759869475813025e-05 0.02138578861617159 0.002639827479604591 0.33252210243662295
-5.6175241779664184e-05 0.02138578861617159 0.002639827479604591 0.33252210243662295
-1.9000897852734988e-05 0.02138578861617159 36.94966523172224 0.33252210243662295
-4.5071216970321696e-05 0.02138578861617159 0.002639827479604591 0.7099125780855838
-3.6381110597792795e-05 0.02138578861617159 0.002639827479604591 0.7099125780855838
-5.3761323342850605e-05 0.02138578861617159 0.002639827479604591 -3.441382654052987
-8.610783039615263e-05 0.02138578861617159 0.002639827479604591 0.33252210243662295
-5.279575596812517e-05 0.02138578861617159 0.002639827479604591 0.33252210243662295
-5.134740490603702e-05 0.02138578861617159 0.002639827479604591 -0.422258848861299
-5.038183753131159e-05 0.02138578861617159 0.002639827479604591 0.33252210243662295
-4.024338009669453e-05 0.02138578861617159 0.002639827479604591 0.33252210243662295
-4.7002351719772564e-05 0.02138578861617159 0.002639827479604591 0.7099125780855838
0.0005926860340358273 0.02138578861617159 0.002639827479604591 0.7099125780855838
-0.000673655577916579 0.02138578861617159 0.002639827479604591 0.7099125780855838
-5.3278539655487886e-05 0.02138578861617159 0.002639827479604591 0.7099125780855838
-4.7002351719772564e-05 0.02138578861617159 0.002639827479604591 0.7099125780855838
-5.08646212186743e-05 0.02138578861617159 0.002639827479604591 0.7099125780855838
-5.3278539655487886e-05 0.02138578861617159 0.002639827479604591 0.33252210243662295
-5.4726890717576035e-05 0.02138578861617159 0.002639827479604591 0.7099125780855838
-5.08646212186743e-05 0.02138578861617159 0.002639827479604591 0.33252210243662295
-5.4726890717576035e-05 0.02138578861617159 0.002639827479604591 -0.044868373212338025
-5.183018859339974e-05 0.02138578861617159 0.002639827479604591 0.33252210243662295
-5.08646212186743e-05 0.02138578861617159 0.002639827479604591 0.7099125780855838
-4.893348646922343e-05 0.02138578861617159 0.002639827479604591 0.7099125780855838
-4.989905384394887e-05 0.02138578861617159 0.002639827479604591 -3.441382654052987
-5.5209674404938754e-05 0.02138578861617159 0.002639827479604591 -0.422258848861299
-5.231297228076245e-05 0.02138578861617159 0.002639827479604591 0.33252210243662295
-5.3278539655487886e-05 0.02138578861617159 0.002639827479604591 0.7099125780855838
-5.3761323342850605e-05 0.02138578861617159 0.002639827479604591 0.33252210243662295
-5.955472759120321e-05 0.02138578861617159 0.002639827479604591 0.33252210243662295
-4.893348646922343e-05 0.02138578861617159 0.002639827479604591 0.33252210243662295
-5.3278539655487886e-05 0.02138578861617159 0.002639827479604591 -0.422258848861299
-5.3278539655487886e-05 0.02138578861617159 0.002639827479604591 0.7099125780855838
-5.08646212186743e-05 0.02138578861617159 0.002639827479604591 0.7099125780855838
-5.134740490603702e-05 0.02138578861617159 0.002639827479604591 0.7099125780855838
9.300491761541531e-05 0.02138578861617159 0.002639827479604591 0.33252210243662295
-0.00019473416005276394 0.02138578861617159 0.002639827479604591 0.7099125780855838
-4.748513540713528e-05 0.02138578861617159 0.002639827479604591 0.7099125780855838
-5.4726890717576035e-05 0.02138578861617159 0.002639827479604591 0.33252210243662295
-4.941627015658615e-05 0.02138578861617159 0.002639827479604591 0.33252210243662295
-4.651956803240985e-05 0.02138578861617159 0.002639827479604591 -0.044868373212338025
-2.1414816289548575e-05 0.02138578861617159 0.002639827479604591 0.33252210243662295
-4.893348646922343e-05 0.02138578861617159 0.002639827479604591 0.33252210243662295
-5.038183753131159e-05 0.02138578861617159 0.002639827479604591 0.7099125780855838
-5.6175241779664184e-05 0.02138578861617159 0.002639827479604591 0.7099125780855838
-5.4726890717576035e-05 0.02138578861617159 0.002639827479604591 -3.441382654052987
-0.0007325551877748305 0.02138578861617159 0.002639827479604591 0.33252210243662295
-5.3761323342850605e-05 0.02138578861617159 0.002639827479604591 -0.422258848861299
-5.134740490603702e-05 0.02138578861617159 0.002639827479604591 0.33252210243662295
-5.134740490603702e-05 0.02138578861617159 0.002639827479604591 0.33252210243662295
-4.748513540713528e-05 0.02138578861617159 0.002639827479604591 0.7099125780855838
-0.0001276272275093463 0.02138578861617159 0.002639827479604591 0.7099125780855838
-4.845070278186072e-05 0.02138578861617159 0.002639827479604591 0.33252210243662295
-5.5209674404938754e-05 0.02138578861617159 0.002639827479604591 0.7099125780855838
-4.265729853350812e-05 0.02138578861617159 0.002639827479604591 0.7099125780855838
-5.66580254670269e-05 0.02138578861617159 0.002639827479604591 0.7099125780855838
-0.0003709502059401556 0.02138578861617159 0.002639827479604591 0.7099125780855838
-5.183018859339974e-05 0.02138578861617159 0.002639827479604591 0.7099125780855838
-5.4726890717576035e-05 0.02138578861617159 0.002639827479604591 0.33252210243662295
-5.038183753131159e-05 0.02138578861617159 0.002639827479604591 0.33252210243662295
-5.3278539655487886e-05 0.02138578861617159 0.002639827479604591 -0.044868373212338025
-0.00018169900049397057 0.02138578861617159 0.002639827479604591 0.33252210243662295
-5.424410703021332e-05 0.02138578861617159 0.002639827479604591 0.33252210243662295
