6 6 80 32
5 6 80 34
3 6 80 35
999458 6 80 32
4 6 80 34
4 6 80 34
4 6 80 33
34 6 80 35
17 6 80 34
7 6 80 35
16 6 80 34
33 6 80 34
10 6 80 35
7 6 80 34
3 6 80 32
21 6 80 35
3 6 70 34
4 6 80 34
5 6 80 35
2 6 80 35
8 6 80 32
77 6 80 32
9 6 80 35
3 6 80 33
4 6 80 34
7 6 80 35
5 6 80 34
7 6 80 35
10 6 80 24
6 6 80 35
1 6 80 34
3 6 80 34
5 6 80 32
6 6 80 35
-299 6 80 35
7 6 80 34
3 6 80 35
3 6 80 32
5 6 80 35
78 6 80 32
55 6 80 33
7 6 80 35
24 6 80 34
7 6 80 35
4 6 80 34
9 6 80 35
4 6 80 34
23 6 80 35
3 6 80 32
4 6 80 34
5 6 80 34
22 6 80 35
998972 6 80 34
21 6 80 34
2 6 80 35
1 6 80 35
3 6 80 32
1 6 80 34
7 6 80 33
0 6 80 35
6 6 80 34
29 6 80 35
16 6 80 35
9 6 80 35
18 6 80 34
4 6 80 24
-59963 6 80 35
8 6 80 32
16 6 80 34
3 6 80 34
3 6 80 34
997859 6 80 35
6 6 80 32
5 6 80 33
17 6 80 35
12 6 80 35
209 6 80 33
44 6 80 34
3 6 80 35
10 6 80 34
8 6 80 35
998790 6 80 35
11 6 80 35
5 6 80 35
6 6 80 24
6 6 80 34
26 6 80 32
4 6 80 34
6 6 80 34
7 6 80 34
6041 6 80 32
25 6 80 35
28 6 80 35
999032 6 80 34
7 6 80 35
3600005 6 80 35
35 6 80 35
12 6 80 34
2 6 80 34
11 6 80 34
20 6 80 35
21 6 80 24
33 6 80 35
19 6 80 34
999407 6 80 34
4 6 80 34
10 6 80 32
8 6 80 34
15 6 80 34
21 6 80 34
10 6 80 32
46 6 80 35
6 6 80 35
9 6 80 35
5 6 80 34
7 6 80 35
10 6 80 34
10 6 80 33
36 6 80 34
15 6 80 35
161 6 80 24
36 6 80 34
998995 6 80 35
65 6 80 35
3 6 80 32
6 6 80 34
9 6 80 34
998672 6 80 34
21 6 80 35
7 6 80 32
25 6 80 35
11 6 80 35
999168 6 80 35
5 6 80 35
8 6 80 34
4 6 80 34
21 6 80 34
54 6 80 34
12 6 80 35
4 6 80 34
7 6 80 24
9 6 80 32
6 6 80 34
5 6 80 35
7 6 80 34
7 6 80 34
8 6 80 32
6 6 80 35
8 6 80 35
5270400002 6 80 35
23 6 80 34
6 6 80 34
20 6 80 34
32 6 80 34
5 6 80 35
7 6 80 34
8 6 80 24
64 6 80 35
11 6 80 34
1 6 80 32
6 6 80 34
13 6 80 34
2 6 80 35
2 6 80 35
6 6 80 35
16 6 80 32
998983 6 80 35
7 6 80 34
8 6 80 33
64 6 80 34
1 6 80 34
78 6 80 34
24 6 80 35
42 6 80 35
999006 6 80 24
998939 6 80 35
8 6 80 32
11 6 80 34
13 6 80 35
34 6 80 34
20 6 80 34
1000345 6 80 35
-1278 6 80 35
7 6 80 35
20 6 80 35
12 6 80 35
7 6 80 35
4 6 80 34
12 6 80 34
4 6 80 33
10 6 80 34
12 6 80 35
16 6 80 35
14 6 80 24
3 6 80 32
9 6 80 34
7 6 80 35
6 6 80 34
998994 6 80 34
16 6 80 34
7 6 80 32
7 6 80 35
12 6 80 35
11 6 80 35
999310 6 80 35
-286 6 80 34
19 6 80 35
4 6 80 34
15 6 80 34
21 6 80 33
73 6 80 33
16 6 80 34
13 6 80 35
1 6 80 35
4 6 80 24
-1400 6 80 32
6 6 80 32
11 6 80 34
11 6 80 35
19 6 80 34
998853 6 80 35
17 6 80 35
3 6 80 34
29 6 80 35
0 6 80 35
998349 6 80 34
10 6 80 35
4 6 80 34
13 6 80 34
7 6 80 33
-259 6 80 35
5 6 80 34
