2019 10 31 10 40 02 093 6 80 32
2019 10 31 10 43 11 670 6 80 32
2019 10 31 10 43 11 775 6 80 34
2019 10 31 10 43 12 139 6 80 34
2019 10 31 10 43 12 202 6 80 34
2019 10 31 10 43 12 404 6 80 33
2019 10 31 10 43 13 656 6 80 34
2019 10 31 10 43 13 816 6 80 34
2019 10 31 10 43 13 874 6 80 34
2019 10 31 10 43 14 511 6 80 34
2019 10 31 10 43 14 684 6 80 32
2019 10 31 10 43 15 303 6 80 34
2019 10 31 10 43 15 532 6 80 34
2019 10 31 10 43 15 652 6 80 32
2019 10 31 10 43 15 721 6 80 34
2019 10 31 10 43 16 383 6 80 33
2019 10 31 10 43 16 588 6 80 34
2019 10 31 10 43 16 588 6 80 34
2019 10 31 10 43 16 963 6 80 34
2019 10 31 10 43 17 375 6 80 24
2019 10 31 10 43 17 638 6 80 34
2019 10 31 10 43 17 770 6 80 34
2019 10 31 10 43 17 771 6 80 34
2019 10 31 10 43 17 834 6 80 32
2019 10 31 10 43 17 950 6 80 34
2019 10 31 10 43 18 031 6 80 34
2019 10 31 10 43 18 120 6 80 32
2019 10 31 10 43 18 190 6 80 34
2019 10 31 10 43 18 274 6 80 33
2019 10 31 10 43 18 311 6 80 34
2019 10 31 10 43 19 887 6 80 34
2019 10 31 10 43 20 067 6 80 34
2019 10 31 10 43 20 254 6 80 34
2019 10 31 10 43 20 157 6 80 24
2019 10 31 10 43 20 234 6 80 32
2019 10 31 10 43 20 254 6 80 34
2019 10 31 10 43 20 324 6 80 34
2019 10 31 10 43 20 324 6 80 34
2019 10 31 10 43 20 398 6 80 34
2019 10 31 10 43 20 417 6 80 34
2019 10 31 10 43 20 509 6 80 32
2019 10 31 10 43 20 509 6 80 32
2019 10 31 10 43 20 509 6 80 33
2019 10 31 10 43 20 510 6 80 34
2019 10 31 10 43 21 327 6 80 34
2019 10 31 10 43 21 563 6 80 34
2019 10 31 10 43 21 719 6 80 34
2019 10 31 10 43 21 849 6 80 24
2019 10 31 10 43 21 984 6 80 32
2019 10 31 10 43 22 177 6 80 34
2019 10 31 10 43 22 462 6 80 34
2019 10 31 10 43 22 650 6 80 34
2019 10 31 10 43 22 670 6 80 34
2019 10 31 10 43 23 789 6 80 32
2019 10 31 10 43 23 804 6 80 33
2019 10 31 10 43 24 133 6 80 34
2019 10 31 10 43 24 313 6 80 34
2019 10 31 10 43 24 660 6 80 34
2019 10 31 10 43 25 085 6 80 24
2019 10 31 10 43 25 173 6 80 34
2019 10 31 10 43 25 373 6 80 32
2019 10 31 10 43 25 571 6 80 34
2019 10 31 10 43 26 406 6 80 34
2019 10 31 10 43 26 425 6 80 34
2019 10 31 10 43 26 831 6 80 32
2019 10 31 10 43 27 018 6 80 34
2019 10 31 10 43 27 437 6 80 34
2019 10 31 10 43 27 517 6 80 34
2019 10 31 10 43 27 583 6 80 33
2019 10 31 10 43 27 602 6 80 34
2019 10 31 10 43 27 737 6 80 34
2019 10 31 10 43 27 740 6 80 24
2019 10 31 10 43 28 135 6 80 34
2019 10 31 10 43 28 241 6 80 32
2019 10 31 10 43 28 313 6 80 34
2019 10 31 10 43 29 205 6 80 34
2019 10 31 10 43 29 248 6 80 34
2019 10 31 10 43 29 338 6 80 32
2019 10 31 10 43 29 637 6 80 34
2019 10 31 10 43 29 841 6 80 34
2019 10 31 10 43 30 359 6 80 34
2019 10 31 10 43 29 894 6 80 34
2019 10 31 10 43 30 028 6 80 33
2019 10 31 10 43 30 105 6 80 34
2019 10 31 10 43 30 364 6 80 24
2019 10 31 10 43 30 497 6 80 32
2019 10 31 10 43 30 650 6 80 34
2019 10 31 10 43 31 456 6 80 34
2019 10 31 10 43 31 796 6 80 34
2019 10 31 10 43 31 961 6 80 32
2019 10 31 10 43 32 358 6 80 34
2019 10 31 10 43 32 367 6 80 34
2019 10 31 10 43 32 404 6 80 34
2019 10 31 10 43 32 586 6 80 33
2019 10 31 10 43 32 582 6 80 34
2019 10 31 10 43 32 586 6 80 33
2019 10 31 10 43 32 640 6 80 34
2019 10 31 10 43 32 715 6 80 24
2019 10 31 10 43 32 970 6 80 32
2019 10 31 10 43 33 044 6 80 34
2019 10 31 10 43 33 178 6 80 34
2019 10 31 10 43 33 178 6 80 34
2019 10 31 10 43 33 301 6 80 34
2019 10 31 10 43 33 435 6 80 32
2019 10 31 10 43 34 794 6 80 34
2019 10 31 10 43 34 794 6 80 34
2019 10 31 10 43 34 806 6 80 34
2019 10 31 10 43 34 908 6 80 33
2019 10 31 10 43 35 150 6 80 34
2019 10 31 10 43 35 299 6 80 34
2019 10 31 10 43 35 447 6 80 24
2019 10 31 10 43 35 483 6 80 34
2019 10 31 10 43 35 728 6 80 32
2019 10 31 10 43 35 738 6 80 34
2019 10 31 10 43 35 758 6 80 34
2019 10 31 10 43 35 738 6 80 34
2019 10 31 10 43 35 946 6 80 34
2019 10 31 10 43 36 234 6 80 32
2019 10 31 10 43 36 373 6 80 34
2019 10 31 10 43 37 621 6 80 34
2019 10 31 10 43 37 621 6 80 34
2019 10 31 10 43 37 621 6 80 33
2019 10 31 10 43 38 002 6 80 24
2019 10 31 10 43 38 605 6 80 34
2019 10 31 10 43 38 645 6 80 32
2019 10 31 10 43 38 652 6 80 34
2019 10 31 10 43 38 815 6 80 34
2019 10 31 10 43 38 824 6 80 34
2019 10 31 10 43 40 026 6 80 32
2019 10 31 10 43 40 094 6 80 34
2019 10 31 10 43 40 125 6 80 34
2019 10 31 10 43 40 458 6 80 33
2019 10 31 10 43 40 125 6 80 34
2019 10 31 10 43 40 683 6 80 34
2019 10 31 10 43 40 782 6 80 34
2019 10 31 10 43 41 049 6 80 24
2019 10 31 10 43 42 187 6 80 34
2019 10 31 10 43 41 214 6 80 34
2019 10 31 10 43 41 332 6 80 32
2019 10 31 10 43 42 187 6 80 34
2019 10 31 10 43 42 540 6 80 34
2019 10 31 10 43 42 573 6 80 32
2019 10 31 10 43 43 057 6 80 34
2019 10 31 10 43 43 058 6 80 34
2019 10 31 10 43 43 237 6 80 33
2019 10 31 10 43 43 289 6 80 34
2019 10 31 10 43 43 348 6 80 34
2019 10 31 10 43 43 666 6 80 24
2019 10 31 10 43 43 686 6 80 34
2019 10 31 10 43 43 829 6 80 32
2019 10 31 10 43 44 921 6 80 34
2019 10 31 10 43 45 048 6 80 34
2019 10 31 10 43 45 143 6 80 34
2019 10 31 10 43 45 223 6 80 32
2019 10 31 10 43 45 348 6 80 34
2019 10 31 10 43 45 454 6 80 34
2019 10 31 10 43 45 766 6 80 33
2019 10 31 10 43 45 895 6 80 34
2019 10 31 10 43 46 027 6 80 34
