-5.3761323342850605e-05 0.02138578861617159 0.002639827479604591 -0.422258848861299
-5.424410703021332e-05 0.02138578861617159 0.002639827479604591 0.33252210243662295
0.0001644569033450974 0.02138578861617159 0.002639827479604591 0.7099125780855838
-5.4726890717576035e-05 0.02138578861617159 0.002639827479604591 0.33252210243662295
-5.4726890717576035e-05 0.02138578861617159 0.002639827479604591 0.33252210243662295
-5.4726890717576035e-05 0.02138578861617159 0.002639827479604591 -0.044868373212338025
-4.845070278186072e-05 0.02138578861617159 0.002639827479604591 0.7099125780855838
-4.893348646922343e-05 0.02138578861617159 0.002639827479604591 0.33252210243662295
-4.072616378405725e-05 0.02138578861617159 0.002639827479604591 0.33252210243662295
-5.3278539655487886e-05 0.02138578861617159 0.002639827479604591 0.33252210243662295
-5.5209674404938754e-05 0.02138578861617159 0.002639827479604591 -0.422258848861299
-5.4726890717576035e-05 0.02138578861617159 0.002639827479604591 0.33252210243662295
-5.279575596812517e-05 0.02138578861617159 0.002639827479604591 -0.422258848861299
-1.9483681540097707e-05 0.02138578861617159 0.002639827479604591 0.33252210243662295
-5.5209674404938754e-05 0.02138578861617159 0.002639827479604591 -0.044868373212338025
-5.4726890717576035e-05 0.02138578861617159 0.002639827479604591 0.33252210243662295
-5.424410703021332e-05 0.02138578861617159 0.002639827479604591 0.33252210243662295
-5.183018859339974e-05 0.02138578861617159 0.002639827479604591 -3.441382654052987
-5.6175241779664184e-05 0.02138578861617159 0.002639827479604591 0.33252210243662295
-5.5209674404938754e-05 0.02138578861617159 0.002639827479604591 0.33252210243662295
-5.424410703021332e-05 0.02138578861617159 0.002639827479604591 -0.422258848861299
-5.3278539655487886e-05 0.02138578861617159 0.002639827479604591 0.7099125780855838
-5.5209674404938754e-05 0.02138578861617159 0.002639827479604591 0.7099125780855838
-1.9000897852734988e-05 0.02138578861617159 0.002639827479604591 0.33252210243662295
-3.0104922662077476e-05 0.02138578861617159 0.002639827479604591 0.7099125780855838
-4.5071216970321696e-05 0.02138578861617159 0.002639827479604591 0.33252210243662295
-5.4726890717576035e-05 0.02138578861617159 0.002639827479604591 0.33252210243662295
-5.4726890717576035e-05 0.02138578861617159 0.002639827479604591 0.33252210243662295
-5.5209674404938754e-05 0.02138578861617159 0.002639827479604591 -0.422258848861299
-5.4726890717576035e-05 0.02138578861617159 0.002639827479604591 0.33252210243662295
-5.424410703021332e-05 0.02138578861617159 0.002639827479604591 0.33252210243662295
-7.017596871318298e-05 0.02138578861617159 0.002639827479604591 0.33252210243662295
-4.651956803240985e-05 0.02138578861617159 0.002639827479604591 0.33252210243662295
-5.5209674404938754e-05 0.02138578861617159 0.002639827479604591 0.33252210243662295
-5.6175241779664184e-05 0.02138578861617159 0.002639827479604591 -0.044868373212338025
-5.3278539655487886e-05 0.02138578861617159 0.002639827479604591 0.7099125780855838
-5.3761323342850605e-05 0.02138578861617159 0.002639827479604591 0.33252210243662295
-4.7967919094498e-05 0.02138578861617159 0.002639827479604591 0.33252210243662295
-5.4726890717576035e-05 0.02138578861617159 0.002639827479604591 -3.441382654052987
-5.279575596812517e-05 0.02138578861617159 0.002639827479604591 -0.422258848861299
-4.893348646922343e-05 0.02138578861617159 0.002639827479604591 0.33252210243662295
-5.5209674404938754e-05 0.02138578861617159 0.002639827479604591 0.33252210243662295
-5.5209674404938754e-05 0.02138578861617159 0.002639827479604591 0.33252210243662295
-5.3761323342850605e-05 0.02138578861617159 0.002639827479604591 -0.044868373212338025
-5.424410703021332e-05 0.02138578861617159 0.002639827479604591 -0.422258848861299
4.424376519178092e-05 0.02138578861617159 0.002639827479604591 0.7099125780855838
-3.5415543223067364e-05 0.02138578861617159 0.002639827479604591 0.7099125780855838
-5.183018859339974e-05 0.02138578861617159 0.002639827479604591 0.33252210243662295
-5.3761323342850605e-05 0.02138578861617159 0.002639827479604591 -3.441382654052987
-5.3761323342850605e-05 0.02138578861617159 0.002639827479604591 0.33252210243662295
-4.4105649595596266e-05 0.02138578861617159 0.002639827479604591 -0.422258848861299
-5.4726890717576035e-05 0.02138578861617159 0.002639827479604591 0.33252210243662295
-5.3761323342850605e-05 0.02138578861617159 0.002639827479604591 0.33252210243662295
-5.3278539655487886e-05 0.02138578861617159 0.002639827479604591 0.33252210243662295
0.0028598382298911456 0.02138578861617159 0.002639827479604591 -0.422258848861299
-4.120894747141997e-05 0.02138578861617159 0.002639827479604591 0.33252210243662295
-5.08646212186743e-05 0.02138578861617159 0.002639827479604591 0.7099125780855838
-5.569245809230147e-05 0.02138578861617159 0.002639827479604591 0.33252210243662295
-5.134740490603702e-05 0.02138578861617159 0.002639827479604591 0.33252210243662295
-4.651956803240985e-05 0.02138578861617159 0.002639827479604591 0.7099125780855838
-4.748513540713528e-05 0.02138578861617159 0.002639827479604591 0.33252210243662295
0.00013983493528959884 0.02138578861617159 0.002639827479604591 0.33252210243662295
-5.4726890717576035e-05 0.02138578861617159 0.002639827479604591 0.7099125780855838
-5.183018859339974e-05 0.02138578861617159 0.002639827479604591 -0.422258848861299
-5.279575596812517e-05 0.02138578861617159 0.002639827479604591 0.33252210243662295
-4.941627015658615e-05 0.02138578861617159 0.002639827479604591 0.33252210243662295
-4.651956803240985e-05 0.02138578861617159 0.002639827479604591 0.33252210243662295
-5.183018859339974e-05 0.02138578861617159 0.002639827479604591 0.7099125780855838
-5.424410703021332e-05 0.02138578861617159 0.002639827479604591 0.33252210243662295
-5.183018859339974e-05 0.02138578861617159 0.002639827479604591 0.33252210243662295
-5.183018859339974e-05 0.02138578861617159 0.002639827479604591 -0.044868373212338025
-3.92778127219691e-05 0.02138578861617159 0.002639827479604591 0.33252210243662295
2.107014819837051e-05 0.02138578861617159 0.002639827479604591 0.7099125780855838
-3.92778127219691e-05 0.02138578861617159 0.002639827479604591 0.7099125780855838
-5.5209674404938754e-05 0.02138578861617159 0.002639827479604591 -0.422258848861299
-5.3761323342850605e-05 0.02138578861617159 0.002639827479604591 0.33252210243662295
-5.231297228076245e-05 0.02138578861617159 0.002639827479604591 0.33252210243662295
-0.00021501107492199805 0.02138578861617159 0.002639827479604591 0.33252210243662295
-5.3278539655487886e-05 0.02138578861617159 0.002639827479604591 0.7099125780855838
-5.279575596812517e-05 0.02138578861617159 0.002639827479604591 0.7099125780855838
-5.4726890717576035e-05 0.02138578861617159 0.002639827479604591 0.33252210243662295
-4.651956803240985e-05 0.02138578861617159 0.002639827479604591 0.33252210243662295
-3.058770634944019e-05 0.02138578861617159 0.002639827479604591 0.33252210243662295
-5.4726890717576035e-05 0.02138578861617159 0.002639827479604591 0.7099125780855838
-5.3278539655487886e-05 0.02138578861617159 0.002639827479604591 -3.441382654052987
-5.231297228076245e-05 0.02138578861617159 0.002639827479604591 -0.422258848861299
-5.3761323342850605e-05 0.02138578861617159 0.002639827479604591 0.33252210243662295
-5.3278539655487886e-05 0.02138578861617159 0.002639827479604591 0.7099125780855838
-5.3278539655487886e-05 0.02138578861617159 0.002639827479604591 0.33252210243662295
-5.279575596812517e-05 0.02138578861617159 0.002639827479604591 -0.422258848861299
-4.5554000657684415e-05 0.02138578861617159 0.002639827479604591 0.33252210243662295
-5.3761323342850605e-05 0.02138578861617159 0.002639827479604591 0.33252210243662295
-4.7002351719772564e-05 0.02138578861617159 0.002639827479604591 0.33252210243662295
-4.120894747141997e-05 0.02138578861617159 0.002639827479604591 0.33252210243662295
-5.3278539655487886e-05 0.02138578861617159 0.002639827479604591 0.7099125780855838
-5.279575596812517e-05 0.02138578861617159 0.002639827479604591 -3.441382654052987
-5.134740490603702e-05 0.02138578861617159 0.002639827479604591 0.7099125780855838
-5.6175241779664184e-05 0.02138578861617159 0.002639827479604591 0.33252210243662295
-5.3761323342850605e-05 0.02138578861617159 0.002639827479604591 -0.422258848861299
-5.038183753131159e-05 0.02138578861617159 0.002639827479604591 0.33252210243662295
-4.893348646922343e-05 0.02138578861617159 0.002639827479604591 0.7099125780855838
-5.3278539655487886e-05 0.02138578861617159 0.002639827479604591 0.33252210243662295
-5.279575596812517e-05 0.02138578861617159 0.002639827479604591 0.33252210243662295
-2.5759869475813025e-05 0.02138578861617159 0.002639827479604591 0.33252210243662295
-5.6175241779664184e-05 0.02138578861617159 0.002639827479604591 0.33252210243662295
-1.9000897852734988e-05 0.02138578861617159 36.94966523172224 0.33252210243662295
-5.3761323342850605e-05 0.02138578861617159 0.002639827479604591 -3.441382654052987
-5.279575596812517e-05 0.02138578861617159 0.002639827479604591 0.33252210243662295
-5.134740490603702e-05 0.02138578861617159 0.002639827479604591 -0.422258848861299
-4.024338009669453e-05 0.02138578861617159 0.002639827479604591 0.33252210243662295
-4.7002351719772564e-05 0.02138578861617159 0.002639827479604591 0.7099125780855838
-5.4726890717576035e-05 0.02138578861617159 0.002639827479604591 0.7099125780855838
-5.08646212186743e-05 0.02138578861617159 0.002639827479604591 0.33252210243662295
-5.4726890717576035e-05 0.02138578861617159 0.002639827479604591 -0.044868373212338025
-5.183018859339974e-05 0.02138578861617159 0.002639827479604591 0.33252210243662295
-4.989905384394887e-05 0.02138578861617159 0.002639827479604591 -3.441382654052987
-5.5209674404938754e-05 0.02138578861617159 0.002639827479604591 -0.422258848861299
-5.231297228076245e-05 0.02138578861617159 0.002639827479604591 0.33252210243662295
-5.3761323342850605e-05 0.02138578861617159 0.002639827479604591 0.33252210243662295
-5.955472759120321e-05 0.02138578861617159 0.002639827479604591 0.33252210243662295
-4.893348646922343e-05 0.02138578861617159 0.002639827479604591 0.33252210243662295
-5.3278539655487886e-05 0.02138578861617159 0.002639827479604591 -0.422258848861299
-0.00019473416005276394 0.02138578861617159 0.002639827479604591 0.7099125780855838
-5.4726890717576035e-05 0.02138578861617159 0.002639827479604591 0.33252210243662295
-4.941627015658615e-05 0.02138578861617159 0.002639827479604591 0.33252210243662295
-4.651956803240985e-05 0.02138578861617159 0.002639827479604591 -0.044868373212338025
-2.1414816289548575e-05 0.02138578861617159 0.002639827479604591 0.33252210243662295
-4.893348646922343e-05 0.02138578861617159 0.002639827479604591 0.33252210243662295
-5.4726890717576035e-05 0.02138578861617159 0.002639827479604591 -3.441382654052987
-0.0007325551877748305 0.02138578861617159 0.002639827479604591 0.33252210243662295
-5.3761323342850605e-05 0.02138578861617159 0.002639827479604591 -0.422258848861299
-5.134740490603702e-05 0.02138578861617159 0.002639827479604591 0.33252210243662295
-4.748513540713528e-05 0.02138578861617159 0.002639827479604591 0.7099125780855838
-5.5209674404938754e-05 0.02138578861617159 0.002639827479604591 0.7099125780855838
-0.0003709502059401556 0.02138578861617159 0.002639827479604591 0.7099125780855838
-5.4726890717576035e-05 0.02138578861617159 0.002639827479604591 0.33252210243662295
-5.038183753131159e-05 0.02138578861617159 0.002639827479604591 0.33252210243662295
-5.3278539655487886e-05 0.02138578861617159 0.002639827479604591 -0.044868373212338025
-5.424410703021332e-05 0.02138578861617159 0.002639827479604591 0.33252210243662295
