2019 10 31 10 43 12 400 6 80 33
2019 10 31 10 43 13 996 5 80 24
2019 10 31 10 43 16 380 6 80 33
2019 10 31 10 43 17 365 6 80 24
2019 10 31 10 43 18 194 6 80 33
2019 10 31 10 43 20 462 6 80 33
2019 10 31 10 43 21 845 6 80 24
2019 10 31 10 43 23 784 6 80 33
2019 10 31 10 43 23 784 6 80 33
2019 10 31 10 43 25 079 6 80 24
2019 10 31 10 43 27 547 3 80 33
2019 10 31 10 43 27 664 6 80 24
2019 10 31 10 43 30 018 6 80 33
2019 10 31 10 43 30 156 6 80 24
2019 10 31 10 43 32 708 6 80 24
2019 10 31 10 43 35 439 6 80 24
2019 10 31 10 43 37 463 6 80 33
2019 10 31 10 43 37 996 6 80 24
2019 10 31 10 43 40 454 6 80 33
2019 10 31 10 43 41 035 6 80 24
2019 10 31 10 43 43 216 6 80 33
2019 10 31 10 43 43 216 6 80 33
2019 10 31 10 43 43 662 6 80 24
2019 10 31 10 43 45 759 6 80 33
