2019 10 31 10 43 12 400 6 80 33
2019 10 31 10 43 13 622 6 80 34
2019 10 31 10 43 16 380 6 80 33
2019 10 31 10 43 16 958 6 80 34
2019 10 31 10 43 18 194 6 80 33
2019 10 31 10 43 19 883 6 80 34
2019 10 31 10 43 20 462 6 80 33
2019 10 30 10 43 21 540 6 80 34
2019 10 31 10 43 23 784 6 80 33
2019 10 31 10 43 23 784 6 80 33
2019 10 31 10 43 27 404 6 80 34
2019 10 31 10 43 29 632 6 80 34
2019 10 31 10 43 30 018 6 80 33
2019 10 31 10 43 32 337 6 80 34
2019 10 31 10 43 34 745 6 80 34
2019 10 32 10 43 34 893 6 80 33
2019 10 31 10 43 36 366 6 80 34
2019 10 31 10 43 37 463 6 80 33
2019 10 31 10 43 40 085 6 80 34
2019 10 31 10 43 40 454 6 80 33
2019 10 31 10 43 43 042 6 80 34
2019 10 31 10 43 43 216 6 80 33
2019 10 31 10 43 43 216 6 80 33
2019 10 31 10 43 45 441 6 80 34
2019 10 31 10 43 45 759 6 80 33
