ts=2019-11-01T00:55:06Z caller=logging.go:62 method=Get id=3395a43e-2d88-40de-b95f-e00e1502085b sock=3395a43e-2d88-40de-b95f-e00e1502085b err=null 
ts=2019-11-01T00:55:06Z caller=logging.go:62 method=Get id=d3588630-ad8e-49df-bbd7-3167f7efb246 sock=d3588630-ad8e-49df-bbd7-3167f7efb246 err=null took=1.496374ms
ts=2019-11-01T00:55:06Z caller=logging.go:62 method=Get id=510a0d7e-8e83-4193-b483-e27e09ddc34d sock=510a0d7e-8e83-4193-b483-e27e09ddc34d err=null took=3.336365ms
ts=2019-11-01T00:55:06Z caller=logging.go:62 method=Get id=3395a43e-2d88-40de-b95f-e00e1502085b sock=3395a43e-2d88-40de-b95f-e00e1502085b err=null took=6.554383ms
ts=2019-11-01T00:55:06Z caller=logging.go:62 method=Get id=819e1fbf-8b7e-4f6d-811f-693534916a8b sock=819e1fbf-8b7e-4f6d-811f-693534916a8b err=null took=897.468µs
ts=2019-11-01T00:55:06Z caller=logging.go:62 method=Get id=3395a43e-2d88-40de-b95f-e00e1502085b sock=3395a43e-2d88-40de-b95f-e00e1502085b err=null took=2.483196ms
ts=2019-11-01T00:55:06Z caller=logging.go:62 method=Get id=808a2de1-1aaa-4c25-a9b9-6612e8f29a38 sock=808a2de1-1aaa-4c25-a9b9-6612e8f29a38 err=null took=2.101678ms
ts=2019-11-01T00:55:06Z caller=logging.go:62 method=Get id=3395a43e-2d88-40de-b95f-e00e1502085b sock=3395a43e-2d88-40de-b95f-e00e1502085b err=null took=2.823369ms
ts=2019-11-01T00:55:06Z caller=logging.go:62 method=Get id=510a0d7e-8e83-4193-b483-e27e09ddc34d sock=510a0d7e-8e83-4193-b483-e27e09ddc34d err=null took=2.343987ms
ts=2019-11-01T00:55:06Z caller=logging.go:62 method=Get id=837ab141-399e-4c1f-9abc-bace40296bac sock=837ab141-399e-4c1f-9abc-bace40296bac err=null took=2.537998ms
ts=2019-11-01T00:55:06Z caller=logging.go:62 method=POST id=d3588630-ad8e-49df-bbd7-3167f7efb246 sock=d3588630-ad8e-49df-bbd7-3167f7efb246 err=null took=5.577103ms
ts=2019-11-01T00:55:07Z caller=logging.go:62 method=Get id=d3588630-ad8e-49df-bbd7-3167f7efb246 sock=d3588630-ad8e-49df-bbd7-3167f7efb246 err=null took=759.362µs
ts=2019-11-01T00:55:07Z caller=logging.go:62 method=Get id=837ab141-399e-4c1f-9abc-bace40296bac sock=837ab141-399e-4c1f-9abc-bace40296bac err=null took=1.59904ms
ts=2019-11-01T00:55:07Z caller=logging.go:62 method=Get id=3395a43e-2d88-40de-b95f-e00e1502085b sock=3395a43e-2d88-40de-b95f-e00e1502085b err=null took=13.228313ms
ts=2019-11-01T00:55:07Z caller=logging.go:62 method=Get id=3395a43e-2d88-40de-b95f-e00e1502085b sock=3395a43e-2d88-40de-b95f-e00e1502085b err=null took=9.525629ms
ts=2019-11-01T00:55:07Z caller=logging.go:62 method=Get id=819e1fbf-8b7e-4f6d-811f-693534916a8b sock=819e1fbf-8b7e-4f6d-811f-693534916a8b err=null took=6.76627ms
ts=2019-11-01T00:55:07Z caller=logging.go:62 method=Get id=zzz4f044-b040-410d-8ead-4de0446aec7e sock=zzz4f044-b040-410d-8ead-4de0446aec7e err=null took=7.043449ms
ts=2019-11-01T00:55:07Z caller=logging.go:62 method=Get id=808a2de1-1aaa-4c25-a9b9-6612e8f29a38 sock=808a2de1-1aaa-4c25-a9b9-6612e8f29a38 err=null took=1.435287ms
ts=2019-11-01T00:55:07Z caller=logging.go:62 method=Get id=zzz4f044-b040-410d-8ead-4de0446aec7e sock=zzz4f044-b040-410d-8ead-4de0446aec7e err=null took=1.301495ms
ts=2019-11-01T00:55:07Z caller=logging.go:62 method=Get id=zzz4f044-b040-410d-8ead-4de0446aec7e sock=zzz4f044-b040-410d-8ead-4de0446aec7e err=null took=1.378371ms
ts=2019-11-01T00:55:07Z call=logging.go:62 method=Get id=zzz4f044-b040-410d-8ead-4de0446aec7e sock=zzz4f044-b040-410d-8ead-4de0446aec7e err=null took=938.279µs
ts=2019-11-01T00:55:07Z caller=logging.go:62 method=Get id=3395a43e-2d88-40de-b95f-e00e1502085b sock=3395a43e-2d88-40de-b95f-e00e1502085b err=null took=912.075µs
ts=2019-11-01T00:55:07Z caller=logging.go:62 method=Get id=d3588630-ad8e-49df-bbd7-3167f7efb246 sock=d3588630-ad8e-49df-bbd7-3167f7efb246 err=null took=868.251µs
ts=2019-11-01T00:55:07Z caller=logging.go:62 method=Get id=510a0d7e-8e83-4193-b483-e27e09ddc34d sock=510a0d7e-8e83-4193-b483-e27e09ddc34d err=null took=3.317832ms
ts=2019-11-01T00:55:07Z caller=logging.go:62 method=Get id=808a2de1-1aaa-4c25-a9b9-6612e8f29a38 sock=808a2de1-1aaa-4c25-a9b9-6612e8f29a38 err=null took=2.185197ms
ts=2019-11-01T00:55:07Z caller=logging.go:62 method=Get id=zzz4f044-b040-410d-8ead-4de0446aec7e sock=zzz4f044-b040-410d-8ead-4de0446aec7e err=null took=1.246215ms
ts=2019-11-01T00:55:07Z caller=logging.go:62 method=Get id=3395a43e-2d88-40de-b95f-e00e1502085b sock=3395a43e-2d88-40de-b95f-e00e1502085b err=null took=791.954µs
ts=2019-11-01T00:55:07Z caller=logging.go:62 method=Get id=808a2de1-1aaa-4c25-a9b9-6612e8f29a38 sock=808a2de1-1aaa-4c25-a9b9-6612e8f29a38 err=null took=3.531849ms
ts=2019-11-01T00:55:08Z caller=logging.go:62 method=Get id=808a2de1-1aaa-4c25-a9b9-6612e8f29a38 sock=808a2de1-1aaa-4c25-a9b9-6612e8f29a38 err=null took=703.018µs
ts=2019-11-01T00:55:08Z caller=logging.go:62 method=Get id=819e1fbf-8b7e-4f6d-811f-693534916a8b sock=819e1fbf-8b7e-4f6d-811f-693534916a8b err=null took=1.042598ms
ts=2019-11-01T00:55:08Z caller=logging.go:62 method=POST id=510a0d7e-8e83-4193-b483-e27e09ddc34d sock=510a0d7e-8e83-4193-b483-e27e09ddc34d err=null took=1.575353ms
ts=2019-11-01T00:55:08Z caller=logging.go:62 method=Get id=3395a43e-2d88-40de-b95f-e00e1502085b sock=3395a43e-2d88-40de-b95f-e00e1502085b err=null took=5.0022ms
ts=2019-11-01T00:55:08Z caller=logging.go:62 method=Get id=808a2de1-1aaa-4c25-a9b9-6612e8f29a38 sock=808a2de1-1aaa-4c25-a9b9-6612e8f29a38 err=null took=6.245371ms
ts=2019-11-01T00:55:08Z caller=logging.go:62 method=Get id=510a0d7e-8e83-4193-b483-e27e09ddc34d sock=510a0d7e-8e83-4193-b483-e27e09ddc34d err=null took=1.855437ms
ts=2019-11-01T00:55:08Z caller=logging.go:62 method=Get id=510a0d7e-8e83-4193-b483-e27e09ddc34d sock=510a0d7e-8e83-4193-b483-e27e09ddc34d err=null took=6.550396ms
ts=2019-11-01T00:55:08Z caller=logging.go:62 method=Get id=510a0d7e-8e83-4193-b483-e27e09ddc34d sock=510a0d7e-8e83-4193-b483-e27e09ddc34d err=null took=894.259µs
ts=2019-11-01T00:55:08Z caller=logging.go:62 method=Get id=808a2de1-1aaa-4c25-a9b9-6612e8f29a38 sock=808a2de1-1aaa-4c25-a9b9-6612e8f29a38 err=null took=4.99592ms
ts=2019-11-01T00:55:08Z caller=logging.go:62 method=Get id=3395a43e-2d88-40de-b95f-e00e1502085b sock=3395a43e-2d88-40de-b95f-e00e1502085b err=null took=8.165041ms
ts=2019-11-01T00:55:08Z caller=logging.go:62 method=Get id=zzz4f044-b040-410d-8ead-4de0446aec7e sock=zzz4f044-b040-410d-8ead-4de0446aec7e err=null took=8.082712ms
ts=2019-11-01T00:55:08Z caller=logging.go:62 method=Get id=808a2de1-1aaa-4c25-a9b9-6612e8f29a38 sock=808a2de1-1aaa-4c25-a9b9-6612e8f29a38 err=null took=1.024842ms
ts=2019-11-01T00:55:08Z caller=logging.go:62 method==POST id=3395a43e-2d88-40de-b95f-e00e1502085b sock=3395a43e-2d88-40de-b95f-e00e1502085b err=null took=11.588577ms
ts=2019-11-01T00:55:08Z caller=logging.go:62 method=Get id=819e1fbf-8b7e-4f6d-811f-693534916a8b sock=819e1fbf-8b7e-4f6d-811f-693534916a8b err=null took=1.070039ms
ts=2019-11-01T00:55:08Z caller=logging.go:62 method=Get id=808a2de1-1aaa-4c25-a9b9-6612e8f29a38 sock=808a2de1-1aaa-4c25-a9b9-6612e8f29a38 err=null took=16.751435ms
ts=2019-11-01T00:55:08Z caller=logging.go:62 method=Get id=819e1fbf-8b7e-4f6d-811f-693534916a8b sock=819e1fbf-8b7e-4f6d-811f-693534916a8b err=null took=22.972293ms
ts=2019-11-01T00:55:08Z caller=logging.go:62 method=Get id=808a2de1-1aaa-4c25-a9b9-6612e8f29a38 sock=808a2de1-1aaa-4c25-a9b9-6612e8f29a38 err=null took=754.873µs
ts=2019-11-01T00:55:08Z caller=logging.go:62 method=Get id=819e1fbf-8b7e-4f6d-811f-693534916a8b sock=819e1fbf-8b7e-4f6d-811f-693534916a8b err=null took=1.092134ms
ts=2019-11-01T00:55:08Z caller=logging.go:62 method=Get id=808a2de1-1aaa-4c25-a9b9-6612e8f29a38 sock=808a2de1-1aaa-4c25-a9b9-6612e8f29a38 err=null took=1.719915ms
ts=2019-11-01T00:55:08Z caller=logging.go:62 method=Get id=819e1fbf-8b7e-4f6d-811f-693534916a8b sock=819e1fbf-8b7e-4f6d-811f-693534916a8b err=null took=3.696489ms
ts=2019-11-01T00:55:08Z caller=logging.go:62 method=Get id=3395a43e-2d88-40de-b95f-e00e1502085b sock=3395a43e-2d88-40de-b95f-e00e1502085b err=null took=4.492124ms
ts=2019-11-01T00:55:08Z caller=logging.go:62 method=Get id=837ab141-399e-4c1f-9abc-bace40296bac sock=837ab141-399e-4c1f-9abc-bace40296bac err=null took=1.846276ms
ts=2019-11-01T00:55:08Z caller=logging.go:62 id=a0a4f044-b040-410d-8ead-4de0446aec7e sock=a0a4f044-b040-410d-8ead-4de0446aec7e err=null took=6.220271ms
ts=2019-11-01T00:55:08Z caller=logging.go:62 method=Get id=837ab141-399e-4c1f-9abc-bace40296bac sock=837ab141-399e-4c1f-9abc-bace40296bac err=null took=1.270139ms
ts=2019-11-01T00:55:08Z caller=logging.go:62 method=Get id=808a2de1-1aaa-4c25-a9b9-6612e8f29a38 sock=808a2de1-1aaa-4c25-a9b9-6612e8f29a38 err=null took=3.295337ms
ts=2019-11-01T00:55:08Z caller=logging.go:62 method=Get id=d3588630-ad8e-49df-bbd7-3167f7efb246 sock=d3588630-ad8e-49df-bbd7-3167f7efb246 err=null took=1.610471ms
ts=2019-11-01T00:55:08Z caller=logging.go:62 method=Get id=d3588630-ad8e-49df-bbd7-3167f7efb246 sock=d3588630-ad8e-49df-bbd7-3167f7efb246 err=null took=2.037823ms
ts=2019-11-01T00:55:08Z caller=logging.go:62 method=Get id=808a2de1-1aaa-4c25-a9b9-6612e8f29a38 sock=808a2de1-1aaa-4c25-a9b9-6612e8f29a38 err=null took=1.044529ms
ts=2019-11-01T00:55:08Z caller=logging.go:62 method=Get id=837ab141-399e-4c1f-9abc-bace40296bac sock=837ab141-399e-4c1f-9abc-bace40296bac err=null took=927.708µs
ts=2019-11-01T00:55:08Z caller=logging.go:62 method=Get id=510a0d7e-8e83-4193-b483-e27e09ddc34d sock=510a0d7e-8e83-4193-b483-e27e09ddc34d err=null took=1.302571ms
ts=2019-11-01T00:55:08Z caller=logging.go:62 method=Get id=3395a43e-2d88-40de-b95f-e00e1502085b sock=3395a43e-2d88-40de-b95f-e00e1502085b err=null took=2.03515ms
ts=2019-11-01T00:55:08Z caller=logging.go:62 method=Get id=808a2de1-1aaa-4c25-a9b9-6612e8f29a38 sock=808a2de1-1aaa-4c25-a9b9-6612e8f29a38 err=null took=2.352038ms
caller=logging.go:62 method=Get id=510a0d7e-8e83-4193-b483-e27e09ddc34d sock=510a0d7e-8e83-4193-b483-e27e09ddc34d err=null took=4.536728ms
ts=2019-11-01T00:55:08Z caller=logging.go:62 method=Get id=d3588630-ad8e-49df-bbd7-3167f7efb246 sock=d3588630-ad8e-49df-bbd7-3167f7efb246 err=null took=2.13479ms
ts=2019-11-01T00:55:08Z caller=logging.go:62 method=Get id=808a2de1-1aaa-4c25-a9b9-6612e8f29a38 sock=808a2de1-1aaa-4c25-a9b9-6612e8f29a38 err=null took=15.205173ms
ts=2019-11-01T00:55:08Z caller=logging.go:62 method=Get id=3395a43e-2d88-40de-b95f-e00e1502085b sock=3395a43e-2d88-40de-b95f-e00e1502085b err=null took=992.729µs
ts=2019-11-01T00:55:08Z caller=logging.go:62 method=Get id=3395a43e-2d88-40de-b95f-e00e1502085b sock=3395a43e-2d88-40de-b95f-e00e1502085b err=null took=1.605289ms
ts=2019-11-01T00:55:08Z caller=logging.go:62 method=Get id=a0a4f044-b040-410d-8ead-4de0446aec7e sock=a0a4f044-b040-410d-8ead-4de0446aec7e err=null took=7.431788ms
ts=2019-11-01T00:55:08Z caller=logging.go:62 method=Get id=d3588630-ad8e-49df-bbd7-3167f7efb246 sock=d3588630-ad8e-49df-bbd7-3167f7efb246 err=null took=7.099322ms
ts=2019-11-01T00:55:08Z caller=logging.go:62 method=Get id=510a0d7e-8e83-4193-b483-e27e09ddc34d sock=510a0d7e-8e83-4193-b483-e27e09ddc34d err=null took=1.065928ms
ts=2019-11-01T00:55:08Z caller=logging.go:62 method=Get id=3395a43e-2d88-40de-b95f-e00e1502085b sock=3395a43e-2d88-40de-b95f-e00e1502085b err=null took=1.825122ms
ts=2019-11-01T00:55:08Z caller=logging.go:62 method=Get id=808a2de1-1aaa-4c25-a9b9-6612e8f29a38 sock=808a2de1-1aaa-4c25-a9b9-6612e8f29a38 err=null took=8.868752ms
ts=2019-11-01T00:55:08Z logging.go:62 method=Get id=819e1fbf-8b7e-4f6d-811f-693534916a8b sock=819e1fbf-8b7e-4f6d-811f-693534916a8b err=null took=2.600565ms
ts=2019-11-01T00:55:08Z caller=logging.go:62 method=Get id=837ab141-399e-4c1f-9abc-bace40296bac sock=837ab141-399e-4c1f-9abc-bace40296bac err=null took=4.707358ms
ts=2019-11-01T00:55:08Z caller=logging.go:62 method=Get id=d3588630-ad8e-49df-bbd7-3167f7efb246 sock=d3588630-ad8e-49df-bbd7-3167f7efb246 err=null took=1.528707ms
ts=2019-11-01T00:55:08Z caller=logging.go:62 method=Get id=zzz4f044-b040-410d-8ead-4de0446aec7e sock=zzz4f044-b040-410d-8ead-4de0446aec7e err=null took=7.583954ms
ts=2019-11-01T00:55:09Z caller=logging.go:62 method=Get id=d3588630-ad8e-49df-bbd7-3167f7efb246 sock=d3588630-ad8e-49df-bbd7-3167f7efb246 err=null took=902.211µs
ts=2019-11-01T00:55:09Z caller=logging.go:62 method=Get id=zzz4f044-b040-410d-8ead-4de0446aec7e sock=zzz4f044-b040-410d-8ead-4de0446aec7e err=null took=7.976953ms
ts=2019-11-01T00:55:09Z caller=logging.go:62 method=Get id=808a2de1-1aaa-4c25-a9b9-6612e8f29a38 sock=808a2de1-1aaa-4c25-a9b9-6612e8f29a38 err=null took=9.849832ms
ts=2019-11-01T00:55:09Z caller=logging.go:62 method=Get id=d3588630-ad8e-49df-bbd7-3167f7efb246 sock=d3588630-ad8e-49df-bbd7-3167f7efb246 err=null took=916.647µs
ts=2019-11-01T00:55:09Z caller=logging.go:62 method=Get id=837ab141-399e-4c1f-9abc-bace40296bac sock=837ab141-399e-4c1f-9abc-bace40296bac err=null took=1.909291ms
ts=2019-11-01T00:55:09Z caller=logging.go:62 method=Get id=3395a43e-2d88-40de-b95f-e00e1502085b sock=3395a43e-2d88-40de-b95f-e00e1502085b err=null took=848.75µs
ts=2019-11-01T00:55:09Z caller=logging.go:62 id=a0a4f044-b040-410d-8ead-4de0446aec7e method=Get sock=a0a4f044-b040-410d-8ead-4de0446aec7e err=null took=704.555µs
ts=2019-11-01T00:55:09Z caller=logging.go:62 method=Get id=808a2de1-1aaa-4c25-a9b9-6612e8f29a38 sock=808a2de1-1aaa-4c25-a9b9-6612e8f29a38 err=null took=1.880245ms
ts=2019-11-01T00:55:09Z caller=logging.go:62 method=Get id=819e1fbf-8b7e-4f6d-811f-693534916a8b sock=819e1fbf-8b7e-4f6d-811f-693534916a8b err=null took=2.520583ms
ts=2019-11-01T00:55:09Z caller=logging.go:62 method=Get id=510a0d7e-8e83-4193-b483-e27e09ddc34d sock=510a0d7e-8e83-4193-b483-e27e09ddc34d err=null took=1.852514ms
ts=2019-11-01T00:55:09Z caller=logging.go:62 method=Get id=d3588630-ad8e-49df-bbd7-3167f7efb246 sock=d3588630-ad8e-49df-bbd7-3167f7efb246 err=null took=1.922407ms
ts=2019-11-01T00:55:09Z caller=logging.go:62 method=Get id=510a0d7e-8e83-4193-b483-e27e09ddc34d sock=510a0d7e-8e83-4193-b483-e27e09ddc34d err=null took=1.945429ms
ts=2019-11-01T00:55:09Z caller=logging.go:62 method=Get id=808a2de1-1aaa-4c25-a9b9-6612e8f29a38 sock=808a2de1-1aaa-4c25-a9b9-6612e8f29a38 err=null took=3.668484ms
ts=2019-11-01T00:55:09Z caller=logging.go:62 method=Get id=zzz4f044-b040-410d-8ead-4de0446aec7e sock=zzz4f044-b040-410d-8ead-4de0446aec7e err=null took=1.20387ms
ts=2019-11-01T00:55:09Z caller=logging.go:62 method=Get id=510a0d7e-8e83-4193-b483-e27e09ddc34d sock=510a0d7e-8e83-4193-b483-e27e09ddc34d err=null took=13.886822ms
ts=2019-11-01T00:55:09Z caller=logging.go:62 method=Get id=d3588630-ad8e-49df-bbd7-3167f7efb246 sock=d3588630-ad8e-49df-bbd7-3167f7efb246 err=null took=1.257138ms
ts=2019-11-01T00:55:09Z caller logging.go:62 method=Get id=a0a4f044-b040-410d-8ead-4de0446aec7e sock=a0a4f044-b040-410d-8ead-4de0446aec7e err=null took=5.938735ms
ts=2019-11-01T00:55:09Z caller=logging.go:62 method=Get id=a0a4f044-b040-410d-8ead-4de0446aec7e sock=a0a4f044-b040-410d-8ead-4de0446aec7e err=null took=11.557616ms
ts=2019-11-01T00:55:09Z caller=logging.go:62 method=Get id=a0a4f044-b040-410d-8ead-4de0446aec7e sock=a0a4f044-b040-410d-8ead-4de0446aec7e err=null took=5.696674ms
ts=2019-11-01T00:55:09Z caller=logging.go:62 method=Get id=837ab141-399e-4c1f-9abc-bace40296bac sock=837ab141-399e-4c1f-9abc-bace40296bac err=null took=6.153377ms
ts=2019-11-01T00:55:09Z caller=logging.go:62 method=Get id=d3588630-ad8e-49df-bbd7-3167f7efb246 sock=d3588630-ad8e-49df-bbd7-3167f7efb246 err=null took=5.383515ms
ts=2019-11-01T00:55:09Z caller=logging.go:62 method=Get id=3395a43e-2d88-40de-b95f-e00e1502085b sock=3395a43e-2d88-40de-b95f-e00e1502085b err=null took=23.842743ms
ts=2019-11-01T00:55:09Z caller=logging.go:62 method=Get id=d3588630-ad8e-49df-bbd7-3167f7efb246 sock=d3588630-ad8e-49df-bbd7-3167f7efb246 err=null took=19.026012ms
ts=2019-11-01T00:55:09Z caller=logging.go:62 method=Get id=808a2de1-1aaa-4c25-a9b9-6612e8f29a38 sock=808a2de1-1aaa-4c25-a9b9-6612e8f29a38 err=null took=4.911862ms
ts=2019-11-01T00:55:09Z caller=logging.go:62 method=Get id=d3588630-ad8e-49df-bbd7-3167f7efb246 sock=d3588630-ad8e-49df-bbd7-3167f7efb246 err=null took=2.359876ms
ts=2019-11-01T00:55:09Z caller=logging.go:62 method=Get id=837ab141-399e-4c1f-9abc-bace40296bac sock=837ab141-399e-4c1f-9abc-bace40296bac err=null took=2.952187ms
ts=2019-11-01T00:55:09Z caller=logging.go:62 method=Get id=d3588630-ad8e-49df-bbd7-3167f7efb246 sock=d3588630-ad8e-49df-bbd7-3167f7efb246 err=null took=22.747369ms
ts=2019-11-01T00:55:09Z caller=logging.go:62 method=Get id=837ab141-399e-4c1f-9abc-bace40296bac sock=837ab141-399e-4c1f-9abc-bace40296bac err=null took=1.086447ms
ts=2019-11-01T00:55:09Z caller=logging.go:62 method=Get 837ab141-399e-4c1f-9abc-bace40296bac sock=837ab141-399e-4c1f-9abc-bace40296bac err=null took=1.391459ms
ts=2019-11-01T00:55:09Z caller=logging.go:62 method=Get id=837ab141-399e-4c1f-9abc-bace40296bac sock=837ab141-399e-4c1f-9abc-bace40296bac err=null took=1.695173ms
ts=2019-11-01T00:55:09Z caller=logging.go:62 method=Get id=zzz4f044-b040-410d-8ead-4de0446aec7e sock=zzz4f044-b040-410d-8ead-4de0446aec7e err=null took=838.783µs
ts=2019-11-01T00:55:09Z caller=logging.go:62 method=Get id=808a2de1-1aaa-4c25-a9b9-6612e8f29a38 sock=808a2de1-1aaa-4c25-a9b9-6612e8f29a38 err=null took=3.835806ms
ts=2019-11-01T00:55:09Z caller=logging.go:62 method=Get id=808a2de1-1aaa-4c25-a9b9-6612e8f29a38 sock=808a2de1-1aaa-4c25-a9b9-6612e8f29a38 err=null took=5.678233ms
ts=2019-11-01T00:55:09Z caller=logging.go:62 method=Get id=808a2de1-1aaa-4c25-a9b9-6612e8f29a38 sock=808a2de1-1aaa-4c25-a9b9-6612e8f29a38 err=null took=21.136856ms
ts=2019-11-01T00:55:09Z caller=logging.go:62 method=Get id=510a0d7e-8e83-4193-b483-e27e09ddc34d sock=510a0d7e-8e83-4193-b483-e27e09ddc34d err=null took=5.009803ms
ts=2019-11-01T00:55:09Z caller=logging.go:62 method=Get id=a0a4f044-b040-410d-8ead-4de0446aec7e sock=a0a4f044-b040-410d-8ead-4de0446aec7e err=null took=5.086036ms
ts=2019-11-01T00:55:09Z caller=logging.go:62 method=Get id=d3588630-ad8e-49df-bbd7-3167f7efb246 sock=d3588630-ad8e-49df-bbd7-3167f7efb246 err=null took=7.253478ms
ts=2019-11-01T00:55:09Z caller=logging.go:62 method=Get id=808a2de1-1aaa-4c25-a9b9-6612e8f29a38 sock=808a2de1-1aaa-4c25-a9b9-6612e8f29a38 err=null took=3.204973ms
caller=logging.go:62 ts=2019-11-01T00:55:10Z method=Get id=zzz4f044-b040-410d-8ead-4de0446aec7e sock=zzz4f044-b040-410d-8ead-4de0446aec7e err=null took=2.145253ms
ts=2019-11-01T00:55:10Z caller=logging.go:62 method=Get id=zzz4f044-b040-410d-8ead-4de0446aec7e sock=zzz4f044-b040-410d-8ead-4de0446aec7e err=null took=1.571685ms
ts=2019-11-01T00:55:10Z caller=logging.go:62 method=Get id=837ab141-399e-4c1f-9abc-bace40296bac sock=837ab141-399e-4c1f-9abc-bace40296bac err=null took=4.823073ms
ts=2019-11-01T00:55:10Z caller=logging.go:62 method=Get id=510a0d7e-8e83-4193-b483-e27e09ddc34d sock=510a0d7e-8e83-4193-b483-e27e09ddc34d err=null took=846.356µs
ts=2019-11-01T00:55:11Z caller=logging.go:62 method=Get id=a0a4f044-b040-410d-8ead-4de0446aec7e sock=a0a4f044-b040-410d-8ead-4de0446aec7e err=null took=921.627µs
ts=2019-11-01T00:55:11Z caller=logging.go:62 method=Get id=510a0d7e-8e83-4193-b483-e27e09ddc34d sock=510a0d7e-8e83-4193-b483-e27e09ddc34d err=null took=833.292µs
ts=2019-11-01T00:55:11Z caller=logging.go:62 method=Get id=510a0d7e-8e83-4193-b483-e27e09ddc34d sock=510a0d7e-8e83-4193-b483-e27e09ddc34d err=null took=807.275µs
ts=2019-11-01T00:55:11Z caller=logging.go:62 method=Get id=808a2de1-1aaa-4c25-a9b9-6612e8f29a38 sock=808a2de1-1aaa-4c25-a9b9-6612e8f29a38 err=null took=675.96µs
ts=2019-11-01T00:55:11Z caller=logging.go:62 method=Get id=3395a43e-2d88-40de-b95f-e00e1502085b sock=3395a43e-2d88-40de-b95f-e00e1502085b err=null took=1.19085ms
ts=2019-11-01T00:55:11Z caller=logging.go:62 method=Get id=a0a4f044-b040-410d-8ead-4de0446aec7e sock=a0a4f044-b040-410d-8ead-4de0446aec7e err=null took=1.28388ms
ts=2019-11-01T00:55:11Z method=Get id=510a0d7e-8e83-4193-b483-e27e09ddc34d sock=510a0d7e-8e83-4193-b483-e27e09ddc34d err=null took=754.178µs
ts=2019-11-01T00:55:11Z caller=logging.go:62 method=Get id=3395a43e-2d88-40de-b95f-e00e1502085b sock=3395a43e-2d88-40de-b95f-e00e1502085b err=null took=902.929µs
ts=2019-11-01T00:55:11Z caller=logging.go:62 method=Get id=zzz4f044-b040-410d-8ead-4de0446aec7e sock=zzz4f044-b040-410d-8ead-4de0446aec7e err=null took=880.088µs
ts=2019-11-01T00:55:11Z caller=logging.go:62 method=Get id=d3588630-ad8e-49df-bbd7-3167f7efb246 sock=d3588630-ad8e-49df-bbd7-3167f7efb246 err=null took=1.15958ms
ts=2019-11-01T00:55:11Z caller=logging.go:62 method=Get id=837ab141-399e-4c1f-9abc-bace40296bac sock=837ab141-399e-4c1f-9abc-bace40296bac err=null took=3.368936ms
ts=2019-11-01T00:55:11Z caller=logging.go:62 method=Get id=zzz4f044-b040-410d-8ead-4de0446aec7e sock=zzz4f044-b040-410d-8ead-4de0446aec7e err=null took=4.621262ms
ts=2019-11-01T00:55:11Z caller=logging.go:62 method=Get id=a0a4f044-b040-410d-8ead-4de0446aec7e sock=a0a4f044-b040-410d-8ead-4de0446aec7e err=null took=7.495418ms
ts=2019-11-01T00:55:11Z caller=logging.go:62 method=Get id=819e1fbf-8b7e-4f6d-811f-693534916a8b sock=819e1fbf-8b7e-4f6d-811f-693534916a8b err=null took=8.242247ms
ts=2019-11-01T00:55:11Z caller=logging.go:62 method=Get id=510a0d7e-8e83-4193-b483-e27e09ddc34d sock=510a0d7e-8e83-4193-b483-e27e09ddc34d err=null took=1.212264ms
ts=2019-11-01T00:55:11Z caller=logging.go:62 method=Get id=510a0d7e-8e83-4193-b483-e27e09ddc34d sock=510a0d7e-8e83-4193-b483-e27e09ddc34d err=null took=1.240335ms
ts=2019-11-01T00:55:11Z caller=logging.go:62 id=837ab141-399e-4c1f-9abc-bace40296bac sock=837ab141-399e-4c1f-9abc-bace40296bac err=null took=1.132918ms
ts=2019-11-01T00:55:11Z caller=logging.go:62 method=Get id=837ab141-399e-4c1f-9abc-bace40296bac sock=837ab141-399e-4c1f-9abc-bace40296bac err=null took=3.52329ms
ts=2019-11-01T00:55:11Z caller=logging.go:62 method=Get id=837ab141-399e-4c1f-9abc-bace40296bac sock=837ab141-399e-4c1f-9abc-bace40296bac err=null took=5.799136ms
ts=2019-11-01T00:55:11Z caller=logging.go:62 method=Get id=819e1fbf-8b7e-4f6d-811f-693534916a8b sock=819e1fbf-8b7e-4f6d-811f-693534916a8b err=null took=6.273753ms
ts=2019-11-01T00:55:11Z caller=logging.go:62 method=Get id=3395a43e-2d88-40de-b95f-e00e1502085b sock=3395a43e-2d88-40de-b95f-e00e1502085b err=null took=7.346354ms
ts=2019-11-01T00:55:11Z caller=logging.go:62 method=Get id=d3588630-ad8e-49df-bbd7-3167f7efb246 sock=d3588630-ad8e-49df-bbd7-3167f7efb246 err=null took=10.28841ms
ts=2019-11-01T00:55:11Z caller=logging.go:62 method=Get id=808a2de1-1aaa-4c25-a9b9-6612e8f29a38 sock=808a2de1-1aaa-4c25-a9b9-6612e8f29a38 err=null took=12.596267ms
ts=2019-11-01T00:55:11Z caller=logging.go:62 method=Get id=3395a43e-2d88-40de-b95f-e00e1502085b sock=3395a43e-2d88-40de-b95f-e00e1502085b err=null took=12.192092ms
ts=2019-11-01T00:55:11Z caller=logging.go:62 method=Get id=d3588630-ad8e-49df-bbd7-3167f7efb246 sock=d3588630-ad8e-49df-bbd7-3167f7efb246 err=null took=12.949648ms
ts=2019-11-01T00:55:11Z caller=logging.go:62 method=Get id=819e1fbf-8b7e-4f6d-811f-693534916a8b sock=819e1fbf-8b7e-4f6d-811f-693534916a8b err=null took=14.815172ms
ts=2019-11-01T00:55:11Z caller=logging.go:62 method=Get id=3395a43e-2d88-40de-b95f-e00e1502085b err=null took=756.884µs
ts=2019-11-01T00:55:11Z caller=logging.go:62 method=Get id=837ab141-399e-4c1f-9abc-bace40296bac sock=837ab141-399e-4c1f-9abc-bace40296bac err=null took=1.933564ms
ts=2019-11-01T00:55:11Z caller=logging.go:62 method=Get id=837ab141-399e-4c1f-9abc-bace40296bac sock=837ab141-399e-4c1f-9abc-bace40296bac err=null took=1.030818ms
ts=2019-11-01T00:55:11Z caller=logging.go:62 method=Get id=a0a4f044-b040-410d-8ead-4de0446aec7e sock=a0a4f044-b040-410d-8ead-4de0446aec7e err=null took=824.976µs
ts=2019-11-01T00:55:11Z caller=logging.go:62 method=Get id=819e1fbf-8b7e-4f6d-811f-693534916a8b sock=819e1fbf-8b7e-4f6d-811f-693534916a8b err=null took=1.728009ms
ts=2019-11-01T00:55:11Z caller=logging.go:62 method=Get id=819e1fbf-8b7e-4f6d-811f-693534916a8b sock=819e1fbf-8b7e-4f6d-811f-693534916a8b err=null took=1.474896ms
ts=2019-11-01T00:55:11Z caller=logging.go:62 method=Get id=zzz4f044-b040-410d-8ead-4de0446aec7e sock=zzz4f044-b040-410d-8ead-4de0446aec7e err=null took=1.083774ms
ts=2019-11-01T00:55:11Z caller=logging.go:62 method=Get id=510a0d7e-8e83-4193-b483-e27e09ddc34d sock=510a0d7e-8e83-4193-b483-e27e09ddc34d err=null took=949.25µs
ts=2019-11-01T00:55:11Z caller=logging.go:62 method=Get id=d3588630-ad8e-49df-bbd7-3167f7efb246 sock=d3588630-ad8e-49df-bbd7-3167f7efb246 err=null took=2.02303ms
ts=2019-11-01T00:55:11Z caller=logging.go:62 method=Get id=837ab141-399e-4c1f-9abc-bace40296bac sock=837ab141-399e-4c1f-9abc-bace40296bac err=null took=855.658µs
ts=2019-11-01T00:55:11Z caller=logging.go:62 method=Get id=808a2de1-1aaa-4c25-a9b9-6612e8f29a38 sock=808a2de1-1aaa-4c25-a9b9-6612e8f29a38 took=1.857801ms
ts=2019-11-01T00:55:11Z caller=logging.go:62 method=Get id=d3588630-ad8e-49df-bbd7-3167f7efb246 sock=d3588630-ad8e-49df-bbd7-3167f7efb246 err=null took=2.074334ms
ts=2019-11-01T00:55:11Z caller=logging.go:62 method=Get id=zzz4f044-b040-410d-8ead-4de0446aec7e sock=zzz4f044-b040-410d-8ead-4de0446aec7e err=null took=1.02016ms
ts=2019-11-01T00:55:11Z caller=logging.go:62 method=Get id=819e1fbf-8b7e-4f6d-811f-693534916a8b sock=819e1fbf-8b7e-4f6d-811f-693534916a8b err=null took=822.291µs
ts=2019-11-01T00:55:11Z caller=logging.go:62 method=Get id=808a2de1-1aaa-4c25-a9b9-6612e8f29a38 sock=808a2de1-1aaa-4c25-a9b9-6612e8f29a38 err=null took=1.262461ms
ts=2019-11-01T00:55:11Z caller=logging.go:62 method=Get id=d3588630-ad8e-49df-bbd7-3167f7efb246 sock=d3588630-ad8e-49df-bbd7-3167f7efb246 err=null took=1.876958ms
ts=2019-11-01T00:55:11Z caller=logging.go:62 method=Get id=808a2de1-1aaa-4c25-a9b9-6612e8f29a38 sock=808a2de1-1aaa-4c25-a9b9-6612e8f29a38 err=null took=1.194538ms
ts=2019-11-01T00:55:11Z caller=logging.go:62 method=Get id=510a0d7e-8e83-4193-b483-e27e09ddc34d sock=510a0d7e-8e83-4193-b483-e27e09ddc34d err=null took=1.680572ms
ts=2019-11-01T00:55:11Z caller=logging.go:62 method=Get id=3395a43e-2d88-40de-b95f-e00e1502085b sock=3395a43e-2d88-40de-b95f-e00e1502085b err=null took=2.582036ms
ts=2019-11-01T00:55:11Z caller=logging.go:62 method=Get id=zzz4f044-b040-410d-8ead-4de0446aec7e sock=zzz4f044-b040-410d-8ead-4de0446aec7e err=null took=1.073082ms
ts=2019-11-01T00:55:11Z caller=logging.go:62 method=Get id=819e1fbf-8b7e-4f6d-811f-693534916a8b sock=819e1fbf-8b7e-4f6d-811f-693534916a8b err=null 
ts=2019-11-01T00:55:11Z caller=logging.go:62 method=Get id=a0a4f044-b040-410d-8ead-4de0446aec7e sock=a0a4f044-b040-410d-8ead-4de0446aec7e err=null took=881.91µs
ts=2019-11-01T00:55:11Z caller=logging.go:62 method=Get id=a0a4f044-b040-410d-8ead-4de0446aec7e sock=a0a4f044-b040-410d-8ead-4de0446aec7e err=null took=12.093355ms
ts=2019-11-01T00:55:11Z caller=logging.go:62 method=Get id=d3588630-ad8e-49df-bbd7-3167f7efb246 sock=d3588630-ad8e-49df-bbd7-3167f7efb246 err=null took=7.66798ms
ts=2019-11-01T00:55:12Z caller=logging.go:62 method=Get id=a0a4f044-b040-410d-8ead-4de0446aec7e sock=a0a4f044-b040-410d-8ead-4de0446aec7e err=null took=1.085611ms
ts=2019-11-01T00:55:12Z caller=logging.go:62 method=Get id=3395a43e-2d88-40de-b95f-e00e1502085b sock=3395a43e-2d88-40de-b95f-e00e1502085b err=null took=15.32209ms
ts=2019-11-01T00:55:12Z caller=logging.go:62 method=Get id=3395a43e-2d88-40de-b95f-e00e1502085b sock=3395a43e-2d88-40de-b95f-e00e1502085b err=null took=1.585242ms
ts=2019-11-01T00:55:12Z caller=logging.go:62 method=Get id=d3588630-ad8e-49df-bbd7-3167f7efb246 sock=d3588630-ad8e-49df-bbd7-3167f7efb246 err=null took=2.759359ms
ts=2019-11-01T00:55:12Z caller=logging.go:62 method=Get id=d3588630-ad8e-49df-bbd7-3167f7efb246 sock=d3588630-ad8e-49df-bbd7-3167f7efb246 err=null took=999.364µs
ts=2019-11-01T00:55:12Z caller=logging.go:62 method=Get id=zzz4f044-b040-410d-8ead-4de0446aec7e sock=zzz4f044-b040-410d-8ead-4de0446aec7e err=null took=855.316µs
ts=2019-11-01T00:55:12Z caller=logging.go:62 method=Get id=d3588630-ad8e-49df-bbd7-3167f7efb246 sock=d3588630-ad8e-49df-bbd7-3167f7efb246 
ts=2019-11-01T00:55:12Z caller=logging.go:62 method=Get id=819e1fbf-8b7e-4f6d-811f-693534916a8b sock=819e1fbf-8b7e-4f6d-811f-693534916a8b err=null took=3.623438ms
ts=2019-11-01T00:55:12Z caller=logging.go:62 method=Get id=zzz4f044-b040-410d-8ead-4de0446aec7e sock=zzz4f044-b040-410d-8ead-4de0446aec7e err=null took=2.031246ms
ts=2019-11-01T00:55:12Z caller=logging.go:62 method=Get id=zzz4f044-b040-410d-8ead-4de0446aec7e sock=zzz4f044-b040-410d-8ead-4de0446aec7e err=null took=1.061975ms
ts=2019-11-01T00:55:12Z caller=logging.go:62 method=Get id=zzz4f044-b040-410d-8ead-4de0446aec7e sock=zzz4f044-b040-410d-8ead-4de0446aec7e err=null took=791.982µs
ts=2019-11-01T00:55:12Z caller=logging.go:62 method=Get id=d3588630-ad8e-49df-bbd7-3167f7efb246 sock=d3588630-ad8e-49df-bbd7-3167f7efb246 err=null took=3.668869ms
ts=2019-11-01T00:55:12Z caller=logging.go:62 method=Get id=819e1fbf-8b7e-4f6d-811f-693534916a8b sock=819e1fbf-8b7e-4f6d-811f-693534916a8b err=null took=1.066014ms
ts=2019-11-01T00:55:12Z caller=logging.go:62 method=Get id=d3588630-ad8e-49df-bbd7-3167f7efb246 sock=d3588630-ad8e-49df-bbd7-3167f7efb246 err=null took=2.655851ms
ts=2019-11-01T00:55:12Z caller=logging.go:62 method=Get id=a0a4f044-b040-410d-8ead-4de0446aec7e sock=a0a4f044-b040-410d-8ead-4de0446aec7e err=null took=859.432µs
ts=2019-11-01T00:55:12Z caller=logging.go:62 method=Get id=zzz4f044-b040-410d-8ead-4de0446aec7e sock=zzz4f044-b040-410d-8ead-4de0446aec7e err=null took=2.076936ms
ts=2019-11-01T00:55:12Z caller=logging.go:62 sock=808a2de1-1aaa-4c25-a9b9-6612e8f29a38 err=null took=1.069236ms
ts=2019-11-01T00:55:12Z caller=logging.go:62 method=Get id=808a2de1-1aaa-4c25-a9b9-6612e8f29a38 sock=808a2de1-1aaa-4c25-a9b9-6612e8f29a38 err=null took=1.027844ms
ts=2019-11-01T00:55:12Z caller=logging.go:62 method=Get id=3395a43e-2d88-40de-b95f-e00e1502085b sock=3395a43e-2d88-40de-b95f-e00e1502085b err=null took=818.424µs
ts=2019-11-01T00:55:12Z caller=logging.go:62 method=Get id=819e1fbf-8b7e-4f6d-811f-693534916a8b sock=819e1fbf-8b7e-4f6d-811f-693534916a8b err=null took=2.215188ms
ts=2019-11-01T00:55:12Z caller=logging.go:62 method=Get id=808a2de1-1aaa-4c25-a9b9-6612e8f29a38 sock=808a2de1-1aaa-4c25-a9b9-6612e8f29a38 err=null took=2.699418ms
ts=2019-11-01T00:55:12Z caller=logging.go:62 method=Get id=819e1fbf-8b7e-4f6d-811f-693534916a8b sock=819e1fbf-8b7e-4f6d-811f-693534916a8b err=null took=875.77µs
ts=2019-11-01T00:55:12Z caller=logging.go:62 method=Get id=a0a4f044-b040-410d-8ead-4de0446aec7e sock=a0a4f044-b040-410d-8ead-4de0446aec7e err=null took=1.441251ms
ts=2019-11-01T00:55:12Z caller=logging.go:62 method=Get id=3395a43e-2d88-40de-b95f-e00e1502085b sock=3395a43e-2d88-40de-b95f-e00e1502085b err=null took=7.535226ms
ts=2019-11-01T00:55:12Z caller=logging.go:62 method=Get id=819e1fbf-8b7e-4f6d-811f-693534916a8b sock=819e1fbf-8b7e-4f6d-811f-693534916a8b err=null took=3.105869ms
ts=2019-11-01T00:55:12Z caller=logging.go:62 method=Get id=zzz4f044-b040-410d-8ead-4de0446aec7e sock=zzz4f044-b040-410d-8ead-4de0446aec7e err=null took=1.036698ms
ts=2019-11-01T00:55:13Z caller=logging.go:62 method=Get id=837ab141-399e-4c1f-9abc-bace40296bac
ts=2019-11-01T00:55:13Z caller=logging.go:62 method=Get id=819e1fbf-8b7e-4f6d-811f-693534916a8b sock=819e1fbf-8b7e-4f6d-811f-693534916a8b err=null took=968.228µs
ts=2019-11-01T00:55:13Z caller=logging.go:62 method=Get id=zzz4f044-b040-410d-8ead-4de0446aec7e sock=zzz4f044-b040-410d-8ead-4de0446aec7e err=null took=1.355085ms
ts=2019-11-01T00:55:13Z caller=logging.go:62 method=Get id=808a2de1-1aaa-4c25-a9b9-6612e8f29a38 sock=808a2de1-1aaa-4c25-a9b9-6612e8f29a38 err=null took=4.759131ms
ts=2019-11-01T00:55:13Z caller=logging.go:62 method=Get id=zzz4f044-b040-410d-8ead-4de0446aec7e sock=zzz4f044-b040-410d-8ead-4de0446aec7e err=null took=6.859575ms
ts=2019-11-01T00:55:13Z caller=logging.go:62 method=Get id=zzz4f044-b040-410d-8ead-4de0446aec7e sock=zzz4f044-b040-410d-8ead-4de0446aec7e err=null took=11.122362ms
ts=2019-11-01T00:55:13Z caller=logging.go:62 method=Get id=zzz4f044-b040-410d-8ead-4de0446aec7e sock=zzz4f044-b040-410d-8ead-4de0446aec7e err=null took=11.481532ms
ts=2019-11-01T00:55:13Z caller=logging.go:62 method=Get id=510a0d7e-8e83-4193-b483-e27e09ddc34d sock=510a0d7e-8e83-4193-b483-e27e09ddc34d err=null took=3.988453ms
ts=2019-11-01T00:55:13Z caller=logging.go:62 method=Get id=808a2de1-1aaa-4c25-a9b9-6612e8f29a38 sock=808a2de1-1aaa-4c25-a9b9-6612e8f29a38 err=null took=5.733796ms
ts=2019-11-01T00:55:13Z caller=logging.go:62 method=Get id=d3588630-ad8e-49df-bbd7-3167f7efb246 sock=d3588630-ad8e-49df-bbd7-3167f7efb246 err=null took=21.798333ms
ts=2019-11-01T00:55:13Z caller=logging.go:62 method=Get id=d3588630-ad8e-49df-bbd7-3167f7efb246 sock=d3588630-ad8e-49df-bbd7-3167f7efb246 err=null took=3.656361ms
ts=2019-11-01T00:55:13Z caller=logging.go:62 method=Get id=837ab141-399e-4c1f-9abc-bace40296bac sock=837ab141-399e-4c1f-9abc-bace40296bac err=null took=3.83107ms
ts=2019-11-01T00:55:13Z caller=logging.go:62 method=Get id=d3588630-ad8e-49df-bbd7-3167f7efb246 sock=d3588630-ad8e-49df-bbd7-3167f7efb246 took=1.412111ms err=null
ts=2019-11-01T00:55:13Z caller=logging.go:62 method=Get id=d3588630-ad8e-49df-bbd7-3167f7efb246 sock=d3588630-ad8e-49df-bbd7-3167f7efb246 err=null took=870.154µs
ts=2019-11-01T00:55:13Z caller=logging.go:62 method=Get id=808a2de1-1aaa-4c25-a9b9-6612e8f29a38 sock=808a2de1-1aaa-4c25-a9b9-6612e8f29a38 err=null took=5.082904ms
ts=2019-11-01T00:55:13Z caller=logging.go:62 method=Get id=d3588630-ad8e-49df-bbd7-3167f7efb246 sock=d3588630-ad8e-49df-bbd7-3167f7efb246 err=null took=6.576445ms
ts=2019-11-01T00:55:13Z caller=logging.go:62 method=Get id=510a0d7e-8e83-4193-b483-e27e09ddc34d sock=510a0d7e-8e83-4193-b483-e27e09ddc34d err=null took=13.254897ms
ts=2019-11-01T00:55:13Z caller=logging.go:62 method=Get id=3395a43e-2d88-40de-b95f-e00e1502085b sock=3395a43e-2d88-40de-b95f-e00e1502085b err=null took=14.723221ms
ts=2019-11-01T00:55:13Z caller=logging.go:62 method=Get id=819e1fbf-8b7e-4f6d-811f-693534916a8b sock=819e1fbf-8b7e-4f6d-811f-693534916a8b err=null took=16.411233ms
ts=2019-11-01T00:55:13Z caller=logging.go:62 method=Get id=d3588630-ad8e-49df-bbd7-3167f7efb246 sock=d3588630-ad8e-49df-bbd7-3167f7efb246 err=null took=18.419524ms
ts=2019-11-01T00:55:13Z caller=logging.go:62 method=Get id=d3588630-ad8e-49df-bbd7-3167f7efb246 sock=d3588630-ad8e-49df-bbd7-3167f7efb246 err=null took=11.130774ms
ts=2019-11-01T00:55:13Z caller=logging.go:62 method=Get id=3395a43e-2d88-40de-b95f-e00e1502085b sock=3395a43e-2d88-40de-b95f-e00e1502085b err=null took=3.395531ms
ts=2019-11-01T00:55:13Z caller=logging.go:62 method=Get id=510a0d7e-8e83-4193-b483-e27e09ddc34d sock=510a0d7e-8e83-4193-b483-e27e09ddc34d err=null 
ts=2019-11-01T00:55:13Z caller=logging.go:62 method=Get id=d3588630-ad8e-49df-bbd7-3167f7efb246 sock=d3588630-ad8e-49df-bbd7-3167f7efb246 err=null took=18.023833ms
ts=2019-11-01T00:55:13Z caller=logging.go:62 method=Get id=808a2de1-1aaa-4c25-a9b9-6612e8f29a38 sock=808a2de1-1aaa-4c25-a9b9-6612e8f29a38 err=null took=24.763659ms
ts=2019-11-01T00:55:13Z caller=logging.go:62 method=Get id=510a0d7e-8e83-4193-b483-e27e09ddc34d sock=510a0d7e-8e83-4193-b483-e27e09ddc34d err=null took=16.613502ms
ts=2019-11-01T00:55:13Z caller=logging.go:62 method=Get id=zzz4f044-b040-410d-8ead-4de0446aec7e sock=zzz4f044-b040-410d-8ead-4de0446aec7e err=null took=1.182974ms
ts=2019-11-01T00:55:13Z caller=logging.go:62 method=Get id=a0a4f044-b040-410d-8ead-4de0446aec7e sock=a0a4f044-b040-410d-8ead-4de0446aec7e err=null took=1.40158ms
ts=2019-11-01T00:55:13Z caller=logging.go:62 method=Get id=d3588630-ad8e-49df-bbd7-3167f7efb246 sock=d3588630-ad8e-49df-bbd7-3167f7efb246 err=null took=3.302553ms
ts=2019-11-01T00:55:14Z caller=logging.go:62 method=Get id=837ab141-399e-4c1f-9abc-bace40296bac sock=837ab141-399e-4c1f-9abc-bace40296bac err=null took=2.119852ms
ts=2019-11-01T00:55:14Z caller=logging.go:62 method=Get id=837ab141-399e-4c1f-9abc-bace40296bac sock=837ab141-399e-4c1f-9abc-bace40296bac err=null took=819.987µs
ts=2019-11-01T00:55:14Z caller=logging.go:62 method=Get id=d3588630-ad8e-49df-bbd7-3167f7efb246 sock=d3588630-ad8e-49df-bbd7-3167f7efb246 err=null took=14.590505ms
ts=2019-11-01T00:55:14Z caller=logging.go:62 method=Get sock=510a0d7e-8e83-4193-b483-e27e09ddc34d err=null took=892.737µs id=510a0d7e-8e83-4193-b483-e27e09ddc34d
ts=2019-11-01T00:55:14Z caller=logging.go:62 method=Get id=zzz4f044-b040-410d-8ead-4de0446aec7e sock=zzz4f044-b040-410d-8ead-4de0446aec7e err=null took=859.574µs
ts=2019-11-01T00:55:14Z caller=logging.go:62 method=Get id=zzz4f044-b040-410d-8ead-4de0446aec7e sock=zzz4f044-b040-410d-8ead-4de0446aec7e err=null took=917.001µs
ts=2019-11-01T00:55:14Z caller=logging.go:62 method=Get id=a0a4f044-b040-410d-8ead-4de0446aec7e sock=a0a4f044-b040-410d-8ead-4de0446aec7e err=null took=6.031953ms
ts=2019-11-01T00:55:14Z caller=logging.go:62 method=Get id=d3588630-ad8e-49df-bbd7-3167f7efb246 sock=d3588630-ad8e-49df-bbd7-3167f7efb246 err=null took=28.381249ms
ts=2019-11-01T00:55:14Z caller=logging.go:62 method=Get id=d3588630-ad8e-49df-bbd7-3167f7efb246 sock=d3588630-ad8e-49df-bbd7-3167f7efb246 err=null took=30.927964ms
ts=2019-11-01T00:55:14Z caller=logging.go:62 method=Get id=d3588630-ad8e-49df-bbd7-3167f7efb246 sock=d3588630-ad8e-49df-bbd7-3167f7efb246 err=null took=36.495004ms
ts=2019-11-01T00:55:14Z caller=logging.go:62 method=Get id=zzz4f044-b040-410d-8ead-4de0446aec7e sock=zzz4f044-b040-410d-8ead-4de0446aec7e err=null took=2.946787ms
ts=2019-11-01T00:55:14Z caller=logging.go:62 method=Get id=819e1fbf-8b7e-4f6d-811f-693534916a8b sock=819e1fbf-8b7e-4f6d-811f-693534916a8b err=null took=12.236267ms
ts=2019-11-01T00:55:14Z caller=logging.go:62 method=Get id=808a2de1-1aaa-4c25-a9b9-6612e8f29a38 sock=808a2de1-1aaa-4c25-a9b9-6612e8f29a38 err=null took=12.524221ms
ts=2019-11-01T00:55:14Z caller=logging.go:62 sock=a0a4f044-b040-410d-8ead-4de0446aec7e method=Get id=a0a4f044-b040-410d-8ead-4de0446aec7e err=null took=8.072107ms
ts=2019-11-01T00:55:14Z caller=logging.go:62 method=Get id=819e1fbf-8b7e-4f6d-811f-693534916a8b sock=819e1fbf-8b7e-4f6d-811f-693534916a8b err=null took=1.212135ms
ts=2019-11-01T00:55:14Z caller=logging.go:62 method=Get id=d3588630-ad8e-49df-bbd7-3167f7efb246 sock=d3588630-ad8e-49df-bbd7-3167f7efb246 err=null took=3.742059ms
ts=2019-11-01T00:55:14Z caller=logging.go:62 method=Get id=3395a43e-2d88-40de-b95f-e00e1502085b sock=3395a43e-2d88-40de-b95f-e00e1502085b err=null took=1.360564ms
ts=2019-11-01T00:55:14Z caller=logging.go:62 method=Get id=808a2de1-1aaa-4c25-a9b9-6612e8f29a38 sock=808a2de1-1aaa-4c25-a9b9-6612e8f29a38 err=null took=6.59138ms
ts=2019-11-01T00:55:14Z caller=logging.go:62 method=Get id=819e1fbf-8b7e-4f6d-811f-693534916a8b sock=819e1fbf-8b7e-4f6d-811f-693534916a8b err=null took=3.242747ms
ts=2019-11-01T00:55:14Z caller=logging.go:62 method=Get id=d3588630-ad8e-49df-bbd7-3167f7efb246 sock=d3588630-ad8e-49df-bbd7-3167f7efb246 err=null took=3.112886ms
ts=2019-11-01T00:55:14Z caller=logging.go:62 method=Get id=a0a4f044-b040-410d-8ead-4de0446aec7e sock=a0a4f044-b040-410d-8ead-4de0446aec7e err=null took=4.195299ms
ts=2019-11-01T00:55:14Z caller=logging.go:62 method=Get id=510a0d7e-8e83-4193-b483-e27e09ddc34d sock=510a0d7e-8e83-4193-b483-e27e09ddc34d err=null took=4.914212ms
ts=2019-11-01T00:55:14Z caller=logging.go:62 method=Get id=a0a4f044-b040-410d-8ead-4de0446aec7e sock=a0a4f044-b040-410d-8ead-4de0446aec7e err=null took=3.619526ms
ts=2019-11-01T00:55:14Z caller=logging.go:62 3395a43e-2d88-40de-b95f-e00e1502085b sock=3395a43e-2d88-40de-b95f-e00e1502085b err=null took=4.780245ms
ts=2019-11-01T00:55:14Z caller=logging.go:62 method=Get id=a0a4f044-b040-410d-8ead-4de0446aec7e sock=a0a4f044-b040-410d-8ead-4de0446aec7e err=null took=1.00558ms
ts=2019-11-01T00:55:14Z caller=logging.go:62 method=Get id=819e1fbf-8b7e-4f6d-811f-693534916a8b sock=819e1fbf-8b7e-4f6d-811f-693534916a8b err=null took=4.690966ms
ts=2019-11-01T00:55:14Z caller=logging.go:62 method=Get id=3395a43e-2d88-40de-b95f-e00e1502085b sock=3395a43e-2d88-40de-b95f-e00e1502085b err=null took=934.12µs
ts=2019-11-01T00:55:14Z caller=logging.go:62 method=Get id=a0a4f044-b040-410d-8ead-4de0446aec7e sock=a0a4f044-b040-410d-8ead-4de0446aec7e err=null took=2.158213ms
ts=2019-11-01T00:55:14Z caller=logging.go:62 method=Get id=837ab141-399e-4c1f-9abc-bace40296bac sock=837ab141-399e-4c1f-9abc-bace40296bac err=null took=1.66924ms
ts=2019-11-01T00:55:14Z caller=logging.go:62 method=Get id=819e1fbf-8b7e-4f6d-811f-693534916a8b sock=819e1fbf-8b7e-4f6d-811f-693534916a8b err=null took=3.954096ms
ts=2019-11-01T00:55:15Z caller=logging.go:62 method=Get id=808a2de1-1aaa-4c25-a9b9-6612e8f29a38 sock=808a2de1-1aaa-4c25-a9b9-6612e8f29a38 err=null took=1.232862ms
ts=2019-11-01T00:55:15Z caller=logging.go:62 method=Get id=zzz4f044-b040-410d-8ead-4de0446aec7e sock=zzz4f044-b040-410d-8ead-4de0446aec7e err=null took=995.752µs
ts=2019-11-01T00:55:15Z caller=logging.go:62 method=Get id=837ab141-399e-4c1f-9abc-bace40296bac sock=837ab141-399e-4c1f-9abc-bace40296bac err=null took=4.572566ms
ts=2019-11-01T00:55:15Z caller=logging.go:62 method=Get id=d3588630-ad8e-49df-bbd7-3167f7efb246 sock=d3588630-ad8e-49df-bbd7-3167f7efb246 err= took=792.331µs
ts=2019-11-01T00:55:15Z caller=logging.go:62 method=Get id=a0a4f044-b040-410d-8ead-4de0446aec7e sock=a0a4f044-b040-410d-8ead-4de0446aec7e err=null took=1.053606ms
ts=2019-11-01T00:55:15Z caller=logging.go:62 method=Get id=837ab141-399e-4c1f-9abc-bace40296bac sock=837ab141-399e-4c1f-9abc-bace40296bac err=null took=801.874µs
ts=2019-11-01T00:55:15Z caller=logging.go:62 method=Get id=819e1fbf-8b7e-4f6d-811f-693534916a8b sock=819e1fbf-8b7e-4f6d-811f-693534916a8b err=null took=1.005222ms
ts=2019-11-01T00:55:15Z caller=logging.go:62 method=Get id=d3588630-ad8e-49df-bbd7-3167f7efb246 sock=d3588630-ad8e-49df-bbd7-3167f7efb246 err=null took=877.375µs
ts=2019-11-01T00:55:15Z caller=logging.go:62 method=Get id=808a2de1-1aaa-4c25-a9b9-6612e8f29a38 sock=808a2de1-1aaa-4c25-a9b9-6612e8f29a38 err=null took=882.542µs
ts=2019-11-01T00:55:15Z caller=logging.go:62 method=Get id=d3588630-ad8e-49df-bbd7-3167f7efb246 sock=d3588630-ad8e-49df-bbd7-3167f7efb246 err=null took=1.094317ms
ts=2019-11-01T00:55:15Z caller=logging.go:62 method=Get id=808a2de1-1aaa-4c25-a9b9-6612e8f29a38 sock=808a2de1-1aaa-4c25-a9b9-6612e8f29a38 err=null took=1.197344ms
ts=2019-11-01T00:55:15Z caller=logging.go:62 method=Get id=a0a4f044-b040-410d-8ead-4de0446aec7e sock=a0a4f044-b040-410d-8ead-4de0446aec7e err=null took=1.559838ms
ts=2019-11-01T00:55:15Z caller=logging.go:62 method=Get id=d3588630-ad8e-49df-bbd7-3167f7efb246 sock=d3588630-ad8e-49df-bbd7-3167f7efb246 err=null took=30.102056ms
ts=2019-11-01T00:55:15Z caller=logging.go:62 method=Get id=zzz4f044-b040-410d-8ead-4de0446aec7e zzz4f044-b040-410d-8ead-4de0446aec7e err=null took=10.425064ms
ts=2019-11-01T00:55:15Z caller=logging.go:62 method=Get id=819e1fbf-8b7e-4f6d-811f-693534916a8b sock=819e1fbf-8b7e-4f6d-811f-693534916a8b err=null took=18.350694ms
ts=2019-11-01T00:55:15Z caller=logging.go:62 method=Get id=510a0d7e-8e83-4193-b483-e27e09ddc34d sock=510a0d7e-8e83-4193-b483-e27e09ddc34d err=null took=29.973924ms
ts=2019-11-01T00:55:16Z caller=logging.go:62 method=Get id=819e1fbf-8b7e-4f6d-811f-693534916a8b sock=819e1fbf-8b7e-4f6d-811f-693534916a8b err=null took=1.549977ms
ts=2019-11-01T00:55:16Z caller=logging.go:62 method=Get id=837ab141-399e-4c1f-9abc-bace40296bac sock=837ab141-399e-4c1f-9abc-bace40296bac err=null took=2.763681ms
ts=2019-11-01T00:55:16Z caller=logging.go:62 method=Get id=819e1fbf-8b7e-4f6d-811f-693534916a8b sock=819e1fbf-8b7e-4f6d-811f-693534916a8b err=null took=2.014682ms
ts=2019-11-01T00:55:16Z caller=logging.go:62 method=Get id=808a2de1-1aaa-4c25-a9b9-6612e8f29a38 sock=808a2de1-1aaa-4c25-a9b9-6612e8f29a38 err=null took=2.288926ms
ts=2019-11-01T00:55:16Z caller=logging.go:62 method=Get id=zzz4f044-b040-410d-8ead-4de0446aec7e sock=zzz4f044-b040-410d-8ead-4de0446aec7e err=null took=3.363358ms
ts=2019-11-01T00:55:16Z caller=logging.go:62 method=Get id=a0a4f044-b040-410d-8ead-4de0446aec7e sock=a0a4f044-b040-410d-8ead-4de0446aec7e err=null took=2.901191ms
ts=2019-11-01T00:55:16Z caller=logging.go:62 method=Get id=808a2de1-1aaa-4c25-a9b9-6612e8f29a38 sock=808a2de1-1aaa-4c25-a9b9-6612e8f29a38 err=null took=1.503668ms
ts=2019-11-01T00:55:16Z caller=logging.go:62 method=Get sock=3395a43e-2d88-40de-b95f-e00e1502085b err=null took=1.723633ms
ts=2019-11-01T00:55:16Z caller=logging.go:62 method=Get id=zzz4f044-b040-410d-8ead-4de0446aec7e sock=zzz4f044-b040-410d-8ead-4de0446aec7e err=null took=2.54227ms
ts=2019-11-01T00:55:16Z caller=logging.go:62 method=Get id=d3588630-ad8e-49df-bbd7-3167f7efb246 sock=d3588630-ad8e-49df-bbd7-3167f7efb246 err=null took=3.291997ms
ts=2019-11-01T00:55:16Z caller=logging.go:62 method=Get id=d3588630-ad8e-49df-bbd7-3167f7efb246 sock=d3588630-ad8e-49df-bbd7-3167f7efb246 err=null took=15.029516ms
ts=2019-11-01T00:55:16Z caller=logging.go:62 method=Get id=808a2de1-1aaa-4c25-a9b9-6612e8f29a38 sock=808a2de1-1aaa-4c25-a9b9-6612e8f29a38 err=null took=5.6719ms
ts=2019-11-01T00:55:16Z caller=logging.go:62 method=Get id=837ab141-399e-4c1f-9abc-bace40296bac sock=837ab141-399e-4c1f-9abc-bace40296bac err=null took=1.680283ms
ts=2019-11-01T00:55:16Z caller=logging.go:62 method=Get id=zzz4f044-b040-410d-8ead-4de0446aec7e sock=zzz4f044-b040-410d-8ead-4de0446aec7e err=null took=1.887299ms
ts=2019-11-01T00:55:16Z caller=logging.go:62 method=Get id=zzz4f044-b040-410d-8ead-4de0446aec7e sock=zzz4f044-b040-410d-8ead-4de0446aec7e err=null took=946.577µs
ts=2019-11-01T00:55:16Z caller=logging.go:62 method=Get id=d3588630-ad8e-49df-bbd7-3167f7efb246 sock=d3588630-ad8e-49df-bbd7-3167f7efb246 err=null took=1.962281ms
ts=2019-11-01T00:55:16Z caller=logging.go:62 method=Get id=3395a43e-2d88-40de-b95f-e00e1502085b sock=3395a43e-2d88-40de-b95f-e00e1502085b err=null took=2.843671ms
ts=2019-11-01T00:55:16Z caller=logging.go:62 method=Get id=3395a43e-2d88-40de-b95f-e00e1502085b err=null took=6.983705ms
ts=2019-11-01T00:55:16Z caller=logging.go:62 method=Get id=837ab141-399e-4c1f-9abc-bace40296bac sock=837ab141-399e-4c1f-9abc-bace40296bac err=null took=8.784624ms
ts=2019-11-01T00:55:16Z caller=logging.go:62 method=Get id=d3588630-ad8e-49df-bbd7-3167f7efb246 sock=d3588630-ad8e-49df-bbd7-3167f7efb246 err=null took=7.102193ms
ts=2019-11-01T00:55:16Z caller=logging.go:62 method=Get id=510a0d7e-8e83-4193-b483-e27e09ddc34d sock=510a0d7e-8e83-4193-b483-e27e09ddc34d err=null took=4.465336ms
ts=2019-11-01T00:55:16Z caller=logging.go:62 method=Get id=808a2de1-1aaa-4c25-a9b9-6612e8f29a38 sock=808a2de1-1aaa-4c25-a9b9-6612e8f29a38 err=null took=4.886896ms
ts=2019-11-01T00:55:16Z caller=logging.go:62 method=Get id=zzz4f044-b040-410d-8ead-4de0446aec7e sock=zzz4f044-b040-410d-8ead-4de0446aec7e err=null took=5.656888ms
ts=2019-11-01T00:55:16Z caller=logging.go:62 method=Get id=3395a43e-2d88-40de-b95f-e00e1502085b sock=3395a43e-2d88-40de-b95f-e00e1502085b err=null took=13.303955ms
ts=2019-11-01T00:55:16Z caller=logging.go:62 method=Get id=d3588630-ad8e-49df-bbd7-3167f7efb246 sock=d3588630-ad8e-49df-bbd7-3167f7efb246 err=null took=28.064459ms
ts=2019-11-01T00:55:16Z caller=logging.go:62 method=Get id=d3588630-ad8e-49df-bbd7-3167f7efb246 sock=d3588630-ad8e-49df-bbd7-3167f7efb246 err=null took=2.282898ms
ts=2019-11-01T00:55:16Z caller=logging.go:62 method=Get id=819e1fbf-8b7e-4f6d-811f-693534916a8b sock=819e1fbf-8b7e-4f6d-811f-693534916a8b err=null took=16.343213ms
ts=2019-11-01T00:55:16Z caller=logging.go:62 method=Get id=zzz4f044-b040-410d-8ead-4de0446aec7e sock=zzz4f044-b040-410d-8ead-4de0446aec7e 
ts=2019-11-01T00:55:16Z caller=logging.go:62 method=Get id=837ab141-399e-4c1f-9abc-bace40296bac sock=837ab141-399e-4c1f-9abc-bace40296bac err=null took=10.146142ms
ts=2019-11-01T00:55:16Z caller=logging.go:62 method=Get id=510a0d7e-8e83-4193-b483-e27e09ddc34d sock=510a0d7e-8e83-4193-b483-e27e09ddc34d err=null took=3.451629ms
ts=2019-11-01T00:55:16Z caller=logging.go:62 method=Get id=808a2de1-1aaa-4c25-a9b9-6612e8f29a38 sock=808a2de1-1aaa-4c25-a9b9-6612e8f29a38 err=null took=2.331589ms
ts=2019-11-01T00:55:16Z caller=logging.go:62 method=Get id=837ab141-399e-4c1f-9abc-bace40296bac sock=837ab141-399e-4c1f-9abc-bace40296bac err=null took=916.993µs
ts=2019-11-01T00:55:16Z caller=logging.go:62 method=Get id=d3588630-ad8e-49df-bbd7-3167f7efb246 sock=d3588630-ad8e-49df-bbd7-3167f7efb246 err=null took=945.51µs
ts=2019-11-01T00:55:16Z caller=logging.go:62 method=Get id=a0a4f044-b040-410d-8ead-4de0446aec7e sock=a0a4f044-b040-410d-8ead-4de0446aec7e err=null took=1.290172ms
ts=2019-11-01T00:55:16Z caller=logging.go:62 method=Get id=d3588630-ad8e-49df-bbd7-3167f7efb246 sock=d3588630-ad8e-49df-bbd7-3167f7efb246 err=null took=1.460382ms
ts=2019-11-01T00:55:16Z caller=logging.go:62 method=Get id=819e1fbf-8b7e-4f6d-811f-693534916a8b sock=819e1fbf-8b7e-4f6d-811f-693534916a8b err=null took=1.129108ms
ts=2019-11-01T00:55:16Z caller=logging.go:62 method=Get id=d3588630-ad8e-49df-bbd7-3167f7efb246 sock=d3588630-ad8e-49df-bbd7-3167f7efb246 err=null took=965.515µs
ts=2019-11-01T00:55:16Z caller=logging.go:62 method=Get id=3395a43e-2d88-40de-b95f-e00e1502085b sock=3395a43e-2d88-40de-b95f-e00e1502085b err=null took=1.236044ms
ts=2019-11-01T00:55:16Z caller=logging.go:62 method=Get id=d3588630-ad8e-49df-bbd7-3167f7efb246 sock=d3588630-ad8e-49df-bbd7-3167f7efb246 err=null took=858.119µs
ts=2019-11-01T00:55:16Z caller=logging.go:62 id=510a0d7e-8e83-4193-b483-e27e09ddc34d sock=510a0d7e-8e83-4193-b483-e27e09ddc34d err=null took=952.032µs
ts=2019-11-01T00:55:16Z caller=logging.go:62 method=Get id=d3588630-ad8e-49df-bbd7-3167f7efb246 sock=d3588630-ad8e-49df-bbd7-3167f7efb246 err=null took=859.313µs
ts=2019-11-01T00:55:17Z caller=logging.go:62 method=Get id=819e1fbf-8b7e-4f6d-811f-693534916a8b sock=819e1fbf-8b7e-4f6d-811f-693534916a8b err=null took=1.014187ms
ts=2019-11-01T00:55:17Z caller=logging.go:62 method=Get id=510a0d7e-8e83-4193-b483-e27e09ddc34d sock=510a0d7e-8e83-4193-b483-e27e09ddc34d err=null took=1.105307ms
ts=2019-11-01T00:55:17Z caller=logging.go:62 method=Get id=3395a43e-2d88-40de-b95f-e00e1502085b sock=3395a43e-2d88-40de-b95f-e00e1502085b err=null took=870.259µs
ts=2019-11-01T00:55:17Z caller=logging.go:62 method=Get id=zzz4f044-b040-410d-8ead-4de0446aec7e sock=zzz4f044-b040-410d-8ead-4de0446aec7e err=null took=863.375µs
ts=2019-11-01T00:55:17Z caller=logging.go:62 method=Get id=819e1fbf-8b7e-4f6d-811f-693534916a8b sock=819e1fbf-8b7e-4f6d-811f-693534916a8b err=null took=1.034404ms
ts=2019-11-01T00:55:17Z caller=logging.go:62 method=Get id=837ab141-399e-4c1f-9abc-bace40296bac sock=837ab141-399e-4c1f-9abc-bace40296bac err=null took=1.773863ms
ts=2019-11-01T00:55:17Z caller=logging.go:62 method=Get id=zzz4f044-b040-410d-8ead-4de0446aec7e sock=zzz4f044-b040-410d-8ead-4de0446aec7e err=null took=850.083µs
ts=2019-11-01T00:55:17Z caller=logging.go:62 method=Get id=a0a4f044-b040-410d-8ead-4de0446aec7e sock=a0a4f044-b040-410d-8ead-4de0446aec7e err=null took=1.704629ms
ts=2019-11-01T00:55:17Z caller=logging.go:62 method=Get sock=3395a43e-2d88-40de-b95f-e00e1502085b err=null took=988.044µs
ts=2019-11-01T00:55:17Z caller=logging.go:62 method=Get id=d3588630-ad8e-49df-bbd7-3167f7efb246 sock=d3588630-ad8e-49df-bbd7-3167f7efb246 err=null took=1.557087ms
ts=2019-11-01T00:55:17Z caller=logging.go:62 method=Get id=zzz4f044-b040-410d-8ead-4de0446aec7e sock=zzz4f044-b040-410d-8ead-4de0446aec7e err=null took=2.343664ms
ts=2019-11-01T00:55:17Z caller=logging.go:62 method=Get id=3395a43e-2d88-40de-b95f-e00e1502085b sock=3395a43e-2d88-40de-b95f-e00e1502085b err=null took=893.914µs
ts=2019-11-01T00:55:17Z caller=logging.go:62 method=Get id=3395a43e-2d88-40de-b95f-e00e1502085b sock=3395a43e-2d88-40de-b95f-e00e1502085b err=null took=1.057669ms
ts=2019-11-01T00:55:17Z caller=logging.go:62 method=Get id=d3588630-ad8e-49df-bbd7-3167f7efb246 sock=d3588630-ad8e-49df-bbd7-3167f7efb246 err=null took=898.061µs
ts=2019-11-01T00:55:17Z caller=logging.go:62 method=Get id=510a0d7e-8e83-4193-b483-e27e09ddc34d sock=510a0d7e-8e83-4193-b483-e27e09ddc34d err=null took=4.042362ms
ts=2019-11-01T00:55:17Z caller=logging.go:62 method=Get id=a0a4f044-b040-410d-8ead-4de0446aec7e sock=a0a4f044-b040-410d-8ead-4de0446aec7e err=null took=1.22467ms
ts=2019-11-01T00:55:17Z caller=logging.go:62 method=Get id=a0a4f044-b040-410d-8ead-4de0446aec7e sock=a0a4f044-b040-410d-8ead-4de0446aec7e err=null took=811.086µs
ts=2019-11-01T00:55:17Z caller=logging.go:62 method=Get id=510a0d7e-8e83-4193-b483-e27e09ddc34d sock=510a0d7e-8e83-4193-b483-e27e09ddc34d err=null took=2.192474ms
ts=2019-11-01T00:55:17Z caller=logging.go:62 method=Get id=837ab141-399e-4c1f-9abc-bace40296bac err=null took=2.837412ms
ts=2019-11-01T00:55:17Z caller=logging.go:62 method=Get id=3395a43e-2d88-40de-b95f-e00e1502085b sock=3395a43e-2d88-40de-b95f-e00e1502085b err=null took=680.177µs
ts=2019-11-01T00:55:17Z caller=logging.go:62 method=Get id=zzz4f044-b040-410d-8ead-4de0446aec7e sock=zzz4f044-b040-410d-8ead-4de0446aec7e err=null took=2.50502ms
ts=2019-11-01T00:55:17Z caller=logging.go:62 method=Get id=510a0d7e-8e83-4193-b483-e27e09ddc34d sock=510a0d7e-8e83-4193-b483-e27e09ddc34d err=null took=2.643682ms
ts=2019-11-01T00:55:17Z caller=logging.go:62 method=Get id=808a2de1-1aaa-4c25-a9b9-6612e8f29a38 sock=808a2de1-1aaa-4c25-a9b9-6612e8f29a38 err=null took=1.390567ms
ts=2019-11-01T00:55:17Z caller=logging.go:62 method=Get id=510a0d7e-8e83-4193-b483-e27e09ddc34d sock=510a0d7e-8e83-4193-b483-e27e09ddc34d err=null took=1.107942ms
ts=2019-11-01T00:55:17Z caller=logging.go:62 method=Get id=zzz4f044-b040-410d-8ead-4de0446aec7e sock=zzz4f044-b040-410d-8ead-4de0446aec7e err=null took=727.647µs
ts=2019-11-01T00:55:17Z caller=logging.go:62 method=Get id=zzz4f044-b040-410d-8ead-4de0446aec7e sock=zzz4f044-b040-410d-8ead-4de0446aec7e err=null took=1.972713ms
ts=2019-11-01T00:55:17Z caller=logging.go:62 method=Get id=819e1fbf-8b7e-4f6d-811f-693534916a8b sock=819e1fbf-8b7e-4f6d-811f-693534916a8b err=null took=4.916135ms
ts=2019-11-01T00:55:17Z caller=logging.go:62 method=Get id=zzz4f044-b040-410d-8ead-4de0446aec7e sock=zzz4f044-b040-410d-8ead-4de0446aec7e err=null took=2.34026ms
ts=2019-11-01T00:55:17Z caller=logging.go:62 method=Get id=837ab141-399e-4c1f-9abc-bace40296bac sock=837ab141-399e-4c1f-9abc-bace40296bac took=2.225171ms
ts=2019-11-01T00:55:17Z caller=logging.go:62 method=Get id=819e1fbf-8b7e-4f6d-811f-693534916a8b sock=819e1fbf-8b7e-4f6d-811f-693534916a8b err=null took=1.401772ms
ts=2019-11-01T00:55:17Z caller=logging.go:62 method=Get id=a0a4f044-b040-410d-8ead-4de0446aec7e sock=a0a4f044-b040-410d-8ead-4de0446aec7e err=null took=7.100459ms
ts=2019-11-01T00:55:17Z caller=logging.go:62 method=Get id=d3588630-ad8e-49df-bbd7-3167f7efb246 sock=d3588630-ad8e-49df-bbd7-3167f7efb246 err=null took=17.430515ms
ts=2019-11-01T00:55:17Z caller=logging.go:62 method=Get id=zzz4f044-b040-410d-8ead-4de0446aec7e sock=zzz4f044-b040-410d-8ead-4de0446aec7e err=null took=14.650909ms
ts=2019-11-01T00:55:17Z caller=logging.go:62 method=Get id=819e1fbf-8b7e-4f6d-811f-693534916a8b sock=819e1fbf-8b7e-4f6d-811f-693534916a8b err=null took=31.732265ms
ts=2019-11-01T00:55:17Z caller=logging.go:62 method=Get id=3395a43e-2d88-40de-b95f-e00e1502085b sock=3395a43e-2d88-40de-b95f-e00e1502085b err=null took=2.789275ms
ts=2019-11-01T00:55:18Z caller=logging.go:62 method=Get id=510a0d7e-8e83-4193-b483-e27e09ddc34d sock=510a0d7e-8e83-4193-b483-e27e09ddc34d err=null took=3.191792ms
ts=2019-11-01T00:55:18Z caller=logging.go:62 method=Get id=zzz4f044-b040-410d-8ead-4de0446aec7e sock=zzz4f044-b040-410d-8ead-4de0446aec7e err=null took=3.029973ms
ts=2019-11-01T00:55:18Z caller=logging.go:62 method=Get id=zzz4f044-b040-410d-8ead-4de0446aec7e sock=zzz4f044-b040-410d-8ead-4de0446aec7e err=null took=5.503138ms
ts=2019-11-01T00:55:18Z caller=logging.go:62 method=Get id=808a2de1-1aaa-4c25-a9b9-6612e8f29a38 sock=808a2de1-1aaa-4c25-a9b9-6612e8f29a38 err=null
ts=2019-11-01T00:55:18Z caller=logging.go:62 method=Get id=d3588630-ad8e-49df-bbd7-3167f7efb246 sock=d3588630-ad8e-49df-bbd7-3167f7efb246 err=null took=776.076µs
ts=2019-11-01T00:55:18Z caller=logging.go:62 method=Get id=3395a43e-2d88-40de-b95f-e00e1502085b sock=3395a43e-2d88-40de-b95f-e00e1502085b err=null took=823.437µs
ts=2019-11-01T00:55:18Z caller=logging.go:62 method=Get id=819e1fbf-8b7e-4f6d-811f-693534916a8b sock=819e1fbf-8b7e-4f6d-811f-693534916a8b err=null took=1.057934ms
ts=2019-11-01T00:55:18Z caller=logging.go:62 method=Get id=837ab141-399e-4c1f-9abc-bace40296bac sock=837ab141-399e-4c1f-9abc-bace40296bac err=null took=1.119779ms
ts=2019-11-01T00:55:18Z caller=logging.go:62 method=Get id=510a0d7e-8e83-4193-b483-e27e09ddc34d sock=510a0d7e-8e83-4193-b483-e27e09ddc34d err=null took=941.952µs
ts=2019-11-01T00:55:18Z caller=logging.go:62 method=Get id=a0a4f044-b040-410d-8ead-4de0446aec7e sock=a0a4f044-b040-410d-8ead-4de0446aec7e err=null took=2.572919ms
ts=2019-11-01T00:55:18Z caller=logging.go:62 method=Get id=808a2de1-1aaa-4c25-a9b9-6612e8f29a38 sock=808a2de1-1aaa-4c25-a9b9-6612e8f29a38 err=null took=1.22221ms
ts=2019-11-01T00:55:18Z caller=logging.go:62 method=Get id=510a0d7e-8e83-4193-b483-e27e09ddc34d sock=510a0d7e-8e83-4193-b483-e27e09ddc34d err=null took=600.862µs
ts=2019-11-01T00:55:18Z caller=logging.go:62 method=Get id=3395a43e-2d88-40de-b95f-e00e1502085b sock=3395a43e-2d88-40de-b95f-e00e1502085b err=null took=1.169552ms
ts=2019-11-01T00:55:18Z method=Get id=510a0d7e-8e83-4193-b483-e27e09ddc34d sock=510a0d7e-8e83-4193-b483-e27e09ddc34d err=null took=914.801µs
ts=2019-11-01T00:55:18Z caller=logging.go:62 method=Get id=3395a43e-2d88-40de-b95f-e00e1502085b sock=3395a43e-2d88-40de-b95f-e00e1502085b err=null took=2.475144ms
ts=2019-11-01T00:55:18Z caller=logging.go:62 method=Get id=837ab141-399e-4c1f-9abc-bace40296bac sock=837ab141-399e-4c1f-9abc-bace40296bac err=null took=14.731522ms
ts=2019-11-01T00:55:18Z caller=logging.go:62 method=Get id=3395a43e-2d88-40de-b95f-e00e1502085b sock=3395a43e-2d88-40de-b95f-e00e1502085b err=null took=18.186381ms
ts=2019-11-01T00:55:18Z caller=logging.go:62 method=Get id=3395a43e-2d88-40de-b95f-e00e1502085b sock=3395a43e-2d88-40de-b95f-e00e1502085b err=null took=26.658592ms
ts=2019-11-01T00:55:19Z caller=logging.go:62 method=Get id=510a0d7e-8e83-4193-b483-e27e09ddc34d sock=510a0d7e-8e83-4193-b483-e27e09ddc34d err=null took=1.013701ms
ts=2019-11-01T00:55:19Z caller=logging.go:62 method=Get id=808a2de1-1aaa-4c25-a9b9-6612e8f29a38 sock=808a2de1-1aaa-4c25-a9b9-6612e8f29a38 err=null took=1.956036ms
ts=2019-11-01T00:55:19Z caller=logging.go:62 method=Get id=819e1fbf-8b7e-4f6d-811f-693534916a8b sock=819e1fbf-8b7e-4f6d-811f-693534916a8b err=null took=3.258456ms
ts=2019-11-01T00:55:19Z caller=logging.go:62 method=Get id=808a2de1-1aaa-4c25-a9b9-6612e8f29a38 sock=808a2de1-1aaa-4c25-a9b9-6612e8f29a38 err=null took=3.813453ms
ts=2019-11-01T00:55:19Z caller=logging.go:62 method=Get id=510a0d7e-8e83-4193-b483-e27e09ddc34d sock=510a0d7e-8e83-4193-b483-e27e09ddc34d err=null took=4.960363ms
caller=logging.go:62 method=Get id=510a0d7e-8e83-4193-b483-e27e09ddc34d sock=510a0d7e-8e83-4193-b483-e27e09ddc34d err=null took=1.28909ms
ts=2019-11-01T00:55:19Z caller=logging.go:62 method=Get id=3395a43e-2d88-40de-b95f-e00e1502085b sock=3395a43e-2d88-40de-b95f-e00e1502085b err=null took=738.41µs
ts=2019-11-01T00:55:19Z caller=logging.go:62 method=Get id=808a2de1-1aaa-4c25-a9b9-6612e8f29a38 sock=808a2de1-1aaa-4c25-a9b9-6612e8f29a38 err=null took=4.343742ms
ts=2019-11-01T00:55:19Z caller=logging.go:62 method=Get id=3395a43e-2d88-40de-b95f-e00e1502085b sock=3395a43e-2d88-40de-b95f-e00e1502085b err=null took=8.340756ms
ts=2019-11-01T00:55:19Z caller=logging.go:62 method=Get id=a0a4f044-b040-410d-8ead-4de0446aec7e sock=a0a4f044-b040-410d-8ead-4de0446aec7e err=null took=8.529299ms
ts=2019-11-01T00:55:19Z caller=logging.go:62 method=Get id=837ab141-399e-4c1f-9abc-bace40296bac sock=837ab141-399e-4c1f-9abc-bace40296bac err=null took=1.870229ms
ts=2019-11-01T00:55:19Z caller=logging.go:62 method=Get id=819e1fbf-8b7e-4f6d-811f-693534916a8b sock=819e1fbf-8b7e-4f6d-811f-693534916a8b err=null took=3.508667ms
ts=2019-11-01T00:55:19Z caller=logging.go:62 method=Get id=zzz4f044-b040-410d-8ead-4de0446aec7e sock=zzz4f044-b040-410d-8ead-4de0446aec7e err=null took=7.093639ms
ts=2019-11-01T00:55:19Z caller=logging.go:62 method=Get id=3395a43e-2d88-40de-b95f-e00e1502085b sock=3395a43e-2d88-40de-b95f-e00e1502085b err=null took=7.86929ms
ts=2019-11-01T00:55:19Z caller=logging.go:62 method=Get id=3395a43e-2d88-40de-b95f-e00e1502085b sock=3395a43e-2d88-40de-b95f-e00e1502085b err=null took=1.665135ms
ts=2019-11-01T00:55:19Z id=zzz4f044-b040-410d-8ead-4de0446aec7e sock=zzz4f044-b040-410d-8ead-4de0446aec7e err=null took=1.831696ms
ts=2019-11-01T00:55:19Z caller=logging.go:62 method=Get id=819e1fbf-8b7e-4f6d-811f-693534916a8b sock=819e1fbf-8b7e-4f6d-811f-693534916a8b err=null took=5.741711ms
ts=2019-11-01T00:55:19Z caller=logging.go:62 method=Get id=3395a43e-2d88-40de-b95f-e00e1502085b sock=3395a43e-2d88-40de-b95f-e00e1502085b err=null took=13.208207ms
ts=2019-11-01T00:55:19Z caller=logging.go:62 method=Get id=837ab141-399e-4c1f-9abc-bace40296bac sock=837ab141-399e-4c1f-9abc-bace40296bac err=null took=838.95µs
ts=2019-11-01T00:55:19Z caller=logging.go:62 method=Get id=819e1fbf-8b7e-4f6d-811f-693534916a8b sock=819e1fbf-8b7e-4f6d-811f-693534916a8b err=null took=1.393111ms
ts=2019-11-01T00:55:19Z caller=logging.go:62 method=Get id=510a0d7e-8e83-4193-b483-e27e09ddc34d sock=510a0d7e-8e83-4193-b483-e27e09ddc34d err=null took=3.522524ms
ts=2019-11-01T00:55:19Z caller=logging.go:62 method=Get id=808a2de1-1aaa-4c25-a9b9-6612e8f29a38 sock=808a2de1-1aaa-4c25-a9b9-6612e8f29a38 err=null took=763.192µs
ts=2019-11-01T00:55:19Z caller=logging.go:62 method=Get id=819e1fbf-8b7e-4f6d-811f-693534916a8b sock=819e1fbf-8b7e-4f6d-811f-693534916a8b err=null took=1.254642ms
ts=2019-11-01T00:55:19Z caller=logging.go:62 method=Get id=819e1fbf-8b7e-4f6d-811f-693534916a8b sock=819e1fbf-8b7e-4f6d-811f-693534916a8b err=null took=3.191843ms
ts=2019-11-01T00:55:19Z caller=logging.go:62 method=Get id=837ab141-399e-4c1f-9abc-bace40296bac sock=837ab141-399e-4c1f-9abc-bace40296bac err=null took=3.210836ms
ts=2019-11-01T00:55:19Z caller=logging.go:62 method=Get err=null took=3.79272ms
ts=2019-11-01T00:55:19Z caller=logging.go:62 method=Get id=510a0d7e-8e83-4193-b483-e27e09ddc34d sock=510a0d7e-8e83-4193-b483-e27e09ddc34d err=null took=1.004335ms
ts=2019-11-01T00:55:19Z caller=logging.go:62 method=Get id=837ab141-399e-4c1f-9abc-bace40296bac sock=837ab141-399e-4c1f-9abc-bace40296bac err=null took=1.857573ms
ts=2019-11-01T00:55:19Z caller=logging.go:62 method=Get id=510a0d7e-8e83-4193-b483-e27e09ddc34d sock=510a0d7e-8e83-4193-b483-e27e09ddc34d err=null took=1.504125ms
ts=2019-11-01T00:55:19Z caller=logging.go:62 method=Get id=510a0d7e-8e83-4193-b483-e27e09ddc34d sock=510a0d7e-8e83-4193-b483-e27e09ddc34d err=null took=1.001917ms
ts=2019-11-01T00:55:19Z caller=logging.go:62 method=Get id=a0a4f044-b040-410d-8ead-4de0446aec7e sock=a0a4f044-b040-410d-8ead-4de0446aec7e err=null took=1.396103ms
ts=2019-11-01T00:55:19Z caller=logging.go:62 method=Get id=819e1fbf-8b7e-4f6d-811f-693534916a8b sock=819e1fbf-8b7e-4f6d-811f-693534916a8b err=null took=3.757965ms
ts=2019-11-01T00:55:19Z caller=logging.go:62 method=Get id=zzz4f044-b040-410d-8ead-4de0446aec7e sock=zzz4f044-b040-410d-8ead-4de0446aec7e err=null took=5.741791ms
ts=2019-11-01T00:55:19Z caller=logging.go:62 method=Get id=d3588630-ad8e-49df-bbd7-3167f7efb246 sock=d3588630-ad8e-49df-bbd7-3167f7efb246 err=null took=10.362354ms
ts=2019-11-01T00:55:19Z caller=logging.go:62 method=Get id=d3588630-ad8e-49df-bbd7-3167f7efb246 sock=d3588630-ad8e-49df-bbd7-3167f7efb246 err=null took=1.200481ms
ts=2019-11-01T00:55:19Z caller=logging.go:62 method=Get id=d3588630-ad8e-49df-bbd7-3167f7efb246 err=null took=980.522µs
ts=2019-11-01T00:55:19Z caller=logging.go:62 method=Get id=zzz4f044-b040-410d-8ead-4de0446aec7e sock=zzz4f044-b040-410d-8ead-4de0446aec7e err=null took=1.473026ms
ts=2019-11-01T00:55:19Z caller=logging.go:62 method=Get id=808a2de1-1aaa-4c25-a9b9-6612e8f29a38 sock=808a2de1-1aaa-4c25-a9b9-6612e8f29a38 err=null took=796.827µs
ts=2019-11-01T00:55:19Z caller=logging.go:62 method=Get id=zzz4f044-b040-410d-8ead-4de0446aec7e sock=zzz4f044-b040-410d-8ead-4de0446aec7e err=null took=3.75901ms
ts=2019-11-01T00:55:19Z caller=logging.go:62 method=Get id=510a0d7e-8e83-4193-b483-e27e09ddc34d sock=510a0d7e-8e83-4193-b483-e27e09ddc34d err=null took=3.438446ms
ts=2019-11-01T00:55:19Z caller=logging.go:62 method=Get id=d3588630-ad8e-49df-bbd7-3167f7efb246 sock=d3588630-ad8e-49df-bbd7-3167f7efb246 err=null took=3.601847ms
ts=2019-11-01T00:55:19Z caller=logging.go:62 method=Get id=837ab141-399e-4c1f-9abc-bace40296bac sock=837ab141-399e-4c1f-9abc-bace40296bac err=null took=4.820156ms
ts=2019-11-01T00:55:19Z caller=logging.go:62 method=Get id=808a2de1-1aaa-4c25-a9b9-6612e8f29a38 sock=808a2de1-1aaa-4c25-a9b9-6612e8f29a38 err=null took=8.179054ms
ts=2019-11-01T00:55:19Z caller=logging.go:62 method=Get id=808a2de1-1aaa-4c25-a9b9-6612e8f29a38 sock=808a2de1-1aaa-4c25-a9b9-6612e8f29a38 err=null took=1.014717ms
ts=2019-11-01T00:55:19Z caller=logging.go:62 method=Get id=3395a43e-2d88-40de-b95f-e00e1502085b sock=3395a43e-2d88-40de-b95f-e00e1502085b err=null took=844.586µs
ts=2019-11-01T00:55:19Z caller=logging.go:62 method=Get id=3395a43e-2d88-40de-b95f-e00e1502085b sock=3395a43e-2d88-40de-b95f-e00e1502085b err=null took=1.320545ms
ts=2019-11-01T00:55:19Z caller=logging.go:62 method=Get id=a0a4f044-b040-410d-8ead-4de0446aec7e sock=a0a4f044-b040-410d-8ead-4de0446aec7e err=null took=889.231µs
ts=2019-11-01T00:55:19Z caller=logging.go:62 method=Get d=837ab141-399e-4c1f-9abc-bace40296bac sock=837ab141-399e-4c1f-9abc-bace40296bac err=null took=1.506285ms
ts=2019-11-01T00:55:19Z caller=logging.go:62 method=Get id=837ab141-399e-4c1f-9abc-bace40296bac sock=837ab141-399e-4c1f-9abc-bace40296bac err=null took=2.777615ms
ts=2019-11-01T00:55:19Z caller=logging.go:62 method=Get id=819e1fbf-8b7e-4f6d-811f-693534916a8b sock=819e1fbf-8b7e-4f6d-811f-693534916a8b err=null took=3.041651ms
ts=2019-11-01T00:55:19Z caller=logging.go:62 method=Get id=a0a4f044-b040-410d-8ead-4de0446aec7e sock=a0a4f044-b040-410d-8ead-4de0446aec7e err=null took=2.205917ms
ts=2019-11-01T00:55:20Z caller=logging.go:62 method=Get id=819e1fbf-8b7e-4f6d-811f-693534916a8b sock=819e1fbf-8b7e-4f6d-811f-693534916a8b err=null took=4.68854ms
ts=2019-11-01T00:55:20Z caller=logging.go:62 method=Get id=d3588630-ad8e-49df-bbd7-3167f7efb246 sock=d3588630-ad8e-49df-bbd7-3167f7efb246 err=null took=7.685893ms
ts=2019-11-01T00:55:20Z caller=logging.go:62 method=Get id=837ab141-399e-4c1f-9abc-bace40296bac sock=837ab141-399e-4c1f-9abc-bace40296bac err=null took=2.027349ms
ts=2019-11-01T00:55:20Z caller=logging.go:62 method=Get id=d3588630-ad8e-49df-bbd7-3167f7efb246 sock=d3588630-ad8e-49df-bbd7-3167f7efb246 err=null took=16.019866ms
ts=2019-11-01T00:55:20Z caller=logging.go:62 method=Get id=510a0d7e-8e83-4193-b483-e27e09ddc34d sock=510a0d7e-8e83-4193-b483-e27e09ddc34d err=null took=21.579103ms
ts=2019-11-01T00:55:20Z caller=logging.go:62 method=Get id=3395a43e-2d88-40de-b95f-e00e1502085b sock=3395a43e-2d88-40de-b95f-e00e1502085b err=null took=2.694354ms
ts=2019-11-01T00:55:20Z cller=logging.go:62 method=Get id=808a2de1-1aaa-4c25-a9b9-6612e8f29a38 sock=808a2de1-1aaa-4c25-a9b9-6612e8f29a38 err=null took=10.672917ms
ts=2019-11-01T00:55:20Z caller=logging.go:62 method=Get id=819e1fbf-8b7e-4f6d-811f-693534916a8b sock=819e1fbf-8b7e-4f6d-811f-693534916a8b err=null took=13.800513ms
ts=2019-11-01T00:55:20Z caller=logging.go:62 method=Get id=3395a43e-2d88-40de-b95f-e00e1502085b sock=3395a43e-2d88-40de-b95f-e00e1502085b err=null took=13.001141ms
ts=2019-11-01T00:55:20Z caller=logging.go:62 method=Get id=a0a4f044-b040-410d-8ead-4de0446aec7e sock=a0a4f044-b040-410d-8ead-4de0446aec7e err=null took=4.017752ms
ts=2019-11-01T00:55:20Z caller=logging.go:62 method=Get id=d3588630-ad8e-49df-bbd7-3167f7efb246 sock=d3588630-ad8e-49df-bbd7-3167f7efb246 err=null took=994.709µs
ts=2019-11-01T00:55:20Z caller=logging.go:62 method=Get id=819e1fbf-8b7e-4f6d-811f-693534916a8b sock=819e1fbf-8b7e-4f6d-811f-693534916a8b err=null took=1.019448ms
ts=2019-11-01T00:55:20Z caller=logging.go:62 method=Get id=819e1fbf-8b7e-4f6d-811f-693534916a8b sock=819e1fbf-8b7e-4f6d-811f-693534916a8b err=null took=9.650209ms
ts=2019-11-01T00:55:20Z caller=logging.go:62 method=Get id=a0a4f044-b040-410d-8ead-4de0446aec7e sock=a0a4f044-b040-410d-8ead-4de0446aec7e err=null took=10.025776ms
ts=2019-11-01T00:55:20Z caller=logging.go:62 method=Get id=808a2de1-1aaa-4c25-a9b9-6612e8f29a38 sock=808a2de1-1aaa-4c25-a9b9-6612e8f29a38 err=null took=26.006264ms
ts=2019-11-01T00:55:20Z caller=logging.go:62 method=Get id=819e1fbf-8b7e-4f6d-811f-693534916a8b sock=819e1fbf-8b7e-4f6d-811f-693534916a8b err=null took=1.969916ms
ts=2019-11-01T00:55:20Z caller=logging.go:62 method=Get id=3395a43e-2d88-40de-b95f-e00e1502085b sck=3395a43e-2d88-40de-b95f-e00e1502085b err=null took=42.401788ms
ts=2019-11-01T00:55:20Z caller=logging.go:62 method=Get id=a0a4f044-b040-410d-8ead-4de0446aec7e sock=a0a4f044-b040-410d-8ead-4de0446aec7e err=null took=47.625844ms
ts=2019-11-01T00:55:20Z caller=logging.go:62 method=Get id=510a0d7e-8e83-4193-b483-e27e09ddc34d sock=510a0d7e-8e83-4193-b483-e27e09ddc34d err=null took=3.201495ms
ts=2019-11-01T00:55:20Z caller=logging.go:62 method=Get id=819e1fbf-8b7e-4f6d-811f-693534916a8b sock=819e1fbf-8b7e-4f6d-811f-693534916a8b err=null took=11.400145ms
ts=2019-11-01T00:55:20Z caller=logging.go:62 method=Get id=a0a4f044-b040-410d-8ead-4de0446aec7e sock=a0a4f044-b040-410d-8ead-4de0446aec7e err=null took=3.898628ms
ts=2019-11-01T00:55:20Z caller=logging.go:62 method=Get id=zzz4f044-b040-410d-8ead-4de0446aec7e sock=zzz4f044-b040-410d-8ead-4de0446aec7e err=null took=2.61282ms
ts=2019-11-01T00:55:20Z caller=logging.go:62 method=Get id=510a0d7e-8e83-4193-b483-e27e09ddc34d sock=510a0d7e-8e83-4193-b483-e27e09ddc34d err=null took=3.489728ms
ts=2019-11-01T00:55:20Z caller=logging.go:62 method=Get id=a0a4f044-b040-410d-8ead-4de0446aec7e sock=a0a4f044-b040-410d-8ead-4de0446aec7e err=null took=1.857699ms
ts=2019-11-01T00:55:20Z caller=logging.go:62 method=Get id=a0a4f044-b040-410d-8ead-4de0446aec7e sock=a0a4f044-b040-410d-8ead-4de0446aec7e err=null took=1.208337ms
ts=2019-11-01T00:55:20Z caller=logging.go:62 method=Get id=808a2de1-1aaa-4c25-a9b9-6612e8f29a38 sock=808a2de1-1aaa-4c25-a9b9-6612e8f29a38 err=null took=2.752413ms
ts=2019-11-01T00:55:20Z caller=logging.go:62 method=Get id=510a0d7e-8e83-4193-b483-e27e09ddc34d sock=510a0d7e-8e83-4193-b483-e27e09ddc34d er=null took=1.155107ms
ts=2019-11-01T00:55:20Z caller=logging.go:62 method=Get id=3395a43e-2d88-40de-b95f-e00e1502085b sock=3395a43e-2d88-40de-b95f-e00e1502085b err=null took=4.689206ms
ts=2019-11-01T00:55:20Z caller=logging.go:62 method=Get id=zzz4f044-b040-410d-8ead-4de0446aec7e sock=zzz4f044-b040-410d-8ead-4de0446aec7e err=null took=12.275961ms
ts=2019-11-01T00:55:20Z caller=logging.go:62 method=Get id=837ab141-399e-4c1f-9abc-bace40296bac sock=837ab141-399e-4c1f-9abc-bace40296bac err=null took=953.317µs
ts=2019-11-01T00:55:20Z caller=logging.go:62 method=Get id=a0a4f044-b040-410d-8ead-4de0446aec7e sock=a0a4f044-b040-410d-8ead-4de0446aec7e err=null took=1.354372ms
ts=2019-11-01T00:55:20Z caller=logging.go:62 method=Get id=808a2de1-1aaa-4c25-a9b9-6612e8f29a38 sock=808a2de1-1aaa-4c25-a9b9-6612e8f29a38 err=null took=815.082µs
ts=2019-11-01T00:55:20Z caller=logging.go:62 method=Get id=510a0d7e-8e83-4193-b483-e27e09ddc34d sock=510a0d7e-8e83-4193-b483-e27e09ddc34d err=null took=3.833471ms
ts=2019-11-01T00:55:20Z caller=logging.go:62 method=Get id=819e1fbf-8b7e-4f6d-811f-693534916a8b sock=819e1fbf-8b7e-4f6d-811f-693534916a8b err=null took=3.863314ms
ts=2019-11-01T00:55:20Z caller=logging.go:62 method=Get id=3395a43e-2d88-40de-b95f-e00e1502085b sock=3395a43e-2d88-40de-b95f-e00e1502085b err=null took=1.000134ms
ts=2019-11-01T00:55:20Z caller=logging.go:62 method=Get id=510a0d7e-8e83-4193-b483-e27e09ddc34d sock=510a0d7e-8e83-4193-b483-e27e09ddc34d err=null took=1.639055ms
ts=2019-11-01T00:55:20Z caller=logging.go:62 method=G id=837ab141-399e-4c1f-9abc-bace40296bac sock=837ab141-399e-4c1f-9abc-bace40296bac err=null took=1.826624ms
ts=2019-11-01T00:55:20Z caller=logging.go:62 method=Get id=a0a4f044-b040-410d-8ead-4de0446aec7e sock=a0a4f044-b040-410d-8ead-4de0446aec7e err=null took=2.353006ms
ts=2019-11-01T00:55:20Z caller=logging.go:62 method=Get id=819e1fbf-8b7e-4f6d-811f-693534916a8b sock=819e1fbf-8b7e-4f6d-811f-693534916a8b err=null took=1.112465ms
ts=2019-11-01T00:55:20Z caller=logging.go:62 method=Get id=d3588630-ad8e-49df-bbd7-3167f7efb246 sock=d3588630-ad8e-49df-bbd7-3167f7efb246 err=null took=1.431817ms
ts=2019-11-01T00:55:20Z caller=logging.go:62 method=Get id=d3588630-ad8e-49df-bbd7-3167f7efb246 sock=d3588630-ad8e-49df-bbd7-3167f7efb246 err=null took=1.295092ms
ts=2019-11-01T00:55:20Z caller=logging.go:62 method=Get id=819e1fbf-8b7e-4f6d-811f-693534916a8b sock=819e1fbf-8b7e-4f6d-811f-693534916a8b err=null took=1.760643ms
ts=2019-11-01T00:55:20Z caller=logging.go:62 method=Get id=837ab141-399e-4c1f-9abc-bace40296bac sock=837ab141-399e-4c1f-9abc-bace40296bac err=null took=3.044767ms
ts=2019-11-01T00:55:21Z caller=logging.go:62 method=Get id=3395a43e-2d88-40de-b95f-e00e1502085b sock=3395a43e-2d88-40de-b95f-e00e1502085b err=null took=1.915926ms
ts=2019-11-01T00:55:21Z caller=logging.go:62 method=Get id=d3588630-ad8e-49df-bbd7-3167f7efb246 sock=d3588630-ad8e-49df-bbd7-3167f7efb246 err=null took=2.543618ms
ts=2019-11-01T00:55:21Z caller=logging.go:62 method=Get id=837ab141-399e-4c1f-9abc-bace40296bac sock=837ab141-399e-4c1f-9abc-bace40296bac err=null took=808.974µs
ts=2019-11-01T00:55:21Z caller=logging.go:62 method=Get id=837ab141-399e-4c1f-9abc-bace40296bac sock=837ab141-399e-4c1f-9abc-bace40296bac err=null tok=1.521704ms
ts=2019-11-01T00:55:21Z caller=logging.go:62 method=Get id=a0a4f044-b040-410d-8ead-4de0446aec7e sock=a0a4f044-b040-410d-8ead-4de0446aec7e err=null took=1.668149ms
ts=2019-11-01T00:55:21Z caller=logging.go:62 method=Get id=3395a43e-2d88-40de-b95f-e00e1502085b sock=3395a43e-2d88-40de-b95f-e00e1502085b err=null took=5.632742ms
ts=2019-11-01T00:55:21Z caller=logging.go:62 method=Get id=a0a4f044-b040-410d-8ead-4de0446aec7e sock=a0a4f044-b040-410d-8ead-4de0446aec7e err=null took=7.618454ms
ts=2019-11-01T00:55:21Z caller=logging.go:62 method=Get id=3395a43e-2d88-40de-b95f-e00e1502085b sock=3395a43e-2d88-40de-b95f-e00e1502085b err=null took=10.84415ms
ts=2019-11-01T00:55:21Z caller=logging.go:62 method=Get id=808a2de1-1aaa-4c25-a9b9-6612e8f29a38 sock=808a2de1-1aaa-4c25-a9b9-6612e8f29a38 err=null took=11.290452ms
ts=2019-11-01T00:55:21Z caller=logging.go:62 method=Get id=d3588630-ad8e-49df-bbd7-3167f7efb246 sock=d3588630-ad8e-49df-bbd7-3167f7efb246 err=null took=5.825472ms
ts=2019-11-01T00:55:21Z caller=logging.go:62 method=Get id=808a2de1-1aaa-4c25-a9b9-6612e8f29a38 sock=808a2de1-1aaa-4c25-a9b9-6612e8f29a38 err=null took=7.626355ms
ts=2019-11-01T00:55:21Z caller=logging.go:62 method=Get id=d3588630-ad8e-49df-bbd7-3167f7efb246 sock=d3588630-ad8e-49df-bbd7-3167f7efb246 err=null took=8.187064ms
ts=2019-11-01T00:55:21Z caller=logging.go:62 method=Get id=zzz4f044-b040-410d-8ead-4de0446aec7e sock=zzz4f044-b040-410d-8ead-4de0446aec7e err=null took=7.416798ms
ts=2019-11-01T00:55:21Z cer=logging.go:62 method=Get id=510a0d7e-8e83-4193-b483-e27e09ddc34d sock=510a0d7e-8e83-4193-b483-e27e09ddc34d err=null took=8.526018ms
ts=2019-11-01T00:55:21Z caller=logging.go:62 method=Get id=819e1fbf-8b7e-4f6d-811f-693534916a8b sock=819e1fbf-8b7e-4f6d-811f-693534916a8b err=null took=2.965154ms
ts=2019-11-01T00:55:21Z caller=logging.go:62 method=Get id=808a2de1-1aaa-4c25-a9b9-6612e8f29a38 sock=808a2de1-1aaa-4c25-a9b9-6612e8f29a38 err=null took=4.352392ms
ts=2019-11-01T00:55:21Z caller=logging.go:62 method=Get id=819e1fbf-8b7e-4f6d-811f-693534916a8b sock=819e1fbf-8b7e-4f6d-811f-693534916a8b err=null took=5.356642ms
ts=2019-11-01T00:55:21Z caller=logging.go:62 method=Get id=a0a4f044-b040-410d-8ead-4de0446aec7e sock=a0a4f044-b040-410d-8ead-4de0446aec7e err=null took=16.891646ms
ts=2019-11-01T00:55:21Z caller=logging.go:62 method=Get id=a0a4f044-b040-410d-8ead-4de0446aec7e sock=a0a4f044-b040-410d-8ead-4de0446aec7e err=null took=3.316364ms
ts=2019-11-01T00:55:21Z caller=logging.go:62 method=Get id=819e1fbf-8b7e-4f6d-811f-693534916a8b sock=819e1fbf-8b7e-4f6d-811f-693534916a8b err=null took=6.169058ms
ts=2019-11-01T00:55:21Z caller=logging.go:62 method=Get id=a0a4f044-b040-410d-8ead-4de0446aec7e sock=a0a4f044-b040-410d-8ead-4de0446aec7e err=null took=1.98911ms
ts=2019-11-01T00:55:22Z caller=logging.go:62 method=Get id=3395a43e-2d88-40de-b95f-e00e1502085b sock=3395a43e-2d88-40de-b95f-e00e1502085b err=null took=10.725923ms
ts=2019-11-01T00:55:22Z caller=logging.go:62 method=Get id=a0a4f044-b040-410d-8ead-4de0446aec7e sock=a0a4f044-b040-410d-8ead-4de0446aec7e err=null took=3.013325ms
ts=2019-11-01T00:55:22Z caller=logging.go:62 metd=Get id=zzz4f044-b040-410d-8ead-4de0446aec7e sock=zzz4f044-b040-410d-8ead-4de0446aec7e err=null took=1.977964ms
ts=2019-11-01T00:55:22Z caller=logging.go:62 method=Get id=808a2de1-1aaa-4c25-a9b9-6612e8f29a38 sock=808a2de1-1aaa-4c25-a9b9-6612e8f29a38 err=null took=1.368773ms
ts=2019-11-01T00:55:22Z caller=logging.go:62 method=Get id=819e1fbf-8b7e-4f6d-811f-693534916a8b sock=819e1fbf-8b7e-4f6d-811f-693534916a8b err=null took=1.80447ms
ts=2019-11-01T00:55:22Z caller=logging.go:62 method=Get id=510a0d7e-8e83-4193-b483-e27e09ddc34d sock=510a0d7e-8e83-4193-b483-e27e09ddc34d err=null took=2.141939ms
ts=2019-11-01T00:55:22Z caller=logging.go:62 method=Get id=d3588630-ad8e-49df-bbd7-3167f7efb246 sock=d3588630-ad8e-49df-bbd7-3167f7efb246 err=null took=850.492µs
ts=2019-11-01T00:55:22Z caller=logging.go:62 method=Get id=a0a4f044-b040-410d-8ead-4de0446aec7e sock=a0a4f044-b040-410d-8ead-4de0446aec7e err=null took=1.458448ms
ts=2019-11-01T00:55:22Z caller=logging.go:62 method=Get id=3395a43e-2d88-40de-b95f-e00e1502085b sock=3395a43e-2d88-40de-b95f-e00e1502085b err=null took=2.61765ms
ts=2019-11-01T00:55:22Z caller=logging.go:62 method=Get id=808a2de1-1aaa-4c25-a9b9-6612e8f29a38 sock=808a2de1-1aaa-4c25-a9b9-6612e8f29a38 err=null took=3.758532ms
ts=2019-11-01T00:55:22Z caller=logging.go:62 method=Get id=819e1fbf-8b7e-4f6d-811f-693534916a8b sock=819e1fbf-8b7e-4f6d-811f-693534916a8b err=null took=2.1086ms
ts=2019-11-01T00:55:22Z caller=logging.go:62 method=Get id=837ab141-399e-4c1f-9abc-bace40296bac sock=837ab141-399e-4c1f-9abc-bace40296bac err=null took=793.88µs
ts=2019-11-01T00:55:22Z caller=logging.go:62 method=Get id=a0a4f044-b040-410d-8ead-4de0446aec7e s=a0a4f044-b040-410d-8ead-4de0446aec7e err=null took=773.345µs
ts=2019-11-01T00:55:22Z caller=logging.go:62 method=Get id=510a0d7e-8e83-4193-b483-e27e09ddc34d sock=510a0d7e-8e83-4193-b483-e27e09ddc34d err=null took=3.546007ms
ts=2019-11-01T00:55:22Z caller=logging.go:62 method=Get id=837ab141-399e-4c1f-9abc-bace40296bac sock=837ab141-399e-4c1f-9abc-bace40296bac err=null took=2.073596ms
ts=2019-11-01T00:55:22Z caller=logging.go:62 method=Get id=3395a43e-2d88-40de-b95f-e00e1502085b sock=3395a43e-2d88-40de-b95f-e00e1502085b err=null took=2.30092ms
ts=2019-11-01T00:55:22Z caller=logging.go:62 method=Get id=808a2de1-1aaa-4c25-a9b9-6612e8f29a38 sock=808a2de1-1aaa-4c25-a9b9-6612e8f29a38 err=null took=1.248321ms
ts=2019-11-01T00:55:22Z caller=logging.go:62 method=Get id=3395a43e-2d88-40de-b95f-e00e1502085b sock=3395a43e-2d88-40de-b95f-e00e1502085b err=null took=2.250102ms
ts=2019-11-01T00:55:22Z caller=logging.go:62 method=Get id=510a0d7e-8e83-4193-b483-e27e09ddc34d sock=510a0d7e-8e83-4193-b483-e27e09ddc34d err=null took=2.153489ms
ts=2019-11-01T00:55:22Z caller=logging.go:62 method=Get id=3395a43e-2d88-40de-b95f-e00e1502085b sock=3395a43e-2d88-40de-b95f-e00e1502085b err=null took=5.153021ms
ts=2019-11-01T00:55:22Z caller=logging.go:62 method=Get id=zzz4f044-b040-410d-8ead-4de0446aec7e sock=zzz4f044-b040-410d-8ead-4de0446aec7e err=null took=8.570008ms
ts=2019-11-01T00:55:22Z caller=logging.go:62 method=Get id=a0a4f044-b040-410d-8ead-4de0446aec7e sock=a0a4f044-b040-410d-8ead-4de0446aec7e err=null took=23.931844ms
ts=2019-11-01T00:55:22Z caller=logging.go:62 method=Get id=a0a4f044-b040-410d-8ead-4de0446aec7e sock=a0a4f044-b040-410d-8ead-4de0446aec7e r=null took=9.924601ms
ts=2019-11-01T00:55:22Z caller=logging.go:62 method=Get id=a0a4f044-b040-410d-8ead-4de0446aec7e sock=a0a4f044-b040-410d-8ead-4de0446aec7e err=null took=34.31499ms