0 0 24 6 80 34
0 0 4 6 80 34
0 0 15 6 80 34
0 0 0 6 80 34
0 0 3 6 80 34
0 0 22 6 80 33
0 0 999705 6 80 33
0 0 9 6 80 34
0 0 256 6 80 34
0 0 3 6 80 32
0 0 95 6 80 32
0 0 10 6 80 34
0 0 197 6 80 34
0 0 10 6 80 34
0 0 176 6 80 34
0 0 4 6 80 24
0 0 999125 6 80 24
0 0 1 6 80 34
0 0 7 6 80 34
0 0 0 6 80 34
0 0 26 6 80 34
0 0 3 6 80 34
0 0 50 6 80 34
0 0 4 6 80 34
0 0 566 6 80 34
0 0 10 6 80 34
0 0 7 6 80 34
0 0 25 6 80 33
0 0 9 6 80 32
0 0 28 6 80 32
0 0 35 6 80 33
0 0 20 6 80 34
0 0 71 6 80 34
0 0 14 6 80 34
0 0 28 6 80 34
0 0 12 6 80 32
0 0 999141 6 80 32
0 0 12 6 80 34
0 0 4 6 80 34
0 0 31 6 80 24
0 0 123 6 80 24
0 0 5 6 80 34
0 0 40 6 80 34
0 0 14 6 80 34
0 0 335 6 80 34
0 0 9 6 80 34
0 0 68 6 80 34
0 0 13 6 80 34
0 0 999407 6 80 34
0 0 4 6 80 34
0 0 1 6 80 34
0 0 4 6 80 33
0 0 16 6 80 33
0 0 2 6 80 34
0 0 66 6 80 34
0 0 14 6 80 32
0 0 50 6 80 32
0 0 5 6 80 34
0 0 18 6 80 34
0 0 7 6 80 34
0 0 7 6 80 34
0 0 5 6 80 32
0 0 623 6 80 32
0 0 4 6 80 34
0 0 999021 6 80 34
0 0 4 6 80 34
0 0 27 6 80 34
0 0 11 6 80 34
0 0 10 6 80 34
0 0 8 6 80 34
0 0 12 6 80 34
0 0 22 6 80 34
0 0 58 6 80 34
0 0 9 6 80 24
0 0 17 6 80 24
0 0 5 6 80 33
0 0 261 6 80 33
0 0 4 6 80 34
0 0 54 6 80 34
0 0 3 6 80 32
0 0 278 6 80 32
0 0 15 6 80 34
0 0 32 6 80 34
0 0 88 6 80 34
0 0 999258 6 80 34
0 0 6 6 80 32
0 1 78 6 80 32
0 0 7 6 80 34
0 0 30 6 80 34
0 0 11 6 80 34
0 0 3 6 80 34
0 0 45 6 80 34
0 0 11 6 80 34
0 0 25 6 80 34
0 0 210 6 80 34
0 0 23 6 80 24
0 0 191 6 80 24
0 0 12 6 80 33
0 0 999823 6 80 33
0 0 5 6 80 34
0 0 148 6 80 34
0 0 5 6 80 32
0 0 89 6 80 32
0 0 6 6 80 34
0 0 999097 6 80 34
0 0 4 6 80 34
0 0 750 6 80 34
0 0 62 6 80 32
0 0 12 6 80 34
0 0 14 6 80 34
0 0 9 6 80 32
0 0 14 6 80 34
0 0 19 6 80 34
0 0 4 6 80 34
0 0 999600 6 80 34
0 0 9 6 80 34
0 0 6 6 80 34
0 0 14 6 80 34
0 0 181 6 80 34
0 0 17 6 80 24
0 0 999412 6 80 24
0 0 13 6 80 33
0 0 8 6 80 33
0 0 5 6 80 34
0 0 999985 6 80 34
0 0 9 6 80 32
0 0 160 6 80 32
0 0 15 6 80 34
0 0 32 6 80 34
0 0 29 6 80 34
0 0 3 6 80 34
0 0 16 6 80 34
0 0 9 6 80 32
0 0 25 6 80 34
0 0 61 6 80 32
0 0 17 6 80 34
0 0 4 6 80 34
0 0 21 6 80 34
0 0 12 6 80 34
0 0 30 6 80 34
0 0 35 6 80 34
0 0 10 6 80 34
0 0 125 6 80 34
0 0 8 6 80 24
0 0 54 6 80 24
0 0 9 6 80 32
0 0 26 6 80 32
0 0 7 6 80 33
0 0 17 6 80 33
0 0 6 6 80 34
0 0 14 6 80 34
0 0 15 6 80 32
0 0 999295 6 80 32
0 0 8 6 80 34
0 0 55 6 80 34
0 0 3 6 80 34
0 0 89 6 80 34
0 0 14 6 80 34
0 0 224 6 80 34
0 0 3 6 80 34
0 0 999881 6 80 34
0 0 9 6 80 34
0 0 2 6 80 34
0 0 13 6 80 34
0 0 153 6 80 34
0 0 7 6 80 34
0 0 91 6 80 34
0 0 5 6 80 24
0 0 20 6 80 24
0 0 6 6 80 32
0 0 111 6 80 32
0 0 8 6 80 33
0 0 999145 6 80 33
0 0 3 6 80 34
0 0 107 6 80 34
0 0 3 6 80 34
0 0 32 6 80 34
0 0 4 6 80 32
0 0 4 6 80 34
0 0 5 6 80 32
0 0 146 6 80 34
0 0 8 6 80 34
0 0 100 6 80 34
0 0 3 6 80 34
0 0 108 6 80 34
0 0 6 6 80 34
0 0 41 6 80 34
0 0 4 6 80 34
0 0 113 6 80 34
0 0 3 6 80 34
0 0 179 6 80 34
0 0 7 6 80 24
0 0 999250 6 80 24
0 0 2 6 80 33
0 0 1 6 80 32
0 0 3 6 80 33
0 0 29 6 80 32
0 0 4 6 80 34
0 0 555 6 80 34
0 0 3 6 80 34
0 0 88 6 80 34
0 0 9 6 80 34
0 0 5 6 80 34
0 0 45 6 80 32
0 0 999191 6 80 32
0 0 5 6 80 34
0 0 17 6 80 34
0 0 4 6 80 34
0 0 0 6 80 34
0 0 8 6 80 34
0 0 5 6 80 34
0 0 5 6 80 34
0 0 2 6 80 24
0 0 15 6 80 34
0 0 5 6 80 34
0 0 1 6 80 24
0 0 321 6 80 34
0 0 3 6 80 33
0 0 433 6 80 33
0 0 4 6 80 32
0 0 999070 6 80 32
0 0 3 6 80 34
0 0 236 6 80 34
0 0 18 6 80 34
0 0 183 6 80 34
0 0 12 6 80 34
0 0 5 6 80 32
0 0 4 6 80 34
0 0 20 6 80 32
0 0 11 6 80 34
0 0 35 6 80 34
0 0 3 6 80 34
0 0 999880 6 80 34
0 0 33 6 80 34
0 0 92 6 80 34
0 0 8 6 80 34
0 0 310 6 80 34
0 0 5 6 80 34
0 0 3 6 80 34
0 0 13 6 80 24
0 0 999146 6 80 24
0 0 10 6 80 32
0 0 1 6 80 32
0 0 9 6 80 33
0 0 150 6 80 33
0 0 6 6 80 34
0 0 2 6 80 34
0 0 4 6 80 34
0 0 119 6 80 34
0 0 4 6 80 34
0 0 82 6 80 34
0 0 6 6 80 32
0 0 5 6 80 32
0 0 5 6 80 34
0 0 193 6 80 34
0 0 23 6 80 34
0 0 5 6 80 34
0 0 30 6 80 34
0 0 8 6 80 34
0 0 18 6 80 34
0 0 13 6 80 34
0 0 4 6 80 34
0 0 85 6 80 34
0 0 20 6 80 24
0 0 999638 6 80 24
0 0 4 6 80 32
0 0 4 6 80 33
0 0 6 6 80 32
0 0 240 6 80 33
0 0 15 6 80 34
0 0 90 6 80 34
0 0 18 6 80 32
0 0 9 6 80 34
0 0 6 6 80 32
0 0 0 6 80 34
0 0 0 6 80 34
0 0 28 6 80 34
0 0 39 6 80 34
0 0 999056 6 80 34
0 0 7 6 80 34
0 0 259 6 80 34
0 0 7 6 80 34
0 0 58 6 80 34
0 0 11 6 80 34
0 0 48 6 80 34
0 0 4 6 80 34
0 0 104 6 80 34
0 0 7 6 80 24
0 1 999684 6 80 24
0 0 89 6 80 32
0 0 2 6 80 32
0 0 6 6 80 33
0 0 10 6 80 34
0 0 2 6 80 34
0 0 8 6 80 33
0 0 6 6 80 34
0 0 18 6 80 32
0 0 7 6 80 34
0 0 2 6 80 34
0 0 1 6 80 34
0 0 4 6 80 32
0 0 0 6 80 34
0 0 1 6 80 34
0 0 10 6 80 34
0 0 73 6 80 34
0 0 4 6 80 34
0 0 53 6 80 34
0 0 3 6 80 34
0 0 73 6 80 34
0 0 10 6 80 34
0 0 286 6 80 34
0 0 11 6 80 24
0 0 999272 6 80 24
0 0 3 6 80 32
0 0 273 6 80 32
0 0 5 6 80 34
0 0 150 6 80 34
0 0 4 6 80 33
0 0 69 6 80 33
0 0 5 6 80 32
0 0 31 6 80 32
0 0 12 6 80 34
0 0 1 6 80 34
0 0 11 6 80 34
0 0 98 6 80 34
0 0 4 6 80 34
0 0 5 6 80 34
0 0 4 6 80 34
0 0 93 6 80 34
0 0 8 6 80 34
0 0 999736 6 80 34
0 0 6 6 80 34
0 0 71 6 80 34
0 0 31 6 80 32
0 0 3 6 80 32
0 0 10 6 80 34
0 0 12 6 80 24
0 0 25 6 80 34
0 0 52 6 80 24
0 0 7 6 80 34
0 0 73 6 80 34
0 0 13 6 80 32
0 0 12 6 80 32
0 0 22 6 80 33
0 0 999034 6 80 33
0 0 10 6 80 34
0 0 48 6 80 34
0 0 10 6 80 34
0 0 31 6 80 34
0 0 7 6 80 34
0 0 15 6 80 34
0 0 6 6 80 34
0 0 17 6 80 34
0 0 5 6 80 34
0 0 33 6 80 34
0 0 11 6 80 34
0 0 132 6 80 34
0 0 5 6 80 32
0 0 16 6 80 32
0 0 5 6 80 34
0 0 94 6 80 34
0 0 3 6 80 24
0 0 353 6 80 24
0 0 11 6 80 34
0 0 130 6 80 34
0 0 6 6 80 32
0 0 999099 6 80 32
0 0 5 6 80 33
0 0 233 6 80 33
0 0 6 6 80 34
0 0 3 6 80 34
0 0 6 6 80 34
0 0 999906 6 80 34
0 0 15 6 80 34
0 0 10 6 80 34
0 0 11 6 80 34
0 0 1 6 80 34
0 0 26 6 80 34
0 0 12 6 80 34
0 0 100 6 80 34
0 0 29 6 80 32
0 0 28 6 80 34
0 0 14 6 80 34
0 0 44 6 80 32
0 0 26 6 80 34
0 0 2 6 80 34
0 0 41 6 80 34
0 0 79 6 80 24
0 0 236 6 80 24
0 0 14 6 80 32
0 0 999143 6 80 32
0 0 8 6 80 33
0 0 225 6 80 33
0 0 10 6 80 34
0 0 152 6 80 34
0 0 7 6 80 34
0 0 209 6 80 34
0 0 48 6 80 34
0 0 999764 6 80 34
0 0 17 6 80 34
0 0 9 6 80 34
0 0 15 6 80 34
0 0 71 6 80 34
0 0 12 6 80 34
0 0 294 6 80 34
0 0 5 6 80 32
0 0 87 6 80 32
0 0 4 6 80 34
0 0 999221 6 80 34
0 0 4 6 80 34
0 0 43 6 80 34
0 0 6 6 80 24
0 0 218 6 80 24
0 0 81 6 80 32
0 0 31 6 80 32
0 0 7 6 80 33
0 0 205 6 80 33
0 0 6 6 80 34
0 0 69 6 80 34
0 0 15 6 80 34
0 0 999196 6 80 34
0 0 5 6 80 34
0 0 766 6 80 34
0 0 12 6 80 34
0 0 17 6 80 34
0 0 8 6 80 34
0 0 999206 6 80 34
0 0 21 6 80 34
0 0 93 6 80 34
0 0 6 6 80 32
0 0 74 6 80 32
0 0 3 6 80 34
0 0 4 6 80 24
0 0 4 6 80 34
0 0 1 6 80 24
0 0 17 6 80 34
0 0 149 6 80 34
0 0 9 6 80 34
0 0 1 6 80 32
0 0 0 6 80 34
0 0 8 6 80 33
0 0 16 6 80 32
0 0 46 6 80 33
0 0 3 6 80 34
0 0 347 6 80 34
0 0 10 6 80 34
0 0 25 6 80 34
0 0 7 6 80 34
0 0 999079 6 80 34
0 0 7 6 80 34
0 0 53 6 80 34
0 0 7 6 80 34
0 0 179 6 80 34
0 0 12 6 80 32
0 0 5 6 80 32
0 0 12 6 80 34
0 0 29 6 80 34
0 0 5 6 80 32
0 0 5 6 80 24
0 0 3 6 80 32
0 0 118 6 80 24
0 0 4 6 80 33
0 0 31 6 80 33
0 0 5 6 80 34
0 0 62 6 80 34
0 0 5 6 80 32
0 0 23 6 80 32
0 0 2 6 80 34
0 0 999904 6 80 34
0 0 14 6 80 34
0 0 71 6 80 34
0 0 21 6 80 34
0 0 12 6 80 34
0 0 4 6 80 34
0 0 24 6 80 34
0 0 16 6 80 34
0 0 9 6 80 34
0 0 17 6 80 34
0 0 148 6 80 34
0 0 12 6 80 32
0 0 6 6 80 32
0 0 27 6 80 24
0 0 999201 6 80 24
0 0 3 6 80 33
0 0 5 6 80 33
0 0 4 6 80 34
0 0 73 6 80 34
0 0 6 6 80 32
0 0 138 6 80 32
0 0 12 6 80 34
0 0 48 6 80 34
0 0 6 6 80 34
0 0 64 6 80 34
0 0 15 6 80 34
0 0 409 6 80 34
0 0 6 6 80 34
0 0 34 6 80 34
0 0 7 6 80 34
0 0 999856 6 80 34
0 0 12 6 80 34
0 0 9 6 80 34
0 0 68 6 80 34
0 0 11 6 80 32
0 0 64 6 80 34
0 0 7 6 80 32
0 0 28 6 80 24
0 0 16 6 80 33
0 0 999029 6 80 24
0 0 10 6 80 34
0 0 13 6 80 33
0 0 75 6 80 32
0 0 25 6 80 32
0 0 1 6 80 34
0 0 37 6 80 34
0 0 12 6 80 34
0 0 25 6 80 34
0 0 130 6 80 34
0 0 10 6 80 34
0 0 351 6 80 34
0 0 31 6 80 34
0 0 50 6 80 34
0 0 8 6 80 34
0 0 51 6 80 34
0 0 11 6 80 34
0 0 21 6 80 34
0 0 4 6 80 32
0 0 3 6 80 32
0 0 8 6 80 34
0 0 5 6 80 34
0 0 5 6 80 24
0 0 999161 6 80 24
0 0 10 6 80 33
0 0 182 6 80 33
0 0 5 6 80 34
0 0 46 6 80 34
0 0 5 6 80 32
0 0 121 6 80 32
0 0 3 6 80 34
0 0 999597 6 80 34
0 0 6 6 80 34
0 0 134 6 80 34
0 0 3 6 80 34
0 0 25 6 80 34
0 0 39 6 80 34
0 0 57 6 80 34
0 0 43 6 80 34
0 0 23 6 80 32
0 0 24 6 80 34
0 0 3 6 80 34
0 0 4 6 80 32
0 0 32 6 80 34
0 0 2 6 80 33
0 0 46 6 80 24
0 0 4 6 80 34
0 0 13 6 80 34
0 0 5 6 80 24
0 0 362 6 80 33
0 0 3 6 80 32
0 0 0 6 80 34
0 0 5 6 80 32
0 0 16 6 80 34
0 0 6 6 80 34
0 0 17 6 80 34
0 0 6 6 80 34
0 0 999094 6 80 34
0 0 6 6 80 34
0 0 259 6 80 34
0 0 7 6 80 34
0 0 2 6 80 34
0 0 5 6 80 34
0 0 9 6 80 34
0 0 22 6 80 32
0 0 14 6 80 32
0 0 14 6 80 34
0 0 72 6 80 34
0 0 24 6 80 34
0 0 2 6 80 34
0 0 4 6 80 24
0 0 7 6 80 24
0 0 3 6 80 33
0 0 266 6 80 33
0 0 8 6 80 32
0 0 76 6 80 32
0 0 6 6 80 34
0 0 62 6 80 34
0 0 7 6 80 34
0 0 10 6 80 34
0 0 10 6 80 34
0 0 999752 6 80 34
0 0 23 6 80 34
0 0 42 6 80 34
0 0 49 6 80 34
0 0 999338 6 80 34
0 0 3 6 80 34
0 0 444 6 80 34
0 0 11 6 80 32
0 0 95 6 80 32
0 0 3 6 80 34
0 0 148 6 80 34
0 0 4 6 80 34
0 0 41 6 80 34
0 0 3 6 80 24
0 0 18 6 80 24
0 0 3 6 80 33
0 0 17 6 80 33
0 0 3 6 80 32
0 0 999146 6 80 32
0 0 3 6 80 34
0 0 124 6 80 34
0 0 7 6 80 34
0 0 130 6 80 34
0 0 10 6 80 34
0 0 75 6 80 34
0 0 2 6 80 34
0 0 3 6 80 34
0 0 0 6 80 34
0 0 999672 6 80 34
0 0 16 6 80 34
0 0 44 6 80 34
0 0 34 6 80 34
0 0 312 6 80 34
0 0 0 6 80 24
0 0 14 6 80 34
0 0 9 6 80 24
0 0 45 6 80 34
0 0 7 6 80 33
0 0 13 6 80 33
0 0 11 6 80 32
0 0 104 6 80 32
0 0 11 6 80 32
0 0 999389 6 80 32
0 0 5 6 80 34
0 0 105 6 80 34
0 0 4 6 80 34
0 0 65 6 80 34
0 0 6 6 80 34
0 0 35 6 80 34
0 0 2 6 80 34
0 0 280 6 80 34
0 0 7 6 80 34
0 0 142 6 80 34
0 0 15 6 80 34
0 0 66 6 80 34
0 0 16 6 80 34
0 0 35 6 80 34
0 0 11 6 80 24
0 0 7 6 80 24
0 0 13 6 80 34
0 0 999742 6 80 34
0 0 12 6 80 32
0 0 12 6 80 32
0 0 13 6 80 32
0 0 12 6 80 34
0 0 4 6 80 34
0 0 7 6 80 32
0 0 4 6 80 33
0 0 2 6 80 34
0 0 39 6 80 34
0 0 13 6 80 34
0 0 42 6 80 34
0 0 14 6 80 33
0 0 23 6 80 34
0 0 63 6 80 34
0 0 3 6 80 34
0 0 20 6 80 34
0 0 2 6 80 34
0 0 1 6 80 34
0 0 1 6 80 34
0 0 1 6 80 34
0 0 23 6 80 34
0 0 1 6 80 32
0 0 7 6 80 24
0 0 1 6 80 34
0 0 0 6 80 24
0 0 999299 6 80 32
0 0 2 6 80 33
0 0 7 6 80 32
0 0 12 6 80 32
0 0 117 6 80 33
0 0 3 6 80 34
0 0 1 6 80 34
0 0 4 6 80 34
0 0 27 6 80 34
0 0 6 6 80 34
0 0 349 6 80 34
0 0 8 6 80 34
0 0 68 6 80 34
0 0 4 6 80 34
0 0 81 6 80 34
0 0 5 6 80 34
0 0 999246 6 80 34
0 0 7 6 80 34
0 0 67 6 80 34
0 0 3 6 80 32
0 0 38 6 80 32
0 0 9 6 80 24
0 0 650 6 80 24
0 0 9 6 80 34
0 0 999022 6 80 34
0 0 8 6 80 32
0 0 13 6 80 32
0 0 121 6 80 33
0 0 2 6 80 34
0 0 59 6 80 33
0 0 2 6 80 34
0 0 5 6 80 34
0 0 11 6 80 34
0 0 23 6 80 34
0 0 8 6 80 34
0 0 25 6 80 34
0 0 225 6 80 34
0 0 24 6 80 34
0 0 58 6 80 34
0 0 22 6 80 34
0 0 306 6 80 34
0 0 3 6 80 34
0 0 4 6 80 34
0 0 7 6 80 32
0 0 999195 6 80 32
0 0 13 6 80 24
0 0 167 6 80 24
0 0 4 6 80 34
0 0 42 6 80 34
0 0 6 6 80 32
0 0 41 6 80 32
0 0 5 6 80 33
0 0 314 6 80 33
0 0 26 6 80 34
0 0 5 6 80 34
0 0 7 6 80 34
0 0 999658 6 80 34
0 0 18 6 80 34
0 0 22 6 80 34
0 0 7 6 80 34
0 0 6 6 80 34
0 0 19 6 80 34
0 0 74 6 80 34
0 0 16 6 80 34
0 0 103 6 80 34
0 0 8 6 80 34
0 0 209 6 80 34
0 0 16 6 80 32
0 0 999095 6 80 32
0 0 4 6 80 24
0 0 75 6 80 24
0 0 2 6 80 34
0 0 4 6 80 32
0 0 1 6 80 34
0 0 43 6 80 32
0 0 14 6 80 33
0 0 42 6 80 33
0 0 8 6 80 34
0 0 69 6 80 34
0 0 4 6 80 34
0 0 40 6 80 34
0 0 5 6 80 34
0 0 67 6 80 34
0 0 4 6 80 34
0 0 26 6 80 34
0 0 4 6 80 34
0 1 485 6 80 34
0 0 11 6 80 34
0 0 3 6 80 34
0 0 15 6 80 34
0 0 4 6 80 34
0 0 33 6 80 32
0 0 1 6 80 24
0 0 20 6 80 32
0 0 999038 6 80 24
0 0 4 6 80 34
0 0 34 6 80 32
0 0 15 6 80 32
0 0 11 6 80 34
0 0 66 6 80 33
0 0 39 6 80 34
0 0 13 6 80 34
0 0 59 6 80 33
0 0 63 6 80 34
0 0 14 6 80 34
0 0 11 6 80 34
0 0 63 6 80 34
0 0 9 6 80 34
0 0 37 6 80 34
0 0 4 6 80 34
0 0 29 6 80 34
0 0 2 6 80 34
0 0 3 6 80 34
0 0 3 6 80 34
0 0 480 6 80 34
0 0 5 6 80 32
0 0 999080 6 80 32
0 0 4 6 80 24
0 0 70 6 80 24
0 0 4 6 80 32
0 0 250 6 80 32
0 0 6 6 80 34
0 0 75 6 80 34
0 0 7 6 80 33
0 0 999816 6 80 33
0 0 9 6 80 34
0 0 29 6 80 34
0 0 8 6 80 34
0 0 40 6 80 34
0 0 102 6 80 34
0 0 2 6 80 34
0 0 13 6 80 34
0 0 2 6 80 34
0 0 73 6 80 34
0 0 204 6 80 34
0 0 2 6 80 34
0 0 15 6 80 24
0 0 5 6 80 34
0 0 11 6 80 24
0 0 13 6 80 34
0 0 2 6 80 34
0 0 35 6 80 32
0 0 132 6 80 32
0 0 999007 6 80 32
0 0 94 6 80 32
0 0 4 6 80 34
0 0 5 6 80 34
0 0 5 6 80 33
0 0 49 6 80 33
0 0 4 6 80 34
0 0 285 6 80 34
0 0 5 6 80 34
0 0 32 6 80 34
0 0 4 6 80 34
0 0 301 6 80 34
0 0 7 6 80 34
0 0 999265 6 80 34
0 0 5 6 80 34
0 0 3 6 80 24
0 0 4 6 80 34
0 0 706 6 80 24
0 0 5 6 80 32
0 0 2 6 80 34
0 0 7 6 80 32
0 0 7 6 80 34
0 0 4 6 80 34
0 0 26 6 80 34
0 0 9 6 80 32
0 0 13 6 80 32
0 0 31 6 80 34
0 0 73 6 80 34
0 0 999059 6 80 33
0 0 72 6 80 33
0 0 6 6 80 34
0 0 13 6 80 34
0 0 6 6 80 34
0 0 138 6 80 34
0 0 7 6 80 34
0 0 57 6 80 34
0 0 3 6 80 34
0 0 14 6 80 34
0 0 3 6 80 34
0 0 184 6 80 34
0 0 7 6 80 24
0 0 72 6 80 24
0 0 5 6 80 32
0 0 311 6 80 32
0 0 4 6 80 34
0 0 2 6 80 34
0 0 13 6 80 34
0 0 999282 6 80 34
0 0 6 6 80 32
0 0 271 6 80 32
0 0 6 6 80 34
0 0 999805 6 80 34
0 0 26 6 80 33
0 0 40 6 80 33
0 0 34 6 80 34
0 0 50 6 80 34
0 0 23 6 80 34
0 0 13 6 80 34
0 0 25 6 80 34
0 0 114 6 80 34
0 0 14 6 80 34
0 0 340 6 80 34
0 0 10 6 80 34
0 0 999060 6 80 34
0 0 4 6 80 24
0 0 24 6 80 24
0 0 4 6 80 32
0 0 204 6 80 32
0 0 5 6 80 34
0 0 47 6 80 34
0 0 7 6 80 34
0 0 20 6 80 34
0 0 6 6 80 32
0 0 244 6 80 32
0 0 18 6 80 33
0 0 38 6 80 34
0 0 1 6 80 34
0 0 182 6 80 33
0 0 6 6 80 34
0 0 3 6 80 34
0 0 8 6 80 34
0 0 999155 6 80 34
0 0 4 6 80 34
0 0 819 6 80 34
0 0 4 6 80 34
0 0 9 6 80 34
0 0 14 6 80 34
0 0 89 6 80 34
0 0 13 6 80 24
0 0 999251 6 80 24
0 0 11 6 80 32
0 0 19 6 80 32
0 0 89 6 80 34
0 0 6 6 80 34
0 0 2 6 80 34
0 0 163 6 80 34
0 0 4 6 80 32
0 0 225 6 80 32
0 0 7 6 80 34
0 0 61 6 80 34
0 0 13 6 80 34
0 0 999208 6 80 34
0 0 6 6 80 34
0 0 125 6 80 34
0 0 5 6 80 34
0 0 275 6 80 34
0 0 3 6 80 34
0 0 999902 6 80 34
0 0 7 6 80 34
0 0 9 6 80 32
0 0 3 6 80 34
0 0 83 6 80 32
0 0 3 6 80 34
0 0 1 6 80 34
0 0 12 6 80 34
0 0 23 6 80 34
0 0 11 6 80 32
0 0 91 6 80 32
0 0 7 6 80 24
0 0 20 6 80 24
0 0 17 6 80 33
0 0 38 6 80 33
0 0 4 6 80 34
0 0 81 6 80 34
0 0 9 6 80 34
0 0 93 6 80 34
0 0 7 6 80 34
0 0 65 6 80 34
0 0 11 6 80 34
0 0 9 6 80 34
0 0 1 6 80 34
0 0 10 6 80 34
0 0 5 6 80 34
0 0 999050 6 80 34
0 0 4 6 80 32
0 0 148 6 80 32
0 0 4 6 80 34
0 0 34 6 80 34
0 0 3 6 80 34
0 0 22 6 80 34
0 0 3 6 80 32
0 0 62 6 80 32
0 0 5 6 80 24
0 0 75 6 80 24
0 0 6 6 80 33
0 0 139 6 80 33
0 0 6 6 80 34
0 0 205 6 80 34
0 0 8 6 80 34
0 0 999918 6 80 34
0 0 62 6 80 34
0 0 60 6 80 34
0 0 8 6 80 34
0 0 21 6 80 34
0 0 5 6 80 34
0 0 47 6 80 34
0 0 5 6 80 34
0 0 15 6 80 34
0 0 4 6 80 32
0 0 57 6 80 32
0 0 6 6 80 34
0 0 999048 6 80 34
0 0 9 6 80 34
0 0 73 6 80 34
0 0 3 6 80 32
0 0 58 6 80 32
0 0 5 6 80 33
0 0 3 6 80 24
0 0 5 6 80 33
0 0 103 6 80 24
0 0 7 6 80 34
0 0 12 6 80 34
0 0 6 6 80 34
0 0 405 6 80 34
0 0 7 6 80 34
0 0 255 6 80 34
0 0 4 6 80 34
0 0 999246 6 80 34
0 0 5 6 80 34
0 1 105 6 80 34
0 0 12 6 80 34
0 0 21 6 80 34
0 0 14 6 80 32
0 0 97 6 80 32
0 0 9 6 80 34
0 0 75 6 80 34
0 0 16 6 80 34
0 0 58 6 80 34
0 0 37 6 80 32
0 0 112 6 80 32
0 0 5 6 80 24
0 0 123 6 80 24
0 0 1 6 80 34
0 0 7 6 80 33
0 0 10 6 80 34
0 0 999134 6 80 33
0 0 11 6 80 34
0 0 112 6 80 34
0 0 4 6 80 34
0 0 86 6 80 34
0 0 4 6 80 34
0 0 30 6 80 34
0 0 3 6 80 34
0 0 159 6 80 34
0 0 3 6 80 34
0 0 312 6 80 34
0 0 3 6 80 32
0 0 75 6 80 32
0 0 4 6 80 34
0 0 1 6 80 34
0 0 4 6 80 34
0 0 26 6 80 34
0 0 1 6 80 32
0 0 4 6 80 24
0 0 1 6 80 32
0 0 999746 6 80 24
0 0 6 6 80 33
0 0 109 6 80 33
0 0 24 6 80 34
0 0 7 6 80 34
0 0 4 6 80 34
0 0 7 6 80 34
0 0 7 6 80 34
0 0 50 6 80 34
0 0 13 6 80 34
0 0 999282 6 80 34
0 0 7 6 80 34
0 0 33 6 80 34
0 0 5 6 80 34
0 0 475 6 80 34
0 0 5 6 80 32
0 0 999443 6 80 32
0 0 4 6 80 34
0 0 111 6 80 34
0 0 10 6 80 34
0 0 64 6 80 34
0 0 7 6 80 24
0 0 21 6 80 24
0 0 12 6 80 24
0 0 999980 6 80 24
0 0 22 6 80 34
0 0 38 6 80 34
0 0 80 6 80 34
0 0 3 6 80 34
0 0 16 6 80 34
0 0 24 6 80 33
0 0 66 6 80 34
0 0 27 6 80 34
0 0 32 6 80 34
0 0 3 6 80 33
0 0 20 6 80 34
0 0 4 6 80 34
0 0 97 6 80 32
0 0 31 6 80 34
0 0 1 6 80 24
0 0 8 6 80 32
0 0 2 6 80 34
0 0 35 6 80 34
0 0 21 6 80 34
0 0 9 6 80 32
0 0 3 6 80 24
0 0 33 6 80 34
0 0 28 6 80 34
0 0 44 6 80 32
0 0 13 6 80 34
0 0 13 6 80 34
0 0 999028 6 80 34
0 0 2 6 80 34
0 0 6 6 80 34
0 0 51 6 80 34
0 0 10 6 80 34
0 0 8 6 80 34
0 0 12 6 80 34
0 0 4 6 80 34
0 0 16 6 80 32
0 0 8 6 80 32
0 0 13 6 80 24
0 0 55 6 80 24
0 0 3 6 80 24
0 0 43 6 80 24
0 0 5 6 80 34
0 0 256 6 80 34
0 0 8 6 80 32
0 0 13 6 80 33
0 0 0 6 80 32
0 0 147 6 80 33
0 0 14 6 80 34
0 0 46 6 80 34
0 0 10 6 80 34
0 0 6 6 80 34
0 0 6 6 80 34
0 0 37 6 80 34
0 0 8 6 80 34
0 0 999880 6 80 34
0 0 12 6 80 34
0 0 99 6 80 34
0 0 14 6 80 34
0 0 67 6 80 32
0 0 2 6 80 34
0 0 47 6 80 32
0 0 14 6 80 34
0 0 24 6 80 34
0 0 999045 6 80 24
0 0 11 6 80 24
0 0 6 6 80 34
0 0 226 6 80 34
0 0 4 6 80 33
0 0 108 6 80 33
0 0 12 6 80 32
0 0 268 6 80 32
0 0 3 6 80 34
0 0 100 6 80 34
0 0 5 6 80 34
0 0 200 6 80 34
0 0 5 6 80 34
0 0 999435 6 80 34
0 0 38 6 80 34
0 0 999666 6 80 34
0 0 6 6 80 34
0 0 9 6 80 34
0 0 11 6 80 34
0 0 24 6 80 34
0 0 9 6 80 32
0 0 32 6 80 32
0 0 11 6 80 34
0 0 15 6 80 34
0 0 1 6 80 24
0 0 14 6 80 34
0 0 3 6 80 24
0 0 40 6 80 34
0 0 3 6 80 32
0 0 8 6 80 33
0 0 0 6 80 32
0 0 147 6 80 33
0 0 5 6 80 34
0 0 463 6 80 34
0 0 5 6 80 34
0 0 86 6 80 34
0 0 999003 6 80 34
0 0 236 6 80 34
0 0 11 6 80 34
0 0 22 6 80 34
0 0 23 6 80 34
0 0 13 6 80 34
0 0 13 6 80 34
0 0 8 6 80 32
0 0 38 6 80 34
0 0 32 6 80 32
0 0 36 6 80 34
0 0 17 6 80 24
0 0 22 6 80 34
0 0 6 6 80 24
0 0 4 6 80 34
0 0 32 6 80 32
0 0 3 6 80 34
0 0 161 6 80 32
0 0 4 6 80 33
0 0 999833 6 80 33
0 0 7 6 80 34
0 0 24 6 80 34
0 0 17 6 80 34
0 0 93 6 80 34
0 0 49 6 80 34
0 0 125 6 80 34
0 0 64 6 80 34
0 0 25 6 80 34
0 0 7 6 80 34
0 0 4 6 80 24
0 0 1 6 80 32
0 0 15 6 80 34
0 0 16 6 80 32
0 0 1 6 80 34
0 0 32 6 80 24
0 0 999011 6 80 32
0 0 16 6 80 32
0 0 171 6 80 34
0 0 17 6 80 34
0 0 293 6 80 34
0 0 10 6 80 34
0 0 412 6 80 34
0 0 2 6 80 33
0 0 2 6 80 34
0 0 2 6 80 33
0 0 999342 6 80 34
0 0 6 6 80 34
0 0 718 6 80 34
0 0 999021 6 80 34
0 0 35 6 80 34
0 0 8 6 80 34
0 0 214 6 80 34
0 0 16 6 80 32
0 0 13 6 80 32
0 0 31 6 80 34
0 0 359 6 80 34
0 0 14 6 80 32
0 0 170 6 80 32
0 0 13 6 80 24
0 0 999139 6 80 24
0 0 18 6 80 34
0 0 159 6 80 34
0 0 13 6 80 34
0 0 82 6 80 34
0 0 9 6 80 34
0 0 156 6 80 34
0 0 1 6 80 34
0 0 8 6 80 33
0 0 0 6 80 34
0 0 83 6 80 33
0 0 102 6 80 34
0 0 178 6 80 34
0 0 1 6 80 34
0 0 14 6 80 34
0 0 3 6 80 34
0 0 47 6 80 34
0 0 8 6 80 34
0 0 999174 6 80 34
0 0 10 6 80 32
0 0 159 6 80 32
0 0 3 6 80 32
0 0 240 6 80 32
0 0 15 6 80 24
0 0 98 6 80 24
0 0 8 6 80 34
0 0 11 6 80 34
0 0 25 6 80 34
0 0 216 6 80 34
0 0 46 6 80 34
0 0 2 6 80 34
0 0 32 6 80 34
0 0 21 6 80 33
0 0 1 6 80 34
0 0 2 6 80 34
0 0 3 6 80 34
0 0 16 6 80 34
0 0 999035 6 80 34
0 0 31 6 80 34
0 0 45 6 80 32
0 0 4 6 80 32
0 0 49 6 80 33
0 0 107 6 80 34
0 0 5 6 80 34
0 0 90 6 80 34
0 0 2 6 80 32
0 0 7 6 80 24
0 0 4 6 80 32
0 0 78 6 80 24
0 0 10 6 80 34
0 0 166 6 80 34
0 0 10 6 80 34
0 0 15 6 80 34
0 0 19 6 80 34
0 0 91 6 80 34
0 0 9 6 80 34
0 0 123 6 80 34
0 0 10 6 80 34
0 0 999098 6 80 34
0 0 8 6 80 34
0 0 168 6 80 34
0 0 5 6 80 33
0 0 739 6 80 33
0 0 10 6 80 32
0 0 18 6 80 32
0 0 6 6 80 34
0 0 999126 6 80 34
0 0 8 6 80 34
0 0 5 6 80 32
0 0 31 6 80 34
0 0 2 6 80 24
0 0 19 6 80 34
0 0 0 6 80 34
0 0 14 6 80 32
0 0 210 6 80 24
0 0 25 6 80 34
0 0 18 6 80 34
0 0 16 6 80 34
0 0 63 6 80 34
0 0 4 6 80 34
0 0 55 6 80 34
0 0 5 6 80 34
0 0 7 6 80 34
0 0 6 6 80 34
0 0 142 6 80 34
0 0 1 6 80 33
0 0 6 6 80 32
0 0 8 6 80 33
0 0 54 6 80 32
0 0 5 6 80 34
0 0 999485 6 80 34
0 0 13 6 80 24
0 0 54 6 80 24
0 0 34 6 80 34
0 0 158 6 80 34
0 0 6 6 80 34
0 0 238 6 80 34
0 0 7 6 80 32
0 0 999656 6 80 32
0 0 6 6 80 34
0 0 73 6 80 34
0 0 169 6 80 34
0 0 1 6 80 34
0 0 6 6 80 34
0 0 0 6 80 34
0 0 13 6 80 34
0 0 30 6 80 34
0 0 7 6 80 34
0 0 74 6 80 34
0 0 82 6 80 33
0 0 999379 6 80 33
0 0 9 6 80 34
0 0 218 6 80 34
0 0 2 6 80 34
0 0 6 6 80 32
0 0 0 6 80 34
0 0 29 6 80 32
0 0 8 6 80 24
0 0 136 6 80 24
0 0 11 6 80 34
0 0 133 6 80 34
0 0 21 6 80 34
0 0 5 6 80 34
0 0 7 6 80 34
0 0 75 6 80 34
0 0 42 6 80 34
0 0 999046 6 80 34
0 0 3 6 80 34
0 0 24 6 80 34
0 0 37 6 80 34
0 0 2 6 80 34
0 0 18 6 80 34
0 0 18 6 80 33
0 0 45 6 80 34
0 0 4 6 80 33
0 0 5 6 80 32
0 0 8 6 80 32
0 0 19 6 80 34
0 0 25 6 80 34
0 0 13 6 80 24
0 1 40 6 80 24
0 0 8 6 80 32
0 0 117 6 80 32
0 0 9 6 80 34
0 0 95 6 80 34
0 0 34 6 80 34
0 0 54 6 80 34
0 0 26 6 80 34
0 0 12 6 80 34
0 0 8 6 80 34
0 0 19 6 80 34
0 0 22 6 80 34
0 0 211 6 80 34
0 0 5 6 80 34
0 0 999172 6 80 34
0 0 370 6 80 34
0 0 72 6 80 34
0 0 6 6 80 33
0 0 139 6 80 33
0 0 10 6 80 32
0 0 8 6 80 24
0 0 5 6 80 32
0 0 67 6 80 24
0 0 11 6 80 34
0 0 7 6 80 32
0 0 26 6 80 34
0 0 999718 6 80 32
0 0 13 6 80 34
0 0 59 6 80 34
0 0 3 6 80 34
0 0 28 6 80 34
0 0 26 6 80 34
0 0 16 6 80 34
0 0 74 6 80 34
0 0 166 6 80 34
0 0 52 6 80 34
0 0 6 6 80 34
0 0 19 6 80 32
0 0 3 6 80 34
0 0 5 6 80 24
0 0 2 6 80 32
0 0 3 6 80 34
0 0 999010 6 80 34
0 0 25 6 80 24
0 0 58 6 80 34
0 0 9 6 80 33
0 0 56 6 80 33
0 0 3 6 80 32
0 0 4 6 80 34
0 0 7 6 80 32
0 0 65 6 80 34
0 0 21 6 80 34
0 0 102 6 80 34
0 0 10 6 80 34
0 0 205 6 80 34
0 0 10 6 80 34
0 0 60 6 80 34
0 0 13 6 80 34
0 0 211 6 80 34
0 0 7 6 80 34
0 0 999259 6 80 34
0 0 10 6 80 32
0 0 75 6 80 32
0 0 18 6 80 34
0 1 142 6 80 34
0 0 10 6 80 33
0 0 23 6 80 33
0 0 9 6 80 34
0 0 34 6 80 34
0 0 6 6 80 32
0 0 16 6 80 32
0 0 10 6 80 24
0 0 173 6 80 24
0 0 1 6 80 34
0 0 11 6 80 34
0 0 13 6 80 34
0 0 201 6 80 34
0 0 22 6 80 34
0 0 96 6 80 34
0 0 999069 6 80 34
0 0 12 6 80 34
0 0 6 6 80 32
0 0 1 6 80 34
0 0 13 6 80 34
0 0 3 6 80 34
0 0 15 6 80 32
0 0 49 6 80 34
0 0 6 6 80 34
0 0 633 6 80 34
0 0 4 6 80 33
0 0 999571 6 80 33
0 0 6 6 80 34
0 0 397 6 80 34
0 0 8 6 80 32
0 0 36 6 80 32
0 0 19 6 80 24
0 0 999325 6 80 24
0 0 4 6 80 34
0 0 69 6 80 34
0 0 4 6 80 34
0 0 298 6 80 34
0 0 9 6 80 34
0 0 111 6 80 34
0 0 10 6 80 34
0 0 99 6 80 34
0 0 5 6 80 34
0 1 116 6 80 34
0 0 10 6 80 34
0 0 41 6 80 32
0 0 2 6 80 32
0 0 46 6 80 34
0 0 999009 6 80 34
0 0 24 6 80 34
0 0 8 6 80 33
0 0 312 6 80 33
0 0 14 6 80 34
0 0 77 6 80 34
0 0 9 6 80 32
0 0 393 6 80 32
0 0 37 6 80 24
0 0 999210 6 80 24
0 0 12 6 80 34
0 0 253 6 80 34
0 0 9 6 80 34
0 0 9 6 80 34
0 0 2 6 80 34
0 0 11 6 80 34
0 0 6 6 80 34
0 0 203 6 80 34
0 0 10 6 80 34
0 0 999869 6 80 34
0 0 37 6 80 34
0 0 13 6 80 34
0 0 9 6 80 32
0 0 0 6 80 34
0 0 101 6 80 34
0 0 279 6 80 32
0 0 61 6 80 33
0 0 999163 6 80 33
0 0 7 6 80 32
0 0 141 6 80 32
0 0 30 6 80 34
0 0 225 6 80 34
0 0 6 6 80 24
0 0 297 6 80 24
0 0 8 6 80 34
0 0 46 6 80 34
0 0 8 6 80 34
0 0 999875 6 80 34
0 0 9 6 80 34
0 0 189 6 80 34
0 0 4 6 80 34
0 0 999059 6 80 34
0 0 10 6 80 32
0 0 21 6 80 32
0 0 8 6 80 34
0 0 20 6 80 34
0 0 14 6 80 34
0 0 121 6 80 34
0 0 10 6 80 33
0 0 113 6 80 33
0 0 3 6 80 34
0 0 175 6 80 34
0 0 12 6 80 32
0 0 303 6 80 32
0 0 28 6 80 24
0 0 0 6 80 34
0 0 2 6 80 34
0 0 0 6 80 34
0 0 3 6 80 24
0 0 4 6 80 34
0 0 0 6 80 34
0 0 999151 6 80 34
0 0 4 6 80 34
0 0 127 6 80 34
0 0 5 6 80 34
0 0 10 6 80 32
0 0 1 6 80 34
0 0 227 6 80 32
0 0 6 6 80 34
0 0 200 6 80 34
0 0 73 6 80 34
0 0 999830 6 80 34
0 0 3 6 80 34
0 0 15 6 80 33
0 0 7 6 80 34
0 0 234 6 80 33
0 0 103 6 80 34
0 0 77 6 80 32
0 0 7 6 80 34
0 0 7 6 80 34
0 0 19 6 80 32
0 0 999029 6 80 34
0 0 0 6 80 34
0 0 36 6 80 24
0 0 6 6 80 34
0 0 35 6 80 32
0 0 5 6 80 32
0 0 1 6 80 34
0 0 7 6 80 24
0 0 36 6 80 34
0 0 15 6 80 34
0 0 69 6 80 34
0 0 16 6 80 34
0 0 199 6 80 34
0 0 10 6 80 34
0 0 59 6 80 34
0 0 29 6 80 34
0 0 9 6 80 33
0 0 1 6 80 34
0 0 114 6 80 33
0 0 30 6 80 34
0 0 22 6 80 34
0 0 29 6 80 32
0 0 38 6 80 32
0 0 8 6 80 34
0 0 104 6 80 34
0 0 5 6 80 34
0 0 999584 6 80 34
0 0 4 6 80 24
0 0 424 6 80 24
0 0 25 6 80 34
0 0 26 6 80 34
0 0 23 6 80 34
0 0 6 6 80 34
0 0 999022 6 80 34
0 0 14 6 80 32
0 0 0 6 80 32
0 0 8 6 80 34
0 0 15 6 80 34
0 0 1 6 80 34
0 0 0 6 80 32
0 0 23 6 80 34
0 0 1 6 80 34
0 0 38 6 80 34
0 0 27 6 80 34
0 0 29 6 80 32
0 0 4 6 80 33
0 0 8 6 80 35
0 0 63 6 80 34
0 0 3 6 80 33
0 0 150 6 80 34
0 0 39 6 80 35
0 0 12 6 80 24
0 0 12 6 80 24
0 0 13 6 80 34
0 0 82 6 80 34
0 0 8 6 80 34
0 0 59 6 80 34
0 0 8 6 80 34
0 0 3 6 80 34
0 0 18 6 80 32
0 0 145 6 80 32
0 0 6 6 80 34
0 0 999752 6 80 34
0 0 16 6 80 32
0 0 12 6 80 32
0 0 6 6 80 34
0 0 3 6 80 33
0 0 4 6 80 34
0 0 5 6 80 33
0 0 6 6 80 34
0 0 999845 6 80 34
0 0 5 6 80 34
0 0 69 6 80 34
0 0 12 6 80 35
0 0 6 6 80 35
0 0 10 6 80 34
0 0 89 6 80 34
0 0 66 6 80 34
0 0 126 6 80 24
0 0 4 6 80 34
0 0 48 6 80 24
0 0 8 6 80 34
0 0 999135 6 80 34
0 0 4 6 80 32
0 0 183 6 80 32
0 0 7 6 80 34
0 0 186 6 80 34
0 0 4 6 80 34
0 0 5 6 80 34
0 0 4 6 80 32
0 0 125 6 80 32
0 0 3 6 80 34
0 0 36 6 80 34
0 0 5 6 80 33
0 0 347 6 80 33
0 0 8 6 80 34
0 0 21 6 80 34
0 0 3 6 80 34
0 1 13 6 80 34
0 0 999035 6 80 35
0 0 102 6 80 35
0 0 9 6 80 32
0 0 8 6 80 32
0 0 15 6 80 34
0 0 31 6 80 34
0 0 3 6 80 24
0 0 14 6 80 34
0 0 13 6 80 34
0 0 2 6 80 24
0 0 27 6 80 34
0 0 340 6 80 34
0 0 12 6 80 34
0 0 156 6 80 34
0 0 28 6 80 34
0 0 999256 6 80 34
0 0 38 6 80 32
0 0 41 6 80 32
0 0 2 6 80 34
0 0 23 6 80 33
0 0 1 6 80 33
0 0 0 6 80 34
0 0 47 6 80 34
0 0 142 6 80 34
0 0 5 6 80 34
0 0 181 6 80 34
0 0 2 6 80 35
0 0 4 6 80 34
0 0 171 6 80 32
0 0 1 6 80 35
0 0 1 6 80 34
0 0 999989 6 80 32
0 0 4 6 80 24
0 0 22 6 80 24
0 0 9 6 80 34
0 0 101 6 80 34
0 0 17 6 80 34
0 0 16 6 80 34
0 0 7 6 80 34
0 0 86 6 80 34
0 0 14 6 80 32
0 0 6 6 80 32
0 0 8 6 80 34
0 0 999217 6 80 34
0 0 4 6 80 34
0 0 24 6 80 33
0 0 15 6 80 33
0 0 375 6 80 34
0 0 60 6 80 34
0 0 36 6 80 34
0 0 14 6 80 34
0 0 15 6 80 34
0 0 7 6 80 35
0 0 121 6 80 35
0 0 3 6 80 24
0 0 52 6 80 24
0 0 2 6 80 34
0 0 14 6 80 32
0 0 9 6 80 34
0 0 999134 6 80 32
0 0 6 6 80 34
0 0 13 6 80 34
0 0 5 6 80 34
0 0 252 6 80 34
0 0 4 6 80 34
0 0 6 6 80 34
0 0 1 6 80 34
0 0 124 6 80 34
0 0 3 6 80 34
0 0 999714 6 80 34
0 0 13 6 80 34
0 0 124 6 80 34
0 0 12 6 80 32
0 0 89 6 80 32
0 0 18 6 80 35
0 0 36 6 80 35
0 0 4 6 80 24
0 0 999594 6 80 24
0 0 234 6 80 34
0 0 408 6 80 33
0 0 45 6 80 32
0 0 65 6 80 34
0 0 93 6 80 34
0 0 15 6 80 34
0 0 10 6 80 34
0 0 999096 6 80 34
0 0 2 6 80 34
0 0 30 6 80 34
0 0 5 6 80 35
0 0 0 6 80 34
0 0 0 6 80 34
0 0 5 6 80 34
0 0 2 6 80 33
0 0 1 6 80 32
0 0 2 6 80 34
0 0 2 6 80 34
0 0 7 6 80 34
0 0 47 6 80 34
0 0 2 6 80 35
0 0 4 6 80 35
0 0 3 6 80 35
0 0 8 6 80 34
0 0 2 6 80 35
0 0 6 6 80 32
0 0 4 6 80 35
0 0 90 6 80 35
0 0 60 6 80 35
0 0 16 6 80 35
0 0 2 6 80 35
0 0 147 6 80 32
0 0 5 6 80 24
0 0 195 6 80 24
0 0 9 6 80 34
0 0 103 6 80 34
0 0 6 6 80 34
0 0 74 6 80 34
0 0 8 6 80 34
0 0 36 6 80 34
0 0 13 6 80 34
0 0 999110 6 80 34
0 0 10 6 80 33
0 0 76 6 80 33
0 0 8 6 80 34
0 0 195 6 80 34
0 0 15 6 80 35
0 0 4 6 80 32
0 0 1 6 80 32
0 0 550 6 80 35
0 0 4 6 80 35
0 0 999092 6 80 35
0 0 10 6 80 35
0 0 8 6 80 35
0 0 12 6 80 35
0 0 877 6 80 35
0 0 10 6 80 34
0 0 999079 6 80 34
0 0 7 6 80 34
0 0 64 6 80 34
0 0 10 6 80 34
0 0 386 6 80 34
0 0 6 6 80 35
0 0 111 6 80 35
0 0 3 6 80 32
0 0 111 6 80 32
0 0 10 6 80 24
0 0 999436 6 80 24
0 0 5 6 80 34
0 0 3 6 80 34
0 0 4 6 80 34
0 0 64 6 80 34
0 0 12 6 80 34
0 0 14 6 80 34
0 0 5 6 80 34
0 0 115 6 80 34
0 0 5 6 80 33
0 0 17 6 80 33
0 0 3 6 80 34
0 1 9 6 80 34
0 0 8 6 80 35
0 0 1 6 80 35
0 0 10 6 80 32
0 0 146 6 80 32
0 0 26 6 80 35
0 0 999450 6 80 35
0 0 10 6 80 35
0 0 56 6 80 35
0 0 8 6 80 35
0 0 161 6 80 35
0 0 1 6 80 34
0 0 18 6 80 34
0 0 14 6 80 34
0 0 42 6 80 34
0 0 49 6 80 34
0 0 4 6 80 32
0 0 5 6 80 34
0 0 18 6 80 32
0 0 10 6 80 35
0 0 20 6 80 35
0 0 11 6 80 24
0 0 188 6 80 24
0 0 8 6 80 34
0 0 19 6 80 34
0 0 7 6 80 34
0 0 216 6 80 34
0 0 6 6 80 34
0 0 67 6 80 34
0 0 999019 6 80 33
0 0 5 6 80 33
0 0 11 6 80 34
0 0 34 6 80 34
0 0 44 6 80 34
0 0 766 6 80 34
0 0 22 6 80 35
0 0 41 6 80 32
0 0 999065 6 80 35
0 0 7 6 80 35
0 0 15 6 80 35
0 0 29 6 80 35
0 0 0 6 80 35
0 0 9 6 80 35
0 0 26 6 80 32
0 0 15 6 80 35
0 0 53 6 80 34
0 0 333 6 80 34
0 0 8 6 80 34
0 0 471 6 80 34
0 0 10 6 80 35
0 0 999130 6 80 35
0 0 14 6 80 34
0 0 19 6 80 34
0 0 6 6 80 32
0 0 358 6 80 32
0 0 2 6 80 24
0 0 7 6 80 34
0 0 6 6 80 34
0 0 4 6 80 24
0 0 28 6 80 34
0 0 45 6 80 34
0 0 6 6 80 34
0 0 999675 6 80 34
0 0 6 6 80 33
0 0 132 6 80 33
0 0 7 6 80 34
0 0 253 6 80 34
0 0 5 6 80 34
0 0 2 6 80 34
0 0 4 6 80 35
0 0 146 6 80 35
0 0 8 6 80 32
0 0 15 6 80 32
0 0 18 6 80 35
0 0 99 6 80 35
0 0 6 6 80 35
0 0 999239 6 80 35
0 0 9 6 80 35
0 0 184 6 80 35
0 0 30 6 80 34
0 0 19 6 80 34
0 0 17 6 80 34
0 0 5 6 80 35
0 0 16 6 80 34
0 0 35 6 80 35
0 0 15 6 80 34
0 0 148 6 80 34
0 0 6 6 80 32
0 0 5 6 80 24
0 0 9 6 80 32
0 0 54 6 80 24
0 0 6 6 80 34
0 0 999423 6 80 34
0 0 11 6 80 34
0 0 200 6 80 34
0 0 7 6 80 34
0 0 7 6 80 34
0 0 12 6 80 33
0 0 30 6 80 33
0 0 4 6 80 34
0 0 486 6 80 34
0 0 7 6 80 34
0 0 2 6 80 35
0 0 8 6 80 35
0 0 6 6 80 34
0 0 10 6 80 35
0 0 6 6 80 35
0 0 999012 6 80 34
0 0 14 6 80 34
0 0 7 6 80 32
0 0 2 6 80 34
0 0 2 6 80 35
0 0 20 6 80 35
0 0 13 6 80 35
0 0 21 6 80 34
0 0 72 6 80 35
0 0 13 6 80 35
0 0 0 6 80 35
0 0 3 6 80 34
0 0 4 6 80 32
0 0 56 6 80 34
0 0 29 6 80 32
0 0 312 6 80 32
0 0 8 6 80 24
0 0 58 6 80 24
0 0 7 6 80 34
0 0 70 6 80 34
0 0 19 6 80 34
0 0 82 6 80 34
0 0 26 6 80 34
0 0 1 6 80 34
0 0 8 6 80 34
0 0 6 6 80 33
0 0 10 6 80 34
0 0 14 6 80 33
0 0 1 6 80 34
0 0 91 6 80 34
0 0 15 6 80 35
0 0 999063 6 80 35
0 0 7 6 80 35
0 0 44 6 80 35
0 0 12 6 80 35
0 0 232 6 80 35
0 0 8 6 80 34
0 0 999898 6 80 34
0 0 7 6 80 35
0 0 297 6 80 35
0 0 16 6 80 32
0 0 47 6 80 32
0 0 6 6 80 35
0 0 90 6 80 35
0 0 26 6 80 34
0 0 4 6 80 32
0 0 27 6 80 34
0 0 60 6 80 32
0 0 6 6 80 34
0 0 80 6 80 34
0 0 12 6 80 24
0 0 999112 6 80 24
0 0 13 6 80 34
0 0 14 6 80 34
0 0 4 6 80 34
0 0 260 6 80 34
0 0 8 6 80 34
0 0 152 6 80 34
0 0 9 6 80 33
0 0 63 6 80 33
0 0 12 6 80 34
0 0 84 6 80 34
0 0 1 6 80 34
0 0 9 6 80 35
0 0 4 6 80 34
0 0 62 6 80 35
0 0 7 6 80 35
0 0 92 6 80 35
0 0 4 6 80 35
0 0 999160 6 80 35
0 0 4 6 80 34
0 1 94 6 80 34
0 0 30 6 80 35
0 0 35 6 80 32
0 0 0 6 80 32
0 0 108 6 80 35
0 0 21 6 80 34
0 0 58 6 80 35
0 0 6 6 80 35
0 0 56 6 80 34
0 0 2 6 80 34
0 0 11 6 80 24
0 0 0 6 80 24
0 0 17 6 80 34
0 0 0 6 80 32
0 0 5 6 80 34
0 0 2 6 80 34
0 0 2 6 80 32
0 0 12 6 80 34
0 0 31 6 80 34
0 38 999671 6 80 34
0 0 71 6 80 33
0 0 7 6 80 34
0 0 3 6 80 34
0 0 8 6 80 34
0 0 3 6 80 35
0 0 15 6 80 24
0 0 8 6 80 34
0 0 1 6 80 35
0 0 11 6 80 24
0 0 24 6 80 34
0 0 999765 6 80 34
0 0 28 6 80 35
0 0 10 6 80 35
0 0 33 6 80 35
0 0 3 6 80 35
0 0 7 6 80 35
0 0 117 6 80 35
0 0 7 6 80 35
0 0 71 6 80 35
0 0 36 6 80 34
0 0 8 6 80 34
0 0 16 6 80 34
0 0 259 6 80 34
0 0 17 6 80 34
0 0 118 6 80 34
0 0 7 6 80 34
0 0 91 6 80 34
0 0 11 6 80 32
0 0 999509 6 80 32
0 0 8 6 80 34
0 0 91 6 80 34
0 0 6 6 80 32
0 0 165 6 80 32
0 0 5 6 80 33
0 0 999809 6 80 33
0 0 5 6 80 34
0 0 34 6 80 34
0 0 7 6 80 34
0 0 87 6 80 34
0 0 7 6 80 35
0 0 109 6 80 35
0 0 11 6 80 24
0 1 88 6 80 24
0 0 10 6 80 34
0 0 87 6 80 34
0 0 9 6 80 35
0 0 999118 6 80 35
0 0 12 6 80 35
0 0 76 6 80 35
0 0 13 6 80 35
0 0 158 6 80 35
0 0 3 6 80 35
0 0 999770 6 80 35
0 0 10 6 80 34
0 0 4 6 80 34
0 0 7 6 80 34
0 0 29 6 80 34
0 0 11 6 80 34
0 0 12 6 80 34
0 0 12 6 80 34
0 0 5 6 80 34
0 0 5 6 80 32
0 0 182 6 80 32
0 0 7 6 80 34
0 0 146 6 80 34
0 0 6 6 80 32
0 0 260 6 80 32
0 0 5 6 80 33
0 0 999417 6 80 33
0 0 3 6 80 34
0 0 130 6 80 34
0 0 4 6 80 34
0 0 128 6 80 34
0 0 6 6 80 35
0 0 137 6 80 35
0 0 9 6 80 24
0 0 88 6 80 24
0 0 7 6 80 34
0 0 67 6 80 34
0 0 3 6 80 35
0 0 999657 6 80 35
0 0 5 6 80 35
0 0 103 6 80 35
0 0 8 6 80 35
0 0 223 6 80 35
0 0 20 6 80 35
0 0 28 6 80 35
0 0 11 6 80 34
0 0 55 6 80 34
0 0 11 6 80 34
0 0 12 6 80 34
0 0 1 6 80 34
0 0 11 6 80 34
0 0 1 6 80 34
0 0 999108 6 80 34
0 0 6 6 80 32
0 0 150 6 80 32
0 0 11 6 80 32
0 0 164 6 80 32
0 0 13 6 80 34
0 0 301 6 80 34
0 0 23 6 80 33
0 0 208 6 80 33
0 0 14 6 80 34
0 0 999316 6 80 34
0 0 5 6 80 35
0 0 3 6 80 34
0 0 1 6 80 35
0 0 999836 6 80 34
0 0 11 6 80 24
0 0 81 6 80 24
0 0 6 6 80 34
0 0 185 6 80 34
0 0 22 6 80 35
0 0 38 6 80 35
0 0 26 6 80 35
0 0 277 6 80 35
0 0 4 6 80 35
0 0 999498 6 80 35
0 0 10 6 80 34
0 0 34 6 80 34
0 0 8 6 80 35
0 0 225 6 80 35
0 0 19 6 80 34
0 0 45 6 80 34
0 0 7 6 80 32
0 0 18 6 80 32
0 0 4 6 80 34
0 0 80 6 80 34
0 0 8 6 80 34
0 0 201 6 80 34
0 0 11 6 80 32
0 0 999761 6 80 32
0 0 8 6 80 34
0 0 60 6 80 34
0 0 10 6 80 35
0 0 0 6 80 24
0 0 4 6 80 35
0 0 27 6 80 24
0 0 12 6 80 34
0 0 69 6 80 34
0 0 12 6 80 33
0 0 54 6 80 33
0 0 6 6 80 34
0 0 999073 6 80 34
0 0 4 6 80 34
0 0 106 6 80 34
0 0 5 6 80 35
0 0 237 6 80 35
0 0 36 6 80 35
0 0 292 6 80 35
0 0 6 6 80 35
0 0 49 6 80 35
0 0 7 6 80 34
0 0 165 6 80 34
0 0 4 6 80 35
0 0 999064 6 80 35
0 0 9 6 80 34
0 0 39 6 80 34
0 0 6 6 80 32
0 0 180 6 80 32
0 0 3 6 80 34
0 0 999941 6 80 34
0 0 2 6 80 34
0 0 14 6 80 32
0 0 3 6 80 34
0 0 154 6 80 32
0 0 8 6 80 34
0 0 27 6 80 34
0 0 2 6 80 35
0 0 37 6 80 34
0 0 4 6 80 24
0 0 19 6 80 34
0 0 7 6 80 35
0 0 231 6 80 24
0 0 12 6 80 33
0 0 999317 6 80 33
0 0 6 6 80 34
0 0 146 6 80 34
0 0 4 6 80 34
0 0 73 6 80 34
0 0 10 6 80 35
0 0 26 6 80 35
0 0 12 6 80 35
0 0 446 6 80 35
0 0 3 6 80 35
0 0 999998 6 80 35
0 0 65 6 80 34
0 0 22 6 80 32
0 0 50 6 80 34
0 0 22 6 80 35
0 0 2 6 80 32
0 0 81 6 80 35
0 0 999009 6 80 34
0 0 1 6 80 34
0 0 6 6 80 32
0 0 3 6 80 34
0 0 6 6 80 32
0 0 245 6 80 34
0 0 32 6 80 34
0 0 27 6 80 34
0 0 6 6 80 34
0 0 5 6 80 24
0 0 19 6 80 34
0 0 27 6 80 24
0 0 8 6 80 34
0 0 219 6 80 34
0 0 5 6 80 35
0 0 79 6 80 35
0 0 11 6 80 33
0 0 94 6 80 33
0 0 10 6 80 34
0 0 111 6 80 34
0 0 1 6 80 35
0 0 11 6 80 34
0 0 5 6 80 35
0 0 999395 6 80 34
0 0 44 6 80 35
0 0 66 6 80 35
0 0 9 6 80 35
0 0 999736 6 80 35
0 0 61 6 80 35
0 0 29 6 80 32
0 0 44 6 80 34
0 0 11 6 80 35
0 0 9 6 80 34
0 0 35 6 80 32
0 0 61 6 80 32
0 0 16 6 80 32
0 0 2 6 80 34
0 0 20 6 80 34
0 0 50 6 80 34
0 0 9 6 80 34
0 0 96 6 80 34
0 0 75 6 80 34
0 0 9 6 80 34
0 0 84 6 80 34
0 0 10 6 80 24
0 0 102 6 80 24
0 0 10 6 80 34
0 0 999185 6 80 34
0 0 28 6 80 35
0 0 24 6 80 35
0 0 9 6 80 33
0 0 67 6 80 33
0 0 4 6 80 34
0 0 40 6 80 34
0 0 8 6 80 35
0 0 211 6 80 35
0 0 6 6 80 34
0 0 4 6 80 35
0 0 0 6 80 35
0 0 47 6 80 34
0 0 12 6 80 35
0 0 123 6 80 35
0 0 17 6 80 32
0 0 8 6 80 32
0 0 9 6 80 35
0 0 91 6 80 35
0 0 27 6 80 32
0 0 48 6 80 32
0 0 29 6 80 34
0 0 17 6 80 34
0 0 4 6 80 34
0 0 999501 6 80 34
0 0 3 6 80 34
0 0 332 6 80 34
0 0 38 6 80 34
0 0 19 6 80 34
0 0 14 6 80 34
0 0 64 6 80 34
0 0 9 6 80 34
0 0 35 6 80 34
0 0 15 6 80 24
0 0 999087 6 80 24
0 0 20 6 80 35
0 0 378 6 80 35
0 0 7 6 80 33
0 0 27 6 80 33
0 0 6 6 80 35
0 0 8 6 80 34
0 0 4 6 80 35
0 0 258 6 80 34
0 0 1 6 80 35
0 0 29 6 80 34
0 0 13 6 80 35
0 0 8 6 80 35
0 0 17 6 80 32
0 0 23 6 80 34
0 0 4 6 80 35
0 0 52 6 80 32
0 0 13 6 80 35
0 0 17 6 80 35
0 0 9 6 80 35
0 0 999116 6 80 35
0 0 15 6 80 34
0 0 434 6 80 34
0 0 11 6 80 34
0 0 3 6 80 35
0 0 13 6 80 34
0 0 36 6 80 35
0 0 1 6 80 34
0 0 3 6 80 34
0 0 4 6 80 34
0 0 8 6 80 24
0 0 1 6 80 34
0 0 8 6 80 34
0 0 3 6 80 34
0 0 5 6 80 34
0 0 4 6 80 24
0 0 999965 6 80 34
0 0 113 6 80 33
0 0 34 6 80 33
0 0 47 6 80 35
0 0 109 6 80 35
0 0 5 6 80 32
0 0 8 6 80 35
0 0 7 6 80 32
0 0 22 6 80 35
0 0 20 6 80 32
0 0 21 6 80 35
0 0 1 6 80 34
0 0 1 6 80 34
0 0 8 6 80 35
0 0 999031 6 80 32
0 0 5 6 80 34
0 0 35 6 80 34
0 0 19 6 80 35
0 0 284 6 80 35
0 0 13 6 80 34
0 0 74 6 80 34
0 0 12 6 80 34
0 0 41 6 80 34
0 0 8 6 80 35
0 0 352 6 80 35
0 0 4 6 80 34
0 0 41 6 80 34
0 0 10 6 80 34
0 0 5 6 80 34
0 0 13 6 80 34
0 0 28 6 80 34
0 0 7 6 80 34
0 0 999086 6 80 34
0 0 4 6 80 24
0 0 934 6 80 24
0 0 8 6 80 35
0 0 999051 6 80 35
0 0 17 6 80 35
0 0 82 6 80 35
0 0 7 6 80 33
0 0 4 6 80 33
0 0 31 6 80 32
0 0 41 6 80 32
0 0 32 6 80 32
0 0 63 6 80 32
0 0 7 6 80 34
0 0 197 6 80 34
0 0 4 6 80 35
0 0 3 6 80 34
0 0 1 6 80 35
0 0 174 6 80 34
0 0 6 6 80 34
0 0 64 6 80 34
0 0 9 6 80 34
0 0 161 6 80 34
0 0 11 6 80 35
0 0 999528 6 80 35
0 0 6 6 80 34
0 0 999813 6 80 34
0 0 15 6 80 34
0 0 150 6 80 34
0 0 15 6 80 34
0 0 100 6 80 34
0 0 12 6 80 34
0 0 239 6 80 34
0 0 37 6 80 24
0 0 35 6 80 24
0 0 25 6 80 35
0 0 21 6 80 35
0 0 12 6 80 35
0 0 999280 6 80 35
0 0 7 6 80 32
0 0 15 6 80 33
0 0 4 6 80 33
0 0 74 6 80 32
0 0 12 6 80 32
0 0 13 6 80 34
0 0 16 6 80 32
0 0 3 6 80 34
0 0 10 6 80 34
0 0 216 6 80 34
0 0 13 6 80 35
0 0 13 6 80 35
0 0 53 6 80 35
0 0 67 6 80 35
0 0 5 6 80 34
0 0 999287 6 80 34
0 0 9 6 80 34
0 0 34 6 80 34
0 0 9 6 80 35
0 0 31 6 80 35
0 0 9 6 80 34
0 0 732 6 80 34
0 0 9 6 80 34
0 0 55 6 80 34
0 0 7 6 80 34
0 0 24 6 80 34
0 0 1 6 80 34
0 0 21 6 80 34
0 0 999103 6 80 24
0 0 25 6 80 24
0 0 19 6 80 35
0 0 80 6 80 35
0 0 52 6 80 35
0 0 509 6 80 35
0 0 6 6 80 32
0 0 192 6 80 32
0 0 8 6 80 32
0 0 9 6 80 33
0 0 999019 6 80 32
0 0 17 6 80 33
0 0 19 6 80 34
0 0 249 6 80 34
0 0 2 6 80 35
0 0 3 6 80 34
0 0 2 6 80 35
0 0 284 6 80 34
0 0 4 6 80 35
0 0 18 6 80 34
0 0 6 6 80 35
0 0 999929 6 80 34
0 0 24 6 80 34
0 0 12 6 80 34
0 0 3 6 80 34
0 0 4 6 80 34
0 0 11 6 80 35
0 0 137 6 80 35
0 0 70 6 80 34
0 0 3 6 80 34
0 0 4 6 80 35
0 0 1 6 80 35
0 0 29 6 80 34
0 0 1 6 80 34
0 0 3 6 80 35
0 0 0 6 80 34
0 0 5 6 80 32
0 0 4 6 80 35
0 0 20 6 80 35
0 0 6 6 80 24
0 0 17 6 80 34
0 0 44 6 80 35
0 0 17 6 80 32
0 0 34 6 80 34
0 0 999011 6 80 32
0 0 17 6 80 34
0 0 27 6 80 34
0 0 48 6 80 24
0 0 15 6 80 34
0 0 44 6 80 32
0 0 21 6 80 33
0 0 645 6 80 33
0 0 11 6 80 34
0 0 128 6 80 34
0 0 3 6 80 35
0 0 999108 6 80 35
0 0 16 6 80 34
0 0 51 6 80 34
0 0 10 6 80 34
0 0 0 6 80 34
0 0 6 6 80 35
0 0 686 6 80 35
0 0 17 6 80 34
0 0 27 6 80 34
0 0 8 6 80 34
0 0 53 6 80 34
0 0 7 6 80 35
0 0 999356 6 80 35
0 0 28 6 80 35
0 0 92 6 80 35
0 0 9 6 80 35
0 0 21 6 80 35
0 0 12 6 80 34
0 0 365 6 80 34
0 0 6 6 80 32
0 0 999465 6 80 32
0 0 22 6 80 24
0 0 39 6 80 24
0 0 6 6 80 32
0 0 5 6 80 32
0 0 3 6 80 33
0 0 57 6 80 33
0 0 4 6 80 34
0 1 24 6 80 34
0 0 5 6 80 34
0 0 151 6 80 34
0 0 20 6 80 34
0 0 43 6 80 34
0 0 6 6 80 34
0 0 100 6 80 34
-1 86319 999717 6 80 35
0 0 439 6 80 34
0 0 3 6 80 34
0 0 5 6 80 33
0 0 1 6 80 33
0 0 17 6 80 34
0 0 11 6 80 34
0 0 999067 6 80 34
0 0 5 6 80 35
0 0 23 6 80 35
0 0 1 6 80 35
0 0 27 6 80 35
0 0 51 6 80 35
0 0 102 6 80 35
0 0 13 6 80 34
0 0 170 6 80 34
0 0 7 6 80 35
0 0 9 6 80 32
0 0 7 6 80 35
0 0 1 6 80 35
0 0 12 6 80 32
0 0 103 6 80 35
0 0 4 6 80 34
0 0 999746 6 80 34
0 0 8 6 80 24
0 0 78 6 80 24
0 0 90 6 80 34
0 0 1 6 80 34
0 0 0 6 80 34
0 0 37 6 80 34
0 0 13 6 80 34
0 0 31 6 80 32
0 0 22 6 80 34
0 0 4 6 80 34
0 0 100 6 80 34
0 0 70 6 80 34
0 0 5 6 80 33
0 0 3 6 80 34
0 0 30 6 80 35
0 0 6 6 80 35
0 0 3 6 80 34
0 0 7 6 80 35
0 0 1 6 80 32
0 0 0 6 80 34
0 0 8 6 80 35
0 0 18 6 80 33
0 0 3 6 80 35
0 0 6 6 80 35
0 0 55 6 80 34
0 0 17 6 80 34
0 0 1 6 80 35
0 0 999110 6 80 35
0 0 18 6 80 35
0 0 16 6 80 35
0 0 6 6 80 32
0 0 182 6 80 32
0 0 4 6 80 34
0 0 89 6 80 34
0 0 9 6 80 24
0 0 999682 6 80 24
0 0 7 6 80 34
0 0 17 6 80 34
0 0 10 6 80 34
0 0 33 6 80 34
0 0 21 6 80 34
0 0 686 6 80 34
0 0 8 6 80 34
0 0 27 6 80 34
0 0 5 6 80 33
0 0 999258 6 80 33
0 0 65 6 80 34
0 0 33 6 80 35
0 0 7 6 80 35
0 0 21 6 80 34
0 0 4 6 80 35
0 0 76 6 80 35
0 0 6 6 80 35
0 0 4 6 80 35
0 0 3 6 80 32
0 0 9 6 80 34
0 0 4 6 80 32
0 0 4 6 80 34
0 0 16 6 80 34
0 0 58 6 80 34
0 0 10 6 80 35
0 0 229 6 80 35
0 0 6 6 80 35
0 0 259 6 80 35
0 0 5 6 80 32
0 0 999147 6 80 32
0 0 9 6 80 34
0 0 24 6 80 34
0 0 13 6 80 24
0 0 37 6 80 24
0 0 16 6 80 34
0 0 553 6 80 34
0 0 8 6 80 34
0 0 164 6 80 34
0 0 6 6 80 34
0 0 999378 6 80 34
0 0 2 6 80 34
0 0 8 6 80 33
0 0 5 6 80 33
0 0 73 6 80 34
0 0 40 6 80 35
0 0 76 6 80 35
0 0 16 6 80 34
0 0 184 6 80 34
0 0 8 6 80 35
0 0 87 6 80 35
0 0 16 6 80 35
0 0 64 6 80 35
0 0 4 6 80 32
0 0 999327 6 80 32
0 0 14 6 80 34
0 0 51 6 80 34
0 0 12 6 80 34
0 0 23 6 80 34
0 0 12 6 80 35
0 0 56 6 80 35
0 0 7 6 80 35
0 0 256 6 80 35
0 0 15 6 80 32
0 0 327 6 80 32
0 0 3 6 80 24
0 1 999163 6 80 24
0 0 8 6 80 34
0 0 4 6 80 34
0 0 9 6 80 34
0 0 216 6 80 34
0 0 13 6 80 34
0 0 7 6 80 33
0 0 11 6 80 34
0 0 58 6 80 33
0 0 5 6 80 34
0 0 6 6 80 35
0 0 62 6 80 34
0 0 3 6 80 34
0 0 19 6 80 35
0 0 32 6 80 34
0 0 6 6 80 35
0 0 91 6 80 35
0 0 58 6 80 35
0 0 8 6 80 35
0 0 15 6 80 32
0 0 91 6 80 32
0 0 7 6 80 34
0 0 999204 6 80 34
0 0 21 6 80 34
0 0 75 6 80 34
0 0 7 6 80 35
0 0 49 6 80 35
0 0 9 6 80 34
0 0 17 6 80 34
0 0 41 6 80 35
0 0 21 6 80 32
0 0 4 6 80 32
0 0 6 6 80 35
0 0 4 6 80 24
0 0 23 6 80 34
0 0 2 6 80 34
0 0 17 6 80 24
0 0 24 6 80 34
0 0 999871 6 80 34
0 0 33 6 80 34
0 0 175 6 80 34
0 0 17 6 80 33
0 0 38 6 80 34
0 0 28 6 80 34
0 0 2 6 80 35
0 0 7 6 80 32
0 0 3 6 80 34
0 0 5 6 80 35
0 0 5 6 80 34
0 0 11 6 80 33
0 0 47 6 80 32
0 0 5 6 80 35
0 0 17 6 80 34
0 0 5 6 80 35
0 0 8 6 80 34
0 0 12 6 80 35
0 0 4 6 80 35
0 0 4 6 80 34
0 0 9 6 80 34
0 0 1 6 80 34
0 0 0 6 80 35
0 0 10 6 80 35
0 0 55 6 80 34
0 0 10 6 80 34
0 0 999240 6 80 34
0 0 5 6 80 32
0 0 255 6 80 32
0 0 3 6 80 34
0 0 673 6 80 34
0 0 5 6 80 24
0 0 999042 6 80 24
0 0 2 6 80 34
0 0 11 6 80 34
0 0 1 6 80 34
0 0 770 6 80 34
0 0 15 6 80 34
0 0 81 6 80 34
0 0 36 6 80 34
0 0 18 6 80 35
0 0 7 6 80 35
0 0 27 6 80 34
0 0 8 6 80 33
0 0 999112 6 80 33
0 0 16 6 80 33
0 0 47 6 80 33
0 0 13 6 80 35
0 0 316 6 80 35
0 0 3 6 80 35
0 0 219 6 80 35
0 0 2 6 80 34
0 0 7 6 80 34
0 0 8 6 80 34
0 0 7 6 80 35
0 0 2 6 80 34
0 0 999365 6 80 35
0 0 4 6 80 35
0 0 369 6 80 35
0 0 5 6 80 34
0 0 999890 6 80 34
0 0 9 6 80 32
0 0 52 6 80 32
0 0 22 6 80 34
0 0 122 6 80 34
0 0 11 6 80 34
0 0 3 6 80 34
0 0 9 6 80 24
0 0 56 6 80 24
0 0 23 6 80 34
0 0 999509 6 80 34
0 0 34 6 80 34
0 0 2 6 80 34
0 0 33 6 80 34
0 0 39 6 80 34
0 0 49 6 80 35
0 0 115 6 80 35
0 0 33 6 80 32
0 0 194 6 80 32
0 0 12 6 80 33
0 0 142 6 80 33
0 0 6 6 80 35
0 0 999155 6 80 35
0 0 6 6 80 35
0 0 94 6 80 35
0 0 6 6 80 34
0 0 858 6 80 34
0 0 7 6 80 35
0 0 999075 6 80 35
0 0 6 6 80 34
0 0 115 6 80 34
0 0 16 6 80 34
0 0 65 6 80 34
0 0 5 6 80 35
0 0 282 6 80 35
0 0 6 6 80 32
0 0 38 6 80 32
0 0 11 6 80 34
0 0 96 6 80 34
0 0 4 6 80 34
0 0 999644 6 80 34
0 0 3 6 80 24
0 0 199 6 80 24
0 0 4 6 80 34
0 0 999706 6 80 34
0 0 12 6 80 34
0 0 60 6 80 34
0 0 4 6 80 34
0 0 32 6 80 34
0 0 10 6 80 35
0 0 35 6 80 35
0 0 11 6 80 33
0 0 20 6 80 33
0 0 24 6 80 32
0 0 137 6 80 32
0 0 4 6 80 35
0 0 1 6 80 35
0 0 10 6 80 35
0 0 150 6 80 35
0 0 4 6 80 34
0 0 78 6 80 34
0 0 5 6 80 35
0 0 79 6 80 35
0 0 3 6 80 34
0 0 999092 6 80 34
0 0 3 6 80 34
0 0 3 6 80 34
0 0 8 6 80 35
0 0 11 6 80 35
0 0 10 6 80 32
0 0 26 6 80 32
0 0 4 6 80 34
0 0 9 6 80 34
0 0 4 6 80 34
0 0 358 6 80 34
0 0 22 6 80 24
0 0 86 6 80 24
0 0 8 6 80 34
0 0 56 6 80 34
0 0 9 6 80 34
0 0 274 6 80 34
0 0 6 6 80 34
0 0 999239 6 80 34
0 0 4 6 80 35
0 0 210 6 80 35
0 0 7 6 80 32
0 0 3 6 80 33
0 0 2 6 80 33
0 0 18 6 80 32
0 0 4 6 80 35
0 0 533 6 80 35
0 0 5 6 80 35
0 0 1 6 80 34
0 0 9 6 80 35
0 0 999070 6 80 34
0 0 11 6 80 35
0 0 1 6 80 34
0 0 15 6 80 35
0 0 21 6 80 34
0 0 7 6 80 35
0 0 10 6 80 34
0 0 7 6 80 34
0 0 57 6 80 35
0 0 6 6 80 34
0 0 86 6 80 34
0 0 15 6 80 32
0 0 297 6 80 32
0 0 5 6 80 34
0 0 54 6 80 34
0 0 35 6 80 24
0 0 29 6 80 24
0 0 15 6 80 34
0 0 9 6 80 34
0 0 2 6 80 34
0 0 235 6 80 34
0 0 3 6 80 34
0 0 999380 6 80 34
0 0 6 6 80 35
0 0 18 6 80 35
0 0 5 6 80 33
0 0 140 6 80 33
0 0 6 6 80 32
0 0 999902 6 80 32
0 0 26 6 80 35
0 0 1 6 80 35
0 0 10 6 80 35
0 0 16 6 80 34
0 0 21 6 80 35
0 0 0 6 80 34
0 0 28 6 80 35
0 0 17 6 80 35
0 0 25 6 80 34
0 0 366 6 80 34
0 0 17 6 80 34
0 0 999077 6 80 34
0 0 15 6 80 35
0 0 661 6 80 35
0 0 10 6 80 34
0 0 50 6 80 34
0 0 82 6 80 32
0 0 14 6 80 24
0 0 26 6 80 32
0 0 8 6 80 34
0 0 7 6 80 24
0 0 26 6 80 34
0 0 20 6 80 34
0 0 0 6 80 34
0 0 10 6 80 34
0 0 25 6 80 34
0 0 7 6 80 34
0 0 16 6 80 34
0 0 8 6 80 35
0 0 999796 6 80 35
0 0 9 6 80 33
0 0 26 6 80 33
0 0 36 6 80 32
0 0 6 6 80 35
0 0 17 6 80 32
0 0 35 6 80 35
0 0 52 6 80 34
0 0 23 6 80 35
0 0 999005 6 80 34
0 0 11 6 80 35
0 0 25 6 80 35
0 0 26 6 80 35
0 0 70 6 80 34
0 0 19 6 80 34
0 0 7 6 80 35
0 0 9 6 80 34
0 0 1 6 80 34
0 0 168 6 80 35
0 0 7 6 80 34
0 0 634 6 80 34
0 0 3 6 80 32
0 0 999454 6 80 32
0 0 17 6 80 24
0 0 9 6 80 24
0 0 26 6 80 34
0 0 3 6 80 34
0 0 15 6 80 34
0 0 2 6 80 34
0 0 7 6 80 34
0 0 185 6 80 34
0 0 9 6 80 34
0 0 999572 6 80 34
0 0 9 6 80 35
0 0 3 6 80 35
0 0 22 6 80 33
0 0 105 6 80 33
0 0 14 6 80 35
0 0 72 6 80 35
0 0 4 6 80 32
0 0 26 6 80 32
0 0 6 6 80 34
0 0 200 6 80 34
0 0 8 6 80 35
0 0 93 6 80 35
0 0 9 6 80 34
0 0 1 6 80 34
0 0 8 6 80 35
0 0 84 6 80 35
0 0 8 6 80 34
0 0 999199 6 80 34
0 0 6 6 80 35
0 0 197 6 80 35
0 0 4 6 80 34
0 0 157 6 80 34
0 0 2 6 80 32
0 0 999498 6 80 32
0 0 6 6 80 24
0 0 893 6 80 24
0 0 15 6 80 34
0 0 999073 6 80 34
0 0 31 6 80 34
0 0 51 6 80 34
0 0 5 6 80 34
0 0 22 6 80 34
0 0 9 6 80 34
0 0 37 6 80 35
0 0 1 6 80 34
0 0 110 6 80 35
0 0 69 6 80 35
0 0 25 6 80 32
0 0 39 6 80 33
0 0 0 6 80 33
0 0 3 6 80 32
0 0 87 6 80 35
0 0 13 6 80 34
0 0 16 6 80 34
0 0 11 6 80 35
0 0 241 6 80 35
0 0 16 6 80 34
0 0 8 6 80 34
0 0 16 6 80 35
0 0 999284 6 80 35
0 0 11 6 80 34
0 0 503 6 80 34
0 0 8 6 80 35
0 0 63 6 80 35
0 0 12 6 80 34
0 0 6 6 80 34
0 0 24 6 80 32
0 1 192 6 80 32
0 0 19 6 80 34
0 0 999067 6 80 24
0 0 10 6 80 34
0 0 245 6 80 24
0 0 16 6 80 33
0 0 61 6 80 33
0 0 0 6 80 35
0 0 0 6 80 34
0 0 40 6 80 34
0 0 6 6 80 35
0 0 7 6 80 34
0 0 187 6 80 34
0 0 1 6 80 35
0 0 7 6 80 35
0 0 31 6 80 35
0 0 16 6 80 35
0 0 5 6 80 35
0 0 7 6 80 34
0 0 5 6 80 35
0 0 104 6 80 35
0 0 47 6 80 34
0 0 14 6 80 34
0 0 32 6 80 34
0 0 34 6 80 32
0 0 28 6 80 34
0 0 50 6 80 32
0 0 13 6 80 34
0 0 999043 6 80 35
0 0 13 6 80 34
0 0 4 6 80 34
0 0 41 6 80 34
0 0 6 6 80 32
0 0 10 6 80 34
0 0 9 6 80 33
0 189 571 6 80 32
0 0 6 6 80 32
0 0 100 6 80 32
0 0 5 6 80 34
0 0 143 6 80 34
0 0 3 6 80 35
-1 86399 999743 6 80 35
0 0 999458 6 80 32
0 0 13 6 80 35
0 0 4 6 80 34
0 0 59 6 80 34
0 0 4 6 80 34
0 0 198 6 80 34
0 0 4 6 80 33
0 1 147 6 80 33
0 0 34 6 80 35
0 0 0 6 80 35
0 0 37 6 80 35
0 0 17 6 80 34
0 0 10 6 80 35
0 0 7 6 80 35
0 0 6 6 80 34
0 0 138 6 80 35
0 0 16 6 80 34
0 0 25 6 80 34
0 0 33 6 80 34
0 0 122 6 80 34
0 0 999006 5 80 24
0 0 275 6 80 24
0 0 10 6 80 35
0 0 217 6 80 35
0 0 7 6 80 34
0 0 170 6 80 34
0 0 3 6 80 32
0 0 7 6 80 32
0 0 21 6 80 35
0 0 999588 6 80 35
0 0 3 6 70 34
0 0 225 6 80 34
0 0 4 6 80 34
0 0 76 6 80 34
0 0 5 6 80 35
0 0 2 6 80 35
0 0 4 6 80 35
0 0 25 6 80 35
0 0 8 6 80 32
-1 86399 999992 6 80 32
0 0 77 6 80 32
0 0 40 6 80 34
0 0 9 6 80 35
0 0 999610 6 80 35
0 0 3 6 80 33
0 0 201 6 80 33
0 0 4 6 80 34
0 0 37 6 80 34
0 0 7 6 80 35
-1 86399 999956 6 80 35
0 0 233 6 80 34
0 0 137 6 80 35
0 0 5 6 80 34
0 0 999117 6 80 34
0 0 7 6 80 35
0 0 278 6 80 35
0 0 10 6 80 24
0 0 203 6 80 24
0 0 6 6 80 35
-1 86399 999503 6 80 35
0 0 551 6 80 35
0 0 128 6 80 34
0 0 1 6 80 34
0 0 3 6 80 34
0 0 1 6 80 34
0 0 58 6 80 34
0 0 5 6 80 32
0 0 3 6 80 32
0 0 6 6 80 35
0 0 999406 6 80 35
-1 86399 701 6 80 35
0 0 999071 6 80 34
0 0 7 6 80 34
0 0 3 6 80 35
0 0 17 6 80 34
0 0 64 6 80 35
0 0 3 6 80 32
0 0 5 6 80 35
0 0 4 6 80 32
-1 86399 999988 6 80 35
0 0 78 6 80 32
0 0 4 6 80 34
0 0 55 6 80 33
0 0 7 6 80 35
0 0 18 6 80 35
0 0 13 6 80 33
0 0 24 6 80 34
0 0 35 6 80 34
0 0 7 6 80 35
0 1 183 6 80 35
0 0 0 6 80 35
0 0 347 6 80 35
0 0 4 6 80 34
0 0 999136 6 80 34
0 0 9 6 80 35
0 0 31 6 80 35
0 0 4 6 80 34
0 0 34 6 80 34
0 0 23 6 80 35
0 0 130 6 80 35
-1 86399 999903 6 80 34
0 0 74 6 80 24
0 0 3 6 80 32
0 0 16 6 80 32
0 0 4 6 80 34
0 0 65 6 80 34
0 0 5 6 80 34
0 0 6 6 80 34
0 0 22 6 80 35
-1 86399 999972 6 80 34
0 0 53 6 80 34
0 0 21 6 80 34
0 0 19 6 80 34
0 0 38 6 80 34
0 0 2 6 80 35
0 0 1 6 80 35
0 0 3 6 80 32
0 0 1 6 80 34
0 0 7 6 80 33
0 0 40 6 80 35
0 0 0 6 80 32
0 0 0 6 80 35
0 0 0 6 80 32
0 0 1 6 80 33
0 0 12 6 80 34
0 0 999799 6 80 35
0 0 6 6 80 34
0 0 88 6 80 34
0 0 29 6 80 35
-1 0 96 6 80 35
1 0 7 6 80 34
0 0 16 6 80 35
0 0 25 6 80 34
0 0 83 6 80 35
0 0 9 6 80 35
0 0 21 6 80 35
0 0 18 6 80 34
0 0 126 6 80 34
0 0 4 6 80 24
0 60 49 6 80 24
-1 86340 37 6 80 35
0 0 41 6 80 35
0 0 8 6 80 32
0 0 999177 6 80 32
0 0 16 6 80 34
0 0 282 6 80 34
0 0 3 6 80 34
0 0 185 6 80 34
0 0 3 6 80 34
0 1 161 6 80 34
-1 86398 999859 6 80 35
0 1 108 6 80 34
0 0 6 6 80 32
0 0 5 6 80 33
0 0 15 6 80 32
0 0 7 6 80 33
0 0 17 6 80 35
0 0 21 6 80 35
0 0 12 6 80 35
-1 86399 999923 6 80 35
0 0 209 6 80 33
0 0 999093 6 80 35
0 0 44 6 80 34
0 0 3 6 80 35
0 0 10 6 80 34
0 0 160 6 80 35
0 0 10 6 80 34
0 0 278 6 80 34
0 0 8 6 80 35
0 0 271 6 80 35
-1 86399 999790 6 80 35
0 0 210 6 80 34
0 0 11 6 80 35
0 0 999142 6 80 35
0 0 5 6 80 35
0 0 51 6 80 35
0 0 6 6 80 24
0 0 82 6 80 24
0 0 6 6 80 34
-1 86399 999855 6 80 34
0 0 272 6 80 35
0 0 47 6 80 35
0 0 26 6 80 32
0 0 194 6 80 32
0 0 4 6 80 34
0 0 999829 6 80 34
0 0 6 6 80 34
0 0 12 6 80 34
0 0 7 6 80 34
-1 86394 365 6 80 34
0 6 41 6 80 32
0 0 77 6 80 32
0 0 25 6 80 35
0 0 28 6 80 35
0 0 6 6 80 35
0 0 19 6 80 35
0 0 999032 6 80 34
0 0 252 6 80 34
0 0 7 6 80 35
0 3600 5 6 80 35
-1 82800 7 6 80 35
0 0 80 6 80 35
0 0 35 6 80 35
0 0 12 6 80 34
0 0 19 6 80 35
0 0 2 6 80 34
0 0 69 6 80 34
0 0 11 6 80 34
0 0 10 6 80 34
0 0 20 6 80 35
0 0 36 3 80 33
0 0 18 6 80 33
0 0 1 6 80 35
0 0 62 6 80 34
0 0 21 6 80 24
0 0 33 6 80 35
0 0 19 6 80 34
0 0 3 6 80 34
0 0 6 6 80 24
-1 86399 999972 6 80 35
0 0 999407 6 80 34
0 0 4 6 80 34
0 0 6 6 80 35
0 0 96 6 80 34
0 0 10 6 80 32
0 0 64 6 80 32
0 0 8 6 80 34
0 0 999877 6 80 34
0 0 15 6 80 34
-365 0 9 6 80 34
365 0 7 6 80 35
0 0 6 6 80 35
0 0 21 6 80 34
0 0 10 6 80 34
0 0 10 6 80 32
0 0 46 6 80 35
0 0 24 6 80 35
0 0 51 6 80 32
0 0 6 6 80 35
0 3600 90 6 80 35
-1 82800 7 6 80 35
0 0 9 6 80 35
0 0 1 6 80 35
0 0 130 6 80 35
0 0 5 6 80 34
0 0 112 6 80 34
0 0 7 6 80 35
0 0 75 6 80 35
0 0 10 6 80 34
0 0 999518 6 80 34
-1 86399 535 6 80 34
0 0 999124 6 80 34
0 0 10 6 80 33
0 0 41 6 80 33
0 0 36 6 80 34
0 0 36 6 80 34
0 0 15 6 80 35
0 0 161 6 80 24
0 0 16 6 80 35
0 0 36 6 80 34
-1 86399 999995 6 80 35
0 0 5 6 80 24
0 0 65 6 80 35
0 0 60 6 80 35
0 0 3 6 80 32
0 0 147 6 80 32
0 0 6 6 80 34
0 1 125 6 80 34
0 0 9 6 80 34
-1 86399 999672 6 80 34
0 0 340 6 80 34
0 0 5 6 80 34
0 0 21 6 80 35
0 0 107 6 80 35
0 0 7 6 80 32
0 0 25 6 80 35
0 0 2 6 80 32
0 0 999079 6 80 35
0 0 11 6 80 35
-1 86399 883 6 80 35
0 0 999168 6 80 35
0 0 228 6 80 35
0 0 5 6 80 35
0 0 8 6 80 34
0 0 9 6 80 35
0 0 4 6 80 34
0 0 9 6 80 34
0 0 16 6 80 34
0 0 21 6 80 34
0 0 182 6 80 34
-1 86399 999942 6 80 33
0 0 54 6 80 34
0 0 4 6 80 34
0 0 23 6 80 33
0 0 12 6 80 35
0 0 4 6 80 34
0 0 15 6 80 35
0 0 68 6 80 34
0 0 7 6 80 24
-1 86399 999910 6 80 24
0 0 172 6 80 35
0 0 164 6 80 35
0 0 9 6 80 32
0 0 999068 6 80 32
0 0 6 6 80 34
0 0 122 6 80 34
0 0 5 6 80 35
0 0 7 6 80 34
0 0 0 6 80 35
0 0 0 6 80 34
0 0 20 6 80 34
0 0 96 6 80 35
0 0 7 6 80 34
0 0 126 6 80 34
0 0 8 6 80 32
0 0 4 6 80 32
0 0 6 6 80 35
0 1 38 6 80 35
0 0 8 6 80 35
61 0 2 6 80 35
-61 0 16 6 80 35
0 0 5 6 80 35
0 0 1 6 80 35
0 0 230 6 80 35
0 0 23 6 80 34
0 0 6 6 80 34
0 0 20 6 80 34
0 0 0 6 80 34
0 0 12 6 80 34
0 3600 87 6 80 34
-1 82800 15 6 80 33
0 0 999210 6 80 33
0 0 32 6 80 34
0 0 95 6 80 34
0 0 5 6 80 35
0 0 7 6 80 34
0 0 42 6 80 35
0 0 140 6 80 34
0 0 8 6 80 24
-1 86399 999810 6 80 24
0 0 226 6 80 35
0 0 145 6 80 34
0 0 64 6 80 35
0 0 11 6 80 34
0 0 18 6 80 35
0 0 1 6 80 32
0 0 6 6 80 34
0 0 10 6 80 32
0 0 20 6 80 34
-1 86399 999980 6 80 34
0 0 52 6 80 34
0 0 143 6 80 35
0 0 13 6 80 34
0 0 999228 6 80 34
0 0 2 6 80 35
0 0 2 6 80 35
0 0 6 6 80 35
0 0 1 6 80 35
0 0 16 6 80 32
-1 86399 999983 6 80 35
0 0 31 6 80 35
0 0 11 6 80 35
0 0 8 6 80 35
0 0 132 6 80 32
0 0 7 6 80 34
0 1 90 6 80 34
0 0 8 6 80 33
0 0 64 6 80 34
0 0 1 6 80 34
0 0 78 6 80 34
0 0 7 6 88 34
0 0 0 6 80 34
0 0 0 6 80 34
0 0 48 6 80 33
0 0 24 6 80 35
0 0 23 6 80 35
0 0 42 6 80 35
0 0 238 6 80 35
0 0 999006 6 80 24
0 0 664 6 80 24
-1 86399 999939 6 80 35
0 0 21 6 80 34
0 0 8 6 80 32
0 0 11 6 80 34
0 0 7 6 80 32
0 0 14 6 80 34
0 0 13 6 80 35
0 0 34 6 80 34
0 0 20 6 80 34
0 1 999345 6 80 35
-1 86398 722 6 80 35
0 0 15 6 80 35
0 0 9 6 80 34
0 0 56 6 80 34
0 0 7 6 80 35
0 0 999935 6 80 35
0 0 20 6 80 35
0 0 124 6 80 35
0 0 12 6 80 35
-1 86399 999864 6 80 35
0 0 999184 6 80 35
0 0 52 6 80 32
0 0 7 6 80 35
0 0 4 6 80 34
0 0 5 6 80 35
0 0 19 6 80 34
0 0 12 6 80 34
0 0 329 6 80 34
0 0 4 6 80 33
-1 86399 999667 6 80 33
0 0 558 6 80 34
0 0 89 6 80 34
0 0 10 6 80 34
0 0 139 6 80 34
0 0 12 6 80 35
0 0 999084 6 80 35
0 0 16 6 80 35
0 0 2 6 80 35
0 0 14 6 80 24
0 1 138 6 80 24
-1 86399 27 6 80 34
0 0 115 6 80 34
0 0 3 6 80 32
0 0 999846 6 80 32
0 0 9 6 80 34
0 0 98 6 80 34
0 0 7 6 80 35
0 0 232 6 80 35
0 0 6 6 80 34
-1 86399 999994 6 80 34
0 0 16 6 80 34
0 0 26 6 80 34
0 0 7 6 80 32
0 0 97 6 80 32
0 0 7 6 80 35
0 0 16 6 80 35
0 0 12 6 80 35
0 0 12 6 80 35
0 0 11 6 80 35
0 0 999310 6 80 35
-1 86399 714 6 80 34
0 0 20 6 80 35
0 0 19 6 80 35
0 0 999247 6 80 35
0 0 4 6 80 34
0 0 15 6 80 34
0 0 1 6 80 34
0 0 158 6 80 34
0 0 21 6 80 33
-1 86399 999979 6 80 33
0 0 73 6 80 33
0 0 43 6 80 34
0 0 16 6 80 34
0 0 133 6 80 34
0 0 13 6 80 35
0 0 1 6 80 35
0 0 5 6 80 35
0 0 162 6 80 35
0 0 4 6 80 24
0 1 999420 6 80 24
-1 86398 600 6 80 32
0 0 137 6 80 34
0 0 6 6 80 32
0 1 81 6 80 32
0 0 11 6 80 34
0 0 999091 6 80 34
0 0 11 6 80 35
0 0 19 6 80 34
0 0 6 6 80 35
0 0 187 6 80 34
-1 86399 999853 6 80 35
0 0 17 6 80 35
0 0 3 6 80 34
0 0 29 6 80 35
0 0 0 6 80 35
0 0 6 6 80 35
0 0 4 6 80 34
0 0 11 6 80 35
0 0 65 6 80 35
0 0 667 6 80 32
-1 86399 999349 6 80 34
0 0 10 6 80 35
0 0 0 6 80 35
0 0 95 6 80 35
0 0 4 6 80 34
0 0 93 6 80 34
0 0 13 6 80 34
0 0 305 6 80 34
0 0 7 6 80 33
0 0 999388 6 80 33
-1 86399 741 6 80 35
0 0 999127 6 80 34
0 0 5 6 80 34
