-4.502925729493877e-05 0.021394964048446846 0.0026409595697428102 0.3324678816919435
-5.468078964219185e-05 0.021394964048446846 0.0026409595697428102 0.3324678816919435
-5.51633662595545e-05 0.021394964048446846 0.0026409595697428102 -0.04478226903672833
0.00028360541912902834 0.021394964048446846 0.0026409595697428102 0.3324678816919435
6.692851793319687e-05 0.021394964048446846 0.0026409595697428102 -0.4220324197654002
-1.0766317462190367e-05 0.021394964048446846 0.0026409595697428102 0.3324678816919435
3.84564975088003e-05 0.021394964048446846 0.0026409595697428102 0.3324678816919435
2.8322388544184576e-05 0.021394964048446846 0.0026409595697428102 -3.4400336255947748
3.710981058689241e-06 0.021394964048446846 0.0026409595697428102 0.3324678816919435
-5.612851949427981e-05 0.021394964048446846 0.0026409595697428102 0.3324678816919435
-4.4064104060213466e-05 0.021394964048446846 0.0026409595697428102 0.3324678816919435
-3.248226524350978e-05 0.021394964048446846 0.0026409595697428102 0.3324678816919435
0.00021652726931561947 0.021394964048446846 0.0026409595697428102 0.3324678816919435
-5.323305979010389e-05 0.021394964048446846 0.0026409595697428102 -0.04478226903672833
-4.454668067757612e-05 0.021394964048446846 0.0026409595697428102 -0.4220324197654002
-3.972091450394958e-05 0.021394964048446846 0.0026409595697428102 0.3324678816919435
-2.2348156278894055e-05 0.021394964048446846 0.0026409595697428102 0.3324678816919435
-4.309895082548816e-05 0.021394964048446846 0.0026409595697428102 -0.4220324197654002
1.1432206936491699e-05 0.021394964048446846 0.0026409595697428102 0.3324678816919435
-5.468078964219185e-05 0.021394964048446846 0.0026409595697428102 -3.4400336255947748
2.745827823963934e-06 0.021394964048446846 0.0026409595697428102 0.3324678816919435
-3.730803141713632e-05 0.021394964048446846 0.0026409595697428102 0.3324678816919435
0.0001050520707048465 0.021394964048446846 0.0026409595697428102 0.3324678816919435
-2.3795886130982016e-05 0.021394964048446846 0.0026409595697428102 0.3324678816919435
0.00013979758715495757 0.021394964048446846 0.0026409595697428102 0.3324678816919435
-5.612851949427981e-05 0.021394964048446846 0.0026409595697428102 -0.04478226903672833
-4.8889870233840005e-05 0.021394964048446846 0.0026409595697428102 0.3324678816919435
-2.476103936570732e-05 0.021394964048446846 0.0026409595697428102 -0.4220324197654002
-3.248226524350978e-05 0.021394964048446846 0.0026409595697428102 0.3324678816919435
-4.792471699911469e-05 0.021394964048446846 0.0026409595697428102 0.3324678816919435
-5.323305979010389e-05 0.021394964048446846 0.0026409595697428102 -0.4220324197654002
0.00024403413650529073 0.021394964048446846 0.0026409595697428102 0.3324678816919435
-5.468078964219185e-05 0.021394964048446846 0.0026409595697428102 0.3324678816919435
-5.468078964219185e-05 0.021394964048446846 0.0026409595697428102 0.3324678816919435
-4.358152744285081e-05 0.021394964048446846 0.0026409595697428102 0.3324678816919435
-5.178532993801593e-05 0.021394964048446846 0.0026409595697428102 0.3324678816919435
-2.862165230460855e-05 0.021394964048446846 0.0026409595697428102 -3.4400336255947748
-4.840729361647735e-05 0.021394964048446846 0.0026409595697428102 -0.04478226903672833
6.934140102001013e-05 0.021394964048446846 0.0026409595697428102 0.3324678816919435
-3.055195877405917e-05 0.021394964048446846 0.0026409595697428102 -0.4220324197654002
7.754520351517524e-05 0.021394964048446846 0.0026409595697428102 0.3324678816919435
-4.1168644356037544e-05 0.021394964048446846 0.0026409595697428102 0.3324678816919435
6.789367116792217e-05 0.021394964048446846 0.0026409595697428102 -0.4220324197654002
0.00046360649740529814 0.021394964048446846 0.0026409595697428102 0.3324678816919435
-4.213379759076285e-05 0.021394964048446846 0.0026409595697428102 0.3324678816919435
-5.51633662595545e-05 0.021394964048446846 0.0026409595697428102 0.3324678816919435
-5.130275332065327e-05 0.021394964048446846 0.0026409595697428102 0.3324678816919435
4.4729993534514796e-05 0.021394964048446846 0.0026409595697428102 -3.4400336255947748
3.556103780462438e-05 0.021394964048446846 0.0026409595697428102 -0.04478226903672833
0.00034054945997782145 0.021394964048446846 0.0026409595697428102 0.3324678816919435
1.4810243258030275e-05 0.021394964048446846 0.0026409595697428102 -0.4220324197654002
-1.3661777166366289e-05 0.021394964048446846 0.0026409595697428102 0.3324678816919435
-9.80116422746506e-06 0.021394964048446846 0.0026409595697428102 0.3324678816919435
0.00030532136691034775 0.021394964048446846 0.0026409595697428102 -0.4220324197654002
-2.6691345835157938e-05 0.021394964048446846 0.0026409595697428102 0.3324678816919435
-5.0820176703290615e-05 0.021394964048446846 0.0026409595697428102 0.3324678816919435
-4.7442140381752044e-05 0.021394964048446846 0.0026409595697428102 0.3324678816919435
0.0002329348743059497 0.021394964048446846 0.0026409595697428102 0.3324678816919435
-5.371563640746654e-05 0.021394964048446846 0.0026409595697428102 0.3324678816919435
3.073527163099784e-05 0.021394964048446846 0.0026409595697428102 -3.4400336255947748
0.00014221047024177082 0.021394964048446846 0.0026409595697428102 -0.04478226903672833
-5.275048317274123e-05 0.021394964048446846 0.0026409595697428102 0.3324678816919435
0.00041872687199057135 0.021394964048446846 0.0026409595697428102 -0.4220324197654002
2.060116266638212e-05 0.021394964048446846 0.0026409595697428102 0.3324678816919435
-4.9372446851202654e-05 0.021394964048446846 0.0026409595697428102 0.3324678816919435
-4.1168644356037544e-05 0.021394964048446846 0.0026409595697428102 0.3324678816919435
-4.8889870233840005e-05 0.021394964048446846 0.0026409595697428102 -0.4220324197654002
-2.717392245252059e-05 0.021394964048446846 0.0026409595697428102 0.3324678816919435
-5.468078964219185e-05 0.021394964048446846 0.0026409595697428102 0.3324678816919435
-4.647698714702673e-05 0.021394964048446846 0.0026409595697428102 0.3324678816919435
-3.972091450394958e-05 0.021394964048446846 0.0026409595697428102 0.3324678816919435
3.710981058689241e-06 0.021394964048446846 0.0026409595697428102 -3.4400336255947748
-3.055195877405917e-05 0.021394964048446846 0.0026409595697428102 -0.4220324197654002
-4.4064104060213466e-05 0.021394964048446846 0.0026409595697428102 -0.04478226903672833
-4.840729361647735e-05 0.021394964048446846 0.0026409595697428102 0.3324678816919435
-4.985502346856531e-05 0.021394964048446846 0.0026409595697428102 -0.4220324197654002
8.574900601034036e-05 0.021394964048446846 0.0026409595697428102 0.3324678816919435
-3.0069382156696512e-05 0.021394964048446846 0.0026409595697428102 0.3324678816919435
-1.3661777166366289e-05 0.021394964048446846 0.0026409595697428102 0.3324678816919435
5.148606617759195e-05 0.021394964048446846 0.0026409595697428102 0.3324678816919435
0.00036853890378485535 0.021394964048446846 0.0026409595697428102 0.3324678816919435
-5.2267906555378576e-05 0.021394964048446846 0.0026409595697428102 0.3324678816919435
1.722312634484354e-05 0.021394964048446846 0.0026409595697428102 0.3324678816919435
-1.2696623931640982e-05 0.021394964048446846 0.0026409595697428102 -3.4400336255947748
-4.695956376438939e-05 0.021394964048446846 0.0026409595697428102 -0.4220324197654002
-3.0450915843879096e-06 0.021394964048446846 0.0026409595697428102 -0.04478226903672833
1.3362513405942314e-05 0.021394964048446846 0.0026409595697428102 0.3324678816919435
-4.975398053838524e-06 0.021394964048446846 0.0026409595697428102 0.3324678816919435
-4.1168644356037544e-05 0.021394964048446846 0.0026409595697428102 -0.4220324197654002
-5.468078964219185e-05 0.021394964048446846 0.0026409595697428102 0.3324678816919435
1.3845090023304966e-05 0.021394964048446846 0.0026409595697428102 0.3324678816919435
-8.3534343753771e-06 0.021394964048446846 0.0026409595697428102 0.3324678816919435
-4.4928214364758706e-06 0.021394964048446846 0.0026409595697428102 0.3324678816919435
-3.682545479977366e-05 0.021394964048446846 0.0026409595697428102 0.3324678816919435
-2.0799383496626024e-06 0.021394964048446846 0.0026409595697428102 0.3324678816919435
2.9770118396272537e-05 0.021394964048446846 0.0026409595697428102 -3.4400336255947748
6.403305822902094e-05 0.021394964048446846 0.0026409595697428102 -0.04478226903672833
-5.5645942876917154e-05 0.021394964048446846 0.0026409595697428102 -0.4220324197654002
-4.2616374208125505e-05 0.021394964048446846 0.0026409595697428102 0.3324678816919435
0.0002112189265246303 0.021394964048446846 0.0026409595697428102 0.3324678816919435
-1.4144353783728943e-05 0.021394964048446846 0.0026409595697428102 0.3324678816919435
-5.419821302482919e-05 0.021394964048446846 0.0026409595697428102 -0.4220324197654002
3.556103780462438e-05 0.021394964048446846 0.0026409595697428102 0.3324678816919435
-4.840729361647735e-05 0.021394964048446846 0.0026409595697428102 0.3324678816919435
-5.468078964219185e-05 0.021394964048446846 0.0026409595697428102 0.3324678816919435
-5.661109611164246e-05 0.021394964048446846 0.0026409595697428102 0.3324678816919435
-5.275048317274123e-05 0.021394964048446846 0.0026409595697428102 0.3324678816919435
-5.419821302482919e-05 0.021394964048446846 0.0026409595697428102 -3.4400336255947748
9.829599806176935e-05 0.021394964048446846 0.0026409595697428102 -0.04478226903672833
0.00015234457920638655 0.021394964048446846 0.0026409595697428102 -0.4220324197654002
-2.2830732896256707e-05 0.021394964048446846 0.0026409595697428102 0.3324678816919435
5.727698558594379e-05 0.021394964048446846 0.0026409595697428102 0.3324678816919435
3.170042486572315e-05 0.021394964048446846 0.0026409595697428102 0.3324678816919435
-5.0820176703290615e-05 0.021394964048446846 0.0026409595697428102 -0.4220324197654002
-4.695956376438939e-05 0.021394964048446846 0.0026409595697428102 0.3324678816919435
-3.972091450394958e-05 0.021394964048446846 0.0026409595697428102 0.3324678816919435
0.0003680563271674927 0.021394964048446846 0.0026409595697428102 0.3324678816919435
-1.2214047314278328e-05 0.021394964048446846 0.0026409595697428102 0.3324678816919435
9.298765527078016e-05 0.021394964048446846 0.0026409595697428102 0.3324678816919435
-5.51633662595545e-05 0.021394964048446846 0.0026409595697428102 -3.4400336255947748
1.3845090023304966e-05 0.021394964048446846 0.0026409595697428102 -0.4220324197654002
-5.612851949427981e-05 0.021394964048446846 0.0026409595697428102 -0.04478226903672833
1.577539649275558e-05 0.021394964048446846 0.0026409595697428102 0.3324678816919435
-5.371563640746654e-05 0.021394964048446846 0.0026409595697428102 0.3324678816919435
8.155213545133194e-07 0.021394964048446846 0.0026409595697428102 0.3324678816919435
-1.7039813487904863e-05 0.021394964048446846 0.0026409595697428102 -0.4220324197654002
-5.419821302482919e-05 0.021394964048446846 0.0026409595697428102 0.3324678816919435
3.6526191039349686e-05 0.021394964048446846 0.0026409595697428102 0.3324678816919435
-5.419821302482919e-05 0.021394964048446846 0.0026409595697428102 0.3324678816919435
-5.275048317274123e-05 0.021394964048446846 0.0026409595697428102 0.3324678816919435
-5.0337600085927966e-05 0.021394964048446846 0.0026409595697428102 0.3324678816919435
-1.5592083635816903e-05 0.021394964048446846 0.0026409595697428102 -3.4400336255947748
0.00025127278576573056 0.021394964048446846 0.0026409595697428102 -0.4220324197654002
-5.468078964219185e-05 0.021394964048446846 0.0026409595697428102 -0.04478226903672833
5.9207292055394406e-05 0.021394964048446846 0.0026409595697428102 0.3324678816919435
-1.3179200549003635e-05 0.021394964048446846 0.0026409595697428102 -0.4220324197654002
-4.792471699911469e-05 0.021394964048446846 0.0026409595697428102 0.3324678816919435
-5.371563640746654e-05 0.021394964048446846 0.0026409595697428102 0.3324678816919435
-5.661109611164246e-05 0.021394964048446846 0.0026409595697428102 0.3324678816919435
-2.9586805539333856e-05 0.021394964048446846 0.0026409595697428102 0.3324678816919435
6.837624778528483e-05 0.021394964048446846 0.0026409595697428102 0.3324678816919435
-2.862165230460855e-05 0.021394964048446846 0.0026409595697428102 0.3324678816919435
-3.344741847823509e-05 0.021394964048446846 0.0026409595697428102 0.3324678816919435
-6.423127905926485e-06 0.021394964048446846 0.0026409595697428102 -3.4400336255947748
0.0007560479275270663 0.021394964048446846 0.0026409595697428102 -0.4220324197654002
-5.5645942876917154e-05 0.021394964048446846 0.0026409595697428102 -0.04478226903672833
-5.371563640746654e-05 0.021394964048446846 0.0026409595697428102 0.3324678816919435
-5.275048317274123e-05 0.021394964048446846 0.0026409595697428102 0.3324678816919435
-5.371563640746654e-05 0.021394964048446846 0.0026409595697428102 -0.4220324197654002
-4.792471699911469e-05 0.021394964048446846 0.0026409595697428102 0.3324678816919435
-5.323305979010389e-05 0.021394964048446846 0.0026409595697428102 0.3324678816919435
-5.5645942876917154e-05 0.021394964048446846 0.0026409595697428102 0.3324678816919435
-2.1383003044168746e-05 0.021394964048446846 0.0026409595697428102 0.3324678816919435
-3.103453539142182e-05 0.021394964048446846 0.0026409595697428102 0.3324678816919435
-2.1383003044168746e-05 0.021394964048446846 0.0026409595697428102 0.3324678816919435
8.140581645407648e-05 0.021394964048446846 0.0026409595697428102 -3.4400336255947748
7.464974381099932e-05 0.021394964048446846 0.0026409595697428102 -0.4220324197654002
7.513232042836197e-05 0.021394964048446846 0.0026409595697428102 0.3324678816919435
1.577539649275558e-05 0.021394964048446846 0.0026409595697428102 -0.04478226903672833
-2.331330951361936e-05 0.021394964048446846 0.0026409595697428102 -0.4220324197654002
-4.16512209734002e-05 0.021394964048446846 0.0026409595697428102 0.3324678816919435
-5.612851949427981e-05 0.021394964048446846 0.0026409595697428102 0.3324678816919435
-9.318587610102406e-06 0.021394964048446846 0.0026409595697428102 0.3324678816919435
-5.468078964219185e-05 0.021394964048446846 0.0026409595697428102 0.3324678816919435
-1.1731470696915674e-05 0.021394964048446846 0.0026409595697428102 0.3324678816919435
0.0002985652942672706 0.021394964048446846 0.0026409595697428102 0.3324678816919435
-2.2348156278894055e-05 0.021394964048446846 0.0026409595697428102 -0.4220324197654002
-5.51633662595545e-05 0.021394964048446846 0.0026409595697428102 0.3324678816919435
-5.178532993801593e-05 0.021394964048446846 0.0026409595697428102 -3.4400336255947748
-3.151711200878447e-05 0.021394964048446846 0.0026409595697428102 0.3324678816919435
-2.1383003044168746e-05 0.021394964048446846 0.0026409595697428102 -0.4220324197654002
-5.0820176703290615e-05 0.021394964048446846 0.0026409595697428102 -0.04478226903672833
-4.020349112131224e-05 0.021394964048446846 0.0026409595697428102 0.3324678816919435
-3.344741847823509e-05 0.021394964048446846 0.0026409595697428102 0.3324678816919435
-4.16512209734002e-05 0.021394964048446846 0.0026409595697428102 0.3324678816919435
-4.9372446851202654e-05 0.021394964048446846 0.0026409595697428102 0.3324678816919435
-4.840729361647735e-05 0.021394964048446846 0.0026409595697428102 0.3324678816919435
-4.068606773867489e-05 0.021394964048446846 0.0026409595697428102 0.3324678816919435
7.0890173802278165e-06 0.021394964048446846 0.0026409595697428102 -0.4220324197654002
-4.8889870233840005e-05 0.021394964048446846 0.0026409595697428102 0.3324678816919435
-1.1248894079553021e-05 0.021394964048446846 0.0026409595697428102 -3.4400336255947748
0.00011373844981737427 0.021394964048446846 0.0026409595697428102 0.3324678816919435
6.123864145502509e-06 0.021394964048446846 0.0026409595697428102 -0.4220324197654002
-8.836010992739754e-06 0.021394964048446846 0.0026409595697428102 -0.04478226903672833
5.582925573385583e-05 0.021394964048446846 0.0026409595697428102 0.3324678816919435
-5.51633662595545e-05 0.021394964048446846 0.0026409595697428102 0.3324678816919435
0.0003806033192189217 0.021394964048446846 0.0026409595697428102 0.3324678816919435
-4.9372446851202654e-05 0.021394964048446846 0.0026409595697428102 0.3324678816919435
-5.178532993801593e-05 0.021394964048446846 0.0026409595697428102 0.3324678816919435
-5.0820176703290615e-05 0.021394964048446846 0.0026409595697428102 0.3324678816919435
-8.3534343753771e-06 0.021394964048446846 0.0026409595697428102 -0.4220324197654002
-4.309895082548816e-05 0.021394964048446846 0.0026409595697428102 0.3324678816919435
-3.53777249476857e-05 0.021394964048446846 0.0026409595697428102 0.3324678816919435
-3.682545479977366e-05 0.021394964048446846 0.0026409595697428102 -3.4400336255947748
5.727698558594379e-05 0.021394964048446846 0.0026409595697428102 -0.4220324197654002
1.2397360171217005e-05 0.021394964048446846 0.0026409595697428102 -0.04478226903672833
5.19686427949546e-05 0.021394964048446846 0.0026409595697428102 0.3324678816919435
1.6740549727480888e-05 0.021394964048446846 0.0026409595697428102 0.3324678816919435
4.424741691715215e-05 0.021394964048446846 0.0026409595697428102 0.3324678816919435
0.0003120774395534249 0.021394964048446846 0.0026409595697428102 0.3324678816919435
-5.2267906555378576e-05 0.021394964048446846 0.0026409595697428102 0.3324678816919435
-2.2348156278894055e-05 0.021394964048446846 0.0026409595697428102 0.3324678816919435
8.52664293929777e-05 0.021394964048446846 0.0026409595697428102 -0.4220324197654002
-1.4626930401091596e-05 0.021394964048446846 0.0026409595697428102 0.3324678816919435
5.003833632550399e-05 0.021394964048446846 0.0026409595697428102 0.3324678816919435
-3.5860301565048356e-05 0.021394964048446846 0.0026409595697428102 -3.4400336255947748
4.859060647341603e-05 0.021394964048446846 0.0026409595697428102 -0.4220324197654002
-4.16512209734002e-05 0.021394964048446846 0.0026409595697428102 -0.04478226903672833
4.231711044770153e-05 0.021394964048446846 0.0026409595697428102 0.3324678816919435
-2.331330951361936e-05 0.021394964048446846 0.0026409595697428102 0.3324678816919435
3.797392089143765e-05 0.021394964048446846 0.0026409595697428102 0.3324678816919435
0.0003130425927881502 0.021394964048446846 0.0026409595697428102 0.3324678816919435
-4.840729361647735e-05 0.021394964048446846 0.0026409595697428102 0.3324678816919435
4.2799687065064186e-05 0.021394964048446846 0.0026409595697428102 0.3324678816919435
-1.1731470696915674e-05 0.021394964048446846 0.0026409595697428102 -0.4220324197654002
-2.0900426426806094e-05 0.021394964048446846 0.0026409595697428102 0.3324678816919435
-5.51633662595545e-05 0.021394964048446846 0.0026409595697428102 -3.4400336255947748
-5.612851949427981e-05 0.021394964048446846 0.0026409595697428102 0.3324678816919435
1.5292819875392927e-05 0.021394964048446846 0.0026409595697428102 0.3324678816919435
-5.2267906555378576e-05 0.021394964048446846 0.0026409595697428102 -0.4220324197654002
-5.661109611164246e-05 0.021394964048446846 0.0026409595697428102 -0.04478226903672833
-3.4412571712960395e-05 0.021394964048446846 0.0026409595697428102 0.3324678816919435
0.00011084299011319835 0.021394964048446846 0.0026409595697428102 0.3324678816919435
-4.454668067757612e-05 0.021394964048446846 0.0026409595697428102 0.3324678816919435
-1.8487543339992824e-05 0.021394964048446846 0.0026409595697428102 0.3324678816919435
-3.103453539142182e-05 0.021394964048446846 0.0026409595697428102 0.3324678816919435
2.9770118396272537e-05 0.021394964048446846 0.0026409595697428102 -0.4220324197654002
-5.419821302482919e-05 0.021394964048446846 0.0026409595697428102 0.3324678816919435
-4.2616374208125505e-05 0.021394964048446846 0.0026409595697428102 -0.4220324197654002
-5.419821302482919e-05 0.021394964048446846 0.0026409595697428102 -3.4400336255947748
3.3294473715066577e-07 0.021394964048446846 0.0026409595697428102 -0.04478226903672833
-4.16512209734002e-05 0.021394964048446846 0.0026409595697428102 0.3324678816919435
-2.6691345835157938e-05 0.021394964048446846 0.0026409595697428102 -0.4220324197654002
-4.551183391230143e-05 0.021394964048446846 0.0026409595697428102 0.3324678816919435
0.0003796381659841964 0.021394964048446846 0.0026409595697428102 0.3324678816919435
-2.2348156278894055e-05 0.021394964048446846 0.0026409595697428102 0.3324678816919435
-5.0820176703290615e-05 0.021394964048446846 0.0026409595697428102 0.3324678816919435
-5.468078964219185e-05 0.021394964048446846 0.0026409595697428102 0.3324678816919435
-4.502925729493877e-05 0.021394964048446846 0.0026409595697428102 0.3324678816919435
1.4810243258030275e-05 0.021394964048446846 0.0026409595697428102 -0.4220324197654002
-5.371563640746654e-05 0.021394964048446846 0.0026409595697428102 -3.4400336255947748
4.038680397825091e-05 0.021394964048446846 0.0026409595697428102 -0.04478226903672833
-5.419821302482919e-05 0.021394964048446846 0.0026409595697428102 0.3324678816919435
-2.1383003044168746e-05 0.021394964048446846 0.0026409595697428102 -0.4220324197654002
9.984477084403738e-06 0.021394964048446846 0.0026409595697428102 0.3324678816919435
-3.344741847823509e-05 0.021394964048446846 0.0026409595697428102 0.3324678816919435
-2.572619260043263e-05 0.021394964048446846 0.0026409595697428102 0.3324678816919435
0.00014076274038968286 0.021394964048446846 0.0026409595697428102 0.3324678816919435
-4.020349112131224e-05 0.021394964048446846 0.0026409595697428102 0.3324678816919435
0.000356474488350789 0.021394964048446846 0.0026409595697428102 0.3324678816919435
-5.2267906555378576e-05 0.021394964048446846 0.0026409595697428102 0.3324678816919435
-2.3795886130982016e-05 0.021394964048446846 0.0026409595697428102 -0.4220324197654002
-5.323305979010389e-05 0.021394964048446846 0.0026409595697428102 -3.4400336255947748
-4.309895082548816e-05 0.021394964048446846 0.0026409595697428102 -0.04478226903672833
-4.2616374208125505e-05 0.021394964048446846 0.0026409595697428102 0.3324678816919435
-5.0337600085927966e-05 0.021394964048446846 0.0026409595697428102 -0.4220324197654002
-4.454668067757612e-05 0.021394964048446846 0.0026409595697428102 0.3324678816919435
-5.0820176703290615e-05 0.021394964048446846 0.0026409595697428102 0.3324678816919435
6.123864145502509e-06 0.021394964048446846 0.0026409595697428102 0.3324678816919435
0.00011277329658264896 0.021394964048446846 0.0026409595697428102 0.3324678816919435
-3.248226524350978e-05 0.021394964048446846 0.0026409595697428102 0.3324678816919435
-3.199968862614713e-05 0.021394964048446846 0.0026409595697428102 0.3324678816919435
-4.647698714702673e-05 0.021394964048446846 0.0026409595697428102 -0.4220324197654002
-5.51633662595545e-05 0.021394964048446846 0.0026409595697428102 0.3324678816919435
-5.419821302482919e-05 0.021394964048446846 0.0026409595697428102 -3.4400336255947748
2.108373928374477e-05 0.021394964048446846 0.0026409595697428102 -0.04478226903672833
3.12178482483605e-05 0.021394964048446846 0.0026409595697428102 0.3324678816919435
-3.4412571712960395e-05 0.021394964048446846 0.0026409595697428102 -0.4220324197654002
1.7806745892386265e-06 0.021394964048446846 0.0026409595697428102 0.3324678816919435
0.00023148714445386174 0.021394964048446846 0.0026409595697428102 0.3324678816919435
8.054170614953124e-06 0.021394964048446846 0.0026409595697428102 0.3324678816919435
-4.454668067757612e-05 0.021394964048446846 0.0026409595697428102 0.3324678816919435
-2.9104228921971204e-05 0.021394964048446846 0.0026409595697428102 0.3324678816919435
-3.5860301565048356e-05 0.021394964048446846 0.0026409595697428102 -0.4220324197654002
-4.502925729493877e-05 0.021394964048446846 0.0026409595697428102 0.3324678816919435
-5.468078964219185e-05 0.021394964048446846 0.0026409595697428102 0.3324678816919435
-4.1168644356037544e-05 0.021394964048446846 0.0026409595697428102 -0.04478226903672833
-5.5645942876917154e-05 0.021394964048446846 0.0026409595697428102 -3.4400336255947748
0.00011808163937363815 0.021394964048446846 0.0026409595697428102 -0.4220324197654002
-5.51633662595545e-05 0.021394964048446846 0.0026409595697428102 0.3324678816919435
-4.8889870233840005e-05 0.021394964048446846 0.0026409595697428102 0.3324678816919435
-4.840729361647735e-05 0.021394964048446846 0.0026409595697428102 0.3324678816919435
-1.1248894079553021e-05 0.021394964048446846 0.0026409595697428102 0.3324678816919435
6.837624778528483e-05 0.021394964048446846 0.0026409595697428102 0.3324678816919435
-5.323305979010389e-05 0.021394964048446846 0.0026409595697428102 0.3324678816919435
-5.2267906555378576e-05 0.021394964048446846 0.0026409595697428102 -0.4220324197654002
-4.985502346856531e-05 0.021394964048446846 0.0026409595697428102 0.3324678816919435
-2.18655796615314e-05 0.021394964048446846 0.0026409595697428102 0.3324678816919435
-5.5645942876917154e-05 0.021394964048446846 0.0026409595697428102 -3.4400336255947748
-5.323305979010389e-05 0.021394964048446846 0.0026409595697428102 -0.04478226903672833
7.17542841068234e-05 0.021394964048446846 0.0026409595697428102 -0.4220324197654002
-1.9935273192080785e-05 0.021394964048446846 0.0026409595697428102 0.3324678816919435
-2.6691345835157938e-05 0.021394964048446846 0.0026409595697428102 0.3324678816919435
-5.178532993801593e-05 0.021394964048446846 0.0026409595697428102 0.3324678816919435
0.0003062865201450731 0.021394964048446846 0.0026409595697428102 0.3324678816919435
-3.6342878182411005e-05 0.021394964048446846 0.0026409595697428102 0.3324678816919435
0.00010649980055693446 0.021394964048446846 0.0026409595697428102 0.3324678816919435
0.00015765292199737573 0.021394964048446846 0.0026409595697428102 -0.4220324197654002
-1.0766317462190367e-05 0.021394964048446846 0.0026409595697428102 0.3324678816919435
1.4810243258030275e-05 0.021394964048446846 0.0026409595697428102 0.3324678816919435
-3.682545479977366e-05 0.021394964048446846 0.0026409595697428102 -3.4400336255947748
-4.792471699911469e-05 0.021394964048446846 0.0026409595697428102 -0.04478226903672833
-4.840729361647735e-05 0.021394964048446846 0.0026409595697428102 -0.4220324197654002
1.3845090023304966e-05 0.021394964048446846 0.0026409595697428102 0.3324678816919435
3.2284044413265873e-06 0.021394964048446846 0.0026409595697428102 0.3324678816919435
6.123864145502509e-06 0.021394964048446846 0.0026409595697428102 0.3324678816919435
-2.0417849809443438e-05 0.021394964048446846 0.0026409595697428102 0.3324678816919435
-5.5645942876917154e-05 0.021394964048446846 0.0026409595697428102 0.3324678816919435
0.00026768039075606077 0.021394964048446846 0.0026409595697428102 0.3324678816919435
-3.53777249476857e-05 0.021394964048446846 0.0026409595697428102 0.3324678816919435
9.395280850550546e-05 0.021394964048446846 0.0026409595697428102 -3.4400336255947748
-5.661109611164246e-05 0.021394964048446846 0.0026409595697428102 0.3324678816919435
-3.4895148330323044e-05 0.021394964048446846 0.0026409595697428102 -0.04478226903672833
-5.0337600085927966e-05 0.021394964048446846 0.0026409595697428102 -0.4220324197654002
-6.423127905926485e-06 0.021394964048446846 0.0026409595697428102 -0.4220324197654002
0.0001311112080424298 0.021394964048446846 0.0026409595697428102 0.3324678816919435
-5.9405512885638315e-06 0.021394964048446846 0.0026409595697428102 0.3324678816919435
-2.5243615983069977e-05 0.021394964048446846 0.0026409595697428102 0.3324678816919435
-3.972091450394958e-05 0.021394964048446846 0.0026409595697428102 0.3324678816919435
7.851035674990055e-05 0.021394964048446846 0.0026409595697428102 0.3324678816919435
1.1914783553854353e-05 0.021394964048446846 0.0026409595697428102 0.3324678816919435
-2.476103936570732e-05 0.021394964048446846 0.0026409595697428102 0.3324678816919435
-3.972091450394958e-05 0.021394964048446846 0.0026409595697428102 -3.4400336255947748
-5.323305979010389e-05 0.021394964048446846 0.0026409595697428102 0.3324678816919435
0.0003014607539714465 0.021394964048446846 0.0026409595697428102 -0.4220324197654002
-5.0820176703290615e-05 0.021394964048446846 0.0026409595697428102 -0.4220324197654002
-5.0337600085927966e-05 0.021394964048446846 0.0026409595697428102 0.3324678816919435
-5.0820176703290615e-05 0.021394964048446846 0.0026409595697428102 0.3324678816919435
-5.323305979010389e-05 0.021394964048446846 0.0026409595697428102 -0.04478226903672833
-5.5645942876917154e-05 0.021394964048446846 0.0026409595697428102 0.3324678816919435
-4.985502346856531e-05 0.021394964048446846 0.0026409595697428102 0.3324678816919435
-4.551183391230143e-05 0.021394964048446846 0.0026409595697428102 0.3324678816919435
-2.6208769217795282e-05 0.021394964048446846 0.0026409595697428102 0.3324678816919435
-5.51633662595545e-05 0.021394964048446846 0.0026409595697428102 0.3324678816919435
-5.612851949427981e-05 0.021394964048446846 0.0026409595697428102 0.3324678816919435
-4.551183391230143e-05 0.021394964048446846 0.0026409595697428102 -0.4220324197654002
-5.612851949427981e-05 0.021394964048446846 0.0026409595697428102 -3.4400336255947748
8.767931247979097e-05 0.021394964048446846 0.0026409595697428102 -0.04478226903672833
-5.5645942876917154e-05 0.021394964048446846 0.0026409595697428102 -0.4220324197654002
-1.4963188021198785e-07 0.021394964048446846 0.0026409595697428102 0.3324678816919435
-5.51633662595545e-05 0.021394964048446846 0.0026409595697428102 0.3324678816919435
-4.358152744285081e-05 0.021394964048446846 0.0026409595697428102 0.3324678816919435
0.00011180814334792364 0.021394964048446846 0.0026409595697428102 0.3324678816919435
-2.3795886130982016e-05 0.021394964048446846 0.0026409595697428102 0.3324678816919435
-1.752239010526752e-05 0.021394964048446846 0.0026409595697428102 0.3324678816919435
6.210275175957033e-05 0.021394964048446846 0.0026409595697428102 0.3324678816919435
-2.427846274834467e-05 0.021394964048446846 0.0026409595697428102 -0.4220324197654002
-3.827318465186162e-05 0.021394964048446846 0.0026409595697428102 -3.4400336255947748
0.0002570637051740824 0.021394964048446846 0.0026409595697428102 0.3324678816919435
-4.599441052966408e-05 0.021394964048446846 0.0026409595697428102 -0.4220324197654002
-5.0337600085927966e-05 0.021394964048446846 0.0026409595697428102 -0.04478226903672833
1.7806745892386265e-06 0.021394964048446846 0.0026409595697428102 0.3324678816919435
-5.5645942876917154e-05 0.021394964048446846 0.0026409595697428102 0.3324678816919435
-5.419821302482919e-05 0.021394964048446846 0.0026409595697428102 0.3324678816919435
-5.130275332065327e-05 0.021394964048446846 0.0026409595697428102 0.3324678816919435
5.19686427949546e-05 0.021394964048446846 0.0026409595697428102 0.3324678816919435
-2.862165230460855e-05 0.021394964048446846 0.0026409595697428102 0.3324678816919435
9.105734880132954e-05 0.021394964048446846 0.0026409595697428102 0.3324678816919435
-5.468078964219185e-05 0.021394964048446846 0.0026409595697428102 -0.4220324197654002
3.749134427407499e-05 0.021394964048446846 0.0026409595697428102 -3.4400336255947748
2.3979198987920693e-05 0.021394964048446846 0.0026409595697428102 0.3324678816919435
-3.6342878182411005e-05 0.021394964048446846 0.0026409595697428102 -0.4220324197654002
-3.682545479977366e-05 0.021394964048446846 0.0026409595697428102 -0.04478226903672833
9.491796174023077e-05 0.021394964048446846 0.0026409595697428102 0.3324678816919435
-4.4064104060213466e-05 0.021394964048446846 0.0026409595697428102 0.3324678816919435
0.0002609243181129836 0.021394964048446846 0.0026409595697428102 0.3324678816919435
-4.599441052966408e-05 0.021394964048446846 0.0026409595697428102 0.3324678816919435
-5.323305979010389e-05 0.021394964048446846 0.0026409595697428102 0.3324678816919435
-2.0900426426806094e-05 0.021394964048446846 0.0026409595697428102 0.3324678816919435
-6.905704523289138e-06 0.021394964048446846 0.0026409595697428102 0.3324678816919435
4.424741691715215e-05 0.021394964048446846 0.0026409595697428102 -0.4220324197654002
-1.0766317462190367e-05 0.021394964048446846 0.0026409595697428102 -3.4400336255947748
-2.0417849809443438e-05 0.021394964048446846 0.0026409595697428102 0.3324678816919435
-5.5645942876917154e-05 0.021394964048446846 0.0026409595697428102 -0.4220324197654002
-3.5860301565048356e-05 0.021394964048446846 0.0026409595697428102 -0.04478226903672833
-3.6342878182411005e-05 0.021394964048446846 0.0026409595697428102 0.3324678816919435
-2.331330951361936e-05 0.021394964048446846 0.0026409595697428102 0.3324678816919435
-3.730803141713632e-05 0.021394964048446846 0.0026409595697428102 0.3324678816919435
-2.427846274834467e-05 0.021394964048446846 0.0026409595697428102 0.3324678816919435
-4.4064104060213466e-05 0.021394964048446846 0.0026409595697428102 0.3324678816919435
0.0006600151806718981 0.021394964048446846 0.0026409595697428102 0.3324678816919435
-5.130275332065327e-05 0.021394964048446846 0.0026409595697428102 0.3324678816919435
-5.468078964219185e-05 0.021394964048446846 0.0026409595697428102 -0.4220324197654002
-4.068606773867489e-05 0.021394964048446846 0.0026409595697428102 -3.4400336255947748
-3.827318465186162e-05 0.021394964048446846 0.0026409595697428102 0.3324678816919435
-5.468078964219185e-05 0.021394964048446846 0.0026409595697428102 -0.4220324197654002
-5.130275332065327e-05 0.021394964048446846 0.0026409595697428102 -0.04478226903672833
-2.476103936570732e-05 0.021394964048446846 0.0026409595697428102 0.3324678816919435
-3.7790608034498966e-05 0.021394964048446846 0.0026409595697428102 0.3324678816919435
-4.985502346856531e-05 0.021394964048446846 0.0026409595697428102 0.3324678816919435
-2.6208769217795282e-05 0.021394964048446846 0.0026409595697428102 0.3324678816919435
-3.875576126922428e-05 0.021394964048446846 0.0026409595697428102 0.3324678816919435
-4.2616374208125505e-05 0.021394964048446846 0.0026409595697428102 0.3324678816919435
-5.5645942876917154e-05 0.021394964048446846 0.0026409595697428102 0.3324678816919435
0.00017502568022243126 0.021394964048446846 0.0026409595697428102 -0.4220324197654002
-1.8004966722630172e-05 0.021394964048446846 0.0026409595697428102 -3.4400336255947748
-2.2830732896256707e-05 0.021394964048446846 0.0026409595697428102 -0.4220324197654002
6.403305822902094e-05 0.021394964048446846 0.0026409595697428102 0.3324678816919435
-2.0417849809443438e-05 0.021394964048446846 0.0026409595697428102 -0.04478226903672833
0.0003371714236562829 0.021394964048446846 0.0026409595697428102 0.3324678816919435
-4.2616374208125505e-05 0.021394964048446846 0.0026409595697428102 0.3324678816919435
-3.730803141713632e-05 0.021394964048446846 0.0026409595697428102 0.3324678816919435
-7.388281140651792e-06 0.021394964048446846 0.0026409595697428102 0.3324678816919435
-5.5645942876917154e-05 0.021394964048446846 0.0026409595697428102 0.3324678816919435
4.1834533830338874e-05 0.021394964048446846 0.0026409595697428102 0.3324678816919435
-5.5645942876917154e-05 0.021394964048446846 0.0026409595697428102 -3.4400336255947748
-5.130275332065327e-05 0.021394964048446846 0.0026409595697428102 0.3324678816919435
-5.5645942876917154e-05 0.021394964048446846 0.0026409595697428102 -0.4220324197654002
7.0890173802278165e-06 0.021394964048446846 0.0026409595697428102 -0.4220324197654002
-1.1248894079553021e-05 0.021394964048446846 0.0026409595697428102 0.3324678816919435
-5.419821302482919e-05 0.021394964048446846 0.0026409595697428102 -0.04478226903672833
-3.2964841860872434e-05 0.021394964048446846 0.0026409595697428102 0.3324678816919435
8.092323983671381e-05 0.021394964048446846 0.0026409595697428102 0.3324678816919435
-4.1168644356037544e-05 0.021394964048446846 0.0026409595697428102 0.3324678816919435
8.864446571451628e-05 0.021394964048446846 0.0026409595697428102 0.3324678816919435
7.127170748946075e-05 0.021394964048446846 0.0026409595697428102 0.3324678816919435
-5.419821302482919e-05 0.021394964048446846 0.0026409595697428102 -3.4400336255947748
0.000284087995746391 0.021394964048446846 0.0026409595697428102 -0.4220324197654002
-5.419821302482919e-05 0.021394964048446846 0.0026409595697428102 0.3324678816919435
-5.323305979010389e-05 0.021394964048446846 0.0026409595697428102 0.3324678816919435
-4.4064104060213466e-05 0.021394964048446846 0.0026409595697428102 -0.4220324197654002
-5.0337600085927966e-05 0.021394964048446846 0.0026409595697428102 0.3324678816919435
-2.1383003044168746e-05 0.021394964048446846 0.0026409595697428102 -0.04478226903672833
-2.18655796615314e-05 0.021394964048446846 0.0026409595697428102 0.3324678816919435
-5.0337600085927966e-05 0.021394964048446846 0.0026409595697428102 0.3324678816919435
9.984477084403738e-06 0.021394964048446846 0.0026409595697428102 0.3324678816919435
-2.9104228921971204e-05 0.021394964048446846 0.0026409595697428102 0.3324678816919435
-4.985502346856531e-05 0.021394964048446846 0.0026409595697428102 0.3324678816919435
3.21830014830858e-05 0.021394964048446846 0.0026409595697428102 -3.4400336255947748
-2.18655796615314e-05 0.021394964048446846 0.0026409595697428102 -0.4220324197654002
9.347023188814281e-05 0.021394964048446846 0.0026409595697428102 0.3324678816919435
-5.5645942876917154e-05 0.021394964048446846 0.0026409595697428102 0.3324678816919435
7.947550998462585e-05 0.021394964048446846 0.0026409595697428102 -0.4220324197654002
7.416716719363667e-05 0.021394964048446846 0.0026409595697428102 0.3324678816919435
0.0003318630808652937 0.021394964048446846 0.0026409595697428102 -0.04478226903672833
-3.730803141713632e-05 0.021394964048446846 0.0026409595697428102 0.3324678816919435
-3.248226524350978e-05 0.021394964048446846 0.0026409595697428102 0.3324678816919435
-5.0337600085927966e-05 0.021394964048446846 0.0026409595697428102 0.3324678816919435
-1.5973617322999486e-06 0.021394964048446846 0.0026409595697428102 0.3324678816919435
0.00010746495379165976 0.021394964048446846 0.0026409595697428102 0.3324678816919435
-2.7656499069883243e-05 0.021394964048446846 0.0026409595697428102 -3.4400336255947748
-4.502925729493877e-05 0.021394964048446846 0.0026409595697428102 -0.4220324197654002
4.1834533830338874e-05 0.021394964048446846 0.0026409595697428102 0.3324678816919435
-3.392999509559774e-05 0.021394964048446846 0.0026409595697428102 0.3324678816919435
-4.695956376438939e-05 0.021394964048446846 0.0026409595697428102 -0.4220324197654002
6.113759852484502e-05 0.021394964048446846 0.0026409595697428102 -0.04478226903672833
-4.792471699911469e-05 0.021394964048446846 0.0026409595697428102 0.3324678816919435
3.12178482483605e-05 0.021394964048446846 0.0026409595697428102 0.3324678816919435
-5.51633662595545e-05 0.021394964048446846 0.0026409595697428102 0.3324678816919435
1.818827957956885e-05 0.021394964048446846 0.0026409595697428102 0.3324678816919435
0.00033861915350837086 0.021394964048446846 0.0026409595697428102 0.3324678816919435
-5.2267906555378576e-05 0.021394964048446846 0.0026409595697428102 0.3324678816919435
-1.3661777166366289e-05 0.021394964048446846 0.0026409595697428102 -3.4400336255947748
6.45156348463836e-05 0.021394964048446846 0.0026409595697428102 -0.4220324197654002
-4.7442140381752044e-05 0.021394964048446846 0.0026409595697428102 0.3324678816919435
-1.3661777166366289e-05 0.021394964048446846 0.0026409595697428102 0.3324678816919435
2.204889251847008e-05 0.021394964048446846 0.0026409595697428102 -0.4220324197654002
5.19686427949546e-05 0.021394964048446846 0.0026409595697428102 0.3324678816919435
-2.717392245252059e-05 0.021394964048446846 0.0026409595697428102 0.3324678816919435
4.376484029978949e-05 0.021394964048446846 0.0026409595697428102 0.3324678816919435
3.710981058689241e-06 0.021394964048446846 0.0026409595697428102 0.3324678816919435
7.609747366308728e-05 0.021394964048446846 0.0026409595697428102 0.3324678816919435
0.0003786730127494711 0.021394964048446846 0.0026409595697428102 0.3324678816919435
-5.323305979010389e-05 0.021394964048446846 0.0026409595697428102 -0.4220324197654002
-1.655723687054221e-05 0.021394964048446846 0.0026409595697428102 0.3324678816919435
-5.51633662595545e-05 0.021394964048446846 0.0026409595697428102 0.3324678816919435
-4.551183391230143e-05 0.021394964048446846 0.0026409595697428102 -0.4220324197654002
-1.2696623931640982e-05 0.021394964048446846 0.0026409595697428102 -3.4400336255947748
-4.695956376438939e-05 0.021394964048446846 0.0026409595697428102 -0.04478226903672833
-3.827318465186162e-05 0.021394964048446846 0.0026409595697428102 0.3324678816919435
-1.752239010526752e-05 0.021394964048446846 0.0026409595697428102 0.3324678816919435
-1.1731470696915674e-05 0.021394964048446846 0.0026409595697428102 0.3324678816919435
-2.5243615983069977e-05 0.021394964048446846 0.0026409595697428102 0.3324678816919435
-5.2267906555378576e-05 0.021394964048446846 0.0026409595697428102 0.3324678816919435
-5.612851949427981e-05 0.021394964048446846 0.0026409595697428102 0.3324678816919435
-3.248226524350978e-05 0.021394964048446846 0.0026409595697428102 -0.4220324197654002
1.4810243258030275e-05 0.021394964048446846 0.0026409595697428102 0.3324678816919435
-4.020349112131224e-05 0.021394964048446846 0.0026409595697428102 0.3324678816919435
-4.599441052966408e-05 0.021394964048446846 0.0026409595697428102 -0.4220324197654002
-2.6691345835157938e-05 0.021394964048446846 0.0026409595697428102 -3.4400336255947748
-2.0417849809443438e-05 0.021394964048446846 0.0026409595697428102 -0.04478226903672833
1.0467053701766392e-05 0.021394964048446846 0.0026409595697428102 0.3324678816919435
4.231711044770153e-05 0.021394964048446846 0.0026409595697428102 0.3324678816919435
0.00038639423862727357 0.021394964048446846 0.0026409595697428102 0.3324678816919435
-2.7656499069883243e-05 0.021394964048446846 0.0026409595697428102 0.3324678816919435
-5.275048317274123e-05 0.021394964048446846 0.0026409595697428102 0.3324678816919435
-3.392999509559774e-05 0.021394964048446846 0.0026409595697428102 0.3324678816919435
-4.9372446851202654e-05 0.021394964048446846 0.0026409595697428102 -0.4220324197654002
-2.9104228921971204e-05 0.021394964048446846 0.0026409595697428102 0.3324678816919435
-3.344741847823509e-05 0.021394964048446846 0.0026409595697428102 0.3324678816919435
-2.1383003044168746e-05 0.021394964048446846 0.0026409595697428102 -0.4220324197654002
-2.862165230460855e-05 0.021394964048446846 0.0026409595697428102 -0.04478226903672833
-5.419821302482919e-05 0.021394964048446846 0.0026409595697428102 -3.4400336255947748
-6.905704523289138e-06 0.021394964048446846 0.0026409595697428102 0.3324678816919435
-5.0820176703290615e-05 0.021394964048446846 0.0026409595697428102 0.3324678816919435
0.00013883243392023224 0.021394964048446846 0.0026409595697428102 0.3324678816919435
6.64459413158342e-05 0.021394964048446846 0.0026409595697428102 0.3324678816919435
6.210275175957033e-05 0.021394964048446846 0.0026409595697428102 0.3324678816919435
0.0004766360660740898 0.021394964048446846 0.0026409595697428102 0.3324678816919435
-4.647698714702673e-05 0.021394964048446846 0.0026409595697428102 -0.4220324197654002
-9.80116422746506e-06 0.021394964048446846 0.0026409595697428102 0.3324678816919435
-2.0417849809443438e-05 0.021394964048446846 0.0026409595697428102 0.3324678816919435
-2.862165230460855e-05 0.021394964048446846 0.0026409595697428102 -0.4220324197654002
-2.5625149670252558e-06 0.021394964048446846 0.0026409595697428102 -3.4400336255947748
2.745827823963934e-06 0.021394964048446846 0.0026409595697428102 0.3324678816919435
-5.612851949427981e-05 0.021394964048446846 0.0026409595697428102 -0.04478226903672833
8.054170614953124e-06 0.021394964048446846 0.0026409595697428102 0.3324678816919435
-2.5625149670252558e-06 0.021394964048446846 0.0026409595697428102 0.3324678816919435
-1.510950701845425e-05 0.021394964048446846 0.0026409595697428102 0.3324678816919435
-4.213379759076285e-05 0.021394964048446846 0.0026409595697428102 0.3324678816919435
2.0118586049019463e-05 0.021394964048446846 0.0026409595697428102 0.3324678816919435
9.395280850550546e-05 0.021394964048446846 0.0026409595697428102 -0.4220324197654002
-2.0417849809443438e-05 0.021394964048446846 0.0026409595697428102 0.3324678816919435
-5.612851949427981e-05 0.021394964048446846 0.0026409595697428102 0.3324678816919435
-4.4064104060213466e-05 0.021394964048446846 0.0026409595697428102 -0.4220324197654002
-5.612851949427981e-05 0.021394964048446846 0.0026409595697428102 -3.4400336255947748
0.00030339106044089716 0.021394964048446846 0.0026409595697428102 -0.04478226903672833
-4.010244819113216e-06 0.021394964048446846 0.0026409595697428102 0.3324678816919435
-4.502925729493877e-05 0.021394964048446846 0.0026409595697428102 0.3324678816919435
-5.323305979010389e-05 0.021394964048446846 0.0026409595697428102 0.3324678816919435
-3.248226524350978e-05 0.021394964048446846 0.0026409595697428102 0.3324678816919435
7.947550998462585e-05 0.021394964048446846 0.0026409595697428102 0.3324678816919435
-4.068606773867489e-05 0.021394964048446846 0.0026409595697428102 0.3324678816919435
0.000172612797135618 0.021394964048446846 0.0026409595697428102 -0.4220324197654002
0.0001571703453800131 0.021394964048446846 0.0026409595697428102 0.3324678816919435
-3.0450915843879096e-06 0.021394964048446846 0.0026409595697428102 0.3324678816919435
-2.572619260043263e-05 0.021394964048446846 0.0026409595697428102 -3.4400336255947748
-4.647698714702673e-05 0.021394964048446846 0.0026409595697428102 -3.4400336255947748
0.00041631398890375806 0.021394964048446846 0.0026409595697428102 0.3324678816919435
-4.599441052966408e-05 0.021394964048446846 0.0026409595697428102 0.3324678816919435
-1.8004966722630172e-05 0.021394964048446846 0.0026409595697428102 0.3324678816919435
-4.8889870233840005e-05 0.021394964048446846 0.0026409595697428102 -0.04478226903672833
-4.502925729493877e-05 0.021394964048446846 0.0026409595697428102 0.3324678816919435
-4.358152744285081e-05 0.021394964048446846 0.0026409595697428102 0.3324678816919435
-4.695956376438939e-05 0.021394964048446846 0.0026409595697428102 0.3324678816919435
-5.468078964219185e-05 0.021394964048446846 0.0026409595697428102 -0.4220324197654002
-9.80116422746506e-06 0.021394964048446846 0.0026409595697428102 0.3324678816919435
-4.16512209734002e-05 0.021394964048446846 0.0026409595697428102 -3.4400336255947748
-5.275048317274123e-05 0.021394964048446846 0.0026409595697428102 0.3324678816919435
-4.647698714702673e-05 0.021394964048446846 0.0026409595697428102 -0.4220324197654002
-3.53777249476857e-05 0.021394964048446846 0.0026409595697428102 0.3324678816919435
-5.0337600085927966e-05 0.021394964048446846 0.0026409595697428102 0.3324678816919435
-4.309895082548816e-05 0.021394964048446846 0.0026409595697428102 0.3324678816919435
-3.199968862614713e-05 0.021394964048446846 0.0026409595697428102 0.3324678816919435
-5.275048317274123e-05 0.021394964048446846 0.0026409595697428102 0.3324678816919435
-5.468078964219185e-05 0.021394964048446846 0.0026409595697428102 -0.4220324197654002
-5.275048317274123e-05 0.021394964048446846 0.0026409595697428102 -3.4400336255947748
-3.0069382156696512e-05 0.021394964048446846 0.0026409595697428102 -3.4400336255947748
-3.5860301565048356e-05 0.021394964048446846 0.0026409595697428102 0.3324678816919435
6.692851793319687e-05 0.021394964048446846 0.0026409595697428102 -0.4220324197654002
-5.275048317274123e-05 0.021394964048446846 0.0026409595697428102 -0.04478226903672833
1.432766664066762e-05 0.021394964048446846 0.0026409595697428102 0.3324678816919435
-3.4412571712960395e-05 0.021394964048446846 0.0026409595697428102 0.3324678816919435
-5.371563640746654e-05 0.021394964048446846 0.0026409595697428102 0.3324678816919435
-3.875576126922428e-05 0.021394964048446846 0.0026409595697428102 0.3324678816919435
0.0003680563271674927 0.021394964048446846 0.0026409595697428102 0.3324678816919435
-8.836010992739754e-06 0.021394964048446846 0.0026409595697428102 0.3324678816919435
-4.985502346856531e-05 0.021394964048446846 0.0026409595697428102 -0.4220324197654002
-3.392999509559774e-05 0.021394964048446846 0.0026409595697428102 0.3324678816919435
-4.502925729493877e-05 0.021394964048446846 0.0026409595697428102 -3.4400336255947748
-5.130275332065327e-05 0.021394964048446846 0.0026409595697428102 0.3324678816919435
5.245121941231726e-05 0.021394964048446846 0.0026409595697428102 -0.04478226903672833
-4.4928214364758706e-06 0.021394964048446846 0.0026409595697428102 -0.4220324197654002
7.271943734154871e-05 0.021394964048446846 0.0026409595697428102 0.3324678816919435
-8.3534343753771e-06 0.021394964048446846 0.0026409595697428102 0.3324678816919435
3.9904227360888264e-05 0.021394964048446846 0.0026409595697428102 0.3324678816919435
0.00015330973244111185 0.021394964048446846 0.0026409595697428102 0.3324678816919435
0.00026478493105188485 0.021394964048446846 0.0026409595697428102 0.3324678816919435
-5.2267906555378576e-05 0.021394964048446846 0.0026409595697428102 0.3324678816919435
-4.502925729493877e-05 0.021394964048446846 0.0026409595697428102 -0.4220324197654002
-4.1168644356037544e-05 0.021394964048446846 0.0026409595697428102 0.3324678816919435
-4.9372446851202654e-05 0.021394964048446846 0.0026409595697428102 -3.4400336255947748
-5.612851949427981e-05 0.021394964048446846 0.0026409595697428102 0.3324678816919435
-3.730803141713632e-05 0.021394964048446846 0.0026409595697428102 -0.4220324197654002
-5.51633662595545e-05 0.021394964048446846 0.0026409595697428102 -0.04478226903672833
1.432766664066762e-05 0.021394964048446846 0.0026409595697428102 0.3324678816919435
0.00016682187772726616 0.021394964048446846 0.0026409595697428102 0.3324678816919435
-1.510950701845425e-05 0.021394964048446846 0.0026409595697428102 0.3324678816919435
5.727698558594379e-05 0.021394964048446846 0.0026409595697428102 0.3324678816919435
-4.599441052966408e-05 0.021394964048446846 0.0026409595697428102 0.3324678816919435
-4.551183391230143e-05 0.021394964048446846 0.0026409595697428102 0.3324678816919435
-5.0337600085927966e-05 0.021394964048446846 0.0026409595697428102 -0.4220324197654002
-4.1168644356037544e-05 0.021394964048446846 0.0026409595697428102 0.3324678816919435
-3.923833788658693e-05 0.021394964048446846 0.0026409595697428102 -3.4400336255947748
-5.371563640746654e-05 0.021394964048446846 0.0026409595697428102 0.3324678816919435
-5.468078964219185e-05 0.021394964048446846 0.0026409595697428102 -0.4220324197654002
2.108373928374477e-05 0.021394964048446846 0.0026409595697428102 -0.04478226903672833
0.00034537522615144797 0.021394964048446846 0.0026409595697428102 0.3324678816919435
-4.502925729493877e-05 0.021394964048446846 0.0026409595697428102 0.3324678816919435
-1.1731470696915674e-05 0.021394964048446846 0.0026409595697428102 0.3324678816919435
3.710981058689241e-06 0.021394964048446846 0.0026409595697428102 0.3324678816919435
-4.454668067757612e-05 0.021394964048446846 0.0026409595697428102 0.3324678816919435
-5.323305979010389e-05 0.021394964048446846 0.0026409595697428102 -3.4400336255947748
-5.468078964219185e-05 0.021394964048446846 0.0026409595697428102 -0.4220324197654002
-4.9372446851202654e-05 0.021394964048446846 0.0026409595697428102 -0.4220324197654002
-4.8889870233840005e-05 0.021394964048446846 0.0026409595697428102 0.3324678816919435
2.5909505457371307e-05 0.021394964048446846 0.0026409595697428102 0.3324678816919435
8.478385277561505e-05 0.021394964048446846 0.0026409595697428102 0.3324678816919435
0.00014221047024177082 0.021394964048446846 0.0026409595697428102 -0.04478226903672833
-5.5645942876917154e-05 0.021394964048446846 0.0026409595697428102 0.3324678816919435
0.00010843010702638507 0.021394964048446846 0.0026409595697428102 0.3324678816919435
0.0002898789151547428 0.021394964048446846 0.0026409595697428102 0.3324678816919435
-3.972091450394958e-05 0.021394964048446846 0.0026409595697428102 0.3324678816919435
4.666030000396541e-05 0.021394964048446846 0.0026409595697428102 -0.4220324197654002
-5.0337600085927966e-05 0.021394964048446846 0.0026409595697428102 0.3324678816919435
0.00011663390952155019 0.021394964048446846 0.0026409595697428102 -0.4220324197654002
2.5426928840008654e-05 0.021394964048446846 0.0026409595697428102 -3.4400336255947748
1.0467053701766392e-05 0.021394964048446846 0.0026409595697428102 0.3324678816919435
2.0118586049019463e-05 0.021394964048446846 0.0026409595697428102 0.3324678816919435
-1.7039813487904863e-05 0.021394964048446846 0.0026409595697428102 0.3324678816919435
1.8670856196931502e-05 0.021394964048446846 0.0026409595697428102 0.3324678816919435
-5.612851949427981e-05 0.021394964048446846 0.0026409595697428102 -0.04478226903672833
-1.655723687054221e-05 0.021394964048446846 0.0026409595697428102 0.3324678816919435
2.928754177890988e-05 0.021394964048446846 0.0026409595697428102 0.3324678816919435
-5.612851949427981e-05 0.021394964048446846 0.0026409595697428102 0.3324678816919435
-3.392999509559774e-05 0.021394964048446846 0.0026409595697428102 0.3324678816919435
2.7357235309459268e-05 0.021394964048446846 0.0026409595697428102 -0.4220324197654002
2.0118586049019463e-05 0.021394964048446846 0.0026409595697428102 -0.4220324197654002
5.9207292055394406e-05 0.021394964048446846 0.0026409595697428102 -3.4400336255947748
-9.318587610102406e-06 0.021394964048446846 0.0026409595697428102 0.3324678816919435
-5.130275332065327e-05 0.021394964048446846 0.0026409595697428102 0.3324678816919435
4.762545323869072e-05 0.021394964048446846 0.0026409595697428102 0.3324678816919435
-3.4412571712960395e-05 0.021394964048446846 0.0026409595697428102 0.3324678816919435
-5.5645942876917154e-05 0.021394964048446846 0.0026409595697428102 0.3324678816919435
-4.1168644356037544e-05 0.021394964048446846 0.0026409595697428102 -0.04478226903672833
-5.612851949427981e-05 0.021394964048446846 0.0026409595697428102 0.3324678816919435
-3.972091450394958e-05 0.021394964048446846 0.0026409595697428102 0.3324678816919435
-4.16512209734002e-05 0.021394964048446846 0.0026409595697428102 -0.4220324197654002
-4.975398053838524e-06 0.021394964048446846 0.0026409595697428102 0.3324678816919435
-1.3179200549003635e-05 0.021394964048446846 0.0026409595697428102 -0.4220324197654002
-5.5645942876917154e-05 0.021394964048446846 0.0026409595697428102 -3.4400336255947748
-1.8970119957355477e-05 0.021394964048446846 0.0026409595697428102 0.3324678816919435
2.349662237055804e-05 0.021394964048446846 0.0026409595697428102 0.3324678816919435
-4.9372446851202654e-05 0.021394964048446846 0.0026409595697428102 0.3324678816919435
-1.2696623931640982e-05 0.021394964048446846 0.0026409595697428102 0.3324678816919435
2.745827823963934e-06 0.021394964048446846 0.0026409595697428102 0.3324678816919435
-9.318587610102406e-06 0.021394964048446846 0.0026409595697428102 0.3324678816919435
2.4461775605283346e-05 0.021394964048446846 0.0026409595697428102 -0.04478226903672833
0.00030001302411935854 0.021394964048446846 0.0026409595697428102 -0.4220324197654002
-4.792471699911469e-05 0.021394964048446846 0.0026409595697428102 0.3324678816919435
4.1935576760518945e-06 0.021394964048446846 0.0026409595697428102 0.3324678816919435
-5.275048317274123e-05 0.021394964048446846 0.0026409595697428102 -0.4220324197654002
-5.419821302482919e-05 0.021394964048446846 0.0026409595697428102 0.3324678816919435
-4.16512209734002e-05 0.021394964048446846 0.0026409595697428102 -3.4400336255947748
4.4729993534514796e-05 0.021394964048446846 0.0026409595697428102 0.3324678816919435
-4.454668067757612e-05 0.021394964048446846 0.0026409595697428102 0.3324678816919435
-2.6208769217795282e-05 0.021394964048446846 0.0026409595697428102 0.3324678816919435
-3.0069382156696512e-05 0.021394964048446846 0.0026409595697428102 0.3324678816919435
-5.323305979010389e-05 0.021394964048446846 0.0026409595697428102 0.3324678816919435
1.1914783553854353e-05 0.021394964048446846 0.0026409595697428102 -0.04478226903672833
-5.612851949427981e-05 0.021394964048446846 0.0026409595697428102 -0.4220324197654002
-3.055195877405917e-05 0.021394964048446846 0.0026409595697428102 0.3324678816919435
0.00017743856330924455 0.021394964048446846 0.0026409595697428102 -3.4400336255947748
-3.055195877405917e-05 0.021394964048446846 0.0026409595697428102 0.3324678816919435
1.963600943165681e-05 0.021394964048446846 0.0026409595697428102 0.3324678816919435
5.82421388206691e-05 0.021394964048446846 0.0026409595697428102 -0.4220324197654002
0.0002599591648782583 0.021394964048446846 0.0026409595697428102 0.3324678816919435
-2.1383003044168746e-05 0.021394964048446846 0.0026409595697428102 0.3324678816919435
2.4944352222645998e-05 0.021394964048446846 0.0026409595697428102 0.3324678816919435
-5.612851949427981e-05 0.021394964048446846 0.0026409595697428102 0.3324678816919435
-5.0337600085927966e-05 0.021394964048446846 0.0026409595697428102 0.3324678816919435
-2.0900426426806094e-05 0.021394964048446846 0.0026409595697428102 -0.04478226903672833
0.00012628544186880325 0.021394964048446846 0.0026409595697428102 0.3324678816919435
4.859060647341603e-05 0.021394964048446846 0.0026409595697428102 0.3324678816919435
-5.5645942876917154e-05 0.021394964048446846 0.0026409595697428102 -0.4220324197654002
-4.2616374208125505e-05 0.021394964048446846 0.0026409595697428102 -3.4400336255947748
9.01932384967843e-06 0.021394964048446846 0.0026409595697428102 0.3324678816919435
7.57159399759047e-06 0.021394964048446846 0.0026409595697428102 0.3324678816919435
-5.419821302482919e-05 0.021394964048446846 0.0026409595697428102 0.3324678816919435
-5.323305979010389e-05 0.021394964048446846 0.0026409595697428102 0.3324678816919435
-3.4412571712960395e-05 0.021394964048446846 0.0026409595697428102 0.3324678816919435
-5.51633662595545e-05 0.021394964048446846 0.0026409595697428102 0.3324678816919435
-4.502925729493877e-05 0.021394964048446846 0.0026409595697428102 0.3324678816919435
-4.792471699911469e-05 0.021394964048446846 0.0026409595697428102 -0.04478226903672833
-5.468078964219185e-05 0.021394964048446846 0.0026409595697428102 -0.4220324197654002
-5.275048317274123e-05 0.021394964048446846 0.0026409595697428102 0.3324678816919435
-4.454668067757612e-05 0.021394964048446846 0.0026409595697428102 -3.4400336255947748
0.0004452685859455173 0.021394964048446846 0.0026409595697428102 -0.4220324197654002
-1.4963188021198785e-07 0.021394964048446846 0.0026409595697428102 0.3324678816919435
-1.0766317462190367e-05 0.021394964048446846 0.0026409595697428102 0.3324678816919435
-3.055195877405917e-05 0.021394964048446846 0.0026409595697428102 0.3324678816919435
-4.4064104060213466e-05 0.021394964048446846 0.0026409595697428102 0.3324678816919435
-4.7442140381752044e-05 0.021394964048446846 0.0026409595697428102 0.3324678816919435
4.521257015187745e-05 0.021394964048446846 0.0026409595697428102 0.3324678816919435
2.639208207473396e-05 0.021394964048446846 0.0026409595697428102 0.3324678816919435
-2.18655796615314e-05 0.021394964048446846 0.0026409595697428102 -0.04478226903672833
1.0467053701766392e-05 0.021394964048446846 0.0026409595697428102 -0.4220324197654002
-5.178532993801593e-05 0.021394964048446846 0.0026409595697428102 -3.4400336255947748
-2.427846274834467e-05 0.021394964048446846 0.0026409595697428102 0.3324678816919435
-5.130275332065327e-05 0.021394964048446846 0.0026409595697428102 -0.4220324197654002
0.0002898789151547428 0.021394964048446846 0.0026409595697428102 0.3324678816919435
-5.0337600085927966e-05 0.021394964048446846 0.0026409595697428102 0.3324678816919435
-4.309895082548816e-05 0.021394964048446846 0.0026409595697428102 0.3324678816919435
-4.4064104060213466e-05 0.021394964048446846 0.0026409595697428102 0.3324678816919435
2.349662237055804e-05 0.021394964048446846 0.0026409595697428102 0.3324678816919435
-5.371563640746654e-05 0.021394964048446846 0.0026409595697428102 -0.4220324197654002
-4.7442140381752044e-05 0.021394964048446846 0.0026409595697428102 0.3324678816919435
-5.51633662595545e-05 0.021394964048446846 0.0026409595697428102 -3.4400336255947748
-5.5645942876917154e-05 0.021394964048446846 0.0026409595697428102 0.3324678816919435
-2.862165230460855e-05 0.021394964048446846 0.0026409595697428102 -0.04478226903672833
-2.9586805539333856e-05 0.021394964048446846 0.0026409595697428102 -0.4220324197654002
-5.51633662595545e-05 0.021394964048446846 0.0026409595697428102 0.3324678816919435
-2.5243615983069977e-05 0.021394964048446846 0.0026409595697428102 0.3324678816919435
-7.388281140651792e-06 0.021394964048446846 0.0026409595697428102 0.3324678816919435
4.231711044770153e-05 0.021394964048446846 0.0026409595697428102 0.3324678816919435
-2.7656499069883243e-05 0.021394964048446846 0.0026409595697428102 0.3324678816919435
4.521257015187745e-05 0.021394964048446846 0.0026409595697428102 0.3324678816919435
6.837624778528483e-05 0.021394964048446846 0.0026409595697428102 -0.4220324197654002
-2.0417849809443438e-05 0.021394964048446846 0.0026409595697428102 0.3324678816919435
0.000494491400916508 0.021394964048446846 0.0026409595697428102 -0.04478226903672833
-4.551183391230143e-05 0.021394964048446846 0.0026409595697428102 0.3324678816919435
-4.020349112131224e-05 0.021394964048446846 0.0026409595697428102 -0.4220324197654002
-4.8889870233840005e-05 0.021394964048446846 0.0026409595697428102 -3.4400336255947748
2.6874658692096615e-05 0.021394964048446846 0.0026409595697428102 0.3324678816919435
-5.612851949427981e-05 0.021394964048446846 0.0026409595697428102 0.3324678816919435
4.038680397825091e-05 0.021394964048446846 0.0026409595697428102 0.3324678816919435
-1.0283740844827714e-05 0.021394964048446846 0.0026409595697428102 0.3324678816919435
-2.331330951361936e-05 0.021394964048446846 0.0026409595697428102 0.3324678816919435
-5.0820176703290615e-05 0.021394964048446846 0.0026409595697428102 -0.4220324197654002
-5.0337600085927966e-05 0.021394964048446846 0.0026409595697428102 0.3324678816919435
-3.2964841860872434e-05 0.021394964048446846 0.0026409595697428102 0.3324678816919435
0.0002488599026789173 0.021394964048446846 0.0026409595697428102 -0.04478226903672833
0.00021894015240243276 0.021394964048446846 0.0026409595697428102 0.3324678816919435
0.00013497182098133102 0.021394964048446846 0.0026409595697428102 -0.4220324197654002
-3.923833788658693e-05 0.021394964048446846 0.0026409595697428102 -3.4400336255947748
0.00010022630453121997 0.021394964048446846 0.0026409595697428102 0.3324678816919435
-2.331330951361936e-05 0.021394964048446846 0.0026409595697428102 0.3324678816919435
8.719673586242832e-05 0.021394964048446846 0.0026409595697428102 0.3324678816919435
-3.0450915843879096e-06 0.021394964048446846 0.0026409595697428102 0.3324678816919435
-8.836010992739754e-06 0.021394964048446846 0.0026409595697428102 0.3324678816919435
0.000481944408865079 0.021394964048446846 0.0026409595697428102 0.3324678816919435
-5.178532993801593e-05 0.021394964048446846 0.0026409595697428102 -0.4220324197654002
-3.4412571712960395e-05 0.021394964048446846 0.0026409595697428102 0.3324678816919435
-4.502925729493877e-05 0.021394964048446846 0.0026409595697428102 -0.04478226903672833
9.395280850550546e-05 0.021394964048446846 0.0026409595697428102 0.3324678816919435
-1.9452696574718133e-05 0.021394964048446846 0.0026409595697428102 -0.4220324197654002
0.0001330415145118804 0.021394964048446846 0.0026409595697428102 -3.4400336255947748
4.4729993534514796e-05 0.021394964048446846 0.0026409595697428102 0.3324678816919435
6.54807880811089e-05 0.021394964048446846 0.0026409595697428102 0.3324678816919435
-5.2267906555378576e-05 0.021394964048446846 0.0026409595697428102 0.3324678816919435
-5.130275332065327e-05 0.021394964048446846 0.0026409595697428102 0.3324678816919435
4.1351957212976225e-05 0.021394964048446846 0.0026409595697428102 0.3324678816919435
0.0003627479843765035 0.021394964048446846 0.0026409595697428102 0.3324678816919435
-3.875576126922428e-05 0.021394964048446846 0.0026409595697428102 0.3324678816919435
-5.0337600085927966e-05 0.021394964048446846 0.0026409595697428102 -0.4220324197654002
7.802778013253789e-05 0.021394964048446846 0.0026409595697428102 -0.04478226903672833
2.204889251847008e-05 0.021394964048446846 0.0026409595697428102 -0.4220324197654002
1.1432206936491699e-05 0.021394964048446846 0.0026409595697428102 0.3324678816919435
5.19686427949546e-05 0.021394964048446846 0.0026409595697428102 -3.4400336255947748
8.671415924506566e-05 0.021394964048446846 0.0026409595697428102 0.3324678816919435
-3.4412571712960395e-05 0.021394964048446846 0.0026409595697428102 0.3324678816919435
0.0003656434440806794 0.021394964048446846 0.0026409595697428102 0.3324678816919435
3.459588456989907e-05 0.021394964048446846 0.0026409595697428102 0.3324678816919435
-2.81390756872459e-05 0.021394964048446846 0.0026409595697428102 -0.4220324197654002
-4.647698714702673e-05 0.021394964048446846 0.0026409595697428102 0.3324678816919435
-4.695956376438939e-05 0.021394964048446846 0.0026409595697428102 0.3324678816919435
1.7806745892386265e-06 0.021394964048446846 0.0026409595697428102 -0.04478226903672833
-2.0799383496626024e-06 0.021394964048446846 0.0026409595697428102 0.3324678816919435
2.783981192682192e-05 0.021394964048446846 0.0026409595697428102 -0.4220324197654002
8.960961894924158e-05 0.021394964048446846 0.0026409595697428102 -3.4400336255947748
-4.309895082548816e-05 0.021394964048446846 0.0026409595697428102 0.3324678816919435
-5.661109611164246e-05 0.021394964048446846 0.0026409595697428102 0.3324678816919435
-5.5645942876917154e-05 0.021394964048446846 0.0026409595697428102 0.3324678816919435
1.6257973110118236e-05 0.021394964048446846 0.0026409595697428102 0.3324678816919435
4.676134293414548e-06 0.021394964048446846 0.0026409595697428102 0.3324678816919435
-5.419821302482919e-05 0.021394964048446846 0.0026409595697428102 -0.4220324197654002
5.2933796029679906e-05 0.021394964048446846 0.0026409595697428102 0.3324678816919435
3.9904227360888264e-05 0.021394964048446846 0.0026409595697428102 0.3324678816919435
0.00034392749629936 0.021394964048446846 0.0026409595697428102 0.3324678816919435
-5.51633662595545e-05 0.021394964048446846 0.0026409595697428102 -0.04478226903672833
5.6311832351218484e-05 0.021394964048446846 0.0026409595697428102 0.3324678816919435
-6.905704523289138e-06 0.021394964048446846 0.0026409595697428102 -0.4220324197654002
-5.323305979010389e-05 0.021394964048446846 0.0026409595697428102 0.3324678816919435
-4.7442140381752044e-05 0.021394964048446846 0.0026409595697428102 0.3324678816919435
-5.661109611164246e-05 0.021394964048446846 0.0026409595697428102 -3.4400336255947748
-5.371563640746654e-05 0.021394964048446846 0.0026409595697428102 -0.4220324197654002
-5.419821302482919e-05 0.021394964048446846 0.0026409595697428102 0.3324678816919435
-5.323305979010389e-05 0.021394964048446846 0.0026409595697428102 0.3324678816919435
-2.331330951361936e-05 0.021394964048446846 0.0026409595697428102 0.3324678816919435
3.942165074352561e-05 0.021394964048446846 0.0026409595697428102 0.3324678816919435
-2.81390756872459e-05 0.021394964048446846 0.0026409595697428102 0.3324678816919435
-4.2616374208125505e-05 0.021394964048446846 0.0026409595697428102 -0.04478226903672833
-1.5973617322999486e-06 0.021394964048446846 0.0026409595697428102 0.3324678816919435
-4.599441052966408e-05 0.021394964048446846 0.0026409595697428102 -0.4220324197654002
-3.827318465186162e-05 0.021394964048446846 0.0026409595697428102 0.3324678816919435
-6.423127905926485e-06 0.021394964048446846 0.0026409595697428102 0.3324678816919435
0.00022521364842814724 0.021394964048446846 0.0026409595697428102 -3.4400336255947748
0.00014800138965012267 0.021394964048446846 0.0026409595697428102 0.3324678816919435
-4.454668067757612e-05 0.021394964048446846 0.0026409595697428102 0.3324678816919435
-5.371563640746654e-05 0.021394964048446846 0.0026409595697428102 0.3324678816919435
-4.599441052966408e-05 0.021394964048446846 0.0026409595697428102 -0.4220324197654002
-5.275048317274123e-05 0.021394964048446846 0.0026409595697428102 0.3324678816919435
-4.9372446851202654e-05 0.021394964048446846 0.0026409595697428102 0.3324678816919435
-5.612851949427981e-05 0.021394964048446846 0.0026409595697428102 -0.4220324197654002
-5.661109611164246e-05 0.021394964048446846 0.0026409595697428102 0.3324678816919435
-4.2616374208125505e-05 0.021394964048446846 0.0026409595697428102 -0.04478226903672833
-5.468078964219185e-05 0.021394964048446846 0.0026409595697428102 0.7097180324206154
-5.275048317274123e-05 0.021394964048446846 0.0026409595697428102 0.3324678816919435
-3.7790608034498966e-05 0.021394964048446846 0.0026409595697428102 -3.4400336255947748
-5.0820176703290615e-05 0.021394964048446846 0.0026409595697428102 0.3324678816919435
-1.7039813487904863e-05 0.021394964048446846 0.0026409595697428102 0.3324678816919435
-2.81390756872459e-05 0.021394964048446846 0.0026409595697428102 0.3324678816919435
-5.51633662595545e-05 0.021394964048446846 0.0026409595697428102 -0.4220324197654002
1.3362513405942314e-05 0.021394964048446846 0.0026409595697428102 0.3324678816919435
0.0003062865201450731 0.021394964048446846 0.0026409595697428102 -0.4220324197654002
-5.0820176703290615e-05 0.021394964048446846 0.0026409595697428102 0.3324678816919435
-5.371563640746654e-05 0.021394964048446846 0.0026409595697428102 -0.04478226903672833
-5.419821302482919e-05 0.021394964048446846 0.0026409595697428102 0.3324678816919435
0.0003511661455597998 0.021394964048446846 0.0026409595697428102 0.3324678816919435
-2.331330951361936e-05 0.021394964048446846 0.0026409595697428102 0.7097180324206154
-5.371563640746654e-05 0.021394964048446846 0.0026409595697428102 0.3324678816919435
-1.3661777166366289e-05 0.021394964048446846 0.0026409595697428102 0.3324678816919435
-2.476103936570732e-05 0.021394964048446846 0.0026409595697428102 -3.4400336255947748
-3.344741847823509e-05 0.021394964048446846 0.0026409595697428102 0.3324678816919435
8.536747232315777e-06 0.021394964048446846 0.0026409595697428102 -0.4220324197654002
3.170042486572315e-05 0.021394964048446846 0.0026409595697428102 0.3324678816919435
3.314815471781111e-05 0.021394964048446846 0.0026409595697428102 0.3324678816919435
-5.419821302482919e-05 0.021394964048446846 0.0026409595697428102 -0.4220324197654002
3.710981058689241e-06 0.021394964048446846 0.0026409595697428102 0.3324678816919435
-3.923833788658693e-05 0.021394964048446846 0.0026409595697428102 -0.04478226903672833
0.00011084299011319835 0.021394964048446846 0.0026409595697428102 0.3324678816919435
-4.647698714702673e-05 0.021394964048446846 0.0026409595697428102 0.3324678816919435
0.00043223901727672563 0.021394964048446846 0.0026409595697428102 0.7097180324206154
-7.388281140651792e-06 0.021394964048446846 0.0026409595697428102 -0.4220324197654002
-5.275048317274123e-05 0.021394964048446846 0.0026409595697428102 0.3324678816919435
-4.16512209734002e-05 0.021394964048446846 0.0026409595697428102 -3.4400336255947748
-5.51633662595545e-05 0.021394964048446846 0.0026409595697428102 0.3324678816919435
-4.985502346856531e-05 0.021394964048446846 0.0026409595697428102 0.3324678816919435
0.00010746495379165976 0.021394964048446846 0.0026409595697428102 0.3324678816919435
1.8670856196931502e-05 0.021394964048446846 0.0026409595697428102 0.3324678816919435
6.692851793319687e-05 0.021394964048446846 0.0026409595697428102 -0.4220324197654002
-3.682545479977366e-05 0.021394964048446846 0.0026409595697428102 0.3324678816919435
-5.5645942876917154e-05 0.021394964048446846 0.0026409595697428102 -0.04478226903672833
-5.661109611164246e-05 0.021394964048446846 0.0026409595697428102 0.3324678816919435
1.1914783553854353e-05 0.021394964048446846 0.0026409595697428102 0.3324678816919435
3.073527163099784e-05 0.021394964048446846 0.0026409595697428102 0.7097180324206154
-5.5645942876917154e-05 0.021394964048446846 0.0026409595697428102 0.3324678816919435
-5.468078964219185e-05 0.021394964048446846 0.0026409595697428102 -0.4220324197654002
0.00042065717846002194 0.021394964048446846 0.0026409595697428102 -3.4400336255947748
-4.599441052966408e-05 0.021394964048446846 0.0026409595697428102 0.3324678816919435
-7.870857758014445e-06 0.021394964048446846 0.0026409595697428102 0.3324678816919435
-4.8889870233840005e-05 0.021394964048446846 0.0026409595697428102 0.3324678816919435
-1.510950701845425e-05 0.021394964048446846 0.0026409595697428102 -0.4220324197654002
-5.371563640746654e-05 0.021394964048446846 0.0026409595697428102 0.3324678816919435
4.8108029856053374e-05 0.021394964048446846 0.0026409595697428102 0.3324678816919435
-5.468078964219185e-05 0.021394964048446846 0.0026409595697428102 -0.04478226903672833
0.00012435513539935266 0.021394964048446846 0.0026409595697428102 0.3324678816919435
-3.923833788658693e-05 0.021394964048446846 0.0026409595697428102 0.3324678816919435
-4.9372446851202654e-05 0.021394964048446846 0.0026409595697428102 0.7097180324206154
1.7806745892386265e-06 0.021394964048446846 0.0026409595697428102 -3.4400336255947748
-3.151711200878447e-05 0.021394964048446846 0.0026409595697428102 0.3324678816919435
-5.5645942876917154e-05 0.021394964048446846 0.0026409595697428102 -0.4220324197654002
8.054170614953124e-06 0.021394964048446846 0.0026409595697428102 0.3324678816919435
-5.0337600085927966e-05 0.021394964048446846 0.0026409595697428102 0.3324678816919435
6.499821146374624e-05 0.021394964048446846 0.0026409595697428102 0.3324678816919435
-5.468078964219185e-05 0.021394964048446846 0.0026409595697428102 0.3324678816919435
3.2284044413265873e-06 0.021394964048446846 0.0026409595697428102 0.3324678816919435
0.0002879486086852922 0.021394964048446846 0.0026409595697428102 0.3324678816919435
3.2284044413265873e-06 0.021394964048446846 0.0026409595697428102 -0.4220324197654002
-1.3661777166366289e-05 0.021394964048446846 0.0026409595697428102 0.7097180324206154
-3.923833788658693e-05 0.021394964048446846 0.0026409595697428102 -3.4400336255947748
0.00023003941460177378 0.021394964048446846 0.0026409595697428102 0.3324678816919435
5.6311832351218484e-05 0.021394964048446846 0.0026409595697428102 -0.04478226903672833
0.0001402801637723202 0.021394964048446846 0.0026409595697428102 -0.4220324197654002
-3.4895148330323044e-05 0.021394964048446846 0.0026409595697428102 0.3324678816919435
-2.5243615983069977e-05 0.021394964048446846 0.0026409595697428102 0.3324678816919435
-1.1731470696915674e-05 0.021394964048446846 0.0026409595697428102 0.3324678816919435
-4.9372446851202654e-05 0.021394964048446846 0.0026409595697428102 0.3324678816919435
-5.178532993801593e-05 0.021394964048446846 0.0026409595697428102 0.3324678816919435
-1.0283740844827714e-05 0.021394964048446846 0.0026409595697428102 0.3324678816919435
-5.5645942876917154e-05 0.021394964048446846 0.0026409595697428102 0.3324678816919435
-4.213379759076285e-05 0.021394964048446846 0.0026409595697428102 0.7097180324206154
-3.392999509559774e-05 0.021394964048446846 0.0026409595697428102 0.7097180324206154
-5.5645942876917154e-05 0.021394964048446846 0.0026409595697428102 0.7097180324206154
-5.468078964219185e-05 0.021394964048446846 0.0026409595697428102 0.7097180324206154
-5.5645942876917154e-05 0.021394964048446846 0.0026409595697428102 -0.4220324197654002
-5.371563640746654e-05 0.021394964048446846 0.0026409595697428102 0.7097180324206154
1.432766664066762e-05 0.021394964048446846 0.0026409595697428102 -3.4400336255947748
3.749134427407499e-05 0.021394964048446846 0.0026409595697428102 0.3324678816919435
-6.905704523289138e-06 0.021394964048446846 0.0026409595697428102 0.3324678816919435
-2.0900426426806094e-05 0.021394964048446846 0.0026409595697428102 0.3324678816919435
-3.923833788658693e-05 0.021394964048446846 0.0026409595697428102 0.3324678816919435
-3.527668201750563e-06 0.021394964048446846 0.0026409595697428102 -0.04478226903672833
-1.9935273192080785e-05 0.021394964048446846 0.0026409595697428102 0.3324678816919435
3.749134427407499e-05 0.021394964048446846 0.0026409595697428102 0.7097180324206154
-4.9372446851202654e-05 0.021394964048446846 0.0026409595697428102 -0.4220324197654002
0.00020880604343781703 0.021394964048446846 0.0026409595697428102 0.7097180324206154
-1.2214047314278328e-05 0.021394964048446846 0.0026409595697428102 0.7097180324206154
-5.275048317274123e-05 0.021394964048446846 0.0026409595697428102 0.7097180324206154
0.00036660859731540475 0.021394964048446846 0.0026409595697428102 0.3324678816919435
-1.8487543339992824e-05 0.021394964048446846 0.0026409595697428102 0.3324678816919435
-2.572619260043263e-05 0.021394964048446846 0.0026409595697428102 0.3324678816919435
0.00012966347819034184 0.021394964048446846 0.0026409595697428102 0.7097180324206154
-3.0450915843879096e-06 0.021394964048446846 0.0026409595697428102 -0.4220324197654002
-3.0450915843879096e-06 0.021394964048446846 0.0026409595697428102 -3.4400336255947748
0.0001537923090584745 0.021394964048446846 0.0026409595697428102 0.3324678816919435
-5.51633662595545e-05 0.021394964048446846 0.0026409595697428102 0.3324678816919435
-2.572619260043263e-05 0.021394964048446846 0.0026409595697428102 0.3324678816919435
-4.985502346856531e-05 0.021394964048446846 0.0026409595697428102 0.3324678816919435
-1.114785114937295e-06 0.021394964048446846 0.0026409595697428102 -0.04478226903672833
-4.840729361647735e-05 0.021394964048446846 0.0026409595697428102 0.3324678816919435
0.00043030871080727503 0.021394964048446846 0.0026409595697428102 0.7097180324206154
-5.612851949427981e-05 0.021394964048446846 0.0026409595697428102 -0.4220324197654002
1.3845090023304966e-05 0.021394964048446846 0.0026409595697428102 0.7097180324206154
0.00016054838170155165 0.021394964048446846 0.0026409595697428102 0.7097180324206154
-2.9586805539333856e-05 0.021394964048446846 0.0026409595697428102 0.7097180324206154
2.108373928374477e-05 0.021394964048446846 0.0026409595697428102 0.3324678816919435
-5.612851949427981e-05 0.021394964048446846 0.0026409595697428102 0.3324678816919435
-3.6342878182411005e-05 0.021394964048446846 0.0026409595697428102 0.3324678816919435
-3.2964841860872434e-05 0.021394964048446846 0.0026409595697428102 -0.4220324197654002
-4.792471699911469e-05 0.021394964048446846 0.0026409595697428102 0.7097180324206154
-4.695956376438939e-05 0.021394964048446846 0.0026409595697428102 -3.4400336255947748
3.411330795253642e-05 0.021394964048446846 0.0026409595697428102 0.3324678816919435
-5.275048317274123e-05 0.021394964048446846 0.0026409595697428102 0.3324678816919435
4.762545323869072e-05 0.021394964048446846 0.0026409595697428102 0.3324678816919435
-2.427846274834467e-05 0.021394964048446846 0.0026409595697428102 -0.04478226903672833
-5.419821302482919e-05 0.021394964048446846 0.0026409595697428102 0.3324678816919435
-4.020349112131224e-05 0.021394964048446846 0.0026409595697428102 0.3324678816919435
0.0003130425927881502 0.021394964048446846 0.0026409595697428102 0.7097180324206154
-4.599441052966408e-05 0.021394964048446846 0.0026409595697428102 -0.4220324197654002
-3.682545479977366e-05 0.021394964048446846 0.0026409595697428102 0.7097180324206154
-2.5243615983069977e-05 0.021394964048446846 0.0026409595697428102 0.7097180324206154
-4.2616374208125505e-05 0.021394964048446846 0.0026409595697428102 0.7097180324206154
-4.9372446851202654e-05 0.021394964048446846 0.0026409595697428102 0.3324678816919435
0.00010408691747012119 0.021394964048446846 0.0026409595697428102 0.3324678816919435
0.00017068249066616738 0.021394964048446846 0.0026409595697428102 0.7097180324206154
6.123864145502509e-06 0.021394964048446846 0.0026409595697428102 0.3324678816919435
-4.7442140381752044e-05 0.021394964048446846 0.0026409595697428102 -0.4220324197654002
0.00011615133290418753 0.021394964048446846 0.0026409595697428102 -3.4400336255947748
-5.5645942876917154e-05 0.021394964048446846 0.0026409595697428102 0.3324678816919435
-5.323305979010389e-05 0.021394964048446846 0.0026409595697428102 0.3324678816919435
-3.4895148330323044e-05 0.021394964048446846 0.0026409595697428102 0.3324678816919435
0.00026912812060814873 0.021394964048446846 0.0026409595697428102 -0.04478226903672833
7.0890173802278165e-06 0.021394964048446846 0.0026409595697428102 0.3324678816919435
6.54807880811089e-05 0.021394964048446846 0.0026409595697428102 0.3324678816919435
-5.5645942876917154e-05 0.021394964048446846 0.0026409595697428102 0.7097180324206154
1.3845090023304966e-05 0.021394964048446846 0.0026409595697428102 -0.4220324197654002
-4.9372446851202654e-05 0.021394964048446846 0.0026409595697428102 0.7097180324206154
-8.836010992739754e-06 0.021394964048446846 0.0026409595697428102 0.7097180324206154
5.872471543803175e-05 0.021394964048446846 0.0026409595697428102 0.7097180324206154
3.21830014830858e-05 0.021394964048446846 0.0026409595697428102 0.3324678816919435
-4.7442140381752044e-05 0.021394964048446846 0.0026409595697428102 0.3324678816919435
-4.840729361647735e-05 0.021394964048446846 0.0026409595697428102 0.7097180324206154
-3.972091450394958e-05 0.021394964048446846 0.0026409595697428102 0.3324678816919435
1.4810243258030275e-05 0.021394964048446846 0.0026409595697428102 -0.4220324197654002
-5.371563640746654e-05 0.021394964048446846 0.0026409595697428102 -3.4400336255947748
-3.055195877405917e-05 0.021394964048446846 0.0026409595697428102 0.3324678816919435
0.00014751881303276 0.021394964048446846 0.0026409595697428102 0.3324678816919435
3.9904227360888264e-05 0.021394964048446846 0.0026409595697428102 0.3324678816919435
-5.323305979010389e-05 0.021394964048446846 0.0026409595697428102 -0.04478226903672833
-4.213379759076285e-05 0.021394964048446846 0.0026409595697428102 0.3324678816919435
0.00017792113992660719 0.021394964048446846 0.0026409595697428102 0.3324678816919435
-5.323305979010389e-05 0.021394964048446846 0.0026409595697428102 0.7097180324206154
-5.5645942876917154e-05 0.021394964048446846 0.0026409595697428102 0.7097180324206154
-5.178532993801593e-05 0.021394964048446846 0.0026409595697428102 0.7097180324206154
-5.371563640746654e-05 0.021394964048446846 0.0026409595697428102 0.3324678816919435
-5.0820176703290615e-05 0.021394964048446846 0.0026409595697428102 0.3324678816919435
-4.985502346856531e-05 0.021394964048446846 0.0026409595697428102 -0.4220324197654002
-5.323305979010389e-05 0.021394964048446846 0.0026409595697428102 0.3324678816919435
-5.5645942876917154e-05 0.021394964048446846 0.0026409595697428102 0.7097180324206154
-4.695956376438939e-05 0.021394964048446846 0.0026409595697428102 0.7097180324206154
-2.9586805539333856e-05 0.021394964048446846 0.0026409595697428102 -0.4220324197654002
9.395280850550546e-05 0.021394964048446846 0.0026409595697428102 -3.4400336255947748
-2.862165230460855e-05 0.021394964048446846 0.0026409595697428102 0.3324678816919435
-2.2830732896256707e-05 0.021394964048446846 0.0026409595697428102 0.3324678816919435
-1.7039813487904863e-05 0.021394964048446846 0.0026409595697428102 0.3324678816919435
-5.612851949427981e-05 0.021394964048446846 0.0026409595697428102 0.3324678816919435
-5.275048317274123e-05 0.021394964048446846 0.0026409595697428102 -0.04478226903672833
-5.371563640746654e-05 0.021394964048446846 0.0026409595697428102 0.3324678816919435
-1.2696623931640982e-05 0.021394964048446846 0.0026409595697428102 0.7097180324206154
-2.6208769217795282e-05 0.021394964048446846 0.0026409595697428102 0.7097180324206154
-3.53777249476857e-05 0.021394964048446846 0.0026409595697428102 0.7097180324206154
5.534667911649318e-05 0.021394964048446846 0.0026409595697428102 0.3324678816919435
0.0003767427062800205 0.021394964048446846 0.0026409595697428102 0.7097180324206154
8.671415924506566e-05 0.021394964048446846 0.0026409595697428102 -0.4220324197654002
-3.392999509559774e-05 0.021394964048446846 0.0026409595697428102 0.7097180324206154
-1.3179200549003635e-05 0.021394964048446846 0.0026409595697428102 0.3324678816919435
-4.4064104060213466e-05 0.021394964048446846 0.0026409595697428102 -0.4220324197654002
-2.7656499069883243e-05 0.021394964048446846 0.0026409595697428102 0.3324678816919435
-1.8004966722630172e-05 0.021394964048446846 0.0026409595697428102 -3.4400336255947748
-2.5625149670252558e-06 0.021394964048446846 0.0026409595697428102 0.3324678816919435
-5.0337600085927966e-05 0.021394964048446846 0.0026409595697428102 0.3324678816919435
6.885882440264748e-05 0.021394964048446846 0.0026409595697428102 0.3324678816919435
1.6740549727480888e-05 0.021394964048446846 0.0026409595697428102 -0.04478226903672833
-2.6208769217795282e-05 0.021394964048446846 0.0026409595697428102 0.3324678816919435
-1.607466025317956e-05 0.021394964048446846 0.0026409595697428102 0.3324678816919435
-5.612851949427981e-05 0.021394964048446846 0.0026409595697428102 0.7097180324206154
-2.6691345835157938e-05 0.021394964048446846 0.0026409595697428102 0.7097180324206154
-1.2214047314278328e-05 0.021394964048446846 0.0026409595697428102 0.7097180324206154
2.060116266638212e-05 0.021394964048446846 0.0026409595697428102 0.3324678816919435
0.0004713277232831006 0.021394964048446846 0.0026409595697428102 0.7097180324206154
-4.213379759076285e-05 0.021394964048446846 0.0026409595697428102 -0.4220324197654002
-4.4928214364758706e-06 0.021394964048446846 0.0026409595697428102 0.3324678816919435
-4.647698714702673e-05 0.021394964048446846 0.0026409595697428102 0.7097180324206154
-2.9586805539333856e-05 0.021394964048446846 0.0026409595697428102 0.3324678816919435
-5.5645942876917154e-05 0.021394964048446846 0.0026409595697428102 -3.4400336255947748
-4.840729361647735e-05 0.021394964048446846 0.0026409595697428102 -0.4220324197654002
-5.661109611164246e-05 0.021394964048446846 0.0026409595697428102 0.3324678816919435
-5.419821302482919e-05 0.021394964048446846 0.0026409595697428102 0.3324678816919435
-4.16512209734002e-05 0.021394964048446846 0.0026409595697428102 0.3324678816919435
