-4.9372446851202654e-05 0.021394964048446846 0.0026409595697428102 0.3324678816919435
-5.661109611164246e-05 0.021394964048446846 0.0026409595697428102 0.3324678816919435
-4.599441052966408e-05 0.021394964048446846 0.0026409595697428102 -0.04478226903672833
-5.2267906555378576e-05 0.021394964048446846 0.0026409595697428102 0.3324678816919435
-5.51633662595545e-05 0.021394964048446846 0.0026409595697428102 -0.4220324197654002
-5.178532993801593e-05 0.021394964048446846 0.0026409595697428102 0.3324678816919435
-5.178532993801593e-05 0.021394964048446846 0.0026409595697428102 0.3324678816919435
-5.468078964219185e-05 0.021394964048446846 0.0026409595697428102 -3.4400336255947748
-5.323305979010389e-05 0.021394964048446846 0.0026409595697428102 0.3324678816919435
-5.661109611164246e-05 0.021394964048446846 0.0026409595697428102 0.3324678816919435
-5.51633662595545e-05 0.021394964048446846 0.0026409595697428102 0.3324678816919435
-5.468078964219185e-05 0.021394964048446846 0.0026409595697428102 0.3324678816919435
-5.178532993801593e-05 0.021394964048446846 0.0026409595697428102 0.3324678816919435
-5.2267906555378576e-05 0.021394964048446846 0.0026409595697428102 -0.4220324197654002
-4.309895082548816e-05 0.021394964048446846 0.0026409595697428102 -0.04478226903672833
-4.695956376438939e-05 0.021394964048446846 0.0026409595697428102 0.3324678816919435
-4.985502346856531e-05 0.021394964048446846 0.0026409595697428102 0.3324678816919435
-5.0820176703290615e-05 0.021394964048446846 0.0026409595697428102 -0.4220324197654002
-5.0820176703290615e-05 0.021394964048446846 0.0026409595697428102 0.3324678816919435
-4.16512209734002e-05 0.021394964048446846 0.0026409595697428102 -3.4400336255947748
-5.419821302482919e-05 0.021394964048446846 0.0026409595697428102 0.3324678816919435
-4.985502346856531e-05 0.021394964048446846 0.0026409595697428102 0.3324678816919435
-5.2267906555378576e-05 0.021394964048446846 0.0026409595697428102 0.3324678816919435
-5.0337600085927966e-05 0.021394964048446846 0.0026409595697428102 0.3324678816919435
-5.468078964219185e-05 0.021394964048446846 0.0026409595697428102 0.3324678816919435
-5.468078964219185e-05 0.021394964048446846 0.0026409595697428102 -0.04478226903672833
-5.5645942876917154e-05 0.021394964048446846 0.0026409595697428102 0.3324678816919435
-4.985502346856531e-05 0.021394964048446846 0.0026409595697428102 -0.4220324197654002
-5.419821302482919e-05 0.021394964048446846 0.0026409595697428102 0.3324678816919435
-5.323305979010389e-05 0.021394964048446846 0.0026409595697428102 0.3324678816919435
-5.419821302482919e-05 0.021394964048446846 0.0026409595697428102 -0.4220324197654002
-4.647698714702673e-05 0.021394964048446846 0.0026409595697428102 0.3324678816919435
-5.130275332065327e-05 0.021394964048446846 0.0026409595697428102 0.3324678816919435
-5.275048317274123e-05 0.021394964048446846 0.0026409595697428102 0.3324678816919435
-5.0820176703290615e-05 0.021394964048446846 0.0026409595697428102 0.3324678816919435
-4.599441052966408e-05 0.021394964048446846 0.0026409595697428102 0.3324678816919435
-5.2267906555378576e-05 0.021394964048446846 0.0026409595697428102 -3.4400336255947748
-5.419821302482919e-05 0.021394964048446846 0.0026409595697428102 -0.04478226903672833
-5.468078964219185e-05 0.021394964048446846 0.0026409595697428102 0.3324678816919435
-5.51633662595545e-05 0.021394964048446846 0.0026409595697428102 -0.4220324197654002
-4.9372446851202654e-05 0.021394964048446846 0.0026409595697428102 0.3324678816919435
-1.4144353783728943e-05 0.021394964048446846 0.0026409595697428102 0.3324678816919435
-5.371563640746654e-05 0.021394964048446846 0.0026409595697428102 -0.4220324197654002
-5.323305979010389e-05 0.021394964048446846 0.0026409595697428102 0.3324678816919435
-5.130275332065327e-05 0.021394964048446846 0.0026409595697428102 0.3324678816919435
-3.4895148330323044e-05 0.021394964048446846 0.0026409595697428102 0.3324678816919435
-4.454668067757612e-05 0.021394964048446846 0.0026409595697428102 0.3324678816919435
-4.551183391230143e-05 0.021394964048446846 0.0026409595697428102 -3.4400336255947748
-5.0820176703290615e-05 0.021394964048446846 0.0026409595697428102 -0.04478226903672833
-5.419821302482919e-05 0.021394964048446846 0.0026409595697428102 0.3324678816919435
-5.419821302482919e-05 0.021394964048446846 0.0026409595697428102 -0.4220324197654002
-5.371563640746654e-05 0.021394964048446846 0.0026409595697428102 0.3324678816919435
-5.468078964219185e-05 0.021394964048446846 0.0026409595697428102 0.3324678816919435
-4.985502346856531e-05 0.021394964048446846 0.0026409595697428102 -0.4220324197654002
-5.2267906555378576e-05 0.021394964048446846 0.0026409595697428102 0.3324678816919435
-4.985502346856531e-05 0.021394964048446846 0.0026409595697428102 0.3324678816919435
-5.468078964219185e-05 0.021394964048446846 0.0026409595697428102 0.3324678816919435
-5.2267906555378576e-05 0.021394964048446846 0.0026409595697428102 0.3324678816919435
-4.985502346856531e-05 0.021394964048446846 0.0026409595697428102 0.3324678816919435
-4.840729361647735e-05 0.021394964048446846 0.0026409595697428102 -3.4400336255947748
-5.0337600085927966e-05 0.021394964048446846 0.0026409595697428102 -0.04478226903672833
-5.419821302482919e-05 0.021394964048446846 0.0026409595697428102 0.3324678816919435
-5.2267906555378576e-05 0.021394964048446846 0.0026409595697428102 -0.4220324197654002
-4.2616374208125505e-05 0.021394964048446846 0.0026409595697428102 0.3324678816919435
-5.51633662595545e-05 0.021394964048446846 0.0026409595697428102 0.3324678816919435
-5.2267906555378576e-05 0.021394964048446846 0.0026409595697428102 0.3324678816919435
-4.840729361647735e-05 0.021394964048446846 0.0026409595697428102 0.3324678816919435
-5.0820176703290615e-05 0.021394964048446846 0.0026409595697428102 0.3324678816919435
-4.213379759076285e-05 0.021394964048446846 0.0026409595697428102 0.3324678816919435
-5.178532993801593e-05 0.021394964048446846 0.0026409595697428102 0.3324678816919435
-5.275048317274123e-05 0.021394964048446846 0.0026409595697428102 -3.4400336255947748
-5.2267906555378576e-05 0.021394964048446846 0.0026409595697428102 -0.4220324197654002
-5.323305979010389e-05 0.021394964048446846 0.0026409595697428102 -0.04478226903672833
-5.371563640746654e-05 0.021394964048446846 0.0026409595697428102 0.3324678816919435
-4.9372446851202654e-05 0.021394964048446846 0.0026409595697428102 -0.4220324197654002
-5.275048317274123e-05 0.021394964048446846 0.0026409595697428102 0.3324678816919435
-5.51633662595545e-05 0.021394964048446846 0.0026409595697428102 0.3324678816919435
-4.985502346856531e-05 0.021394964048446846 0.0026409595697428102 0.3324678816919435
-5.51633662595545e-05 0.021394964048446846 0.0026409595697428102 0.3324678816919435
-5.5645942876917154e-05 0.021394964048446846 0.0026409595697428102 0.3324678816919435
-5.0337600085927966e-05 0.021394964048446846 0.0026409595697428102 0.3324678816919435
-5.323305979010389e-05 0.021394964048446846 0.0026409595697428102 0.3324678816919435
-5.419821302482919e-05 0.021394964048446846 0.0026409595697428102 -3.4400336255947748
-5.371563640746654e-05 0.021394964048446846 0.0026409595697428102 -0.4220324197654002
-5.275048317274123e-05 0.021394964048446846 0.0026409595697428102 -0.04478226903672833
-5.51633662595545e-05 0.021394964048446846 0.0026409595697428102 0.3324678816919435
-5.51633662595545e-05 0.021394964048446846 0.0026409595697428102 0.3324678816919435
-5.468078964219185e-05 0.021394964048446846 0.0026409595697428102 -0.4220324197654002
-5.419821302482919e-05 0.021394964048446846 0.0026409595697428102 0.3324678816919435
-5.275048317274123e-05 0.021394964048446846 0.0026409595697428102 0.3324678816919435
-5.51633662595545e-05 0.021394964048446846 0.0026409595697428102 0.3324678816919435
-5.371563640746654e-05 0.021394964048446846 0.0026409595697428102 0.3324678816919435
-5.468078964219185e-05 0.021394964048446846 0.0026409595697428102 0.3324678816919435
-5.51633662595545e-05 0.021394964048446846 0.0026409595697428102 0.3324678816919435
-5.323305979010389e-05 0.021394964048446846 0.0026409595697428102 -3.4400336255947748
-5.612851949427981e-05 0.021394964048446846 0.0026409595697428102 -0.04478226903672833
-5.51633662595545e-05 0.021394964048446846 0.0026409595697428102 -0.4220324197654002
-5.468078964219185e-05 0.021394964048446846 0.0026409595697428102 0.3324678816919435
-5.51633662595545e-05 0.021394964048446846 0.0026409595697428102 0.3324678816919435
-5.2267906555378576e-05 0.021394964048446846 0.0026409595697428102 0.3324678816919435
-3.4895148330323044e-05 0.021394964048446846 0.0026409595697428102 -0.4220324197654002
-5.419821302482919e-05 0.021394964048446846 0.0026409595697428102 0.3324678816919435
-5.419821302482919e-05 0.021394964048446846 0.0026409595697428102 0.3324678816919435
-5.5645942876917154e-05 0.021394964048446846 0.0026409595697428102 0.3324678816919435
-4.9372446851202654e-05 0.021394964048446846 0.0026409595697428102 0.3324678816919435
-5.419821302482919e-05 0.021394964048446846 0.0026409595697428102 -3.4400336255947748
-5.612851949427981e-05 0.021394964048446846 0.0026409595697428102 0.3324678816919435
-5.51633662595545e-05 0.021394964048446846 0.0026409595697428102 -0.04478226903672833
-5.468078964219185e-05 0.021394964048446846 0.0026409595697428102 -0.4220324197654002
-5.51633662595545e-05 0.021394964048446846 0.0026409595697428102 0.3324678816919435
-4.792471699911469e-05 0.021394964048446846 0.0026409595697428102 0.3324678816919435
-5.419821302482919e-05 0.021394964048446846 0.0026409595697428102 0.3324678816919435
-5.468078964219185e-05 0.021394964048446846 0.0026409595697428102 -0.4220324197654002
-5.130275332065327e-05 0.021394964048446846 0.0026409595697428102 0.3324678816919435
-5.51633662595545e-05 0.021394964048446846 0.0026409595697428102 0.3324678816919435
-4.068606773867489e-05 0.021394964048446846 0.0026409595697428102 0.3324678816919435
-5.275048317274123e-05 0.021394964048446846 0.0026409595697428102 0.3324678816919435
-5.419821302482919e-05 0.021394964048446846 0.0026409595697428102 0.3324678816919435
-5.0337600085927966e-05 0.021394964048446846 0.0026409595697428102 -3.4400336255947748
-5.178532993801593e-05 0.021394964048446846 0.0026409595697428102 -0.4220324197654002
-5.2267906555378576e-05 0.021394964048446846 0.0026409595697428102 -0.04478226903672833
-5.5645942876917154e-05 0.021394964048446846 0.0026409595697428102 0.3324678816919435
-5.468078964219185e-05 0.021394964048446846 0.0026409595697428102 0.3324678816919435
-5.468078964219185e-05 0.021394964048446846 0.0026409595697428102 0.3324678816919435
-5.371563640746654e-05 0.021394964048446846 0.0026409595697428102 -0.4220324197654002
-5.419821302482919e-05 0.021394964048446846 0.0026409595697428102 0.3324678816919435
-4.551183391230143e-05 0.021394964048446846 0.0026409595697428102 0.3324678816919435
-4.213379759076285e-05 0.021394964048446846 0.0026409595697428102 0.3324678816919435
-4.792471699911469e-05 0.021394964048446846 0.0026409595697428102 0.3324678816919435
-5.468078964219185e-05 0.021394964048446846 0.0026409595697428102 0.3324678816919435
-4.695956376438939e-05 0.021394964048446846 0.0026409595697428102 -3.4400336255947748
-5.468078964219185e-05 0.021394964048446846 0.0026409595697428102 -0.4220324197654002
-5.371563640746654e-05 0.021394964048446846 0.0026409595697428102 -0.04478226903672833
-4.9372446851202654e-05 0.021394964048446846 0.0026409595697428102 0.3324678816919435
-5.2267906555378576e-05 0.021394964048446846 0.0026409595697428102 -0.4220324197654002
-5.661109611164246e-05 0.021394964048446846 0.0026409595697428102 0.3324678816919435
-4.309895082548816e-05 0.021394964048446846 0.0026409595697428102 0.3324678816919435
-3.7790608034498966e-05 0.021394964048446846 0.0026409595697428102 0.3324678816919435
-5.323305979010389e-05 0.021394964048446846 0.0026409595697428102 0.3324678816919435
-5.323305979010389e-05 0.021394964048446846 0.0026409595697428102 0.3324678816919435
-5.130275332065327e-05 0.021394964048446846 0.0026409595697428102 0.3324678816919435
-5.468078964219185e-05 0.021394964048446846 0.0026409595697428102 0.3324678816919435
-5.323305979010389e-05 0.021394964048446846 0.0026409595697428102 -3.4400336255947748
-1.3661777166366289e-05 0.021394964048446846 0.0026409595697428102 -0.4220324197654002
-5.178532993801593e-05 0.021394964048446846 0.0026409595697428102 0.3324678816919435
-5.5645942876917154e-05 0.021394964048446846 0.0026409595697428102 -0.04478226903672833
-5.612851949427981e-05 0.021394964048446846 0.0026409595697428102 -0.4220324197654002
-5.468078964219185e-05 0.021394964048446846 0.0026409595697428102 0.3324678816919435
-5.661109611164246e-05 0.021394964048446846 0.0026409595697428102 0.3324678816919435
-5.612851949427981e-05 0.021394964048446846 0.0026409595697428102 0.3324678816919435
-5.178532993801593e-05 0.021394964048446846 0.0026409595697428102 0.3324678816919435
-5.468078964219185e-05 0.021394964048446846 0.0026409595697428102 0.3324678816919435
-5.51633662595545e-05 0.021394964048446846 0.0026409595697428102 0.3324678816919435
-5.178532993801593e-05 0.021394964048446846 0.0026409595697428102 0.3324678816919435
-5.130275332065327e-05 0.021394964048446846 0.0026409595697428102 -3.4400336255947748
-5.51633662595545e-05 0.021394964048446846 0.0026409595697428102 -0.4220324197654002
-5.419821302482919e-05 0.021394964048446846 0.0026409595697428102 0.3324678816919435
-5.468078964219185e-05 0.021394964048446846 0.0026409595697428102 -0.04478226903672833
-5.419821302482919e-05 0.021394964048446846 0.0026409595697428102 -0.4220324197654002
-5.0820176703290615e-05 0.021394964048446846 0.0026409595697428102 0.3324678816919435
-5.130275332065327e-05 0.021394964048446846 0.0026409595697428102 0.3324678816919435
-5.419821302482919e-05 0.021394964048446846 0.0026409595697428102 0.3324678816919435
-5.468078964219185e-05 0.021394964048446846 0.0026409595697428102 0.3324678816919435
-5.275048317274123e-05 0.021394964048446846 0.0026409595697428102 0.3324678816919435
-5.371563640746654e-05 0.021394964048446846 0.0026409595697428102 0.3324678816919435
-4.16512209734002e-05 0.021394964048446846 0.0026409595697428102 -0.4220324197654002
-5.0820176703290615e-05 0.021394964048446846 0.0026409595697428102 0.3324678816919435
-4.454668067757612e-05 0.021394964048446846 0.0026409595697428102 -3.4400336255947748
-5.323305979010389e-05 0.021394964048446846 0.0026409595697428102 0.3324678816919435
-5.0337600085927966e-05 0.021394964048446846 0.0026409595697428102 -0.4220324197654002
-4.599441052966408e-05 0.021394964048446846 0.0026409595697428102 -0.04478226903672833
-5.178532993801593e-05 0.021394964048446846 0.0026409595697428102 0.3324678816919435
-5.178532993801593e-05 0.021394964048446846 0.0026409595697428102 0.3324678816919435
-5.323305979010389e-05 0.021394964048446846 0.0026409595697428102 0.3324678816919435
-5.371563640746654e-05 0.021394964048446846 0.0026409595697428102 0.3324678816919435
-5.130275332065327e-05 0.021394964048446846 0.0026409595697428102 0.3324678816919435
-5.419821302482919e-05 0.021394964048446846 0.0026409595697428102 -0.4220324197654002
-5.419821302482919e-05 0.021394964048446846 0.0026409595697428102 0.3324678816919435
-5.51633662595545e-05 0.021394964048446846 0.0026409595697428102 -3.4400336255947748
-5.130275332065327e-05 0.021394964048446846 0.0026409595697428102 0.3324678816919435
-5.371563640746654e-05 0.021394964048446846 0.0026409595697428102 -0.4220324197654002
-5.419821302482919e-05 0.021394964048446846 0.0026409595697428102 -0.04478226903672833
-5.371563640746654e-05 0.021394964048446846 0.0026409595697428102 0.3324678816919435
-5.371563640746654e-05 0.021394964048446846 0.0026409595697428102 0.3324678816919435
-5.130275332065327e-05 0.021394964048446846 0.0026409595697428102 0.3324678816919435
-5.612851949427981e-05 0.021394964048446846 0.0026409595697428102 0.3324678816919435
-4.4064104060213466e-05 0.021394964048446846 0.0026409595697428102 0.3324678816919435
-4.2616374208125505e-05 0.021394964048446846 0.0026409595697428102 0.3324678816919435
-4.985502346856531e-05 0.021394964048446846 0.0026409595697428102 -0.4220324197654002
-4.4064104060213466e-05 0.021394964048446846 0.0026409595697428102 0.3324678816919435
-5.5645942876917154e-05 0.021394964048446846 0.0026409595697428102 0.3324678816919435
-1.8487543339992824e-05 0.021394964048446846 0.0026409595697428102 -3.4400336255947748
-4.985502346856531e-05 0.021394964048446846 0.0026409595697428102 -0.4220324197654002
-5.275048317274123e-05 0.021394964048446846 0.0026409595697428102 -0.04478226903672833
-5.178532993801593e-05 0.021394964048446846 0.0026409595697428102 0.3324678816919435
-5.323305979010389e-05 0.021394964048446846 0.0026409595697428102 0.3324678816919435
-3.344741847823509e-05 0.021394964048446846 0.0026409595697428102 0.3324678816919435
-4.840729361647735e-05 0.021394964048446846 0.0026409595697428102 0.3324678816919435
-4.9372446851202654e-05 0.021394964048446846 0.0026409595697428102 0.3324678816919435
-5.0820176703290615e-05 0.021394964048446846 0.0026409595697428102 0.3324678816919435
-5.419821302482919e-05 0.021394964048446846 0.0026409595697428102 -0.4220324197654002
-5.468078964219185e-05 0.021394964048446846 0.0026409595697428102 0.3324678816919435
-5.468078964219185e-05 0.021394964048446846 0.0026409595697428102 0.3324678816919435
-5.371563640746654e-05 0.021394964048446846 0.0026409595697428102 -3.4400336255947748
-1.752239010526752e-05 0.021394964048446846 0.0026409595697428102 -0.4220324197654002
-5.323305979010389e-05 0.021394964048446846 0.0026409595697428102 -0.04478226903672833
-5.371563640746654e-05 0.021394964048446846 0.0026409595697428102 0.3324678816919435
-4.9372446851202654e-05 0.021394964048446846 0.0026409595697428102 0.3324678816919435
-5.419821302482919e-05 0.021394964048446846 0.0026409595697428102 0.3324678816919435
-5.0820176703290615e-05 0.021394964048446846 0.0026409595697428102 0.3324678816919435
-5.275048317274123e-05 0.021394964048446846 0.0026409595697428102 0.3324678816919435
-4.647698714702673e-05 0.021394964048446846 0.0026409595697428102 0.3324678816919435
-5.371563640746654e-05 0.021394964048446846 0.0026409595697428102 -0.4220324197654002
-5.468078964219185e-05 0.021394964048446846 0.0026409595697428102 0.3324678816919435
-5.468078964219185e-05 0.021394964048446846 0.0026409595697428102 -3.4400336255947748
-4.840729361647735e-05 0.021394964048446846 0.0026409595697428102 0.3324678816919435
-5.612851949427981e-05 0.021394964048446846 0.0026409595697428102 0.3324678816919435
-5.275048317274123e-05 0.021394964048446846 0.0026409595697428102 -0.4220324197654002
-4.8889870233840005e-05 0.021394964048446846 0.0026409595697428102 -0.04478226903672833
-5.51633662595545e-05 0.021394964048446846 0.0026409595697428102 0.3324678816919435
-5.178532993801593e-05 0.021394964048446846 0.0026409595697428102 0.3324678816919435
-5.323305979010389e-05 0.021394964048446846 0.0026409595697428102 0.3324678816919435
-5.323305979010389e-05 0.021394964048446846 0.0026409595697428102 0.3324678816919435
-5.323305979010389e-05 0.021394964048446846 0.0026409595697428102 0.3324678816919435
-5.0820176703290615e-05 0.021394964048446846 0.0026409595697428102 -0.4220324197654002
-5.0820176703290615e-05 0.021394964048446846 0.0026409595697428102 0.3324678816919435
-5.419821302482919e-05 0.021394964048446846 0.0026409595697428102 -0.4220324197654002
-5.51633662595545e-05 0.021394964048446846 0.0026409595697428102 -3.4400336255947748
-5.468078964219185e-05 0.021394964048446846 0.0026409595697428102 -0.04478226903672833
-5.419821302482919e-05 0.021394964048446846 0.0026409595697428102 0.3324678816919435
-5.419821302482919e-05 0.021394964048446846 0.0026409595697428102 -0.4220324197654002
-5.5645942876917154e-05 0.021394964048446846 0.0026409595697428102 0.3324678816919435
-4.985502346856531e-05 0.021394964048446846 0.0026409595697428102 0.3324678816919435
-4.647698714702673e-05 0.021394964048446846 0.0026409595697428102 0.3324678816919435
-4.8889870233840005e-05 0.021394964048446846 0.0026409595697428102 0.3324678816919435
-5.2267906555378576e-05 0.021394964048446846 0.0026409595697428102 0.3324678816919435
-4.840729361647735e-05 0.021394964048446846 0.0026409595697428102 0.3324678816919435
-5.0820176703290615e-05 0.021394964048446846 0.0026409595697428102 -0.4220324197654002
-4.358152744285081e-05 0.021394964048446846 0.0026409595697428102 -3.4400336255947748
-5.51633662595545e-05 0.021394964048446846 0.0026409595697428102 -0.04478226903672833
-5.468078964219185e-05 0.021394964048446846 0.0026409595697428102 0.3324678816919435
-5.371563640746654e-05 0.021394964048446846 0.0026409595697428102 -0.4220324197654002
-5.0820176703290615e-05 0.021394964048446846 0.0026409595697428102 0.3324678816919435
-5.371563640746654e-05 0.021394964048446846 0.0026409595697428102 0.3324678816919435
-4.9372446851202654e-05 0.021394964048446846 0.0026409595697428102 0.3324678816919435
-5.371563640746654e-05 0.021394964048446846 0.0026409595697428102 0.3324678816919435
-5.323305979010389e-05 0.021394964048446846 0.0026409595697428102 0.3324678816919435
-5.0820176703290615e-05 0.021394964048446846 0.0026409595697428102 0.3324678816919435
-5.130275332065327e-05 0.021394964048446846 0.0026409595697428102 0.3324678816919435
-2.572619260043263e-05 0.021394964048446846 0.0026409595697428102 -0.4220324197654002
-4.8889870233840005e-05 0.021394964048446846 0.0026409595697428102 -3.4400336255947748
-5.178532993801593e-05 0.021394964048446846 0.0026409595697428102 -0.04478226903672833
-2.0417849809443438e-05 0.021394964048446846 0.0026409595697428102 -0.4220324197654002
-5.612851949427981e-05 0.021394964048446846 0.0026409595697428102 0.3324678816919435
-3.875576126922428e-05 0.021394964048446846 0.0026409595697428102 0.3324678816919435
-4.454668067757612e-05 0.021394964048446846 0.0026409595697428102 0.3324678816919435
-5.178532993801593e-05 0.021394964048446846 0.0026409595697428102 0.3324678816919435
-4.16512209734002e-05 0.021394964048446846 0.0026409595697428102 0.3324678816919435
-5.275048317274123e-05 0.021394964048446846 0.0026409595697428102 0.3324678816919435
-5.130275332065327e-05 0.021394964048446846 0.0026409595697428102 0.3324678816919435
-5.468078964219185e-05 0.021394964048446846 0.0026409595697428102 -0.4220324197654002
-5.275048317274123e-05 0.021394964048446846 0.0026409595697428102 0.3324678816919435
-5.419821302482919e-05 0.021394964048446846 0.0026409595697428102 -3.4400336255947748
-5.178532993801593e-05 0.021394964048446846 0.0026409595697428102 -0.04478226903672833
-5.419821302482919e-05 0.021394964048446846 0.0026409595697428102 0.3324678816919435
-5.419821302482919e-05 0.021394964048446846 0.0026409595697428102 -0.4220324197654002
-5.51633662595545e-05 0.021394964048446846 0.0026409595697428102 0.3324678816919435
-5.371563640746654e-05 0.021394964048446846 0.0026409595697428102 0.3324678816919435
-5.51633662595545e-05 0.021394964048446846 0.0026409595697428102 0.3324678816919435
-3.7790608034498966e-05 0.021394964048446846 0.0026409595697428102 0.3324678816919435
-4.551183391230143e-05 0.021394964048446846 0.0026409595697428102 0.3324678816919435
-5.51633662595545e-05 0.021394964048446846 0.0026409595697428102 -0.4220324197654002
-3.4412571712960395e-05 0.021394964048446846 0.0026409595697428102 0.3324678816919435
-5.468078964219185e-05 0.021394964048446846 0.0026409595697428102 0.3324678816919435
-5.0337600085927966e-05 0.021394964048446846 0.0026409595697428102 -3.4400336255947748
-5.419821302482919e-05 0.021394964048446846 0.0026409595697428102 -0.04478226903672833
-5.661109611164246e-05 0.021394964048446846 0.0026409595697428102 -0.4220324197654002
-5.419821302482919e-05 0.021394964048446846 0.0026409595697428102 0.3324678816919435
-5.371563640746654e-05 0.021394964048446846 0.0026409595697428102 0.3324678816919435
-5.371563640746654e-05 0.021394964048446846 0.0026409595697428102 0.3324678816919435
-5.371563640746654e-05 0.021394964048446846 0.0026409595697428102 0.3324678816919435
-5.5645942876917154e-05 0.021394964048446846 0.0026409595697428102 0.3324678816919435
-5.419821302482919e-05 0.021394964048446846 0.0026409595697428102 0.3324678816919435
-4.599441052966408e-05 0.021394964048446846 0.0026409595697428102 -0.4220324197654002
-4.985502346856531e-05 0.021394964048446846 0.0026409595697428102 0.3324678816919435
-4.502925729493877e-05 0.021394964048446846 0.0026409595697428102 0.3324678816919435
-5.468078964219185e-05 0.021394964048446846 0.0026409595697428102 -3.4400336255947748
-5.51633662595545e-05 0.021394964048446846 0.0026409595697428102 -0.04478226903672833
-5.275048317274123e-05 0.021394964048446846 0.0026409595697428102 -0.4220324197654002
-5.371563640746654e-05 0.021394964048446846 0.0026409595697428102 0.3324678816919435
-5.323305979010389e-05 0.021394964048446846 0.0026409595697428102 0.3324678816919435
-5.178532993801593e-05 0.021394964048446846 0.0026409595697428102 0.3324678816919435
-4.551183391230143e-05 0.021394964048446846 0.0026409595697428102 0.3324678816919435
-3.2964841860872434e-05 0.021394964048446846 0.0026409595697428102 0.3324678816919435
-5.51633662595545e-05 0.021394964048446846 0.0026409595697428102 0.3324678816919435
-5.130275332065327e-05 0.021394964048446846 0.0026409595697428102 -0.4220324197654002
-5.51633662595545e-05 0.021394964048446846 0.0026409595697428102 0.3324678816919435
-5.468078964219185e-05 0.021394964048446846 0.0026409595697428102 0.3324678816919435
-5.51633662595545e-05 0.021394964048446846 0.0026409595697428102 -3.4400336255947748
-5.51633662595545e-05 0.021394964048446846 0.0026409595697428102 -0.04478226903672833
-5.51633662595545e-05 0.021394964048446846 0.0026409595697428102 -0.4220324197654002
-5.51633662595545e-05 0.021394964048446846 0.0026409595697428102 0.3324678816919435
-5.323305979010389e-05 0.021394964048446846 0.0026409595697428102 0.3324678816919435
-5.178532993801593e-05 0.021394964048446846 0.0026409595697428102 0.3324678816919435
-5.51633662595545e-05 0.021394964048446846 0.0026409595697428102 0.3324678816919435
-5.661109611164246e-05 0.021394964048446846 0.0026409595697428102 0.3324678816919435
-4.8889870233840005e-05 0.021394964048446846 0.0026409595697428102 0.3324678816919435
-4.020349112131224e-05 0.021394964048446846 0.0026409595697428102 0.3324678816919435
-4.985502346856531e-05 0.021394964048446846 0.0026409595697428102 -3.4400336255947748
-5.2267906555378576e-05 0.021394964048446846 0.0026409595697428102 0.3324678816919435
-5.323305979010389e-05 0.021394964048446846 0.0026409595697428102 -0.04478226903672833
-5.130275332065327e-05 0.021394964048446846 0.0026409595697428102 -0.4220324197654002
-5.130275332065327e-05 0.021394964048446846 0.0026409595697428102 -0.4220324197654002
-5.419821302482919e-05 0.021394964048446846 0.0026409595697428102 0.3324678816919435
-5.371563640746654e-05 0.021394964048446846 0.0026409595697428102 0.3324678816919435
-5.5645942876917154e-05 0.021394964048446846 0.0026409595697428102 0.3324678816919435
-5.323305979010389e-05 0.021394964048446846 0.0026409595697428102 0.3324678816919435
-4.9372446851202654e-05 0.021394964048446846 0.0026409595697428102 0.3324678816919435
-4.8889870233840005e-05 0.021394964048446846 0.0026409595697428102 0.3324678816919435
-5.130275332065327e-05 0.021394964048446846 0.0026409595697428102 -3.4400336255947748
-5.0337600085927966e-05 0.021394964048446846 0.0026409595697428102 0.3324678816919435
-5.0820176703290615e-05 0.021394964048446846 0.0026409595697428102 -0.4220324197654002
-5.468078964219185e-05 0.021394964048446846 0.0026409595697428102 -0.4220324197654002
-5.468078964219185e-05 0.021394964048446846 0.0026409595697428102 0.3324678816919435
-3.7790608034498966e-05 0.021394964048446846 0.0026409595697428102 0.3324678816919435
-5.0337600085927966e-05 0.021394964048446846 0.0026409595697428102 0.3324678816919435
-4.695956376438939e-05 0.021394964048446846 0.0026409595697428102 0.3324678816919435
-5.5645942876917154e-05 0.021394964048446846 0.0026409595697428102 0.3324678816919435
-5.612851949427981e-05 0.021394964048446846 0.0026409595697428102 0.3324678816919435
-5.612851949427981e-05 0.021394964048446846 0.0026409595697428102 0.3324678816919435
-5.323305979010389e-05 0.021394964048446846 0.0026409595697428102 0.3324678816919435
-5.612851949427981e-05 0.021394964048446846 0.0026409595697428102 -3.4400336255947748
-5.661109611164246e-05 0.021394964048446846 0.0026409595697428102 -0.4220324197654002
-5.323305979010389e-05 0.021394964048446846 0.0026409595697428102 -0.4220324197654002
-5.0820176703290615e-05 0.021394964048446846 0.0026409595697428102 -0.04478226903672833
-5.612851949427981e-05 0.021394964048446846 0.0026409595697428102 0.3324678816919435
-5.468078964219185e-05 0.021394964048446846 0.0026409595697428102 0.3324678816919435
-5.371563640746654e-05 0.021394964048446846 0.0026409595697428102 0.3324678816919435
-5.275048317274123e-05 0.021394964048446846 0.0026409595697428102 0.3324678816919435
-5.468078964219185e-05 0.021394964048446846 0.0026409595697428102 0.3324678816919435
-5.419821302482919e-05 0.021394964048446846 0.0026409595697428102 0.3324678816919435
-5.323305979010389e-05 0.021394964048446846 0.0026409595697428102 0.3324678816919435
-5.51633662595545e-05 0.021394964048446846 0.0026409595697428102 -0.4220324197654002
-5.2267906555378576e-05 0.021394964048446846 0.0026409595697428102 -3.4400336255947748
-5.2267906555378576e-05 0.021394964048446846 0.0026409595697428102 0.3324678816919435
-5.275048317274123e-05 0.021394964048446846 0.0026409595697428102 -0.4220324197654002
-5.5645942876917154e-05 0.021394964048446846 0.0026409595697428102 -0.04478226903672833
-2.81390756872459e-05 0.021394964048446846 0.0026409595697428102 0.3324678816919435
-4.551183391230143e-05 0.021394964048446846 0.0026409595697428102 0.3324678816919435
-5.275048317274123e-05 0.021394964048446846 0.0026409595697428102 0.3324678816919435
-4.454668067757612e-05 0.021394964048446846 0.0026409595697428102 0.3324678816919435
-4.502925729493877e-05 0.021394964048446846 0.0026409595697428102 0.3324678816919435
-4.599441052966408e-05 0.021394964048446846 0.0026409595697428102 0.3324678816919435
-5.51633662595545e-05 0.021394964048446846 0.0026409595697428102 0.3324678816919435
-5.323305979010389e-05 0.021394964048446846 0.0026409595697428102 -0.4220324197654002
-5.0337600085927966e-05 0.021394964048446846 0.0026409595697428102 -3.4400336255947748
-5.468078964219185e-05 0.021394964048446846 0.0026409595697428102 0.3324678816919435
-5.371563640746654e-05 0.021394964048446846 0.0026409595697428102 -0.4220324197654002
-5.419821302482919e-05 0.021394964048446846 0.0026409595697428102 -0.04478226903672833
-5.419821302482919e-05 0.021394964048446846 0.0026409595697428102 0.3324678816919435
-5.323305979010389e-05 0.021394964048446846 0.0026409595697428102 0.3324678816919435
-4.792471699911469e-05 0.021394964048446846 0.0026409595697428102 0.3324678816919435
-5.371563640746654e-05 0.021394964048446846 0.0026409595697428102 0.3324678816919435
-4.7442140381752044e-05 0.021394964048446846 0.0026409595697428102 0.3324678816919435
-4.8889870233840005e-05 0.021394964048446846 0.0026409595697428102 0.3324678816919435
-5.275048317274123e-05 0.021394964048446846 0.0026409595697428102 0.3324678816919435
-4.8889870233840005e-05 0.021394964048446846 0.0026409595697428102 -0.4220324197654002
-5.468078964219185e-05 0.021394964048446846 0.0026409595697428102 -3.4400336255947748
-5.468078964219185e-05 0.021394964048446846 0.0026409595697428102 0.3324678816919435
-5.612851949427981e-05 0.021394964048446846 0.0026409595697428102 -0.4220324197654002
-4.985502346856531e-05 0.021394964048446846 0.0026409595697428102 -0.04478226903672833
-5.275048317274123e-05 0.021394964048446846 0.0026409595697428102 0.3324678816919435
-5.468078964219185e-05 0.021394964048446846 0.0026409595697428102 0.3324678816919435
-5.419821302482919e-05 0.021394964048446846 0.0026409595697428102 0.3324678816919435
-5.468078964219185e-05 0.021394964048446846 0.0026409595697428102 0.3324678816919435
-5.468078964219185e-05 0.021394964048446846 0.0026409595697428102 0.3324678816919435
-5.51633662595545e-05 0.021394964048446846 0.0026409595697428102 0.3324678816919435
-4.9372446851202654e-05 0.021394964048446846 0.0026409595697428102 0.3324678816919435
-5.612851949427981e-05 0.021394964048446846 0.0026409595697428102 -0.4220324197654002
-4.695956376438939e-05 0.021394964048446846 0.0026409595697428102 -3.4400336255947748
-4.020349112131224e-05 0.021394964048446846 0.0026409595697428102 -0.4220324197654002
-4.9372446851202654e-05 0.021394964048446846 0.0026409595697428102 0.3324678816919435
-5.0337600085927966e-05 0.021394964048446846 0.0026409595697428102 -0.04478226903672833
-2.81390756872459e-05 0.021394964048446846 0.0026409595697428102 0.3324678816919435
-2.6208769217795282e-05 0.021394964048446846 0.0026409595697428102 0.3324678816919435
-5.130275332065327e-05 0.021394964048446846 0.0026409595697428102 0.3324678816919435
-5.2267906555378576e-05 0.021394964048446846 0.0026409595697428102 0.3324678816919435
-5.468078964219185e-05 0.021394964048446846 0.0026409595697428102 0.3324678816919435
-5.51633662595545e-05 0.021394964048446846 0.0026409595697428102 0.3324678816919435
-5.51633662595545e-05 0.021394964048446846 0.0026409595697428102 0.3324678816919435
-5.419821302482919e-05 0.021394964048446846 0.0026409595697428102 -0.4220324197654002
-5.468078964219185e-05 0.021394964048446846 0.0026409595697428102 -3.4400336255947748
-5.468078964219185e-05 0.021394964048446846 0.0026409595697428102 -0.4220324197654002
-5.371563640746654e-05 0.021394964048446846 0.0026409595697428102 0.3324678816919435
-5.323305979010389e-05 0.021394964048446846 0.0026409595697428102 -0.04478226903672833
-5.2267906555378576e-05 0.021394964048446846 0.0026409595697428102 0.3324678816919435
-5.275048317274123e-05 0.021394964048446846 0.0026409595697428102 0.3324678816919435
-5.0337600085927966e-05 0.021394964048446846 0.0026409595697428102 0.3324678816919435
-5.5645942876917154e-05 0.021394964048446846 0.0026409595697428102 0.3324678816919435
-2.1383003044168746e-05 0.021394964048446846 0.0026409595697428102 0.3324678816919435
-4.9372446851202654e-05 0.021394964048446846 0.0026409595697428102 0.3324678816919435
-5.419821302482919e-05 0.021394964048446846 0.0026409595697428102 -3.4400336255947748
-5.0337600085927966e-05 0.021394964048446846 0.0026409595697428102 0.3324678816919435
-3.972091450394958e-05 0.021394964048446846 0.0026409595697428102 -0.4220324197654002
-5.323305979010389e-05 0.021394964048446846 0.0026409595697428102 -0.4220324197654002
-5.468078964219185e-05 0.021394964048446846 0.0026409595697428102 0.3324678816919435
-5.419821302482919e-05 0.021394964048446846 0.0026409595697428102 -0.04478226903672833
-5.468078964219185e-05 0.021394964048446846 0.0026409595697428102 0.3324678816919435
-5.419821302482919e-05 0.021394964048446846 0.0026409595697428102 0.3324678816919435
-5.468078964219185e-05 0.021394964048446846 0.0026409595697428102 0.3324678816919435
-5.323305979010389e-05 0.021394964048446846 0.0026409595697428102 0.3324678816919435
-5.51633662595545e-05 0.021394964048446846 0.0026409595697428102 0.3324678816919435
-5.468078964219185e-05 0.021394964048446846 0.0026409595697428102 -3.4400336255947748
-5.5645942876917154e-05 0.021394964048446846 0.0026409595697428102 -0.4220324197654002
-5.323305979010389e-05 0.021394964048446846 0.0026409595697428102 0.3324678816919435
-5.468078964219185e-05 0.021394964048446846 0.0026409595697428102 0.3324678816919435
-5.2267906555378576e-05 0.021394964048446846 0.0026409595697428102 -0.4220324197654002
-4.16512209734002e-05 0.021394964048446846 0.0026409595697428102 0.3324678816919435
-2.81390756872459e-05 0.021394964048446846 0.0026409595697428102 -0.04478226903672833
-5.371563640746654e-05 0.021394964048446846 0.0026409595697428102 0.3324678816919435
-5.371563640746654e-05 0.021394964048446846 0.0026409595697428102 0.3324678816919435
-5.323305979010389e-05 0.021394964048446846 0.0026409595697428102 0.3324678816919435
-5.51633662595545e-05 0.021394964048446846 0.0026409595697428102 0.3324678816919435
-5.51633662595545e-05 0.021394964048446846 0.0026409595697428102 0.3324678816919435
-5.323305979010389e-05 0.021394964048446846 0.0026409595697428102 -3.4400336255947748
-5.419821302482919e-05 0.021394964048446846 0.0026409595697428102 -0.4220324197654002
-5.468078964219185e-05 0.021394964048446846 0.0026409595697428102 0.3324678816919435
-5.0337600085927966e-05 0.021394964048446846 0.0026409595697428102 0.3324678816919435
-5.371563640746654e-05 0.021394964048446846 0.0026409595697428102 -0.4220324197654002
-5.371563640746654e-05 0.021394964048446846 0.0026409595697428102 0.3324678816919435
-4.4064104060213466e-05 0.021394964048446846 0.0026409595697428102 -0.04478226903672833
-4.020349112131224e-05 0.021394964048446846 0.0026409595697428102 0.3324678816919435
-4.551183391230143e-05 0.021394964048446846 0.0026409595697428102 0.3324678816919435
-4.454668067757612e-05 0.021394964048446846 0.0026409595697428102 0.3324678816919435
-4.985502346856531e-05 0.021394964048446846 0.0026409595697428102 0.3324678816919435
-5.178532993801593e-05 0.021394964048446846 0.0026409595697428102 0.3324678816919435
-5.468078964219185e-05 0.021394964048446846 0.0026409595697428102 -3.4400336255947748
-5.468078964219185e-05 0.021394964048446846 0.0026409595697428102 -0.4220324197654002
-5.419821302482919e-05 0.021394964048446846 0.0026409595697428102 0.3324678816919435
-5.323305979010389e-05 0.021394964048446846 0.0026409595697428102 0.3324678816919435
-5.371563640746654e-05 0.021394964048446846 0.0026409595697428102 -0.4220324197654002
-3.827318465186162e-05 0.021394964048446846 0.0026409595697428102 0.3324678816919435
-5.612851949427981e-05 0.021394964048446846 0.0026409595697428102 -0.04478226903672833
-5.371563640746654e-05 0.021394964048446846 0.0026409595697428102 0.3324678816919435
-5.275048317274123e-05 0.021394964048446846 0.0026409595697428102 0.3324678816919435
-5.468078964219185e-05 0.021394964048446846 0.0026409595697428102 0.3324678816919435
-5.468078964219185e-05 0.021394964048446846 0.0026409595697428102 0.3324678816919435
-4.985502346856531e-05 0.021394964048446846 0.0026409595697428102 0.3324678816919435
-5.0337600085927966e-05 0.021394964048446846 0.0026409595697428102 -3.4400336255947748
-5.130275332065327e-05 0.021394964048446846 0.0026409595697428102 -0.4220324197654002
-5.371563640746654e-05 0.021394964048446846 0.0026409595697428102 0.3324678816919435
-5.5645942876917154e-05 0.021394964048446846 0.0026409595697428102 0.3324678816919435
-5.468078964219185e-05 0.021394964048446846 0.0026409595697428102 -0.4220324197654002
-5.323305979010389e-05 0.021394964048446846 0.0026409595697428102 0.3324678816919435
-5.0337600085927966e-05 0.021394964048446846 0.0026409595697428102 0.3324678816919435
-5.371563640746654e-05 0.021394964048446846 0.0026409595697428102 0.3324678816919435
-5.419821302482919e-05 0.021394964048446846 0.0026409595697428102 0.3324678816919435
-5.51633662595545e-05 0.021394964048446846 0.0026409595697428102 0.3324678816919435
-5.2267906555378576e-05 0.021394964048446846 0.0026409595697428102 0.3324678816919435
-5.51633662595545e-05 0.021394964048446846 0.0026409595697428102 -0.4220324197654002
-5.612851949427981e-05 0.021394964048446846 0.0026409595697428102 0.3324678816919435
-5.0820176703290615e-05 0.021394964048446846 0.0026409595697428102 0.3324678816919435
-5.130275332065327e-05 0.021394964048446846 0.0026409595697428102 -0.4220324197654002
-5.323305979010389e-05 0.021394964048446846 0.0026409595697428102 -3.4400336255947748
-4.840729361647735e-05 0.021394964048446846 0.0026409595697428102 -0.04478226903672833
-5.468078964219185e-05 0.021394964048446846 0.0026409595697428102 0.3324678816919435
-5.2267906555378576e-05 0.021394964048446846 0.0026409595697428102 0.3324678816919435
-5.323305979010389e-05 0.021394964048446846 0.0026409595697428102 0.3324678816919435
-5.130275332065327e-05 0.021394964048446846 0.0026409595697428102 0.3324678816919435
-5.178532993801593e-05 0.021394964048446846 0.0026409595697428102 0.3324678816919435
-5.419821302482919e-05 0.021394964048446846 0.0026409595697428102 0.3324678816919435
-5.468078964219185e-05 0.021394964048446846 0.0026409595697428102 -0.4220324197654002
-5.468078964219185e-05 0.021394964048446846 0.0026409595697428102 0.3324678816919435
-5.51633662595545e-05 0.021394964048446846 0.0026409595697428102 0.3324678816919435
-5.51633662595545e-05 0.021394964048446846 0.0026409595697428102 -0.4220324197654002
-5.419821302482919e-05 0.021394964048446846 0.0026409595697428102 -3.4400336255947748
-5.371563640746654e-05 0.021394964048446846 0.0026409595697428102 -0.04478226903672833
-5.371563640746654e-05 0.021394964048446846 0.0026409595697428102 0.3324678816919435
-5.275048317274123e-05 0.021394964048446846 0.0026409595697428102 0.3324678816919435
-2.6691345835157938e-05 0.021394964048446846 0.0026409595697428102 0.3324678816919435
-4.647698714702673e-05 0.021394964048446846 0.0026409595697428102 0.3324678816919435
-5.419821302482919e-05 0.021394964048446846 0.0026409595697428102 0.3324678816919435
-5.419821302482919e-05 0.021394964048446846 0.0026409595697428102 0.3324678816919435
-5.468078964219185e-05 0.021394964048446846 0.0026409595697428102 -0.4220324197654002
-5.371563640746654e-05 0.021394964048446846 0.0026409595697428102 0.3324678816919435
-5.2267906555378576e-05 0.021394964048446846 0.0026409595697428102 0.3324678816919435
-5.51633662595545e-05 0.021394964048446846 0.0026409595697428102 -0.4220324197654002
-5.51633662595545e-05 0.021394964048446846 0.0026409595697428102 -0.04478226903672833
-5.419821302482919e-05 0.021394964048446846 0.0026409595697428102 -3.4400336255947748
-5.323305979010389e-05 0.021394964048446846 0.0026409595697428102 0.3324678816919435
-5.371563640746654e-05 0.021394964048446846 0.0026409595697428102 0.3324678816919435
-5.323305979010389e-05 0.021394964048446846 0.0026409595697428102 0.3324678816919435
-5.468078964219185e-05 0.021394964048446846 0.0026409595697428102 0.3324678816919435
-5.419821302482919e-05 0.021394964048446846 0.0026409595697428102 0.3324678816919435
-5.0820176703290615e-05 0.021394964048446846 0.0026409595697428102 0.3324678816919435
-4.985502346856531e-05 0.021394964048446846 0.0026409595697428102 -0.4220324197654002
-5.2267906555378576e-05 0.021394964048446846 0.0026409595697428102 0.3324678816919435
-4.8889870233840005e-05 0.021394964048446846 0.0026409595697428102 0.3324678816919435
-3.875576126922428e-05 0.021394964048446846 0.0026409595697428102 -0.4220324197654002
-5.419821302482919e-05 0.021394964048446846 0.0026409595697428102 -3.4400336255947748
-5.323305979010389e-05 0.021394964048446846 0.0026409595697428102 0.3324678816919435
-5.178532993801593e-05 0.021394964048446846 0.0026409595697428102 -0.04478226903672833
-5.130275332065327e-05 0.021394964048446846 0.0026409595697428102 0.3324678816919435
-5.468078964219185e-05 0.021394964048446846 0.0026409595697428102 0.3324678816919435
-5.468078964219185e-05 0.021394964048446846 0.0026409595697428102 0.3324678816919435
-5.51633662595545e-05 0.021394964048446846 0.0026409595697428102 0.3324678816919435
-5.51633662595545e-05 0.021394964048446846 0.0026409595697428102 0.3324678816919435
-5.51633662595545e-05 0.021394964048446846 0.0026409595697428102 -0.4220324197654002
-5.468078964219185e-05 0.021394964048446846 0.0026409595697428102 0.3324678816919435
-5.468078964219185e-05 0.021394964048446846 0.0026409595697428102 0.3324678816919435
-5.468078964219185e-05 0.021394964048446846 0.0026409595697428102 -0.4220324197654002
-5.612851949427981e-05 0.021394964048446846 0.0026409595697428102 -3.4400336255947748
-5.371563640746654e-05 0.021394964048446846 0.0026409595697428102 -0.04478226903672833
-5.468078964219185e-05 0.021394964048446846 0.0026409595697428102 0.3324678816919435
-5.323305979010389e-05 0.021394964048446846 0.0026409595697428102 0.3324678816919435
-5.323305979010389e-05 0.021394964048446846 0.0026409595697428102 0.3324678816919435
-5.0337600085927966e-05 0.021394964048446846 0.0026409595697428102 0.3324678816919435
-5.323305979010389e-05 0.021394964048446846 0.0026409595697428102 0.3324678816919435
-5.419821302482919e-05 0.021394964048446846 0.0026409595697428102 0.3324678816919435
-5.419821302482919e-05 0.021394964048446846 0.0026409595697428102 -0.4220324197654002
-5.468078964219185e-05 0.021394964048446846 0.0026409595697428102 0.3324678816919435
-5.178532993801593e-05 0.021394964048446846 0.0026409595697428102 0.3324678816919435
-5.323305979010389e-05 0.021394964048446846 0.0026409595697428102 -3.4400336255947748
-5.0820176703290615e-05 0.021394964048446846 0.0026409595697428102 -3.4400336255947748
-3.827318465186162e-05 0.021394964048446846 0.0026409595697428102 0.3324678816919435
-5.51633662595545e-05 0.021394964048446846 0.0026409595697428102 0.3324678816919435
-2.476103936570732e-05 0.021394964048446846 0.0026409595697428102 0.3324678816919435
-4.1168644356037544e-05 0.021394964048446846 0.0026409595697428102 -0.04478226903672833
-5.51633662595545e-05 0.021394964048446846 0.0026409595697428102 0.3324678816919435
-5.612851949427981e-05 0.021394964048446846 0.0026409595697428102 -0.4220324197654002
-5.5645942876917154e-05 0.021394964048446846 0.0026409595697428102 0.3324678816919435
-3.972091450394958e-05 0.021394964048446846 0.0026409595697428102 0.3324678816919435
-5.2267906555378576e-05 0.021394964048446846 0.0026409595697428102 -3.4400336255947748
-5.51633662595545e-05 0.021394964048446846 0.0026409595697428102 0.3324678816919435
-4.068606773867489e-05 0.021394964048446846 0.0026409595697428102 0.3324678816919435
-4.309895082548816e-05 0.021394964048446846 0.0026409595697428102 -0.4220324197654002
-5.0337600085927966e-05 0.021394964048446846 0.0026409595697428102 0.3324678816919435
-5.5645942876917154e-05 0.021394964048446846 0.0026409595697428102 0.3324678816919435
-5.371563640746654e-05 0.021394964048446846 0.0026409595697428102 0.3324678816919435
-5.178532993801593e-05 0.021394964048446846 0.0026409595697428102 0.3324678816919435
-5.0820176703290615e-05 0.021394964048446846 0.0026409595697428102 0.3324678816919435
-4.8889870233840005e-05 0.021394964048446846 0.0026409595697428102 -0.4220324197654002
-5.0337600085927966e-05 0.021394964048446846 0.0026409595697428102 -3.4400336255947748
-5.51633662595545e-05 0.021394964048446846 0.0026409595697428102 -3.4400336255947748
-5.419821302482919e-05 0.021394964048446846 0.0026409595697428102 0.3324678816919435
-5.0337600085927966e-05 0.021394964048446846 0.0026409595697428102 -0.4220324197654002
-5.661109611164246e-05 0.021394964048446846 0.0026409595697428102 -0.04478226903672833
-4.985502346856531e-05 0.021394964048446846 0.0026409595697428102 0.3324678816919435
-5.178532993801593e-05 0.021394964048446846 0.0026409595697428102 0.3324678816919435
-5.371563640746654e-05 0.021394964048446846 0.0026409595697428102 0.3324678816919435
-5.275048317274123e-05 0.021394964048446846 0.0026409595697428102 0.3324678816919435
-5.0820176703290615e-05 0.021394964048446846 0.0026409595697428102 0.3324678816919435
-2.427846274834467e-05 0.021394964048446846 0.0026409595697428102 0.3324678816919435
-5.5645942876917154e-05 0.021394964048446846 0.0026409595697428102 -0.4220324197654002
-4.985502346856531e-05 0.021394964048446846 0.0026409595697428102 0.3324678816919435
-3.4895148330323044e-05 0.021394964048446846 0.0026409595697428102 -3.4400336255947748
-5.371563640746654e-05 0.021394964048446846 0.0026409595697428102 0.3324678816919435
-5.468078964219185e-05 0.021394964048446846 0.0026409595697428102 -0.04478226903672833
-5.0820176703290615e-05 0.021394964048446846 0.0026409595697428102 -0.4220324197654002
-5.51633662595545e-05 0.021394964048446846 0.0026409595697428102 0.3324678816919435
-5.419821302482919e-05 0.021394964048446846 0.0026409595697428102 0.3324678816919435
-5.419821302482919e-05 0.021394964048446846 0.0026409595697428102 0.3324678816919435
-3.827318465186162e-05 0.021394964048446846 0.0026409595697428102 0.3324678816919435
-5.371563640746654e-05 0.021394964048446846 0.0026409595697428102 0.3324678816919435
-5.130275332065327e-05 0.021394964048446846 0.0026409595697428102 0.3324678816919435
-5.2267906555378576e-05 0.021394964048446846 0.0026409595697428102 -0.4220324197654002
-5.130275332065327e-05 0.021394964048446846 0.0026409595697428102 0.3324678816919435
-4.985502346856531e-05 0.021394964048446846 0.0026409595697428102 -3.4400336255947748
-5.51633662595545e-05 0.021394964048446846 0.0026409595697428102 0.3324678816919435
-5.275048317274123e-05 0.021394964048446846 0.0026409595697428102 -0.4220324197654002
-5.661109611164246e-05 0.021394964048446846 0.0026409595697428102 -0.04478226903672833
-5.419821302482919e-05 0.021394964048446846 0.0026409595697428102 0.3324678816919435
-5.419821302482919e-05 0.021394964048446846 0.0026409595697428102 0.3324678816919435
-5.51633662595545e-05 0.021394964048446846 0.0026409595697428102 0.3324678816919435
-5.130275332065327e-05 0.021394964048446846 0.0026409595697428102 0.3324678816919435
-5.0337600085927966e-05 0.021394964048446846 0.0026409595697428102 0.3324678816919435
-5.275048317274123e-05 0.021394964048446846 0.0026409595697428102 0.3324678816919435
-3.827318465186162e-05 0.021394964048446846 0.0026409595697428102 -0.4220324197654002
-4.840729361647735e-05 0.021394964048446846 0.0026409595697428102 0.3324678816919435
-4.599441052966408e-05 0.021394964048446846 0.0026409595697428102 -3.4400336255947748
-4.1168644356037544e-05 0.021394964048446846 0.0026409595697428102 0.3324678816919435
-5.51633662595545e-05 0.021394964048446846 0.0026409595697428102 -0.4220324197654002
-5.468078964219185e-05 0.021394964048446846 0.0026409595697428102 -0.04478226903672833
-5.323305979010389e-05 0.021394964048446846 0.0026409595697428102 0.3324678816919435
-4.840729361647735e-05 0.021394964048446846 0.0026409595697428102 0.3324678816919435
-3.2964841860872434e-05 0.021394964048446846 0.0026409595697428102 0.3324678816919435
-2.572619260043263e-05 0.021394964048446846 0.0026409595697428102 0.3324678816919435
-5.612851949427981e-05 0.021394964048446846 0.0026409595697428102 0.3324678816919435
-5.612851949427981e-05 0.021394964048446846 0.0026409595697428102 -3.4400336255947748
-5.130275332065327e-05 0.021394964048446846 0.0026409595697428102 -0.4220324197654002
-4.8889870233840005e-05 0.021394964048446846 0.0026409595697428102 0.3324678816919435
-4.840729361647735e-05 0.021394964048446846 0.0026409595697428102 0.3324678816919435
-5.178532993801593e-05 0.021394964048446846 0.0026409595697428102 0.3324678816919435
-5.5645942876917154e-05 0.021394964048446846 0.0026409595697428102 -0.04478226903672833
-5.5645942876917154e-05 0.021394964048446846 0.0026409595697428102 0.3324678816919435
-5.371563640746654e-05 0.021394964048446846 0.0026409595697428102 0.3324678816919435
-4.647698714702673e-05 0.021394964048446846 0.0026409595697428102 0.3324678816919435
-5.275048317274123e-05 0.021394964048446846 0.0026409595697428102 0.3324678816919435
-4.8889870233840005e-05 0.021394964048446846 0.0026409595697428102 -0.4220324197654002
-4.16512209734002e-05 0.021394964048446846 0.0026409595697428102 0.3324678816919435
-4.985502346856531e-05 0.021394964048446846 0.0026409595697428102 -0.4220324197654002
-5.0337600085927966e-05 0.021394964048446846 0.0026409595697428102 -3.4400336255947748
-4.792471699911469e-05 0.021394964048446846 0.0026409595697428102 0.3324678816919435
-5.2267906555378576e-05 0.021394964048446846 0.0026409595697428102 0.3324678816919435
-5.275048317274123e-05 0.021394964048446846 0.0026409595697428102 0.3324678816919435
-5.661109611164246e-05 0.021394964048446846 0.0026409595697428102 -0.04478226903672833
-7.388281140651792e-06 0.021394964048446846 0.0026409595697428102 0.3324678816919435
-4.985502346856531e-05 0.021394964048446846 0.0026409595697428102 0.3324678816919435
-5.51633662595545e-05 0.021394964048446846 0.0026409595697428102 0.3324678816919435
-5.275048317274123e-05 0.021394964048446846 0.0026409595697428102 0.3324678816919435
-5.178532993801593e-05 0.021394964048446846 0.0026409595697428102 -0.4220324197654002
-5.51633662595545e-05 0.021394964048446846 0.0026409595697428102 -0.4220324197654002
-4.9372446851202654e-05 0.021394964048446846 0.0026409595697428102 -3.4400336255947748
-5.275048317274123e-05 0.021394964048446846 0.0026409595697428102 0.3324678816919435
-4.454668067757612e-05 0.021394964048446846 0.0026409595697428102 0.3324678816919435
-4.647698714702673e-05 0.021394964048446846 0.0026409595697428102 0.3324678816919435
-5.5645942876917154e-05 0.021394964048446846 0.0026409595697428102 0.3324678816919435
-5.51633662595545e-05 0.021394964048446846 0.0026409595697428102 0.3324678816919435
-4.8889870233840005e-05 0.021394964048446846 0.0026409595697428102 0.3324678816919435
-3.4895148330323044e-05 0.021394964048446846 0.0026409595697428102 -0.4220324197654002
-5.468078964219185e-05 0.021394964048446846 0.0026409595697428102 -0.04478226903672833
-3.2964841860872434e-05 0.021394964048446846 0.0026409595697428102 0.3324678816919435
-5.419821302482919e-05 0.021394964048446846 0.0026409595697428102 0.3324678816919435
-5.323305979010389e-05 0.021394964048446846 0.0026409595697428102 -0.4220324197654002
-5.468078964219185e-05 0.021394964048446846 0.0026409595697428102 -3.4400336255947748
-5.178532993801593e-05 0.021394964048446846 0.0026409595697428102 0.3324678816919435
-5.178532993801593e-05 0.021394964048446846 0.0026409595697428102 0.3324678816919435
-4.7442140381752044e-05 0.021394964048446846 0.0026409595697428102 0.3324678816919435
-5.2267906555378576e-05 0.021394964048446846 0.0026409595697428102 0.3324678816919435
-5.178532993801593e-05 0.021394964048446846 0.0026409595697428102 0.3324678816919435
-5.275048317274123e-05 0.021394964048446846 0.0026409595697428102 0.3324678816919435
-5.419821302482919e-05 0.021394964048446846 0.0026409595697428102 -0.04478226903672833
-5.178532993801593e-05 0.021394964048446846 0.0026409595697428102 -0.4220324197654002
-5.371563640746654e-05 0.021394964048446846 0.0026409595697428102 0.3324678816919435
-5.5645942876917154e-05 0.021394964048446846 0.0026409595697428102 0.3324678816919435
-4.7442140381752044e-05 0.021394964048446846 0.0026409595697428102 0.3324678816919435
-5.661109611164246e-05 0.021394964048446846 0.0026409595697428102 -0.4220324197654002
-4.985502346856531e-05 0.021394964048446846 0.0026409595697428102 -3.4400336255947748
-4.792471699911469e-05 0.021394964048446846 0.0026409595697428102 0.3324678816919435
-4.8889870233840005e-05 0.021394964048446846 0.0026409595697428102 0.3324678816919435
-5.468078964219185e-05 0.021394964048446846 0.0026409595697428102 0.3324678816919435
-5.419821302482919e-05 0.021394964048446846 0.0026409595697428102 0.3324678816919435
-5.371563640746654e-05 0.021394964048446846 0.0026409595697428102 0.3324678816919435
-5.371563640746654e-05 0.021394964048446846 0.0026409595697428102 -0.04478226903672833
-5.275048317274123e-05 0.021394964048446846 0.0026409595697428102 -0.4220324197654002
-5.419821302482919e-05 0.021394964048446846 0.0026409595697428102 0.3324678816919435
-5.0337600085927966e-05 0.021394964048446846 0.0026409595697428102 -3.4400336255947748
-4.020349112131224e-05 0.021394964048446846 0.0026409595697428102 0.3324678816919435
-5.371563640746654e-05 0.021394964048446846 0.0026409595697428102 0.3324678816919435
-5.323305979010389e-05 0.021394964048446846 0.0026409595697428102 -0.4220324197654002
-5.371563640746654e-05 0.021394964048446846 0.0026409595697428102 0.3324678816919435
-5.371563640746654e-05 0.021394964048446846 0.0026409595697428102 0.3324678816919435
-5.661109611164246e-05 0.021394964048446846 0.0026409595697428102 0.3324678816919435
-4.213379759076285e-05 0.021394964048446846 0.0026409595697428102 0.3324678816919435
-5.323305979010389e-05 0.021394964048446846 0.0026409595697428102 0.3324678816919435
-1.7039813487904863e-05 0.021394964048446846 0.0026409595697428102 -0.04478226903672833
-5.2267906555378576e-05 0.021394964048446846 0.0026409595697428102 0.3324678816919435
-5.371563640746654e-05 0.021394964048446846 0.0026409595697428102 0.3324678816919435
-5.661109611164246e-05 0.021394964048446846 0.0026409595697428102 -0.4220324197654002
-5.275048317274123e-05 0.021394964048446846 0.0026409595697428102 -3.4400336255947748
-5.130275332065327e-05 0.021394964048446846 0.0026409595697428102 0.3324678816919435
-4.647698714702673e-05 0.021394964048446846 0.0026409595697428102 0.3324678816919435
-2.0417849809443438e-05 0.021394964048446846 0.0026409595697428102 0.3324678816919435
-3.6342878182411005e-05 0.021394964048446846 0.0026409595697428102 0.3324678816919435
-3.875576126922428e-05 0.021394964048446846 0.0026409595697428102 0.3324678816919435
-5.5645942876917154e-05 0.021394964048446846 0.0026409595697428102 0.3324678816919435
-4.792471699911469e-05 0.021394964048446846 0.0026409595697428102 0.3324678816919435
-3.4895148330323044e-05 0.021394964048446846 0.0026409595697428102 -0.04478226903672833
-5.419821302482919e-05 0.021394964048446846 0.0026409595697428102 -0.4220324197654002
-4.7442140381752044e-05 0.021394964048446846 0.0026409595697428102 0.3324678816919435
-5.0337600085927966e-05 0.021394964048446846 0.0026409595697428102 -3.4400336255947748
-5.275048317274123e-05 0.021394964048446846 0.0026409595697428102 -0.4220324197654002
-5.2267906555378576e-05 0.021394964048446846 0.0026409595697428102 0.3324678816919435
-4.020349112131224e-05 0.021394964048446846 0.0026409595697428102 0.3324678816919435
-5.0820176703290615e-05 0.021394964048446846 0.0026409595697428102 0.3324678816919435
-5.275048317274123e-05 0.021394964048446846 0.0026409595697428102 0.3324678816919435
-4.599441052966408e-05 0.021394964048446846 0.0026409595697428102 0.3324678816919435
-5.419821302482919e-05 0.021394964048446846 0.0026409595697428102 0.3324678816919435
0.00012194225231253937 0.021394964048446846 0.0026409595697428102 0.3324678816919435
-5.371563640746654e-05 0.021394964048446846 0.0026409595697428102 -0.04478226903672833
-5.275048317274123e-05 0.021394964048446846 0.0026409595697428102 -0.4220324197654002
-5.419821302482919e-05 0.021394964048446846 0.0026409595697428102 -3.4400336255947748
-5.323305979010389e-05 0.021394964048446846 0.0026409595697428102 0.3324678816919435
-4.4064104060213466e-05 0.021394964048446846 0.0026409595697428102 -0.4220324197654002
-2.81390756872459e-05 0.021394964048446846 0.0026409595697428102 0.3324678816919435
-5.51633662595545e-05 0.021394964048446846 0.0026409595697428102 0.3324678816919435
-4.8889870233840005e-05 0.021394964048446846 0.0026409595697428102 0.3324678816919435
-2.0900426426806094e-05 0.021394964048446846 0.0026409595697428102 0.3324678816919435
-3.151711200878447e-05 0.021394964048446846 0.0026409595697428102 0.3324678816919435
-5.419821302482919e-05 0.021394964048446846 0.0026409595697428102 -0.4220324197654002
-5.51633662595545e-05 0.021394964048446846 0.0026409595697428102 0.3324678816919435
-5.178532993801593e-05 0.021394964048446846 0.0026409595697428102 -3.4400336255947748
-4.454668067757612e-05 0.021394964048446846 0.0026409595697428102 0.3324678816919435
-5.2267906555378576e-05 0.021394964048446846 0.0026409595697428102 -0.04478226903672833
-5.468078964219185e-05 0.021394964048446846 0.0026409595697428102 -0.4220324197654002
-5.323305979010389e-05 0.021394964048446846 0.0026409595697428102 0.3324678816919435
-4.647698714702673e-05 0.021394964048446846 0.0026409595697428102 0.3324678816919435
-5.178532993801593e-05 0.021394964048446846 0.0026409595697428102 0.3324678816919435
-5.178532993801593e-05 0.021394964048446846 0.0026409595697428102 0.3324678816919435
-5.0337600085927966e-05 0.021394964048446846 0.0026409595697428102 0.3324678816919435
-5.323305979010389e-05 0.021394964048446846 0.0026409595697428102 0.3324678816919435
-5.178532993801593e-05 0.021394964048446846 0.0026409595697428102 -0.4220324197654002
-4.792471699911469e-05 0.021394964048446846 0.0026409595697428102 0.3324678816919435
-5.178532993801593e-05 0.021394964048446846 0.0026409595697428102 -0.04478226903672833
-5.2267906555378576e-05 0.021394964048446846 0.0026409595697428102 0.3324678816919435
-5.371563640746654e-05 0.021394964048446846 0.0026409595697428102 -0.4220324197654002
-5.178532993801593e-05 0.021394964048446846 0.0026409595697428102 -3.4400336255947748
-5.130275332065327e-05 0.021394964048446846 0.0026409595697428102 0.3324678816919435
-5.0337600085927966e-05 0.021394964048446846 0.0026409595697428102 0.3324678816919435
-4.599441052966408e-05 0.021394964048446846 0.0026409595697428102 0.3324678816919435
-5.371563640746654e-05 0.021394964048446846 0.0026409595697428102 0.3324678816919435
-5.612851949427981e-05 0.021394964048446846 0.0026409595697428102 0.3324678816919435
-5.51633662595545e-05 0.021394964048446846 0.0026409595697428102 -0.4220324197654002
-4.9372446851202654e-05 0.021394964048446846 0.0026409595697428102 0.3324678816919435
-5.371563640746654e-05 0.021394964048446846 0.0026409595697428102 0.3324678816919435
-5.468078964219185e-05 0.021394964048446846 0.0026409595697428102 -0.04478226903672833
-5.371563640746654e-05 0.021394964048446846 0.0026409595697428102 0.3324678816919435
-5.275048317274123e-05 0.021394964048446846 0.0026409595697428102 -0.4220324197654002
-4.7442140381752044e-05 0.021394964048446846 0.0026409595697428102 -3.4400336255947748
-5.468078964219185e-05 0.021394964048446846 0.0026409595697428102 0.3324678816919435
-5.468078964219185e-05 0.021394964048446846 0.0026409595697428102 0.3324678816919435
-5.2267906555378576e-05 0.021394964048446846 0.0026409595697428102 0.3324678816919435
-5.178532993801593e-05 0.021394964048446846 0.0026409595697428102 0.3324678816919435
-5.419821302482919e-05 0.021394964048446846 0.0026409595697428102 0.3324678816919435
-3.682545479977366e-05 0.021394964048446846 0.0026409595697428102 -0.4220324197654002
-5.5645942876917154e-05 0.021394964048446846 0.0026409595697428102 0.3324678816919435
-5.2267906555378576e-05 0.021394964048446846 0.0026409595697428102 0.3324678816919435
-5.275048317274123e-05 0.021394964048446846 0.0026409595697428102 -0.04478226903672833
-4.985502346856531e-05 0.021394964048446846 0.0026409595697428102 0.3324678816919435
-5.2267906555378576e-05 0.021394964048446846 0.0026409595697428102 -0.4220324197654002
-3.875576126922428e-05 0.021394964048446846 0.0026409595697428102 -3.4400336255947748
-5.0820176703290615e-05 0.021394964048446846 0.0026409595697428102 0.3324678816919435
-5.2267906555378576e-05 0.021394964048446846 0.0026409595697428102 0.3324678816919435
-5.5645942876917154e-05 0.021394964048446846 0.0026409595697428102 0.3324678816919435
-5.371563640746654e-05 0.021394964048446846 0.0026409595697428102 0.3324678816919435
-5.178532993801593e-05 0.021394964048446846 0.0026409595697428102 0.3324678816919435
-5.2267906555378576e-05 0.021394964048446846 0.0026409595697428102 0.3324678816919435
-5.661109611164246e-05 0.021394964048446846 0.0026409595697428102 0.3324678816919435
-7.870857758014445e-06 0.021394964048446846 0.0026409595697428102 -0.4220324197654002
-2.717392245252059e-05 0.021394964048446846 0.0026409595697428102 -0.04478226903672833
-5.323305979010389e-05 0.021394964048446846 0.0026409595697428102 -0.4220324197654002
-4.213379759076285e-05 0.021394964048446846 0.0026409595697428102 0.3324678816919435
-5.371563640746654e-05 0.021394964048446846 0.0026409595697428102 -3.4400336255947748
-5.275048317274123e-05 0.021394964048446846 0.0026409595697428102 0.3324678816919435
-5.275048317274123e-05 0.021394964048446846 0.0026409595697428102 0.3324678816919435
-5.2267906555378576e-05 0.021394964048446846 0.0026409595697428102 0.3324678816919435
-5.468078964219185e-05 0.021394964048446846 0.0026409595697428102 0.3324678816919435
-5.178532993801593e-05 0.021394964048446846 0.0026409595697428102 -0.4220324197654002
-5.275048317274123e-05 0.021394964048446846 0.0026409595697428102 0.3324678816919435
-4.985502346856531e-05 0.021394964048446846 0.0026409595697428102 0.3324678816919435
-5.178532993801593e-05 0.021394964048446846 0.0026409595697428102 -0.04478226903672833
-5.51633662595545e-05 0.021394964048446846 0.0026409595697428102 0.3324678816919435
-5.0820176703290615e-05 0.021394964048446846 0.0026409595697428102 -0.4220324197654002
-5.661109611164246e-05 0.021394964048446846 0.0026409595697428102 -3.4400336255947748
-5.51633662595545e-05 0.021394964048446846 0.0026409595697428102 0.3324678816919435
-5.468078964219185e-05 0.021394964048446846 0.0026409595697428102 0.3324678816919435
-5.661109611164246e-05 0.021394964048446846 0.0026409595697428102 0.3324678816919435
-5.468078964219185e-05 0.021394964048446846 0.0026409595697428102 0.3324678816919435
-5.178532993801593e-05 0.021394964048446846 0.0026409595697428102 0.3324678816919435
-5.612851949427981e-05 0.021394964048446846 0.0026409595697428102 -0.4220324197654002
-5.371563640746654e-05 0.021394964048446846 0.0026409595697428102 0.3324678816919435
-2.1383003044168746e-05 0.021394964048446846 0.0026409595697428102 0.3324678816919435
-4.9372446851202654e-05 0.021394964048446846 0.0026409595697428102 0.3324678816919435
-5.323305979010389e-05 0.021394964048446846 0.0026409595697428102 -0.04478226903672833
-1.9452696574718133e-05 0.021394964048446846 0.0026409595697428102 0.3324678816919435
-5.323305979010389e-05 0.021394964048446846 0.0026409595697428102 -0.4220324197654002
-4.2616374208125505e-05 0.021394964048446846 0.0026409595697428102 0.3324678816919435
-3.923833788658693e-05 0.021394964048446846 0.0026409595697428102 0.3324678816919435
-3.972091450394958e-05 0.021394964048446846 0.0026409595697428102 -0.4220324197654002
-5.612851949427981e-05 0.021394964048446846 0.0026409595697428102 -3.4400336255947748
-3.923833788658693e-05 0.021394964048446846 0.0026409595697428102 0.3324678816919435
-4.9372446851202654e-05 0.021394964048446846 0.0026409595697428102 0.3324678816919435
-4.8889870233840005e-05 0.021394964048446846 0.0026409595697428102 0.3324678816919435
-5.178532993801593e-05 0.021394964048446846 0.0026409595697428102 0.3324678816919435
-5.2267906555378576e-05 0.021394964048446846 0.0026409595697428102 0.3324678816919435
-5.612851949427981e-05 0.021394964048446846 0.0026409595697428102 -0.04478226903672833
-4.213379759076285e-05 0.021394964048446846 0.0026409595697428102 0.3324678816919435
-4.2616374208125505e-05 0.021394964048446846 0.0026409595697428102 -0.4220324197654002
-5.275048317274123e-05 0.021394964048446846 0.0026409595697428102 0.3324678816919435
-5.419821302482919e-05 0.021394964048446846 0.0026409595697428102 0.3324678816919435
-5.468078964219185e-05 0.021394964048446846 0.0026409595697428102 -3.4400336255947748
-4.4064104060213466e-05 0.021394964048446846 0.0026409595697428102 0.3324678816919435
-4.551183391230143e-05 0.021394964048446846 0.0026409595697428102 0.3324678816919435
-4.985502346856531e-05 0.021394964048446846 0.0026409595697428102 -0.4220324197654002
-5.661109611164246e-05 0.021394964048446846 0.0026409595697428102 0.3324678816919435
-4.551183391230143e-05 0.021394964048446846 0.0026409595697428102 0.3324678816919435
-5.612851949427981e-05 0.021394964048446846 0.0026409595697428102 0.3324678816919435
-3.827318465186162e-05 0.021394964048446846 0.0026409595697428102 0.3324678816919435
-4.358152744285081e-05 0.021394964048446846 0.0026409595697428102 -0.4220324197654002
-2.6208769217795282e-05 0.021394964048446846 0.0026409595697428102 -0.04478226903672833
-5.51633662595545e-05 0.021394964048446846 0.0026409595697428102 0.3324678816919435
-5.0820176703290615e-05 0.021394964048446846 0.0026409595697428102 -3.4400336255947748
-5.0337600085927966e-05 0.021394964048446846 0.0026409595697428102 0.3324678816919435
-5.275048317274123e-05 0.021394964048446846 0.0026409595697428102 0.3324678816919435
-5.275048317274123e-05 0.021394964048446846 0.0026409595697428102 0.3324678816919435
-4.792471699911469e-05 0.021394964048446846 0.0026409595697428102 -0.4220324197654002
-5.371563640746654e-05 0.021394964048446846 0.0026409595697428102 0.3324678816919435
-4.8889870233840005e-05 0.021394964048446846 0.0026409595697428102 -0.4220324197654002
-5.51633662595545e-05 0.021394964048446846 0.0026409595697428102 0.3324678816919435
-5.468078964219185e-05 0.021394964048446846 0.0026409595697428102 -0.04478226903672833
-5.371563640746654e-05 0.021394964048446846 0.0026409595697428102 0.3324678816919435
-5.419821302482919e-05 0.021394964048446846 0.0026409595697428102 0.3324678816919435
-5.178532993801593e-05 0.021394964048446846 0.0026409595697428102 0.3324678816919435
4.1935576760518945e-06 0.021394964048446846 0.0026409595697428102 0.3324678816919435
-5.468078964219185e-05 0.021394964048446846 0.0026409595697428102 -3.4400336255947748
-5.275048317274123e-05 0.021394964048446846 0.0026409595697428102 0.3324678816919435
-5.468078964219185e-05 0.021394964048446846 0.0026409595697428102 -0.4220324197654002
-5.323305979010389e-05 0.021394964048446846 0.0026409595697428102 0.3324678816919435
-5.468078964219185e-05 0.021394964048446846 0.0026409595697428102 0.3324678816919435
-5.468078964219185e-05 0.021394964048446846 0.0026409595697428102 -0.4220324197654002
-5.51633662595545e-05 0.021394964048446846 0.0026409595697428102 0.3324678816919435
-5.419821302482919e-05 0.021394964048446846 0.0026409595697428102 -0.04478226903672833
-5.275048317274123e-05 0.021394964048446846 0.0026409595697428102 0.3324678816919435
-5.51633662595545e-05 0.021394964048446846 0.0026409595697428102 0.3324678816919435
-5.2267906555378576e-05 0.021394964048446846 0.0026409595697428102 -0.4220324197654002
-4.9372446851202654e-05 0.021394964048446846 0.0026409595697428102 0.3324678816919435
-5.0337600085927966e-05 0.021394964048446846 0.0026409595697428102 -3.4400336255947748
-5.5645942876917154e-05 0.021394964048446846 0.0026409595697428102 0.3324678816919435
-4.358152744285081e-05 0.021394964048446846 0.0026409595697428102 0.3324678816919435
-5.0820176703290615e-05 0.021394964048446846 0.0026409595697428102 0.3324678816919435
-4.309895082548816e-05 0.021394964048446846 0.0026409595697428102 0.3324678816919435
-3.827318465186162e-05 0.021394964048446846 0.0026409595697428102 -0.4220324197654002
-4.551183391230143e-05 0.021394964048446846 0.0026409595697428102 -0.04478226903672833
-5.612851949427981e-05 0.021394964048446846 0.0026409595697428102 0.3324678816919435
-3.392999509559774e-05 0.021394964048446846 0.0026409595697428102 0.3324678816919435
-5.419821302482919e-05 0.021394964048446846 0.0026409595697428102 0.3324678816919435
-5.612851949427981e-05 0.021394964048446846 0.0026409595697428102 0.3324678816919435
-5.612851949427981e-05 0.021394964048446846 0.0026409595697428102 -0.4220324197654002
-5.468078964219185e-05 0.021394964048446846 0.0026409595697428102 -3.4400336255947748
-5.2267906555378576e-05 0.021394964048446846 0.0026409595697428102 0.3324678816919435
-4.840729361647735e-05 0.021394964048446846 0.0026409595697428102 0.3324678816919435
-5.323305979010389e-05 0.021394964048446846 0.0026409595697428102 0.3324678816919435
-4.985502346856531e-05 0.021394964048446846 0.0026409595697428102 -0.4220324197654002
-5.275048317274123e-05 0.021394964048446846 0.0026409595697428102 0.3324678816919435
-4.502925729493877e-05 0.021394964048446846 0.0026409595697428102 -0.04478226903672833
-4.9372446851202654e-05 0.021394964048446846 0.0026409595697428102 0.3324678816919435
-2.7656499069883243e-05 0.021394964048446846 0.0026409595697428102 0.3324678816919435
-4.985502346856531e-05 0.021394964048446846 0.0026409595697428102 0.3324678816919435
-5.51633662595545e-05 0.021394964048446846 0.0026409595697428102 -3.4400336255947748
-4.985502346856531e-05 0.021394964048446846 0.0026409595697428102 0.3324678816919435
-5.371563640746654e-05 0.021394964048446846 0.0026409595697428102 0.3324678816919435
-5.419821302482919e-05 0.021394964048446846 0.0026409595697428102 0.3324678816919435
-5.371563640746654e-05 0.021394964048446846 0.0026409595697428102 0.3324678816919435
-5.612851949427981e-05 0.021394964048446846 0.0026409595697428102 0.3324678816919435
-5.51633662595545e-05 0.021394964048446846 0.0026409595697428102 0.3324678816919435
-5.0337600085927966e-05 0.021394964048446846 0.0026409595697428102 0.3324678816919435
-5.0820176703290615e-05 0.021394964048446846 0.0026409595697428102 -0.4220324197654002
-5.468078964219185e-05 0.021394964048446846 0.0026409595697428102 -3.4400336255947748
-5.419821302482919e-05 0.021394964048446846 0.0026409595697428102 0.3324678816919435
-5.661109611164246e-05 0.021394964048446846 0.0026409595697428102 0.3324678816919435
-5.661109611164246e-05 0.021394964048446846 0.0026409595697428102 0.3324678816919435
-5.419821302482919e-05 0.021394964048446846 0.0026409595697428102 -0.04478226903672833
-5.5645942876917154e-05 0.021394964048446846 0.0026409595697428102 -0.4220324197654002
-5.612851949427981e-05 0.021394964048446846 0.0026409595697428102 0.3324678816919435
-5.5645942876917154e-05 0.021394964048446846 0.0026409595697428102 0.3324678816919435
-5.5645942876917154e-05 0.021394964048446846 0.0026409595697428102 0.3324678816919435
-5.323305979010389e-05 0.021394964048446846 0.0026409595697428102 0.3324678816919435
-5.51633662595545e-05 0.021394964048446846 0.0026409595697428102 0.3324678816919435
-5.5645942876917154e-05 0.021394964048446846 0.0026409595697428102 -0.4220324197654002
-5.419821302482919e-05 0.021394964048446846 0.0026409595697428102 -3.4400336255947748
-5.2267906555378576e-05 0.021394964048446846 0.0026409595697428102 0.3324678816919435
-5.371563640746654e-05 0.021394964048446846 0.0026409595697428102 0.3324678816919435
-5.275048317274123e-05 0.021394964048446846 0.0026409595697428102 0.3324678816919435
-5.0337600085927966e-05 0.021394964048446846 0.0026409595697428102 0.3324678816919435
-5.178532993801593e-05 0.021394964048446846 0.0026409595697428102 -0.04478226903672833
-5.275048317274123e-05 0.021394964048446846 0.0026409595697428102 0.3324678816919435
-5.468078964219185e-05 0.021394964048446846 0.0026409595697428102 -0.4220324197654002
-5.178532993801593e-05 0.021394964048446846 0.0026409595697428102 0.3324678816919435
-5.323305979010389e-05 0.021394964048446846 0.0026409595697428102 0.3324678816919435
-5.178532993801593e-05 0.021394964048446846 0.0026409595697428102 0.3324678816919435
-5.51633662595545e-05 0.021394964048446846 0.0026409595697428102 -0.4220324197654002
-5.178532993801593e-05 0.021394964048446846 0.0026409595697428102 -3.4400336255947748
-5.419821302482919e-05 0.021394964048446846 0.0026409595697428102 0.3324678816919435
-5.468078964219185e-05 0.021394964048446846 0.0026409595697428102 0.3324678816919435
-5.0820176703290615e-05 0.021394964048446846 0.0026409595697428102 0.3324678816919435
-5.419821302482919e-05 0.021394964048446846 0.0026409595697428102 0.3324678816919435
-5.419821302482919e-05 0.021394964048446846 0.0026409595697428102 -0.04478226903672833
-5.51633662595545e-05 0.021394964048446846 0.0026409595697428102 0.3324678816919435
-5.178532993801593e-05 0.021394964048446846 0.0026409595697428102 -0.4220324197654002
-4.792471699911469e-05 0.021394964048446846 0.0026409595697428102 0.3324678816919435
-4.985502346856531e-05 0.021394964048446846 0.0026409595697428102 0.3324678816919435
-5.468078964219185e-05 0.021394964048446846 0.0026409595697428102 0.3324678816919435
-5.419821302482919e-05 0.021394964048446846 0.0026409595697428102 -0.4220324197654002
-5.130275332065327e-05 0.021394964048446846 0.0026409595697428102 -3.4400336255947748
-4.7442140381752044e-05 0.021394964048446846 0.0026409595697428102 0.3324678816919435
-5.323305979010389e-05 0.021394964048446846 0.0026409595697428102 0.3324678816919435
-5.371563640746654e-05 0.021394964048446846 0.0026409595697428102 0.3324678816919435
-4.7442140381752044e-05 0.021394964048446846 0.0026409595697428102 -0.04478226903672833
-5.130275332065327e-05 0.021394964048446846 0.0026409595697428102 0.3324678816919435
-3.53777249476857e-05 0.021394964048446846 0.0026409595697428102 0.3324678816919435
-5.2267906555378576e-05 0.021394964048446846 0.0026409595697428102 -0.4220324197654002
-3.103453539142182e-05 0.021394964048446846 0.0026409595697428102 0.3324678816919435
-5.275048317274123e-05 0.021394964048446846 0.0026409595697428102 0.3324678816919435
-4.985502346856531e-05 0.021394964048446846 0.0026409595697428102 0.3324678816919435
-5.371563640746654e-05 0.021394964048446846 0.0026409595697428102 -0.4220324197654002
-5.371563640746654e-05 0.021394964048446846 0.0026409595697428102 -3.4400336255947748
-5.468078964219185e-05 0.021394964048446846 0.0026409595697428102 0.3324678816919435
-4.309895082548816e-05 0.021394964048446846 0.0026409595697428102 0.3324678816919435
-5.371563640746654e-05 0.021394964048446846 0.0026409595697428102 0.3324678816919435
-5.371563640746654e-05 0.021394964048446846 0.0026409595697428102 -0.04478226903672833
-5.323305979010389e-05 0.021394964048446846 0.0026409595697428102 0.3324678816919435
-5.419821302482919e-05 0.021394964048446846 0.0026409595697428102 0.3324678816919435
-5.275048317274123e-05 0.021394964048446846 0.0026409595697428102 -0.4220324197654002
-4.213379759076285e-05 0.021394964048446846 0.0026409595697428102 0.3324678816919435
-5.419821302482919e-05 0.021394964048446846 0.0026409595697428102 0.3324678816919435
-4.9372446851202654e-05 0.021394964048446846 0.0026409595697428102 0.3324678816919435
-5.419821302482919e-05 0.021394964048446846 0.0026409595697428102 -0.4220324197654002
-5.2267906555378576e-05 0.021394964048446846 0.0026409595697428102 -3.4400336255947748
-5.371563640746654e-05 0.021394964048446846 0.0026409595697428102 0.3324678816919435
-5.130275332065327e-05 0.021394964048446846 0.0026409595697428102 0.3324678816919435
-5.323305979010389e-05 0.021394964048446846 0.0026409595697428102 0.3324678816919435
-5.0820176703290615e-05 0.021394964048446846 0.0026409595697428102 -0.04478226903672833
-5.468078964219185e-05 0.021394964048446846 0.0026409595697428102 0.3324678816919435
-5.275048317274123e-05 0.021394964048446846 0.0026409595697428102 0.3324678816919435
-5.0337600085927966e-05 0.021394964048446846 0.0026409595697428102 0.3324678816919435
-5.661109611164246e-05 0.021394964048446846 0.0026409595697428102 0.3324678816919435
-5.51633662595545e-05 0.021394964048446846 0.0026409595697428102 -0.4220324197654002
-5.468078964219185e-05 0.021394964048446846 0.0026409595697428102 0.3324678816919435
-4.2616374208125505e-05 0.021394964048446846 0.0026409595697428102 -0.4220324197654002
-5.275048317274123e-05 0.021394964048446846 0.0026409595697428102 -3.4400336255947748
-5.323305979010389e-05 0.021394964048446846 0.0026409595697428102 0.3324678816919435
-4.7442140381752044e-05 0.021394964048446846 0.0026409595697428102 0.3324678816919435
-4.4064104060213466e-05 0.021394964048446846 0.0026409595697428102 0.3324678816919435
-5.178532993801593e-05 0.021394964048446846 0.0026409595697428102 -0.04478226903672833
-4.985502346856531e-05 0.021394964048446846 0.0026409595697428102 0.3324678816919435
-5.612851949427981e-05 0.021394964048446846 0.0026409595697428102 0.3324678816919435
-5.275048317274123e-05 0.021394964048446846 0.0026409595697428102 0.3324678816919435
-4.8889870233840005e-05 0.021394964048446846 0.0026409595697428102 -0.4220324197654002
-5.468078964219185e-05 0.021394964048446846 0.0026409595697428102 0.3324678816919435
-4.358152744285081e-05 0.021394964048446846 0.0026409595697428102 -0.4220324197654002
-5.371563640746654e-05 0.021394964048446846 0.0026409595697428102 0.3324678816919435
-5.0820176703290615e-05 0.021394964048446846 0.0026409595697428102 -3.4400336255947748
-4.985502346856531e-05 0.021394964048446846 0.0026409595697428102 0.3324678816919435
-5.468078964219185e-05 0.021394964048446846 0.0026409595697428102 0.3324678816919435
-5.275048317274123e-05 0.021394964048446846 0.0026409595697428102 0.3324678816919435
-5.2267906555378576e-05 0.021394964048446846 0.0026409595697428102 -0.04478226903672833
-5.0820176703290615e-05 0.021394964048446846 0.0026409595697428102 0.3324678816919435
-5.2267906555378576e-05 0.021394964048446846 0.0026409595697428102 0.3324678816919435
-5.468078964219185e-05 0.021394964048446846 0.0026409595697428102 0.3324678816919435
-3.972091450394958e-05 0.021394964048446846 0.0026409595697428102 -0.4220324197654002
-5.371563640746654e-05 0.021394964048446846 0.0026409595697428102 0.3324678816919435
-5.130275332065327e-05 0.021394964048446846 0.0026409595697428102 -3.4400336255947748
-5.661109611164246e-05 0.021394964048446846 0.0026409595697428102 0.3324678816919435
-5.5645942876917154e-05 0.021394964048446846 0.0026409595697428102 -0.4220324197654002
-5.5645942876917154e-05 0.021394964048446846 0.0026409595697428102 0.3324678816919435
-5.0820176703290615e-05 0.021394964048446846 0.0026409595697428102 0.3324678816919435
