-5.51633662595545e-05 0.021394964048446846 0.0026409595697428102 -0.04478226903672833
-1.0766317462190367e-05 0.021394964048446846 0.0026409595697428102 0.3324678816919435
-5.323305979010389e-05 0.021394964048446846 0.0026409595697428102 -0.04478226903672833
-2.2348156278894055e-05 0.021394964048446846 0.0026409595697428102 0.3324678816919435
0.00013979758715495757 0.021394964048446846 0.0026409595697428102 0.3324678816919435
-5.612851949427981e-05 0.021394964048446846 0.0026409595697428102 -0.04478226903672833
-5.468078964219185e-05 0.021394964048446846 0.0026409595697428102 0.3324678816919435
-4.840729361647735e-05 0.021394964048446846 0.0026409595697428102 -0.04478226903672833
3.556103780462438e-05 0.021394964048446846 0.0026409595697428102 -0.04478226903672833
-2.6691345835157938e-05 0.021394964048446846 0.0026409595697428102 0.3324678816919435
0.00014221047024177082 0.021394964048446846 0.0026409595697428102 -0.04478226903672833
-2.717392245252059e-05 0.021394964048446846 0.0026409595697428102 0.3324678816919435
-4.4064104060213466e-05 0.021394964048446846 0.0026409595697428102 -0.04478226903672833
5.148606617759195e-05 0.021394964048446846 0.0026409595697428102 0.3324678816919435
-3.0450915843879096e-06 0.021394964048446846 0.0026409595697428102 -0.04478226903672833
-8.3534343753771e-06 0.021394964048446846 0.0026409595697428102 0.3324678816919435
6.403305822902094e-05 0.021394964048446846 0.0026409595697428102 -0.04478226903672833
-4.840729361647735e-05 0.021394964048446846 0.0026409595697428102 0.3324678816919435
9.829599806176935e-05 0.021394964048446846 0.0026409595697428102 -0.04478226903672833
-3.972091450394958e-05 0.021394964048446846 0.0026409595697428102 0.3324678816919435
-5.612851949427981e-05 0.021394964048446846 0.0026409595697428102 -0.04478226903672833
3.6526191039349686e-05 0.021394964048446846 0.0026409595697428102 0.3324678816919435
-5.468078964219185e-05 0.021394964048446846 0.0026409595697428102 -0.04478226903672833
-2.9586805539333856e-05 0.021394964048446846 0.0026409595697428102 0.3324678816919435
-5.5645942876917154e-05 0.021394964048446846 0.0026409595697428102 -0.04478226903672833
-5.5645942876917154e-05 0.021394964048446846 0.0026409595697428102 0.3324678816919435
1.577539649275558e-05 0.021394964048446846 0.0026409595697428102 -0.04478226903672833
-5.468078964219185e-05 0.021394964048446846 0.0026409595697428102 0.3324678816919435
-5.0820176703290615e-05 0.021394964048446846 0.0026409595697428102 -0.04478226903672833
-4.9372446851202654e-05 0.021394964048446846 0.0026409595697428102 0.3324678816919435
-8.836010992739754e-06 0.021394964048446846 0.0026409595697428102 -0.04478226903672833
-5.178532993801593e-05 0.021394964048446846 0.0026409595697428102 0.3324678816919435
1.2397360171217005e-05 0.021394964048446846 0.0026409595697428102 -0.04478226903672833
0.0003120774395534249 0.021394964048446846 0.0026409595697428102 0.3324678816919435
-4.16512209734002e-05 0.021394964048446846 0.0026409595697428102 -0.04478226903672833
0.0003130425927881502 0.021394964048446846 0.0026409595697428102 0.3324678816919435
-5.661109611164246e-05 0.021394964048446846 0.0026409595697428102 -0.04478226903672833
-4.454668067757612e-05 0.021394964048446846 0.0026409595697428102 0.3324678816919435
3.3294473715066577e-07 0.021394964048446846 0.0026409595697428102 -0.04478226903672833
-2.2348156278894055e-05 0.021394964048446846 0.0026409595697428102 0.3324678816919435
4.038680397825091e-05 0.021394964048446846 0.0026409595697428102 -0.04478226903672833
0.00014076274038968286 0.021394964048446846 0.0026409595697428102 0.3324678816919435
-4.309895082548816e-05 0.021394964048446846 0.0026409595697428102 -0.04478226903672833
0.00011277329658264896 0.021394964048446846 0.0026409595697428102 0.3324678816919435
2.108373928374477e-05 0.021394964048446846 0.0026409595697428102 -0.04478226903672833
-4.454668067757612e-05 0.021394964048446846 0.0026409595697428102 0.3324678816919435
-4.1168644356037544e-05 0.021394964048446846 0.0026409595697428102 -0.04478226903672833
-5.323305979010389e-05 0.021394964048446846 0.0026409595697428102 0.3324678816919435
-5.323305979010389e-05 0.021394964048446846 0.0026409595697428102 -0.04478226903672833
0.00010649980055693446 0.021394964048446846 0.0026409595697428102 0.3324678816919435
-4.792471699911469e-05 0.021394964048446846 0.0026409595697428102 -0.04478226903672833
-3.53777249476857e-05 0.021394964048446846 0.0026409595697428102 0.3324678816919435
-3.4895148330323044e-05 0.021394964048446846 0.0026409595697428102 -0.04478226903672833
-2.476103936570732e-05 0.021394964048446846 0.0026409595697428102 0.3324678816919435
-5.323305979010389e-05 0.021394964048446846 0.0026409595697428102 -0.04478226903672833
-5.51633662595545e-05 0.021394964048446846 0.0026409595697428102 0.3324678816919435
8.767931247979097e-05 0.021394964048446846 0.0026409595697428102 -0.04478226903672833
-2.3795886130982016e-05 0.021394964048446846 0.0026409595697428102 0.3324678816919435
-5.0337600085927966e-05 0.021394964048446846 0.0026409595697428102 -0.04478226903672833
5.19686427949546e-05 0.021394964048446846 0.0026409595697428102 0.3324678816919435
-3.682545479977366e-05 0.021394964048446846 0.0026409595697428102 -0.04478226903672833
-5.323305979010389e-05 0.021394964048446846 0.0026409595697428102 0.3324678816919435
-3.5860301565048356e-05 0.021394964048446846 0.0026409595697428102 -0.04478226903672833
-4.4064104060213466e-05 0.021394964048446846 0.0026409595697428102 0.3324678816919435
-5.130275332065327e-05 0.021394964048446846 0.0026409595697428102 -0.04478226903672833
-4.2616374208125505e-05 0.021394964048446846 0.0026409595697428102 0.3324678816919435
-2.0417849809443438e-05 0.021394964048446846 0.0026409595697428102 -0.04478226903672833
4.1834533830338874e-05 0.021394964048446846 0.0026409595697428102 0.3324678816919435
-5.419821302482919e-05 0.021394964048446846 0.0026409595697428102 -0.04478226903672833
-5.419821302482919e-05 0.021394964048446846 0.0026409595697428102 0.3324678816919435
-2.1383003044168746e-05 0.021394964048446846 0.0026409595697428102 -0.04478226903672833
9.347023188814281e-05 0.021394964048446846 0.0026409595697428102 0.3324678816919435
0.0003318630808652937 0.021394964048446846 0.0026409595697428102 -0.04478226903672833
4.1834533830338874e-05 0.021394964048446846 0.0026409595697428102 0.3324678816919435
6.113759852484502e-05 0.021394964048446846 0.0026409595697428102 -0.04478226903672833
-4.7442140381752044e-05 0.021394964048446846 0.0026409595697428102 0.3324678816919435
-1.655723687054221e-05 0.021394964048446846 0.0026409595697428102 0.3324678816919435
-4.695956376438939e-05 0.021394964048446846 0.0026409595697428102 -0.04478226903672833
1.4810243258030275e-05 0.021394964048446846 0.0026409595697428102 0.3324678816919435
-2.0417849809443438e-05 0.021394964048446846 0.0026409595697428102 -0.04478226903672833
-2.9104228921971204e-05 0.021394964048446846 0.0026409595697428102 0.3324678816919435
-2.862165230460855e-05 0.021394964048446846 0.0026409595697428102 -0.04478226903672833
-9.80116422746506e-06 0.021394964048446846 0.0026409595697428102 0.3324678816919435
-5.612851949427981e-05 0.021394964048446846 0.0026409595697428102 -0.04478226903672833
-2.0417849809443438e-05 0.021394964048446846 0.0026409595697428102 0.3324678816919435
0.00030339106044089716 0.021394964048446846 0.0026409595697428102 -0.04478226903672833
0.0001571703453800131 0.021394964048446846 0.0026409595697428102 0.3324678816919435
-4.8889870233840005e-05 0.021394964048446846 0.0026409595697428102 -0.04478226903672833
-4.695956376438939e-05 0.021394964048446846 0.0026409595697428102 0.3324678816919435
-5.275048317274123e-05 0.021394964048446846 0.0026409595697428102 -0.04478226903672833
1.432766664066762e-05 0.021394964048446846 0.0026409595697428102 0.3324678816919435
5.245121941231726e-05 0.021394964048446846 0.0026409595697428102 -0.04478226903672833
7.271943734154871e-05 0.021394964048446846 0.0026409595697428102 0.3324678816919435
-5.51633662595545e-05 0.021394964048446846 0.0026409595697428102 -0.04478226903672833
1.432766664066762e-05 0.021394964048446846 0.0026409595697428102 0.3324678816919435
2.108373928374477e-05 0.021394964048446846 0.0026409595697428102 -0.04478226903672833
-4.502925729493877e-05 0.021394964048446846 0.0026409595697428102 0.3324678816919435
0.00014221047024177082 0.021394964048446846 0.0026409595697428102 -0.04478226903672833
0.00010843010702638507 0.021394964048446846 0.0026409595697428102 0.3324678816919435
-5.612851949427981e-05 0.021394964048446846 0.0026409595697428102 -0.04478226903672833
-1.655723687054221e-05 0.021394964048446846 0.0026409595697428102 0.3324678816919435
-5.5645942876917154e-05 0.021394964048446846 0.0026409595697428102 0.3324678816919435
-4.1168644356037544e-05 0.021394964048446846 0.0026409595697428102 -0.04478226903672833
-4.9372446851202654e-05 0.021394964048446846 0.0026409595697428102 0.3324678816919435
2.4461775605283346e-05 0.021394964048446846 0.0026409595697428102 -0.04478226903672833
-4.454668067757612e-05 0.021394964048446846 0.0026409595697428102 0.3324678816919435
1.1914783553854353e-05 0.021394964048446846 0.0026409595697428102 -0.04478226903672833
-2.1383003044168746e-05 0.021394964048446846 0.0026409595697428102 0.3324678816919435
-2.0900426426806094e-05 0.021394964048446846 0.0026409595697428102 -0.04478226903672833
-5.419821302482919e-05 0.021394964048446846 0.0026409595697428102 0.3324678816919435
-4.792471699911469e-05 0.021394964048446846 0.0026409595697428102 -0.04478226903672833
-4.4064104060213466e-05 0.021394964048446846 0.0026409595697428102 0.3324678816919435
-2.18655796615314e-05 0.021394964048446846 0.0026409595697428102 -0.04478226903672833
-4.309895082548816e-05 0.021394964048446846 0.0026409595697428102 0.3324678816919435
-2.862165230460855e-05 0.021394964048446846 0.0026409595697428102 -0.04478226903672833
4.231711044770153e-05 0.021394964048446846 0.0026409595697428102 0.3324678816919435
0.000494491400916508 0.021394964048446846 0.0026409595697428102 -0.04478226903672833
-5.0337600085927966e-05 0.021394964048446846 0.0026409595697428102 0.3324678816919435
0.0002488599026789173 0.021394964048446846 0.0026409595697428102 -0.04478226903672833
-3.4412571712960395e-05 0.021394964048446846 0.0026409595697428102 0.3324678816919435
-4.502925729493877e-05 0.021394964048446846 0.0026409595697428102 -0.04478226903672833
-3.875576126922428e-05 0.021394964048446846 0.0026409595697428102 0.3324678816919435
7.802778013253789e-05 0.021394964048446846 0.0026409595697428102 -0.04478226903672833
1.7806745892386265e-06 0.021394964048446846 0.0026409595697428102 -0.04478226903672833
-2.0799383496626024e-06 0.021394964048446846 0.0026409595697428102 0.3324678816919435
0.00034392749629936 0.021394964048446846 0.0026409595697428102 0.3324678816919435
-5.51633662595545e-05 0.021394964048446846 0.0026409595697428102 -0.04478226903672833
-2.81390756872459e-05 0.021394964048446846 0.0026409595697428102 0.3324678816919435
-4.2616374208125505e-05 0.021394964048446846 0.0026409595697428102 -0.04478226903672833
-4.454668067757612e-05 0.021394964048446846 0.0026409595697428102 0.3324678816919435
-4.2616374208125505e-05 0.021394964048446846 0.0026409595697428102 -0.04478226903672833
-5.0820176703290615e-05 0.021394964048446846 0.0026409595697428102 0.3324678816919435
-5.371563640746654e-05 0.021394964048446846 0.0026409595697428102 -0.04478226903672833
-1.3661777166366289e-05 0.021394964048446846 0.0026409595697428102 0.3324678816919435
-3.923833788658693e-05 0.021394964048446846 0.0026409595697428102 -0.04478226903672833
-4.985502346856531e-05 0.021394964048446846 0.0026409595697428102 0.3324678816919435
-5.5645942876917154e-05 0.021394964048446846 0.0026409595697428102 -0.04478226903672833
-4.8889870233840005e-05 0.021394964048446846 0.0026409595697428102 0.3324678816919435
-5.468078964219185e-05 0.021394964048446846 0.0026409595697428102 -0.04478226903672833
-5.0337600085927966e-05 0.021394964048446846 0.0026409595697428102 0.3324678816919435
5.6311832351218484e-05 0.021394964048446846 0.0026409595697428102 -0.04478226903672833
-4.9372446851202654e-05 0.021394964048446846 0.0026409595697428102 0.3324678816919435
-2.0900426426806094e-05 0.021394964048446846 0.0026409595697428102 0.3324678816919435
-3.527668201750563e-06 0.021394964048446846 0.0026409595697428102 -0.04478226903672833
-2.572619260043263e-05 0.021394964048446846 0.0026409595697428102 0.3324678816919435
-1.114785114937295e-06 0.021394964048446846 0.0026409595697428102 -0.04478226903672833
4.762545323869072e-05 0.021394964048446846 0.0026409595697428102 0.3324678816919435
-2.427846274834467e-05 0.021394964048446846 0.0026409595697428102 -0.04478226903672833
-5.323305979010389e-05 0.021394964048446846 0.0026409595697428102 0.3324678816919435
0.00026912812060814873 0.021394964048446846 0.0026409595697428102 -0.04478226903672833
0.00014751881303276 0.021394964048446846 0.0026409595697428102 0.3324678816919435
-5.323305979010389e-05 0.021394964048446846 0.0026409595697428102 -0.04478226903672833
-5.275048317274123e-05 0.021394964048446846 0.0026409595697428102 -0.04478226903672833
-2.5625149670252558e-06 0.021394964048446846 0.0026409595697428102 0.3324678816919435
1.6740549727480888e-05 0.021394964048446846 0.0026409595697428102 -0.04478226903672833
-5.661109611164246e-05 0.021394964048446846 0.0026409595697428102 0.3324678816919435
